[0.044s] Invoking command in '/home/ubuntu/Robotics/ros2_ws/build/object_tracker': /usr/bin/cmake /home/ubuntu/Robotics/ros2_ws/src/object_tracker -DCMAKE_INSTALL_PREFIX=/home/ubuntu/Robotics/ros2_ws/install/object_tracker
[1.214s] -- The C compiler identification is GNU 13.3.0
[3.200s] -- The CXX compiler identification is GNU 13.3.0
[4.567s] -- Detecting C compiler ABI info
[5.053s] -- Detecting C compiler ABI info - done
[5.081s] -- Check for working C compiler: /usr/bin/cc - skipped
[5.082s] -- Detecting C compile features
[5.082s] -- Detecting C compile features - done
[5.224s] -- Detecting CXX compiler ABI info
[5.773s] -- Detecting CXX compiler ABI info - done
[5.799s] -- Check for working CXX compiler: /usr/bin/c++ - skipped
[5.800s] -- Detecting CXX compile features
[5.801s] -- Detecting CXX compile features - done
[7.482s] [31mCMake Error at CMakeLists.txt:9 (find_package):
[7.482s]   By not providing "Findament_cmake.cmake" in CMAKE_MODULE_PATH this project
[7.483s]   has asked CMake to find a package configuration file provided by
[7.483s]   "ament_cmake", but CMake did not find one.
[7.483s] 
[7.483s]   Could not find a package configuration file provided by "ament_cmake" with
[7.484s]   any of the following names:
[7.484s] 
[7.484s]     ament_cmakeConfig.cmake
[7.485s]     ament_cmake-config.cmake
[7.485s] 
[7.485s]   Add the installation prefix of "ament_cmake" to CMAKE_PREFIX_PATH or set
[7.485s]   "ament_cmake_DIR" to a directory containing one of the above files.  If
[7.486s]   "ament_cmake" provides a separate development package or SDK, be sure it
[7.486s]   has been installed.
[7.486s] 
[7.486s] [0m
[7.492s] -- Configuring incomplete, errors occurred!
[7.520s] Invoked command in '/home/ubuntu/Robotics/ros2_ws/build/object_tracker' returned '1': /usr/bin/cmake /home/ubuntu/Robotics/ros2_ws/src/object_tracker -DCMAKE_INSTALL_PREFIX=/home/ubuntu/Robotics/ros2_ws/install/object_tracker
