[0.145s] Invoking command in '/home/ubuntu/Robotics/ros2_ws/build/relbot_msgs': CMAKE_PREFIX_PATH=${CMAKE_PREFIX_PATH}:/opt/ros/jazzy /usr/bin/cmake --build /home/ubuntu/Robotics/ros2_ws/build/relbot_msgs -- -j12 -l12
[1.333s] [  2%] Built target relbot_msgs__rosidl_generator_type_description
[1.374s] [  4%] Built target relbot_msgs__cpp
[1.428s] [ 22%] Built target relbot_msgs__rosidl_generator_c
[1.478s] [ 31%] Built target relbot_msgs__rosidl_typesupport_introspection_c
[1.489s] [ 50%] Built target relbot_msgs__rosidl_typesupport_fastrtps_cpp
[1.490s] [ 50%] Built target relbot_msgs__rosidl_typesupport_fastrtps_c
[1.567s] [ 61%] Built target relbot_msgs__rosidl_typesupport_c
[1.567s] [ 75%] Built target relbot_msgs__rosidl_typesupport_cpp
[1.567s] [ 77%] Built target relbot_msgs__rosidl_typesupport_introspection_cpp
[1.568s] [ 77%] Built target relbot_msgs
[1.572s] [ 77%] Built target ament_cmake_python_copy_relbot_msgs
[1.594s] [ 79%] Built target relbot_msgs__py
[1.644s] [ 86%] Built target relbot_msgs__rosidl_generator_py
[1.688s] [ 95%] Built target relbot_msgs_s__rosidl_typesupport_c
[1.688s] [ 95%] Built target relbot_msgs_s__rosidl_typesupport_fastrtps_c
[1.688s] [100%] Built target relbot_msgs_s__rosidl_typesupport_introspection_c
[2.012s] running egg_info
[2.033s] writing relbot_msgs.egg-info/PKG-INFO
[2.050s] writing dependency_links to relbot_msgs.egg-info/dependency_links.txt
[2.050s] writing top-level names to relbot_msgs.egg-info/top_level.txt
[2.148s] reading manifest file 'relbot_msgs.egg-info/SOURCES.txt'
[2.167s] writing manifest file 'relbot_msgs.egg-info/SOURCES.txt'
[2.211s] [100%] Built target ament_cmake_python_build_relbot_msgs_egg
[2.225s] Invoked command in '/home/ubuntu/Robotics/ros2_ws/build/relbot_msgs' returned '0': CMAKE_PREFIX_PATH=${CMAKE_PREFIX_PATH}:/opt/ros/jazzy /usr/bin/cmake --build /home/ubuntu/Robotics/ros2_ws/build/relbot_msgs -- -j12 -l12
[2.251s] Invoking command in '/home/ubuntu/Robotics/ros2_ws/build/relbot_msgs': CMAKE_PREFIX_PATH=${CMAKE_PREFIX_PATH}:/opt/ros/jazzy /usr/bin/cmake --install /home/ubuntu/Robotics/ros2_ws/build/relbot_msgs
[2.263s] -- Install configuration: ""
[2.263s] -- Up-to-date: /home/ubuntu/Robotics/ros2_ws/install/relbot_msgs/share/ament_index/resource_index/rosidl_interfaces/relbot_msgs
[2.264s] -- Up-to-date: /home/ubuntu/Robotics/ros2_ws/install/relbot_msgs/share/relbot_msgs/msg/RelbotMotors.json
[2.264s] -- Up-to-date: /home/ubuntu/Robotics/ros2_ws/install/relbot_msgs/share/relbot_msgs/msg/RelbotMotorsStamped.json
[2.264s] -- Up-to-date: /home/ubuntu/Robotics/ros2_ws/install/relbot_msgs/include/relbot_msgs/relbot_msgs
[2.271s] -- Up-to-date: /home/ubuntu/Robotics/ros2_ws/install/relbot_msgs/include/relbot_msgs/relbot_msgs/msg
[2.272s] -- Up-to-date: /home/ubuntu/Robotics/ros2_ws/install/relbot_msgs/include/relbot_msgs/relbot_msgs/msg/rosidl_generator_c__visibility_control.h
[2.273s] -- Up-to-date: /home/ubuntu/Robotics/ros2_ws/install/relbot_msgs/include/relbot_msgs/relbot_msgs/msg/relbot_motors.h
[2.273s] -- Up-to-date: /home/ubuntu/Robotics/ros2_ws/install/relbot_msgs/include/relbot_msgs/relbot_msgs/msg/relbot_motors_stamped.h
[2.273s] -- Up-to-date: /home/ubuntu/Robotics/ros2_ws/install/relbot_msgs/include/relbot_msgs/relbot_msgs/msg/detail
[2.273s] -- Up-to-date: /home/ubuntu/Robotics/ros2_ws/install/relbot_msgs/include/relbot_msgs/relbot_msgs/msg/detail/relbot_motors_stamped__struct.h
[2.274s] -- Up-to-date: /home/ubuntu/Robotics/ros2_ws/install/relbot_msgs/include/relbot_msgs/relbot_msgs/msg/detail/relbot_motors_stamped__type_support.h
[2.274s] -- Up-to-date: /home/ubuntu/Robotics/ros2_ws/install/relbot_msgs/include/relbot_msgs/relbot_msgs/msg/detail/relbot_motors__type_support.c
[2.274s] -- Up-to-date: /home/ubuntu/Robotics/ros2_ws/install/relbot_msgs/include/relbot_msgs/relbot_msgs/msg/detail/relbot_motors_stamped__type_support.c
[2.274s] -- Up-to-date: /home/ubuntu/Robotics/ros2_ws/install/relbot_msgs/include/relbot_msgs/relbot_msgs/msg/detail/relbot_motors__functions.c
[2.274s] -- Up-to-date: /home/ubuntu/Robotics/ros2_ws/install/relbot_msgs/include/relbot_msgs/relbot_msgs/msg/detail/relbot_motors_stamped__functions.c
[2.275s] -- Up-to-date: /home/ubuntu/Robotics/ros2_ws/install/relbot_msgs/include/relbot_msgs/relbot_msgs/msg/detail/relbot_motors_stamped__functions.h
[2.275s] -- Up-to-date: /home/ubuntu/Robotics/ros2_ws/install/relbot_msgs/include/relbot_msgs/relbot_msgs/msg/detail/relbot_motors__struct.h
[2.275s] -- Up-to-date: /home/ubuntu/Robotics/ros2_ws/install/relbot_msgs/include/relbot_msgs/relbot_msgs/msg/detail/relbot_motors_stamped__description.c
[2.275s] -- Up-to-date: /home/ubuntu/Robotics/ros2_ws/install/relbot_msgs/include/relbot_msgs/relbot_msgs/msg/detail/relbot_motors__type_support.h
[2.275s] -- Up-to-date: /home/ubuntu/Robotics/ros2_ws/install/relbot_msgs/include/relbot_msgs/relbot_msgs/msg/detail/relbot_motors__description.c
[2.275s] -- Up-to-date: /home/ubuntu/Robotics/ros2_ws/install/relbot_msgs/include/relbot_msgs/relbot_msgs/msg/detail/relbot_motors__functions.h
[2.275s] -- Up-to-date: /home/ubuntu/Robotics/ros2_ws/install/relbot_msgs/share/relbot_msgs/environment/library_path.sh
[2.275s] -- Up-to-date: /home/ubuntu/Robotics/ros2_ws/install/relbot_msgs/share/relbot_msgs/environment/library_path.dsv
[2.298s] -- Up-to-date: /home/ubuntu/Robotics/ros2_ws/install/relbot_msgs/lib/librelbot_msgs__rosidl_generator_c.so
[2.298s] -- Up-to-date: /home/ubuntu/Robotics/ros2_ws/install/relbot_msgs/include/relbot_msgs/relbot_msgs
[2.311s] -- Up-to-date: /home/ubuntu/Robotics/ros2_ws/install/relbot_msgs/include/relbot_msgs/relbot_msgs/msg
[2.313s] -- Up-to-date: /home/ubuntu/Robotics/ros2_ws/install/relbot_msgs/include/relbot_msgs/relbot_msgs/msg/rosidl_typesupport_fastrtps_c__visibility_control.h
[2.313s] -- Up-to-date: /home/ubuntu/Robotics/ros2_ws/install/relbot_msgs/include/relbot_msgs/relbot_msgs/msg/detail
[2.321s] -- Up-to-date: /home/ubuntu/Robotics/ros2_ws/install/relbot_msgs/include/relbot_msgs/relbot_msgs/msg/detail/relbot_motors__rosidl_typesupport_fastrtps_c.h
[2.321s] -- Up-to-date: /home/ubuntu/Robotics/ros2_ws/install/relbot_msgs/include/relbot_msgs/relbot_msgs/msg/detail/relbot_motors_stamped__rosidl_typesupport_fastrtps_c.h
[2.323s] -- Up-to-date: /home/ubuntu/Robotics/ros2_ws/install/relbot_msgs/lib/librelbot_msgs__rosidl_typesupport_fastrtps_c.so
[2.323s] -- Up-to-date: /home/ubuntu/Robotics/ros2_ws/install/relbot_msgs/include/relbot_msgs/relbot_msgs
[2.323s] -- Up-to-date: /home/ubuntu/Robotics/ros2_ws/install/relbot_msgs/include/relbot_msgs/relbot_msgs/msg
[2.324s] -- Up-to-date: /home/ubuntu/Robotics/ros2_ws/install/relbot_msgs/include/relbot_msgs/relbot_msgs/msg/rosidl_typesupport_introspection_c__visibility_control.h
[2.324s] -- Up-to-date: /home/ubuntu/Robotics/ros2_ws/install/relbot_msgs/include/relbot_msgs/relbot_msgs/msg/detail
[2.325s] -- Up-to-date: /home/ubuntu/Robotics/ros2_ws/install/relbot_msgs/include/relbot_msgs/relbot_msgs/msg/detail/relbot_motors__type_support.c
[2.325s] -- Up-to-date: /home/ubuntu/Robotics/ros2_ws/install/relbot_msgs/include/relbot_msgs/relbot_msgs/msg/detail/relbot_motors_stamped__type_support.c
[2.325s] -- Up-to-date: /home/ubuntu/Robotics/ros2_ws/install/relbot_msgs/include/relbot_msgs/relbot_msgs/msg/detail/relbot_motors__rosidl_typesupport_introspection_c.h
[2.325s] -- Up-to-date: /home/ubuntu/Robotics/ros2_ws/install/relbot_msgs/include/relbot_msgs/relbot_msgs/msg/detail/relbot_motors_stamped__rosidl_typesupport_introspection_c.h
[2.326s] -- Up-to-date: /home/ubuntu/Robotics/ros2_ws/install/relbot_msgs/lib/librelbot_msgs__rosidl_typesupport_introspection_c.so
[2.328s] -- Up-to-date: /home/ubuntu/Robotics/ros2_ws/install/relbot_msgs/lib/librelbot_msgs__rosidl_typesupport_c.so
[2.328s] -- Up-to-date: /home/ubuntu/Robotics/ros2_ws/install/relbot_msgs/include/relbot_msgs/relbot_msgs
[2.329s] -- Up-to-date: /home/ubuntu/Robotics/ros2_ws/install/relbot_msgs/include/relbot_msgs/relbot_msgs/msg
[2.329s] -- Up-to-date: /home/ubuntu/Robotics/ros2_ws/install/relbot_msgs/include/relbot_msgs/relbot_msgs/msg/detail
[2.330s] -- Up-to-date: /home/ubuntu/Robotics/ros2_ws/install/relbot_msgs/include/relbot_msgs/relbot_msgs/msg/detail/relbot_motors__builder.hpp
[2.330s] -- Up-to-date: /home/ubuntu/Robotics/ros2_ws/install/relbot_msgs/include/relbot_msgs/relbot_msgs/msg/detail/relbot_motors_stamped__struct.hpp
[2.330s] -- Up-to-date: /home/ubuntu/Robotics/ros2_ws/install/relbot_msgs/include/relbot_msgs/relbot_msgs/msg/detail/relbot_motors__type_support.hpp
[2.330s] -- Up-to-date: /home/ubuntu/Robotics/ros2_ws/install/relbot_msgs/include/relbot_msgs/relbot_msgs/msg/detail/relbot_motors__traits.hpp
[2.330s] -- Up-to-date: /home/ubuntu/Robotics/ros2_ws/install/relbot_msgs/include/relbot_msgs/relbot_msgs/msg/detail/relbot_motors_stamped__builder.hpp
[2.331s] -- Up-to-date: /home/ubuntu/Robotics/ros2_ws/install/relbot_msgs/include/relbot_msgs/relbot_msgs/msg/detail/relbot_motors_stamped__traits.hpp
[2.331s] -- Up-to-date: /home/ubuntu/Robotics/ros2_ws/install/relbot_msgs/include/relbot_msgs/relbot_msgs/msg/detail/relbot_motors__struct.hpp
[2.331s] -- Up-to-date: /home/ubuntu/Robotics/ros2_ws/install/relbot_msgs/include/relbot_msgs/relbot_msgs/msg/detail/relbot_motors_stamped__type_support.hpp
[2.331s] -- Up-to-date: /home/ubuntu/Robotics/ros2_ws/install/relbot_msgs/include/relbot_msgs/relbot_msgs/msg/rosidl_generator_cpp__visibility_control.hpp
[2.332s] -- Up-to-date: /home/ubuntu/Robotics/ros2_ws/install/relbot_msgs/include/relbot_msgs/relbot_msgs/msg/relbot_motors.hpp
[2.332s] -- Up-to-date: /home/ubuntu/Robotics/ros2_ws/install/relbot_msgs/include/relbot_msgs/relbot_msgs/msg/relbot_motors_stamped.hpp
[2.332s] -- Up-to-date: /home/ubuntu/Robotics/ros2_ws/install/relbot_msgs/include/relbot_msgs/relbot_msgs
[2.332s] -- Up-to-date: /home/ubuntu/Robotics/ros2_ws/install/relbot_msgs/include/relbot_msgs/relbot_msgs/msg
[2.332s] -- Up-to-date: /home/ubuntu/Robotics/ros2_ws/install/relbot_msgs/include/relbot_msgs/relbot_msgs/msg/rosidl_typesupport_fastrtps_cpp__visibility_control.h
[2.332s] -- Up-to-date: /home/ubuntu/Robotics/ros2_ws/install/relbot_msgs/include/relbot_msgs/relbot_msgs/msg/detail
[2.345s] -- Up-to-date: /home/ubuntu/Robotics/ros2_ws/install/relbot_msgs/include/relbot_msgs/relbot_msgs/msg/detail/dds_fastrtps
[2.362s] -- Up-to-date: /home/ubuntu/Robotics/ros2_ws/install/relbot_msgs/include/relbot_msgs/relbot_msgs/msg/detail/relbot_motors_stamped__rosidl_typesupport_fastrtps_cpp.hpp
[2.362s] -- Up-to-date: /home/ubuntu/Robotics/ros2_ws/install/relbot_msgs/include/relbot_msgs/relbot_msgs/msg/detail/relbot_motors__rosidl_typesupport_fastrtps_cpp.hpp
[2.373s] -- Up-to-date: /home/ubuntu/Robotics/ros2_ws/install/relbot_msgs/lib/librelbot_msgs__rosidl_typesupport_fastrtps_cpp.so
[2.373s] -- Up-to-date: /home/ubuntu/Robotics/ros2_ws/install/relbot_msgs/include/relbot_msgs/relbot_msgs
[2.403s] -- Up-to-date: /home/ubuntu/Robotics/ros2_ws/install/relbot_msgs/include/relbot_msgs/relbot_msgs/msg
[2.411s] -- Up-to-date: /home/ubuntu/Robotics/ros2_ws/install/relbot_msgs/include/relbot_msgs/relbot_msgs/msg/detail
[2.413s] -- Up-to-date: /home/ubuntu/Robotics/ros2_ws/install/relbot_msgs/include/relbot_msgs/relbot_msgs/msg/detail/relbot_motors__rosidl_typesupport_introspection_cpp.hpp
[2.413s] -- Up-to-date: /home/ubuntu/Robotics/ros2_ws/install/relbot_msgs/include/relbot_msgs/relbot_msgs/msg/detail/relbot_motors_stamped__rosidl_typesupport_introspection_cpp.hpp
[2.413s] -- Up-to-date: /home/ubuntu/Robotics/ros2_ws/install/relbot_msgs/include/relbot_msgs/relbot_msgs/msg/detail/relbot_motors_stamped__type_support.cpp
[2.414s] -- Up-to-date: /home/ubuntu/Robotics/ros2_ws/install/relbot_msgs/include/relbot_msgs/relbot_msgs/msg/detail/relbot_motors__type_support.cpp
[2.415s] -- Up-to-date: /home/ubuntu/Robotics/ros2_ws/install/relbot_msgs/lib/librelbot_msgs__rosidl_typesupport_introspection_cpp.so
[2.417s] -- Up-to-date: /home/ubuntu/Robotics/ros2_ws/install/relbot_msgs/lib/librelbot_msgs__rosidl_typesupport_cpp.so
[2.417s] -- Up-to-date: /home/ubuntu/Robotics/ros2_ws/install/relbot_msgs/share/relbot_msgs/environment/pythonpath.sh
[2.417s] -- Up-to-date: /home/ubuntu/Robotics/ros2_ws/install/relbot_msgs/share/relbot_msgs/environment/pythonpath.dsv
[2.417s] -- Up-to-date: /home/ubuntu/Robotics/ros2_ws/install/relbot_msgs/lib/python3.12/site-packages/relbot_msgs-2025.2.0-py3.12.egg-info
[2.417s] -- Installing: /home/ubuntu/Robotics/ros2_ws/install/relbot_msgs/lib/python3.12/site-packages/relbot_msgs-2025.2.0-py3.12.egg-info/top_level.txt
[2.418s] -- Installing: /home/ubuntu/Robotics/ros2_ws/install/relbot_msgs/lib/python3.12/site-packages/relbot_msgs-2025.2.0-py3.12.egg-info/dependency_links.txt
[2.418s] -- Installing: /home/ubuntu/Robotics/ros2_ws/install/relbot_msgs/lib/python3.12/site-packages/relbot_msgs-2025.2.0-py3.12.egg-info/SOURCES.txt
[2.419s] -- Installing: /home/ubuntu/Robotics/ros2_ws/install/relbot_msgs/lib/python3.12/site-packages/relbot_msgs-2025.2.0-py3.12.egg-info/PKG-INFO
[2.419s] -- Up-to-date: /home/ubuntu/Robotics/ros2_ws/install/relbot_msgs/lib/python3.12/site-packages/relbot_msgs
[2.419s] -- Up-to-date: /home/ubuntu/Robotics/ros2_ws/install/relbot_msgs/lib/python3.12/site-packages/relbot_msgs/_relbot_msgs_s.ep.rosidl_typesupport_c.c
[2.419s] -- Up-to-date: /home/ubuntu/Robotics/ros2_ws/install/relbot_msgs/lib/python3.12/site-packages/relbot_msgs/msg
[2.420s] -- Up-to-date: /home/ubuntu/Robotics/ros2_ws/install/relbot_msgs/lib/python3.12/site-packages/relbot_msgs/msg/_relbot_motors.py
[2.420s] -- Up-to-date: /home/ubuntu/Robotics/ros2_ws/install/relbot_msgs/lib/python3.12/site-packages/relbot_msgs/msg/__init__.py
[2.420s] -- Up-to-date: /home/ubuntu/Robotics/ros2_ws/install/relbot_msgs/lib/python3.12/site-packages/relbot_msgs/msg/_relbot_motors_stamped.py
[2.420s] -- Up-to-date: /home/ubuntu/Robotics/ros2_ws/install/relbot_msgs/lib/python3.12/site-packages/relbot_msgs/msg/_relbot_motors_s.c
[2.420s] -- Up-to-date: /home/ubuntu/Robotics/ros2_ws/install/relbot_msgs/lib/python3.12/site-packages/relbot_msgs/msg/_relbot_motors_stamped_s.c
[2.420s] -- Up-to-date: /home/ubuntu/Robotics/ros2_ws/install/relbot_msgs/lib/python3.12/site-packages/relbot_msgs/__init__.py
[2.420s] -- Up-to-date: /home/ubuntu/Robotics/ros2_ws/install/relbot_msgs/lib/python3.12/site-packages/relbot_msgs/_relbot_msgs_s.ep.rosidl_typesupport_fastrtps_c.c
[2.420s] -- Up-to-date: /home/ubuntu/Robotics/ros2_ws/install/relbot_msgs/lib/python3.12/site-packages/relbot_msgs/relbot_msgs_s__rosidl_typesupport_c.so
[2.420s] -- Up-to-date: /home/ubuntu/Robotics/ros2_ws/install/relbot_msgs/lib/python3.12/site-packages/relbot_msgs/_relbot_msgs_s.ep.rosidl_typesupport_introspection_c.c
[2.421s] -- Up-to-date: /home/ubuntu/Robotics/ros2_ws/install/relbot_msgs/lib/python3.12/site-packages/relbot_msgs/relbot_msgs_s__rosidl_typesupport_fastrtps_c.so
[2.421s] -- Up-to-date: /home/ubuntu/Robotics/ros2_ws/install/relbot_msgs/lib/python3.12/site-packages/relbot_msgs/relbot_msgs_s__rosidl_typesupport_introspection_c.so
[2.500s] Listing '/home/ubuntu/Robotics/ros2_ws/install/relbot_msgs/lib/python3.12/site-packages/relbot_msgs'...
[2.500s] Listing '/home/ubuntu/Robotics/ros2_ws/install/relbot_msgs/lib/python3.12/site-packages/relbot_msgs/msg'...
[2.506s] -- Up-to-date: /home/ubuntu/Robotics/ros2_ws/install/relbot_msgs/lib/python3.12/site-packages/relbot_msgs/relbot_msgs_s__rosidl_typesupport_fastrtps_c.so
[2.508s] -- Up-to-date: /home/ubuntu/Robotics/ros2_ws/install/relbot_msgs/lib/python3.12/site-packages/relbot_msgs/relbot_msgs_s__rosidl_typesupport_introspection_c.so
[2.511s] -- Up-to-date: /home/ubuntu/Robotics/ros2_ws/install/relbot_msgs/lib/python3.12/site-packages/relbot_msgs/relbot_msgs_s__rosidl_typesupport_c.so
[2.516s] -- Up-to-date: /home/ubuntu/Robotics/ros2_ws/install/relbot_msgs/lib/librelbot_msgs__rosidl_generator_py.so
[2.516s] -- Up-to-date: /home/ubuntu/Robotics/ros2_ws/install/relbot_msgs/share/relbot_msgs/msg/RelbotMotors.idl
[2.516s] -- Up-to-date: /home/ubuntu/Robotics/ros2_ws/install/relbot_msgs/share/relbot_msgs/msg/RelbotMotorsStamped.idl
[2.517s] -- Up-to-date: /home/ubuntu/Robotics/ros2_ws/install/relbot_msgs/share/relbot_msgs/msg/RelbotMotors.msg
[2.517s] -- Up-to-date: /home/ubuntu/Robotics/ros2_ws/install/relbot_msgs/share/relbot_msgs/msg/RelbotMotorsStamped.msg
[2.517s] -- Up-to-date: /home/ubuntu/Robotics/ros2_ws/install/relbot_msgs/share/ament_index/resource_index/package_run_dependencies/relbot_msgs
[2.517s] -- Up-to-date: /home/ubuntu/Robotics/ros2_ws/install/relbot_msgs/share/ament_index/resource_index/parent_prefix_path/relbot_msgs
[2.517s] -- Up-to-date: /home/ubuntu/Robotics/ros2_ws/install/relbot_msgs/share/relbot_msgs/environment/ament_prefix_path.sh
[2.518s] -- Up-to-date: /home/ubuntu/Robotics/ros2_ws/install/relbot_msgs/share/relbot_msgs/environment/ament_prefix_path.dsv
[2.518s] -- Up-to-date: /home/ubuntu/Robotics/ros2_ws/install/relbot_msgs/share/relbot_msgs/environment/path.sh
[2.518s] -- Up-to-date: /home/ubuntu/Robotics/ros2_ws/install/relbot_msgs/share/relbot_msgs/environment/path.dsv
[2.518s] -- Up-to-date: /home/ubuntu/Robotics/ros2_ws/install/relbot_msgs/share/relbot_msgs/local_setup.bash
[2.518s] -- Up-to-date: /home/ubuntu/Robotics/ros2_ws/install/relbot_msgs/share/relbot_msgs/local_setup.sh
[2.518s] -- Up-to-date: /home/ubuntu/Robotics/ros2_ws/install/relbot_msgs/share/relbot_msgs/local_setup.zsh
[2.518s] -- Up-to-date: /home/ubuntu/Robotics/ros2_ws/install/relbot_msgs/share/relbot_msgs/local_setup.dsv
[2.518s] -- Installing: /home/ubuntu/Robotics/ros2_ws/install/relbot_msgs/share/relbot_msgs/package.dsv
[2.521s] -- Up-to-date: /home/ubuntu/Robotics/ros2_ws/install/relbot_msgs/share/ament_index/resource_index/packages/relbot_msgs
[2.524s] -- Up-to-date: /home/ubuntu/Robotics/ros2_ws/install/relbot_msgs/share/relbot_msgs/cmake/export_relbot_msgs__rosidl_generator_cExport.cmake
[2.524s] -- Up-to-date: /home/ubuntu/Robotics/ros2_ws/install/relbot_msgs/share/relbot_msgs/cmake/export_relbot_msgs__rosidl_generator_cExport-noconfig.cmake
[2.525s] -- Up-to-date: /home/ubuntu/Robotics/ros2_ws/install/relbot_msgs/share/relbot_msgs/cmake/export_relbot_msgs__rosidl_typesupport_fastrtps_cExport.cmake
[2.525s] -- Up-to-date: /home/ubuntu/Robotics/ros2_ws/install/relbot_msgs/share/relbot_msgs/cmake/export_relbot_msgs__rosidl_typesupport_fastrtps_cExport-noconfig.cmake
[2.527s] -- Up-to-date: /home/ubuntu/Robotics/ros2_ws/install/relbot_msgs/share/relbot_msgs/cmake/relbot_msgs__rosidl_typesupport_introspection_cExport.cmake
[2.527s] -- Up-to-date: /home/ubuntu/Robotics/ros2_ws/install/relbot_msgs/share/relbot_msgs/cmake/relbot_msgs__rosidl_typesupport_introspection_cExport-noconfig.cmake
[2.528s] -- Up-to-date: /home/ubuntu/Robotics/ros2_ws/install/relbot_msgs/share/relbot_msgs/cmake/relbot_msgs__rosidl_typesupport_cExport.cmake
[2.528s] -- Up-to-date: /home/ubuntu/Robotics/ros2_ws/install/relbot_msgs/share/relbot_msgs/cmake/relbot_msgs__rosidl_typesupport_cExport-noconfig.cmake
[2.532s] -- Up-to-date: /home/ubuntu/Robotics/ros2_ws/install/relbot_msgs/share/relbot_msgs/cmake/export_relbot_msgs__rosidl_generator_cppExport.cmake
[2.534s] -- Up-to-date: /home/ubuntu/Robotics/ros2_ws/install/relbot_msgs/share/relbot_msgs/cmake/export_relbot_msgs__rosidl_typesupport_fastrtps_cppExport.cmake
[2.534s] -- Up-to-date: /home/ubuntu/Robotics/ros2_ws/install/relbot_msgs/share/relbot_msgs/cmake/export_relbot_msgs__rosidl_typesupport_fastrtps_cppExport-noconfig.cmake
[2.537s] -- Up-to-date: /home/ubuntu/Robotics/ros2_ws/install/relbot_msgs/share/relbot_msgs/cmake/relbot_msgs__rosidl_typesupport_introspection_cppExport.cmake
[2.538s] -- Up-to-date: /home/ubuntu/Robotics/ros2_ws/install/relbot_msgs/share/relbot_msgs/cmake/relbot_msgs__rosidl_typesupport_introspection_cppExport-noconfig.cmake
[2.539s] -- Up-to-date: /home/ubuntu/Robotics/ros2_ws/install/relbot_msgs/share/relbot_msgs/cmake/relbot_msgs__rosidl_typesupport_cppExport.cmake
[2.539s] -- Up-to-date: /home/ubuntu/Robotics/ros2_ws/install/relbot_msgs/share/relbot_msgs/cmake/relbot_msgs__rosidl_typesupport_cppExport-noconfig.cmake
[2.542s] -- Up-to-date: /home/ubuntu/Robotics/ros2_ws/install/relbot_msgs/share/relbot_msgs/cmake/export_relbot_msgs__rosidl_generator_pyExport.cmake
[2.542s] -- Up-to-date: /home/ubuntu/Robotics/ros2_ws/install/relbot_msgs/share/relbot_msgs/cmake/export_relbot_msgs__rosidl_generator_pyExport-noconfig.cmake
[2.542s] -- Up-to-date: /home/ubuntu/Robotics/ros2_ws/install/relbot_msgs/share/relbot_msgs/cmake/rosidl_cmake-extras.cmake
[2.542s] -- Up-to-date: /home/ubuntu/Robotics/ros2_ws/install/relbot_msgs/share/relbot_msgs/cmake/ament_cmake_export_dependencies-extras.cmake
[2.542s] -- Up-to-date: /home/ubuntu/Robotics/ros2_ws/install/relbot_msgs/share/relbot_msgs/cmake/ament_cmake_export_include_directories-extras.cmake
[2.543s] -- Up-to-date: /home/ubuntu/Robotics/ros2_ws/install/relbot_msgs/share/relbot_msgs/cmake/ament_cmake_export_libraries-extras.cmake
[2.543s] -- Up-to-date: /home/ubuntu/Robotics/ros2_ws/install/relbot_msgs/share/relbot_msgs/cmake/ament_cmake_export_targets-extras.cmake
[2.543s] -- Up-to-date: /home/ubuntu/Robotics/ros2_ws/install/relbot_msgs/share/relbot_msgs/cmake/rosidl_cmake_export_typesupport_targets-extras.cmake
[2.543s] -- Up-to-date: /home/ubuntu/Robotics/ros2_ws/install/relbot_msgs/share/relbot_msgs/cmake/rosidl_cmake_export_typesupport_libraries-extras.cmake
[2.543s] -- Up-to-date: /home/ubuntu/Robotics/ros2_ws/install/relbot_msgs/share/relbot_msgs/cmake/relbot_msgsConfig.cmake
[2.543s] -- Up-to-date: /home/ubuntu/Robotics/ros2_ws/install/relbot_msgs/share/relbot_msgs/cmake/relbot_msgsConfig-version.cmake
[2.543s] -- Up-to-date: /home/ubuntu/Robotics/ros2_ws/install/relbot_msgs/share/relbot_msgs/package.xml
[2.545s] Invoked command in '/home/ubuntu/Robotics/ros2_ws/build/relbot_msgs' returned '0': CMAKE_PREFIX_PATH=${CMAKE_PREFIX_PATH}:/opt/ros/jazzy /usr/bin/cmake --install /home/ubuntu/Robotics/ros2_ws/build/relbot_msgs
