[0.148s] Invoking command in '/home/ubuntu/Robotics/ros2_ws/build/relbot_adapter': CMAKE_PREFIX_PATH=${CMAKE_PREFIX_PATH}:/opt/ros/jazzy /usr/bin/cmake /home/ubuntu/Robotics/ros2_ws/src/relbot_adapter -DCMAKE_INSTALL_PREFIX=/home/ubuntu/Robotics/ros2_ws/install/relbot_adapter
[3.390s] -- The C compiler identification is GNU 13.3.0
[4.826s] -- The CXX compiler identification is GNU 13.3.0
[5.842s] -- Detecting C compiler ABI info
[6.334s] -- Detecting C compiler ABI info - done
[6.347s] -- Check for working C compiler: /usr/bin/cc - skipped
[6.348s] -- Detecting C compile features
[6.349s] -- Detecting C compile features - done
[6.490s] -- Detecting CXX compiler ABI info
[7.002s] -- Detecting CXX compiler ABI info - done
[7.013s] -- Check for working CXX compiler: /usr/bin/c++ - skipped
[7.014s] -- Detecting CXX compile features
[7.014s] -- Detecting CXX compile features - done
[7.153s] -- Found ament_cmake: 2.5.5 (/opt/ros/jazzy/share/ament_cmake/cmake)
[7.409s] -- Found Python3: /usr/bin/python3 (found version "3.12.3") found components: Interpreter 
[7.753s] -- Found rclcpp: 28.1.16 (/opt/ros/jazzy/share/rclcpp/cmake)
[8.333s] -- Found rosidl_generator_c: 4.6.7 (/opt/ros/jazzy/share/rosidl_generator_c/cmake)
[8.369s] -- Found rosidl_generator_cpp: 4.6.7 (/opt/ros/jazzy/share/rosidl_generator_cpp/cmake)
[8.437s] -- Using all available rosidl_typesupport_c: rosidl_typesupport_fastrtps_c;rosidl_typesupport_introspection_c
[8.463s] -- Using all available rosidl_typesupport_cpp: rosidl_typesupport_fastrtps_cpp;rosidl_typesupport_introspection_cpp
[8.811s] -- Found rmw_implementation_cmake: 7.3.3 (/opt/ros/jazzy/share/rmw_implementation_cmake/cmake)
[8.821s] -- Found rmw_fastrtps_cpp: 8.4.3 (/opt/ros/jazzy/share/rmw_fastrtps_cpp/cmake)
[9.222s] -- Found OpenSSL: /usr/lib/x86_64-linux-gnu/libcrypto.so (found version "3.0.13")  
[9.676s] -- Found FastRTPS: /opt/ros/jazzy/include (Required is at least version "2.13") 
[9.903s] -- Using RMW implementation 'rmw_fastrtps_cpp' as default
[10.473s] -- Found example_interfaces: 0.12.0 (/opt/ros/jazzy/share/example_interfaces/cmake)
[10.626s] -- Found geometry_msgs: 5.3.6 (/opt/ros/jazzy/share/geometry_msgs/cmake)
[13.045s] [31mCMake Error at CMakeLists.txt:13 (find_package):
[13.045s]   By not providing "Findrelbot_msgs.cmake" in CMAKE_MODULE_PATH this project
[13.045s]   has asked CMake to find a package configuration file provided by
[13.045s]   "relbot_msgs", but CMake did not find one.
[13.045s] 
[13.045s]   Could not find a package configuration file provided by "relbot_msgs" with
[13.045s]   any of the following names:
[13.045s] 
[13.045s]     relbot_msgsConfig.cmake
[13.045s]     relbot_msgs-config.cmake
[13.045s] 
[13.045s]   Add the installation prefix of "relbot_msgs" to CMAKE_PREFIX_PATH or set
[13.046s]   "relbot_msgs_DIR" to a directory containing one of the above files.  If
[13.046s]   "relbot_msgs" provides a separate development package or SDK, be sure it
[13.046s]   has been installed.
[13.046s] 
[13.046s] [0m
[13.046s] -- Configuring incomplete, errors occurred!
[13.056s] Invoked command in '/home/ubuntu/Robotics/ros2_ws/build/relbot_adapter' returned '1': CMAKE_PREFIX_PATH=${CMAKE_PREFIX_PATH}:/opt/ros/jazzy /usr/bin/cmake /home/ubuntu/Robotics/ros2_ws/src/relbot_adapter -DCMAKE_INSTALL_PREFIX=/home/ubuntu/Robotics/ros2_ws/install/relbot_adapter
