[0.237s] Invoking command in '/home/ubuntu/Robotics/ros2_ws/build/assignment1_1': CMAKE_PREFIX_PATH=${CMAKE_PREFIX_PATH}:/opt/ros/jazzy /usr/bin/cmake /home/ubuntu/Robotics/ros2_ws/src/assignment1_1 -DCMAKE_INSTALL_PREFIX=/home/ubuntu/Robotics/ros2_ws/install/assignment1_1
[2.083s] -- Found ament_cmake: 2.5.5 (/opt/ros/jazzy/share/ament_cmake/cmake)
[2.574s] -- Found Python3: /usr/bin/python3 (found version "3.12.3") found components: Interpreter 
[3.294s] -- Found rclcpp: 28.1.16 (/opt/ros/jazzy/share/rclcpp/cmake)
[4.066s] -- Found rosidl_generator_c: 4.6.7 (/opt/ros/jazzy/share/rosidl_generator_c/cmake)
[4.110s] -- Found rosidl_generator_cpp: 4.6.7 (/opt/ros/jazzy/share/rosidl_generator_cpp/cmake)
[4.222s] -- Using all available rosidl_typesupport_c: rosidl_typesupport_fastrtps_c;rosidl_typesupport_introspection_c
[4.260s] -- Using all available rosidl_typesupport_cpp: rosidl_typesupport_fastrtps_cpp;rosidl_typesupport_introspection_cpp
[4.658s] -- Found rmw_implementation_cmake: 7.3.3 (/opt/ros/jazzy/share/rmw_implementation_cmake/cmake)
[4.676s] -- Found rmw_fastrtps_cpp: 8.4.3 (/opt/ros/jazzy/share/rmw_fastrtps_cpp/cmake)
[5.141s] -- Found OpenSSL: /usr/lib/x86_64-linux-gnu/libcrypto.so (found version "3.0.13")  
[5.436s] -- Found FastRTPS: /opt/ros/jazzy/include (Required is at least version "2.13") 
[5.629s] -- Using RMW implementation 'rmw_fastrtps_cpp' as default
[6.069s] -- Found rclcpp_components: 28.1.16 (/opt/ros/jazzy/share/rclcpp_components/cmake)
[6.244s] -- Found sensor_msgs: 5.3.6 (/opt/ros/jazzy/share/sensor_msgs/cmake)
[6.364s] -- Found cv_bridge: 4.1.0 (/opt/ros/jazzy/share/cv_bridge/cmake)
[6.400s] -- Found OpenCV: /usr (found version "4.6.0") found components: core highgui imgcodecs imgproc videoio 
[6.409s] -- Found ament_lint_auto: 0.17.4 (/opt/ros/jazzy/share/ament_lint_auto/cmake)
[6.620s] -- Added test 'cppcheck' to perform static code analysis on C / C++ code
[6.620s] -- Configured cppcheck include dirs: 
[6.620s] -- Configured cppcheck exclude dirs and/or files: 
[6.622s] -- Added test 'lint_cmake' to check CMake code style
[6.625s] -- Added test 'uncrustify' to check C / C++ code style
[6.626s] -- Configured uncrustify additional arguments: 
[6.627s] -- Added test 'xmllint' to check XML markup files
[6.631s] -- Configuring done (5.2s)
[6.668s] -- Generating done (0.0s)
[6.725s] -- Build files have been written to: /home/ubuntu/Robotics/ros2_ws/build/assignment1_1
[6.742s] Invoked command in '/home/ubuntu/Robotics/ros2_ws/build/assignment1_1' returned '0': CMAKE_PREFIX_PATH=${CMAKE_PREFIX_PATH}:/opt/ros/jazzy /usr/bin/cmake /home/ubuntu/Robotics/ros2_ws/src/assignment1_1 -DCMAKE_INSTALL_PREFIX=/home/ubuntu/Robotics/ros2_ws/install/assignment1_1
[6.745s] Invoking command in '/home/ubuntu/Robotics/ros2_ws/build/assignment1_1': CMAKE_PREFIX_PATH=${CMAKE_PREFIX_PATH}:/opt/ros/jazzy /usr/bin/cmake --build /home/ubuntu/Robotics/ros2_ws/build/assignment1_1 -- -j12 -l12
[6.832s] [ 33%] [32mBuilding CXX object CMakeFiles/image_brightness.dir/src/image_brightness.cpp.o[0m
[6.833s] [ 33%] [32mBuilding CXX object CMakeFiles/brightness_receiver.dir/src/brightness_receiver.cpp.o[0m
[6.835s] [ 50%] [32mBuilding CXX object CMakeFiles/object_position_indicator.dir/src/object_position_indicator.cpp.o[0m
[30.029s] [ 66%] [32m[1mLinking CXX executable brightness_receiver[0m
[30.812s] [ 66%] Built target brightness_receiver
[33.205s] [ 83%] [32m[1mLinking CXX executable image_brightness[0m
[36.072s] [ 83%] Built target image_brightness
[37.743s] [100%] [32m[1mLinking CXX executable object_position_indicator[0m
[38.962s] [100%] Built target object_position_indicator
