[0.050s] Invoking command in '/home/ubuntu/Robotics/ros2_ws/build/image_tools': CMAKE_PREFIX_PATH=${CMAKE_PREFIX_PATH}:/opt/ros/jazzy /usr/bin/cmake --build /home/ubuntu/Robotics/ros2_ws/build/image_tools -- -j12 -l12
[0.192s] [ 40%] Built target cam2image
[0.219s] [100%] Built target image_tools
[0.292s] Invoked command in '/home/ubuntu/Robotics/ros2_ws/build/image_tools' returned '0': CMAKE_PREFIX_PATH=${CMAKE_PREFIX_PATH}:/opt/ros/jazzy /usr/bin/cmake --build /home/ubuntu/Robotics/ros2_ws/build/image_tools -- -j12 -l12
[0.293s] Invoking command in '/home/ubuntu/Robotics/ros2_ws/build/image_tools': CMAKE_PREFIX_PATH=${CMAKE_PREFIX_PATH}:/opt/ros/jazzy /usr/bin/cmake --install /home/ubuntu/Robotics/ros2_ws/build/image_tools
[0.309s] -- Install configuration: ""
[0.311s] -- Up-to-date: /home/ubuntu/Robotics/ros2_ws/install/image_tools/lib/image_tools/cam2image
[0.311s] -- Up-to-date: /home/ubuntu/Robotics/ros2_ws/install/image_tools/lib/libimage_tools.so
[0.311s] -- Up-to-date: /home/ubuntu/Robotics/ros2_ws/install/image_tools/include/image_tools
[0.312s] -- Up-to-date: /home/ubuntu/Robotics/ros2_ws/install/image_tools/include/image_tools/visibility_control.h
[0.312s] -- Up-to-date: /home/ubuntu/Robotics/ros2_ws/install/image_tools/include/image_tools/remote_capture.hpp
[0.312s] -- Up-to-date: /home/ubuntu/Robotics/ros2_ws/install/image_tools/include/image_tools/base64.hpp
[0.312s] -- Up-to-date: /home/ubuntu/Robotics/ros2_ws/install/image_tools/include/image_tools/cam2image.hpp
[0.313s] -- Up-to-date: /home/ubuntu/Robotics/ros2_ws/install/image_tools/share/image_tools/environment/library_path.sh
[0.313s] -- Up-to-date: /home/ubuntu/Robotics/ros2_ws/install/image_tools/share/image_tools/environment/library_path.dsv
[0.313s] -- Up-to-date: /home/ubuntu/Robotics/ros2_ws/install/image_tools/share/ament_index/resource_index/package_run_dependencies/image_tools
[0.314s] -- Up-to-date: /home/ubuntu/Robotics/ros2_ws/install/image_tools/share/ament_index/resource_index/parent_prefix_path/image_tools
[0.314s] -- Up-to-date: /home/ubuntu/Robotics/ros2_ws/install/image_tools/share/image_tools/environment/ament_prefix_path.sh
[0.314s] -- Up-to-date: /home/ubuntu/Robotics/ros2_ws/install/image_tools/share/image_tools/environment/ament_prefix_path.dsv
[0.314s] -- Up-to-date: /home/ubuntu/Robotics/ros2_ws/install/image_tools/share/image_tools/environment/path.sh
[0.315s] -- Up-to-date: /home/ubuntu/Robotics/ros2_ws/install/image_tools/share/image_tools/environment/path.dsv
[0.315s] -- Up-to-date: /home/ubuntu/Robotics/ros2_ws/install/image_tools/share/image_tools/local_setup.bash
[0.315s] -- Up-to-date: /home/ubuntu/Robotics/ros2_ws/install/image_tools/share/image_tools/local_setup.sh
[0.315s] -- Up-to-date: /home/ubuntu/Robotics/ros2_ws/install/image_tools/share/image_tools/local_setup.zsh
[0.315s] -- Up-to-date: /home/ubuntu/Robotics/ros2_ws/install/image_tools/share/image_tools/local_setup.dsv
[0.316s] -- Installing: /home/ubuntu/Robotics/ros2_ws/install/image_tools/share/image_tools/package.dsv
[0.316s] -- Up-to-date: /home/ubuntu/Robotics/ros2_ws/install/image_tools/share/ament_index/resource_index/packages/image_tools
[0.316s] -- Up-to-date: /home/ubuntu/Robotics/ros2_ws/install/image_tools/share/ament_index/resource_index/rclcpp_components/image_tools
[0.316s] -- Up-to-date: /home/ubuntu/Robotics/ros2_ws/install/image_tools/share/image_tools/cmake/image_toolsExport.cmake
[0.317s] -- Up-to-date: /home/ubuntu/Robotics/ros2_ws/install/image_tools/share/image_tools/cmake/image_toolsExport-noconfig.cmake
[0.317s] -- Up-to-date: /home/ubuntu/Robotics/ros2_ws/install/image_tools/share/image_tools/cmake/ament_cmake_export_libraries-extras.cmake
[0.317s] -- Up-to-date: /home/ubuntu/Robotics/ros2_ws/install/image_tools/share/image_tools/cmake/ament_cmake_export_targets-extras.cmake
[0.317s] -- Up-to-date: /home/ubuntu/Robotics/ros2_ws/install/image_tools/share/image_tools/cmake/ament_cmake_export_dependencies-extras.cmake
[0.318s] -- Up-to-date: /home/ubuntu/Robotics/ros2_ws/install/image_tools/share/image_tools/cmake/image_toolsConfig.cmake
[0.318s] -- Up-to-date: /home/ubuntu/Robotics/ros2_ws/install/image_tools/share/image_tools/cmake/image_toolsConfig-version.cmake
[0.318s] -- Up-to-date: /home/ubuntu/Robotics/ros2_ws/install/image_tools/share/image_tools/package.xml
[0.430s] Invoked command in '/home/ubuntu/Robotics/ros2_ws/build/image_tools' returned '0': CMAKE_PREFIX_PATH=${CMAKE_PREFIX_PATH}:/opt/ros/jazzy /usr/bin/cmake --install /home/ubuntu/Robotics/ros2_ws/build/image_tools
