In file included from [01m[K/home/ubuntu/Robotics/ros2_ws/src/assignment1_2/src/setpoint_generator.cpp:1[m[K:
[01m[K/home/ubuntu/Robotics/ros2_ws/src/assignment1_2/include/setpoint_generator.hpp:23:22:[m[K [01;35m[Kwarning: [m[Knon-static const member ‘[01m[Kconst double SetpointGenerator::omega_right_wheel_[m[K’ in class without a constructor [[01;35m[K]8;;https://gcc.gnu.org/onlinedocs/gcc/Warning-Options.html#index-Wuninitialized-Wuninitialized]8;;[m[K]
   23 |         double const [01;35m[Komega_right_wheel_[m[K;          // Angular frequency of right wheel
      |                      [01;35m[K^~~~~~~~~~~~~~~~~~[m[K
[01m[K/home/ubuntu/Robotics/ros2_ws/src/assignment1_2/include/setpoint_generator.hpp:24:22:[m[K [01;35m[Kwarning: [m[Knon-static const member ‘[01m[Kconst double SetpointGenerator::omega_left_wheel_[m[K’ in class without a constructor [[01;35m[K]8;;https://gcc.gnu.org/onlinedocs/gcc/Warning-Options.html#index-Wuninitialized-Wuninitialized]8;;[m[K]
   24 |         double const [01;35m[Komega_left_wheel_[m[K;            // Angular frequency of left wheel
      |                      [01;35m[K^~~~~~~~~~~~~~~~~[m[K
[01m[K/home/ubuntu/Robotics/ros2_ws/src/assignment1_2/src/setpoint_generator.cpp:4:38:[m[K [01;31m[Kerror: [m[Kdefinition of implicitly-declared ‘[01m[KSetpointGenerator::[01;32m[KSetpointGenerator[m[K()[m[K’
    4 | SetpointGenerator::SetpointGenerator([01;31m[K)[m[K : Node("setpoint_generator"){
      |                                      [01;31m[K^[m[K
[01m[K/home/ubuntu/Robotics/ros2_ws/src/assignment1_2/src/setpoint_generator.cpp:[m[K In member function ‘[01m[Kdouble SetpointGenerator::[01;32m[Kget_right_wheel_control[m[K(double) const[m[K’:
[01m[K/home/ubuntu/Robotics/ros2_ws/src/assignment1_2/src/setpoint_generator.cpp:24:26:[m[K [01;31m[Kerror: [m[Krequest for member ‘[01m[Komega_right_wheel_[m[K’ in ‘[01m[K(const SetpointGenerator*)this[m[K’, which is of pointer type ‘[01m[Kconst SetpointGenerator*[m[K’ (maybe you meant to use ‘[01m[K->[m[K’ ?)
   24 |     return std::sin(this.[01;31m[Komega_right_wheel_[m[K * t);
      |                          [01;31m[K^~~~~~~~~~~~~~~~~~[m[K
[01m[K/home/ubuntu/Robotics/ros2_ws/src/assignment1_2/src/setpoint_generator.cpp:[m[K In member function ‘[01m[Kdouble SetpointGenerator::[01;32m[Kget_left_wheel_control[m[K(double) const[m[K’:
[01m[K/home/ubuntu/Robotics/ros2_ws/src/assignment1_2/src/setpoint_generator.cpp:28:26:[m[K [01;31m[Kerror: [m[Krequest for member ‘[01m[Komega_left_wheel_[m[K’ in ‘[01m[K(const SetpointGenerator*)this[m[K’, which is of pointer type ‘[01m[Kconst SetpointGenerator*[m[K’ (maybe you meant to use ‘[01m[K->[m[K’ ?)
   28 |     return std::sin(this.[01;31m[Komega_left_wheel_[m[K * t);
      |                          [01;31m[K^~~~~~~~~~~~~~~~~[m[K
[01m[K/home/ubuntu/Robotics/ros2_ws/src/assignment1_2/src/setpoint_generator.cpp:[m[K At global scope:
[01m[K/home/ubuntu/Robotics/ros2_ws/src/assignment1_2/src/setpoint_generator.cpp:31:6:[m[K [01;31m[Kerror: [m[Kno declaration matches ‘[01m[Kvoid SetpointGenerator::[01;32m[Ksend_control_output[m[K(geometry_msgs::msg::PoseStamped_<std::allocator<void> >::SharedPtr)[m[K’
   31 | void [01;31m[KSetpointGenerator[m[K::send_control_output(geometry_msgs::msg::PoseStamped::SharedPtr msg) {
      |      [01;31m[K^~~~~~~~~~~~~~~~~[m[K
[01m[K/home/ubuntu/Robotics/ros2_ws/src/assignment1_2/src/setpoint_generator.cpp:31:6:[m[K [01;36m[Knote: [m[Kno functions named ‘[01m[Kvoid SetpointGenerator::[01;32m[Ksend_control_output[m[K(geometry_msgs::msg::PoseStamped_<std::allocator<void> >::SharedPtr)[m[K’
[01m[K/home/ubuntu/Robotics/ros2_ws/src/assignment1_2/include/setpoint_generator.hpp:17:7:[m[K [01;36m[Knote: [m[K‘[01m[Kclass SetpointGenerator[m[K’ defined here
   17 | class [01;36m[KSetpointGenerator[m[K : public rclcpp::Node
      |       [01;36m[K^~~~~~~~~~~~~~~~~[m[K
gmake[2]: *** [CMakeFiles/setpoint_generator.dir/build.make:76: CMakeFiles/setpoint_generator.dir/src/setpoint_generator.cpp.o] Error 1
gmake[1]: *** [CMakeFiles/Makefile2:137: CMakeFiles/setpoint_generator.dir/all] Error 2
gmake: *** [Makefile:146: all] Error 2
