[0.296s] DEBUG:colcon:Command line arguments: ['/usr/bin/colcon', 'build', '--packages-select', 'assignment1_2']
[0.296s] DEBUG:colcon:Parsed command line arguments: Namespace(log_base=None, log_level=None, verb_name='build', build_base='build', install_base='install', merge_install=False, symlink_install=False, test_result_base=None, continue_on_error=False, executor='parallel', parallel_workers=12, event_handlers=None, ignore_user_meta=False, metas=['./colcon.meta'], base_paths=['.'], packages_ignore=None, packages_ignore_regex=None, paths=None, packages_up_to=None, packages_up_to_regex=None, packages_above=None, packages_above_and_dependencies=None, packages_above_depth=None, packages_select_by_dep=None, packages_skip_by_dep=None, packages_skip_up_to=None, packages_select_build_failed=False, packages_skip_build_finished=False, packages_select_test_failures=False, packages_skip_test_passed=False, packages_select=['assignment1_2'], packages_skip=None, packages_select_regex=None, packages_skip_regex=None, packages_start=None, packages_end=None, allow_overriding=[], cmake_args=None, cmake_target=None, cmake_target_skip_unavailable=False, cmake_clean_cache=False, cmake_clean_first=False, cmake_force_configure=False, ament_cmake_args=None, catkin_cmake_args=None, catkin_skip_building_tests=False, mixin_files=None, mixin=None, verb_parser=<colcon_mixin.mixin.mixin_argument.MixinArgumentDecorator object at 0x78c3a8675250>, verb_extension=<colcon_core.verb.build.BuildVerb object at 0x78c3a86749b0>, main=<bound method BuildVerb.main of <colcon_core.verb.build.BuildVerb object at 0x78c3a86749b0>>, mixin_verb=('build',))
[0.339s] Level 1:colcon.colcon_core.package_discovery:discover_packages(colcon_meta) check parameters
[0.340s] Level 1:colcon.colcon_core.package_discovery:discover_packages(recursive) check parameters
[0.340s] Level 1:colcon.colcon_core.package_discovery:discover_packages(ignore) check parameters
[0.340s] Level 1:colcon.colcon_core.package_discovery:discover_packages(path) check parameters
[0.340s] Level 1:colcon.colcon_core.package_discovery:discover_packages(colcon_meta) discover
[0.340s] Level 1:colcon.colcon_core.package_discovery:discover_packages(recursive) discover
[0.340s] INFO:colcon.colcon_core.package_discovery:Crawling recursively for packages in '/home/ubuntu/Robotics/ros2_ws'
[0.340s] Level 1:colcon.colcon_core.package_identification:_identify(.) by extensions ['ignore', 'ignore_ament_install']
[0.340s] Level 1:colcon.colcon_core.package_identification:_identify(.) by extension 'ignore'
[0.340s] Level 1:colcon.colcon_core.package_identification:_identify(.) by extension 'ignore_ament_install'
[0.340s] Level 1:colcon.colcon_core.package_identification:_identify(.) by extensions ['colcon_pkg']
[0.340s] Level 1:colcon.colcon_core.package_identification:_identify(.) by extension 'colcon_pkg'
[0.341s] Level 1:colcon.colcon_core.package_identification:_identify(.) by extensions ['colcon_meta']
[0.341s] Level 1:colcon.colcon_core.package_identification:_identify(.) by extension 'colcon_meta'
[0.341s] Level 1:colcon.colcon_core.package_identification:_identify(.) by extensions ['ros']
[0.341s] Level 1:colcon.colcon_core.package_identification:_identify(.) by extension 'ros'
[0.365s] Level 1:colcon.colcon_core.package_identification:_identify(.) by extensions ['cmake', 'python']
[0.366s] Level 1:colcon.colcon_core.package_identification:_identify(.) by extension 'cmake'
[0.366s] Level 1:colcon.colcon_core.package_identification:_identify(.) by extension 'python'
[0.366s] Level 1:colcon.colcon_core.package_identification:_identify(.) by extensions ['python_setup_py']
[0.366s] Level 1:colcon.colcon_core.package_identification:_identify(.) by extension 'python_setup_py'
[0.366s] Level 1:colcon.colcon_core.package_identification:_identify(build) by extensions ['ignore', 'ignore_ament_install']
[0.366s] Level 1:colcon.colcon_core.package_identification:_identify(build) by extension 'ignore'
[0.366s] Level 1:colcon.colcon_core.package_identification:_identify(build) ignored
[0.366s] Level 1:colcon.colcon_core.package_identification:_identify(install) by extensions ['ignore', 'ignore_ament_install']
[0.366s] Level 1:colcon.colcon_core.package_identification:_identify(install) by extension 'ignore'
[0.366s] Level 1:colcon.colcon_core.package_identification:_identify(install) ignored
[0.366s] Level 1:colcon.colcon_core.package_identification:_identify(log) by extensions ['ignore', 'ignore_ament_install']
[0.367s] Level 1:colcon.colcon_core.package_identification:_identify(log) by extension 'ignore'
[0.367s] Level 1:colcon.colcon_core.package_identification:_identify(log) ignored
[0.367s] Level 1:colcon.colcon_core.package_identification:_identify(src) by extensions ['ignore', 'ignore_ament_install']
[0.367s] Level 1:colcon.colcon_core.package_identification:_identify(src) by extension 'ignore'
[0.367s] Level 1:colcon.colcon_core.package_identification:_identify(src) by extension 'ignore_ament_install'
[0.367s] Level 1:colcon.colcon_core.package_identification:_identify(src) by extensions ['colcon_pkg']
[0.367s] Level 1:colcon.colcon_core.package_identification:_identify(src) by extension 'colcon_pkg'
[0.367s] Level 1:colcon.colcon_core.package_identification:_identify(src) by extensions ['colcon_meta']
[0.367s] Level 1:colcon.colcon_core.package_identification:_identify(src) by extension 'colcon_meta'
[0.367s] Level 1:colcon.colcon_core.package_identification:_identify(src) by extensions ['ros']
[0.367s] Level 1:colcon.colcon_core.package_identification:_identify(src) by extension 'ros'
[0.367s] Level 1:colcon.colcon_core.package_identification:_identify(src) by extensions ['cmake', 'python']
[0.367s] Level 1:colcon.colcon_core.package_identification:_identify(src) by extension 'cmake'
[0.367s] Level 1:colcon.colcon_core.package_identification:_identify(src) by extension 'python'
[0.367s] Level 1:colcon.colcon_core.package_identification:_identify(src) by extensions ['python_setup_py']
[0.367s] Level 1:colcon.colcon_core.package_identification:_identify(src) by extension 'python_setup_py'
[0.368s] Level 1:colcon.colcon_core.package_identification:_identify(src/assignment1_1) by extensions ['ignore', 'ignore_ament_install']
[0.368s] Level 1:colcon.colcon_core.package_identification:_identify(src/assignment1_1) by extension 'ignore'
[0.368s] Level 1:colcon.colcon_core.package_identification:_identify(src/assignment1_1) by extension 'ignore_ament_install'
[0.368s] Level 1:colcon.colcon_core.package_identification:_identify(src/assignment1_1) by extensions ['colcon_pkg']
[0.368s] Level 1:colcon.colcon_core.package_identification:_identify(src/assignment1_1) by extension 'colcon_pkg'
[0.368s] Level 1:colcon.colcon_core.package_identification:_identify(src/assignment1_1) by extensions ['colcon_meta']
[0.368s] Level 1:colcon.colcon_core.package_identification:_identify(src/assignment1_1) by extension 'colcon_meta'
[0.368s] Level 1:colcon.colcon_core.package_identification:_identify(src/assignment1_1) by extensions ['ros']
[0.368s] Level 1:colcon.colcon_core.package_identification:_identify(src/assignment1_1) by extension 'ros'
[0.370s] DEBUG:colcon.colcon_core.package_identification:Package 'src/assignment1_1' with type 'ros.ament_cmake' and name 'assignment1_1'
[0.370s] Level 1:colcon.colcon_core.package_identification:_identify(src/assignment1_2) by extensions ['ignore', 'ignore_ament_install']
[0.370s] Level 1:colcon.colcon_core.package_identification:_identify(src/assignment1_2) by extension 'ignore'
[0.370s] Level 1:colcon.colcon_core.package_identification:_identify(src/assignment1_2) by extension 'ignore_ament_install'
[0.371s] Level 1:colcon.colcon_core.package_identification:_identify(src/assignment1_2) by extensions ['colcon_pkg']
[0.371s] Level 1:colcon.colcon_core.package_identification:_identify(src/assignment1_2) by extension 'colcon_pkg'
[0.371s] Level 1:colcon.colcon_core.package_identification:_identify(src/assignment1_2) by extensions ['colcon_meta']
[0.371s] Level 1:colcon.colcon_core.package_identification:_identify(src/assignment1_2) by extension 'colcon_meta'
[0.371s] Level 1:colcon.colcon_core.package_identification:_identify(src/assignment1_2) by extensions ['ros']
[0.371s] Level 1:colcon.colcon_core.package_identification:_identify(src/assignment1_2) by extension 'ros'
[0.371s] DEBUG:colcon.colcon_core.package_identification:Package 'src/assignment1_2' with type 'ros.ament_cmake' and name 'assignment1_2'
[0.371s] Level 1:colcon.colcon_core.package_identification:_identify(src/cam2image_vm2ros) by extensions ['ignore', 'ignore_ament_install']
[0.372s] Level 1:colcon.colcon_core.package_identification:_identify(src/cam2image_vm2ros) by extension 'ignore'
[0.372s] Level 1:colcon.colcon_core.package_identification:_identify(src/cam2image_vm2ros) by extension 'ignore_ament_install'
[0.372s] Level 1:colcon.colcon_core.package_identification:_identify(src/cam2image_vm2ros) by extensions ['colcon_pkg']
[0.372s] Level 1:colcon.colcon_core.package_identification:_identify(src/cam2image_vm2ros) by extension 'colcon_pkg'
[0.372s] Level 1:colcon.colcon_core.package_identification:_identify(src/cam2image_vm2ros) by extensions ['colcon_meta']
[0.372s] Level 1:colcon.colcon_core.package_identification:_identify(src/cam2image_vm2ros) by extension 'colcon_meta'
[0.372s] Level 1:colcon.colcon_core.package_identification:_identify(src/cam2image_vm2ros) by extensions ['ros']
[0.372s] Level 1:colcon.colcon_core.package_identification:_identify(src/cam2image_vm2ros) by extension 'ros'
[0.373s] DEBUG:colcon.colcon_core.package_identification:Package 'src/cam2image_vm2ros' with type 'ros.ament_cmake' and name 'cam2image_vm2ros'
[0.373s] Level 1:colcon.colcon_core.package_identification:_identify(src/cpp_pubsub) by extensions ['ignore', 'ignore_ament_install']
[0.373s] Level 1:colcon.colcon_core.package_identification:_identify(src/cpp_pubsub) by extension 'ignore'
[0.373s] Level 1:colcon.colcon_core.package_identification:_identify(src/cpp_pubsub) by extension 'ignore_ament_install'
[0.373s] Level 1:colcon.colcon_core.package_identification:_identify(src/cpp_pubsub) by extensions ['colcon_pkg']
[0.373s] Level 1:colcon.colcon_core.package_identification:_identify(src/cpp_pubsub) by extension 'colcon_pkg'
[0.373s] Level 1:colcon.colcon_core.package_identification:_identify(src/cpp_pubsub) by extensions ['colcon_meta']
[0.373s] Level 1:colcon.colcon_core.package_identification:_identify(src/cpp_pubsub) by extension 'colcon_meta'
[0.373s] Level 1:colcon.colcon_core.package_identification:_identify(src/cpp_pubsub) by extensions ['ros']
[0.373s] Level 1:colcon.colcon_core.package_identification:_identify(src/cpp_pubsub) by extension 'ros'
[0.374s] DEBUG:colcon.colcon_core.package_identification:Package 'src/cpp_pubsub' with type 'ros.ament_cmake' and name 'cpp_pubsub'
[0.374s] Level 1:colcon.colcon_core.package_identification:_identify(src/relbot_adapter) by extensions ['ignore', 'ignore_ament_install']
[0.374s] Level 1:colcon.colcon_core.package_identification:_identify(src/relbot_adapter) by extension 'ignore'
[0.374s] Level 1:colcon.colcon_core.package_identification:_identify(src/relbot_adapter) by extension 'ignore_ament_install'
[0.374s] Level 1:colcon.colcon_core.package_identification:_identify(src/relbot_adapter) by extensions ['colcon_pkg']
[0.374s] Level 1:colcon.colcon_core.package_identification:_identify(src/relbot_adapter) by extension 'colcon_pkg'
[0.374s] Level 1:colcon.colcon_core.package_identification:_identify(src/relbot_adapter) by extensions ['colcon_meta']
[0.374s] Level 1:colcon.colcon_core.package_identification:_identify(src/relbot_adapter) by extension 'colcon_meta'
[0.374s] Level 1:colcon.colcon_core.package_identification:_identify(src/relbot_adapter) by extensions ['ros']
[0.374s] Level 1:colcon.colcon_core.package_identification:_identify(src/relbot_adapter) by extension 'ros'
[0.375s] DEBUG:colcon.colcon_core.package_identification:Package 'src/relbot_adapter' with type 'ros.ament_cmake' and name 'relbot_adapter'
[0.375s] Level 1:colcon.colcon_core.package_identification:_identify(src/relbot_msgs) by extensions ['ignore', 'ignore_ament_install']
[0.375s] Level 1:colcon.colcon_core.package_identification:_identify(src/relbot_msgs) by extension 'ignore'
[0.375s] Level 1:colcon.colcon_core.package_identification:_identify(src/relbot_msgs) by extension 'ignore_ament_install'
[0.375s] Level 1:colcon.colcon_core.package_identification:_identify(src/relbot_msgs) by extensions ['colcon_pkg']
[0.375s] Level 1:colcon.colcon_core.package_identification:_identify(src/relbot_msgs) by extension 'colcon_pkg'
[0.375s] Level 1:colcon.colcon_core.package_identification:_identify(src/relbot_msgs) by extensions ['colcon_meta']
[0.375s] Level 1:colcon.colcon_core.package_identification:_identify(src/relbot_msgs) by extension 'colcon_meta'
[0.375s] Level 1:colcon.colcon_core.package_identification:_identify(src/relbot_msgs) by extensions ['ros']
[0.375s] Level 1:colcon.colcon_core.package_identification:_identify(src/relbot_msgs) by extension 'ros'
[0.376s] DEBUG:colcon.colcon_core.package_identification:Package 'src/relbot_msgs' with type 'ros.ament_cmake' and name 'relbot_msgs'
[0.376s] Level 1:colcon.colcon_core.package_identification:_identify(src/relbot_simulator) by extensions ['ignore', 'ignore_ament_install']
[0.376s] Level 1:colcon.colcon_core.package_identification:_identify(src/relbot_simulator) by extension 'ignore'
[0.376s] Level 1:colcon.colcon_core.package_identification:_identify(src/relbot_simulator) by extension 'ignore_ament_install'
[0.376s] Level 1:colcon.colcon_core.package_identification:_identify(src/relbot_simulator) by extensions ['colcon_pkg']
[0.376s] Level 1:colcon.colcon_core.package_identification:_identify(src/relbot_simulator) by extension 'colcon_pkg'
[0.376s] Level 1:colcon.colcon_core.package_identification:_identify(src/relbot_simulator) by extensions ['colcon_meta']
[0.376s] Level 1:colcon.colcon_core.package_identification:_identify(src/relbot_simulator) by extension 'colcon_meta'
[0.376s] Level 1:colcon.colcon_core.package_identification:_identify(src/relbot_simulator) by extensions ['ros']
[0.377s] Level 1:colcon.colcon_core.package_identification:_identify(src/relbot_simulator) by extension 'ros'
[0.377s] DEBUG:colcon.colcon_core.package_identification:Package 'src/relbot_simulator' with type 'ros.ament_cmake' and name 'relbot_simulator'
[0.377s] Level 1:colcon.colcon_core.package_discovery:discover_packages(recursive) using defaults
[0.377s] Level 1:colcon.colcon_core.package_discovery:discover_packages(ignore) discover
[0.377s] Level 1:colcon.colcon_core.package_discovery:discover_packages(ignore) using defaults
[0.378s] Level 1:colcon.colcon_core.package_discovery:discover_packages(path) discover
[0.378s] Level 1:colcon.colcon_core.package_discovery:discover_packages(path) using defaults
[0.395s] INFO:colcon.colcon_core.package_selection:Skipping not selected package 'assignment1_1' in 'src/assignment1_1'
[0.395s] INFO:colcon.colcon_core.package_selection:Skipping not selected package 'cam2image_vm2ros' in 'src/cam2image_vm2ros'
[0.395s] INFO:colcon.colcon_core.package_selection:Skipping not selected package 'cpp_pubsub' in 'src/cpp_pubsub'
[0.395s] INFO:colcon.colcon_core.package_selection:Skipping not selected package 'relbot_adapter' in 'src/relbot_adapter'
[0.395s] INFO:colcon.colcon_core.package_selection:Skipping not selected package 'relbot_msgs' in 'src/relbot_msgs'
[0.395s] INFO:colcon.colcon_core.package_selection:Skipping not selected package 'relbot_simulator' in 'src/relbot_simulator'
[0.395s] Level 1:colcon.colcon_core.package_discovery:discover_packages(prefix_path) check parameters
[0.395s] Level 1:colcon.colcon_core.package_discovery:discover_packages(prefix_path) discover
[0.398s] DEBUG:colcon.colcon_installed_package_information.package_discovery:Found 7 installed packages in /home/ubuntu/Robotics/ros2_ws/install
[0.399s] DEBUG:colcon.colcon_installed_package_information.package_discovery:Found 286 installed packages in /opt/ros/jazzy
[0.400s] Level 1:colcon.colcon_core.package_discovery:discover_packages(prefix_path) using defaults
[0.447s] Level 5:colcon.colcon_core.verb:set package 'assignment1_2' build argument 'cmake_args' from command line to 'None'
[0.448s] Level 5:colcon.colcon_core.verb:set package 'assignment1_2' build argument 'cmake_target' from command line to 'None'
[0.448s] Level 5:colcon.colcon_core.verb:set package 'assignment1_2' build argument 'cmake_target_skip_unavailable' from command line to 'False'
[0.448s] Level 5:colcon.colcon_core.verb:set package 'assignment1_2' build argument 'cmake_clean_cache' from command line to 'False'
[0.448s] Level 5:colcon.colcon_core.verb:set package 'assignment1_2' build argument 'cmake_clean_first' from command line to 'False'
[0.448s] Level 5:colcon.colcon_core.verb:set package 'assignment1_2' build argument 'cmake_force_configure' from command line to 'False'
[0.448s] Level 5:colcon.colcon_core.verb:set package 'assignment1_2' build argument 'ament_cmake_args' from command line to 'None'
[0.448s] Level 5:colcon.colcon_core.verb:set package 'assignment1_2' build argument 'catkin_cmake_args' from command line to 'None'
[0.448s] Level 5:colcon.colcon_core.verb:set package 'assignment1_2' build argument 'catkin_skip_building_tests' from command line to 'False'
[0.448s] DEBUG:colcon.colcon_core.verb:Building package 'assignment1_2' with the following arguments: {'ament_cmake_args': None, 'build_base': '/home/ubuntu/Robotics/ros2_ws/build/assignment1_2', 'catkin_cmake_args': None, 'catkin_skip_building_tests': False, 'cmake_args': None, 'cmake_clean_cache': False, 'cmake_clean_first': False, 'cmake_force_configure': False, 'cmake_target': None, 'cmake_target_skip_unavailable': False, 'install_base': '/home/ubuntu/Robotics/ros2_ws/install/assignment1_2', 'merge_install': False, 'path': '/home/ubuntu/Robotics/ros2_ws/src/assignment1_2', 'symlink_install': False, 'test_result_base': None}
[0.448s] INFO:colcon.colcon_core.executor:Executing jobs using 'parallel' executor
[0.449s] DEBUG:colcon.colcon_parallel_executor.executor.parallel:run_until_complete
[0.449s] INFO:colcon.colcon_ros.task.ament_cmake.build:Building ROS package in '/home/ubuntu/Robotics/ros2_ws/src/assignment1_2' with build type 'ament_cmake'
[0.450s] INFO:colcon.colcon_cmake.task.cmake.build:Building CMake package in '/home/ubuntu/Robotics/ros2_ws/src/assignment1_2'
[0.452s] INFO:colcon.colcon_core.plugin_system:Skipping extension 'colcon_core.shell.bat': Not used on non-Windows systems
[0.452s] INFO:colcon.colcon_core.shell:Skip shell extension 'powershell' for command environment: Not usable outside of PowerShell
[0.452s] DEBUG:colcon.colcon_core.shell:Skip shell extension 'dsv' for command environment
[0.462s] DEBUG:colcon.colcon_core.event_handler.log_command:Invoking command in '/home/ubuntu/Robotics/ros2_ws/build/assignment1_2': CMAKE_PREFIX_PATH=${CMAKE_PREFIX_PATH}:/opt/ros/jazzy /usr/bin/cmake --build /home/ubuntu/Robotics/ros2_ws/build/assignment1_2 -- -j12 -l12
[3.613s] DEBUG:colcon.colcon_core.event_handler.log_command:Invoked command in '/home/ubuntu/Robotics/ros2_ws/build/assignment1_2' returned '2': CMAKE_PREFIX_PATH=${CMAKE_PREFIX_PATH}:/opt/ros/jazzy /usr/bin/cmake --build /home/ubuntu/Robotics/ros2_ws/build/assignment1_2 -- -j12 -l12
[3.614s] Level 1:colcon.colcon_core.environment:create_environment_scripts_only(assignment1_2)
[3.616s] Level 1:colcon.colcon_core.environment:checking '/home/ubuntu/Robotics/ros2_ws/install/assignment1_2' for CMake module files
[3.616s] Level 1:colcon.colcon_core.environment:checking '/home/ubuntu/Robotics/ros2_ws/install/assignment1_2' for CMake config files
[3.617s] Level 1:colcon.colcon_core.environment:checking '/home/ubuntu/Robotics/ros2_ws/install/assignment1_2/bin'
[3.617s] Level 1:colcon.colcon_core.environment:checking '/home/ubuntu/Robotics/ros2_ws/install/assignment1_2/lib/pkgconfig/assignment1_2.pc'
[3.617s] Level 1:colcon.colcon_core.environment:checking '/home/ubuntu/Robotics/ros2_ws/install/assignment1_2/lib/python3.12/site-packages'
[3.617s] Level 1:colcon.colcon_core.environment:checking '/home/ubuntu/Robotics/ros2_ws/install/assignment1_2/bin'
[3.617s] INFO:colcon.colcon_core.shell:Creating package script '/home/ubuntu/Robotics/ros2_ws/install/assignment1_2/share/assignment1_2/package.ps1'
[3.618s] INFO:colcon.colcon_core.shell:Creating package descriptor '/home/ubuntu/Robotics/ros2_ws/install/assignment1_2/share/assignment1_2/package.dsv'
[3.619s] INFO:colcon.colcon_core.shell:Creating package script '/home/ubuntu/Robotics/ros2_ws/install/assignment1_2/share/assignment1_2/package.sh'
[3.619s] INFO:colcon.colcon_core.shell:Creating package script '/home/ubuntu/Robotics/ros2_ws/install/assignment1_2/share/assignment1_2/package.bash'
[3.620s] INFO:colcon.colcon_core.shell:Creating package script '/home/ubuntu/Robotics/ros2_ws/install/assignment1_2/share/assignment1_2/package.zsh'
[3.621s] Level 1:colcon.colcon_core.environment:create_file_with_runtime_dependencies(/home/ubuntu/Robotics/ros2_ws/install/assignment1_2/share/colcon-core/packages/assignment1_2)
[3.631s] DEBUG:colcon.colcon_parallel_executor.executor.parallel:closing loop
[3.632s] DEBUG:colcon.colcon_parallel_executor.executor.parallel:loop closed
[3.632s] DEBUG:colcon.colcon_parallel_executor.executor.parallel:run_until_complete finished with '2'
[3.632s] DEBUG:colcon.colcon_core.event_reactor:joining thread
[3.732s] INFO:colcon.colcon_core.plugin_system:Skipping extension 'colcon_notification.desktop_notification.notify_send': Could not find 'notify-send'
[3.732s] INFO:colcon.colcon_core.plugin_system:Skipping extension 'colcon_notification.desktop_notification.terminal_notifier': Not used on non-Darwin systems
[3.733s] INFO:colcon.colcon_core.plugin_system:Skipping extension 'colcon_notification.desktop_notification.win32': Not used on non-Windows systems
[3.733s] INFO:colcon.colcon_notification.desktop_notification:Sending desktop notification using 'notify2'
[3.734s] DEBUG:colcon.colcon_notification.desktop_notification.notify2:Failed to initialize notify2: org.freedesktop.DBus.Error.ServiceUnknown: The name org.freedesktop.Notifications was not provided by any .service files
[3.734s] DEBUG:colcon.colcon_core.event_reactor:joined thread
[3.734s] INFO:colcon.colcon_core.shell:Creating prefix script '/home/ubuntu/Robotics/ros2_ws/install/local_setup.ps1'
[3.735s] INFO:colcon.colcon_core.shell:Creating prefix util module '/home/ubuntu/Robotics/ros2_ws/install/_local_setup_util_ps1.py'
[3.736s] INFO:colcon.colcon_core.shell:Creating prefix chain script '/home/ubuntu/Robotics/ros2_ws/install/setup.ps1'
[3.737s] INFO:colcon.colcon_core.shell:Creating prefix script '/home/ubuntu/Robotics/ros2_ws/install/local_setup.sh'
[3.738s] INFO:colcon.colcon_core.shell:Creating prefix util module '/home/ubuntu/Robotics/ros2_ws/install/_local_setup_util_sh.py'
[3.738s] INFO:colcon.colcon_core.shell:Creating prefix chain script '/home/ubuntu/Robotics/ros2_ws/install/setup.sh'
[3.739s] INFO:colcon.colcon_core.shell:Creating prefix script '/home/ubuntu/Robotics/ros2_ws/install/local_setup.bash'
[3.740s] INFO:colcon.colcon_core.shell:Creating prefix chain script '/home/ubuntu/Robotics/ros2_ws/install/setup.bash'
[3.741s] INFO:colcon.colcon_core.shell:Creating prefix script '/home/ubuntu/Robotics/ros2_ws/install/local_setup.zsh'
[3.741s] INFO:colcon.colcon_core.shell:Creating prefix chain script '/home/ubuntu/Robotics/ros2_ws/install/setup.zsh'
