[0.072s] Invoking command in '/home/asdfr-33/ASDfR---Assignment3_ros_ws/build/relbot_simulator': CMAKE_PREFIX_PATH=/home/asdfr-33/ASDfR---Assignment3_ros_ws/install/relbot_msgs:/home/asdfr-33/ASDfR---Assignment3_ros_ws/install/sequence_controller:/home/asdfr-33/ASDfR---Assignment3_ros_ws/install/relbot_simulator:/home/asdfr-33/ASDfR---Assignment3_ros_ws/install/relbot_adapter:/home/asdfr-33/ASDfR---Assignment3_ros_ws/install/object_tracker:/home/asdfr-33/ASDfR---Assignment3_ros_ws/install/image_tools:/home/asdfr-33/ASDfR---Assignment3_ros_ws/install/cam2image_vm2ros:/home/asdfr-33/ASDfR---Assignment3_ros_ws/install/assignment3_1:/home/asdfr-33/ASDfR---Assignment3_ros_ws/install/assignment1_2:/home/asdfr-33/ASDfR---Assignment3_ros_ws/install/assignment1_1:/opt/ros/humble PYTHONPATH=/home/asdfr-33/ASDfR---Assignment3_ros_ws/install/relbot_msgs/local/lib/python3.10/dist-packages:${PYTHONPATH} /usr/bin/cmake /home/asdfr-33/ASDfR---Assignment3_ros_ws/src/relbot_simulator -DCMAKE_INSTALL_PREFIX=/home/asdfr-33/ASDfR---Assignment3_ros_ws/install/relbot_simulator
[0.376s] -- The C compiler identification is GNU 11.4.0
[0.711s] -- The CXX compiler identification is GNU 11.4.0
[0.746s] -- Detecting C compiler ABI info
[1.207s] -- Detecting C compiler ABI info - done
[1.247s] -- Check for working C compiler: /usr/bin/cc - skipped
[1.250s] -- Detecting C compile features
[1.254s] -- Detecting C compile features - done
[1.283s] -- Detecting CXX compiler ABI info
[1.725s] -- Detecting CXX compiler ABI info - done
[1.761s] -- Check for working CXX compiler: /usr/bin/c++ - skipped
[1.764s] -- Detecting CXX compile features
[1.767s] -- Detecting CXX compile features - done
[1.797s] -- Found ament_cmake: 1.3.11 (/opt/ros/humble/share/ament_cmake/cmake)
[2.653s] -- Found Python3: /usr/bin/python3 (found version "3.10.12") found components: Interpreter 
[3.104s] -- Found rclcpp: 16.0.11 (/opt/ros/humble/share/rclcpp/cmake)
[3.289s] -- Found rosidl_generator_c: 3.1.6 (/opt/ros/humble/share/rosidl_generator_c/cmake)
[3.333s] -- Found rosidl_adapter: 3.1.6 (/opt/ros/humble/share/rosidl_adapter/cmake)
[3.387s] -- Found rosidl_generator_cpp: 3.1.6 (/opt/ros/humble/share/rosidl_generator_cpp/cmake)
[3.444s] -- Using all available rosidl_typesupport_c: rosidl_typesupport_fastrtps_c;rosidl_typesupport_introspection_c
[3.520s] -- Using all available rosidl_typesupport_cpp: rosidl_typesupport_fastrtps_cpp;rosidl_typesupport_introspection_cpp
[3.710s] -- Found rmw_implementation_cmake: 6.1.2 (/opt/ros/humble/share/rmw_implementation_cmake/cmake)
[3.722s] -- Found rmw_fastrtps_cpp: 6.2.7 (/opt/ros/humble/share/rmw_fastrtps_cpp/cmake)
[4.057s] -- Found OpenSSL: /usr/lib/aarch64-linux-gnu/libcrypto.so (found version "3.0.2")  
[4.157s] -- Found FastRTPS: /opt/ros/humble/include  
[4.303s] -- Using RMW implementation 'rmw_fastrtps_cpp' as default
[4.359s] -- Looking for pthread.h
[4.754s] -- Looking for pthread.h - found
[4.759s] -- Performing Test CMAKE_HAVE_LIBC_PTHREAD
[5.156s] -- Performing Test CMAKE_HAVE_LIBC_PTHREAD - Success
[5.168s] -- Found Threads: TRUE  
[5.500s] -- Found geometry_msgs: 4.2.4 (/opt/ros/humble/share/geometry_msgs/cmake)
[5.565s] -- Found sensor_msgs: 4.2.4 (/opt/ros/humble/share/sensor_msgs/cmake)
[5.652s] -- Found relbot_msgs: 2025.2.0 (/home/asdfr-33/ASDfR---Assignment3_ros_ws/install/relbot_msgs/share/relbot_msgs/cmake)
[5.728s] -- Found OpenCV: /usr (found version "4.5.4") found components: core highgui imgcodecs imgproc videoio 
[5.739s] -- Found cv_bridge: 3.2.1 (/opt/ros/humble/share/cv_bridge/cmake)
[5.766s] -- Found ament_lint_auto: 0.12.11 (/opt/ros/humble/share/ament_lint_auto/cmake)
[6.208s] -- Added test 'copyright' to check source files copyright and LICENSE
[6.220s] -- Added test 'cppcheck' to perform static code analysis on C / C++ code
[6.225s] -- Configured cppcheck include dirs: /home/asdfr-33/ASDfR---Assignment3_ros_ws/src/relbot_simulator/include;/home/asdfr-33/ASDfR---Assignment3_ros_ws/src/relbot_simulator/common;$<BUILD_INTERFACE:/home/asdfr-33/ASDfR---Assignment3_ros_ws/src/relbot_simulator/include>;$<BUILD_INTERFACE:/home/asdfr-33/ASDfR---Assignment3_ros_ws/src/relbot_simulator/common>
[6.229s] -- Configured cppcheck exclude dirs and/or files: 
[6.238s] -- Added test 'cpplint' to check C / C++ code against the Google style
[6.242s] -- Configured cpplint exclude dirs and/or files: 
[6.250s] -- Added test 'lint_cmake' to check CMake code style
[6.261s] -- Added test 'uncrustify' to check C / C++ code style
[6.264s] -- Configured uncrustify additional arguments: 
[6.274s] -- Added test 'xmllint' to check XML markup files
[6.303s] -- Configuring done
[6.423s] -- Generating done
[6.474s] -- Build files have been written to: /home/asdfr-33/ASDfR---Assignment3_ros_ws/build/relbot_simulator
[6.533s] Invoked command in '/home/asdfr-33/ASDfR---Assignment3_ros_ws/build/relbot_simulator' returned '0': CMAKE_PREFIX_PATH=/home/asdfr-33/ASDfR---Assignment3_ros_ws/install/relbot_msgs:/home/asdfr-33/ASDfR---Assignment3_ros_ws/install/sequence_controller:/home/asdfr-33/ASDfR---Assignment3_ros_ws/install/relbot_simulator:/home/asdfr-33/ASDfR---Assignment3_ros_ws/install/relbot_adapter:/home/asdfr-33/ASDfR---Assignment3_ros_ws/install/object_tracker:/home/asdfr-33/ASDfR---Assignment3_ros_ws/install/image_tools:/home/asdfr-33/ASDfR---Assignment3_ros_ws/install/cam2image_vm2ros:/home/asdfr-33/ASDfR---Assignment3_ros_ws/install/assignment3_1:/home/asdfr-33/ASDfR---Assignment3_ros_ws/install/assignment1_2:/home/asdfr-33/ASDfR---Assignment3_ros_ws/install/assignment1_1:/opt/ros/humble PYTHONPATH=/home/asdfr-33/ASDfR---Assignment3_ros_ws/install/relbot_msgs/local/lib/python3.10/dist-packages:${PYTHONPATH} /usr/bin/cmake /home/asdfr-33/ASDfR---Assignment3_ros_ws/src/relbot_simulator -DCMAKE_INSTALL_PREFIX=/home/asdfr-33/ASDfR---Assignment3_ros_ws/install/relbot_simulator
[6.539s] Invoking command in '/home/asdfr-33/ASDfR---Assignment3_ros_ws/build/relbot_simulator': CMAKE_PREFIX_PATH=/home/asdfr-33/ASDfR---Assignment3_ros_ws/install/relbot_msgs:/home/asdfr-33/ASDfR---Assignment3_ros_ws/install/sequence_controller:/home/asdfr-33/ASDfR---Assignment3_ros_ws/install/relbot_simulator:/home/asdfr-33/ASDfR---Assignment3_ros_ws/install/relbot_adapter:/home/asdfr-33/ASDfR---Assignment3_ros_ws/install/object_tracker:/home/asdfr-33/ASDfR---Assignment3_ros_ws/install/image_tools:/home/asdfr-33/ASDfR---Assignment3_ros_ws/install/cam2image_vm2ros:/home/asdfr-33/ASDfR---Assignment3_ros_ws/install/assignment3_1:/home/asdfr-33/ASDfR---Assignment3_ros_ws/install/assignment1_2:/home/asdfr-33/ASDfR---Assignment3_ros_ws/install/assignment1_1:/opt/ros/humble PYTHONPATH=/home/asdfr-33/ASDfR---Assignment3_ros_ws/install/relbot_msgs/local/lib/python3.10/dist-packages:${PYTHONPATH} /usr/bin/cmake --build /home/asdfr-33/ASDfR---Assignment3_ros_ws/build/relbot_simulator -- -j3 -l3
[6.713s] [ 11%] [32mBuilding CXX object CMakeFiles/relbot_simulator.dir/src/relbot_simulator.cpp.o[0m
[74.128s] [ 22%] [32mBuilding CXX object CMakeFiles/relbot_simulator.dir/common/EulerAngles.cpp.o[0m
[74.205s] [ 33%] [32mBuilding CXX object CMakeFiles/relbot_simulator.dir/common/MotionProfiles.cpp.o[0m
[74.273s] [ 44%] [32mBuilding CXX object CMakeFiles/relbot_simulator.dir/common/xxfuncs.cpp.o[0m
[74.919s] [ 55%] [32mBuilding CXX object CMakeFiles/relbot_simulator.dir/common/xxinteg.cpp.o[0m
[75.594s] [ 66%] [32mBuilding CXX object CMakeFiles/relbot_simulator.dir/common/xxinverse.cpp.o[0m
[76.238s] [ 77%] [32mBuilding CXX object CMakeFiles/relbot_simulator.dir/common/xxmatrix.cpp.o[0m
[77.024s] [ 88%] [32mBuilding CXX object CMakeFiles/relbot_simulator.dir/src/Plant.cpp.o[0m
[77.978s] [100%] [32m[1mLinking CXX executable relbot_simulator[0m
[82.286s] [100%] Built target relbot_simulator
[82.322s] Invoked command in '/home/asdfr-33/ASDfR---Assignment3_ros_ws/build/relbot_simulator' returned '0': CMAKE_PREFIX_PATH=/home/asdfr-33/ASDfR---Assignment3_ros_ws/install/relbot_msgs:/home/asdfr-33/ASDfR---Assignment3_ros_ws/install/sequence_controller:/home/asdfr-33/ASDfR---Assignment3_ros_ws/install/relbot_simulator:/home/asdfr-33/ASDfR---Assignment3_ros_ws/install/relbot_adapter:/home/asdfr-33/ASDfR---Assignment3_ros_ws/install/object_tracker:/home/asdfr-33/ASDfR---Assignment3_ros_ws/install/image_tools:/home/asdfr-33/ASDfR---Assignment3_ros_ws/install/cam2image_vm2ros:/home/asdfr-33/ASDfR---Assignment3_ros_ws/install/assignment3_1:/home/asdfr-33/ASDfR---Assignment3_ros_ws/install/assignment1_2:/home/asdfr-33/ASDfR---Assignment3_ros_ws/install/assignment1_1:/opt/ros/humble PYTHONPATH=/home/asdfr-33/ASDfR---Assignment3_ros_ws/install/relbot_msgs/local/lib/python3.10/dist-packages:${PYTHONPATH} /usr/bin/cmake --build /home/asdfr-33/ASDfR---Assignment3_ros_ws/build/relbot_simulator -- -j3 -l3
[82.331s] Invoking command in '/home/asdfr-33/ASDfR---Assignment3_ros_ws/build/relbot_simulator': CMAKE_PREFIX_PATH=/home/asdfr-33/ASDfR---Assignment3_ros_ws/install/relbot_msgs:/home/asdfr-33/ASDfR---Assignment3_ros_ws/install/sequence_controller:/home/asdfr-33/ASDfR---Assignment3_ros_ws/install/relbot_simulator:/home/asdfr-33/ASDfR---Assignment3_ros_ws/install/relbot_adapter:/home/asdfr-33/ASDfR---Assignment3_ros_ws/install/object_tracker:/home/asdfr-33/ASDfR---Assignment3_ros_ws/install/image_tools:/home/asdfr-33/ASDfR---Assignment3_ros_ws/install/cam2image_vm2ros:/home/asdfr-33/ASDfR---Assignment3_ros_ws/install/assignment3_1:/home/asdfr-33/ASDfR---Assignment3_ros_ws/install/assignment1_2:/home/asdfr-33/ASDfR---Assignment3_ros_ws/install/assignment1_1:/opt/ros/humble PYTHONPATH=/home/asdfr-33/ASDfR---Assignment3_ros_ws/install/relbot_msgs/local/lib/python3.10/dist-packages:${PYTHONPATH} /usr/bin/cmake --install /home/asdfr-33/ASDfR---Assignment3_ros_ws/build/relbot_simulator
[82.353s] -- Install configuration: ""
[82.354s] -- Installing: /home/asdfr-33/ASDfR---Assignment3_ros_ws/install/relbot_simulator/lib/relbot_simulator/relbot_simulator
[82.595s] -- Set runtime path of "/home/asdfr-33/ASDfR---Assignment3_ros_ws/install/relbot_simulator/lib/relbot_simulator/relbot_simulator" to ""
[82.597s] -- Installing: /home/asdfr-33/ASDfR---Assignment3_ros_ws/install/relbot_simulator/include
[82.602s] -- Installing: /home/asdfr-33/ASDfR---Assignment3_ros_ws/install/relbot_simulator/include/xxmodel.h
[82.603s] -- Installing: /home/asdfr-33/ASDfR---Assignment3_ros_ws/install/relbot_simulator/include/EulerAngles.h
[82.604s] -- Installing: /home/asdfr-33/ASDfR---Assignment3_ros_ws/install/relbot_simulator/include/MotionProfiles.cpp
[82.606s] -- Installing: /home/asdfr-33/ASDfR---Assignment3_ros_ws/install/relbot_simulator/include/xxfuncs.cpp
[82.607s] -- Installing: /home/asdfr-33/ASDfR---Assignment3_ros_ws/install/relbot_simulator/include/xxinteg.h
[82.608s] -- Installing: /home/asdfr-33/ASDfR---Assignment3_ros_ws/install/relbot_simulator/include/xxinverse.h
[82.609s] -- Installing: /home/asdfr-33/ASDfR---Assignment3_ros_ws/install/relbot_simulator/include/xxmatrix.cpp
[82.622s] -- Installing: /home/asdfr-33/ASDfR---Assignment3_ros_ws/install/relbot_simulator/include/xxinverse.cpp
[82.623s] -- Installing: /home/asdfr-33/ASDfR---Assignment3_ros_ws/install/relbot_simulator/include/xxmatrix.h
[82.624s] -- Installing: /home/asdfr-33/ASDfR---Assignment3_ros_ws/install/relbot_simulator/include/xxtypes.h
[82.626s] -- Installing: /home/asdfr-33/ASDfR---Assignment3_ros_ws/install/relbot_simulator/include/EulerAngles.cpp
[82.627s] -- Installing: /home/asdfr-33/ASDfR---Assignment3_ros_ws/install/relbot_simulator/include/MotionProfiles.h
[82.629s] -- Installing: /home/asdfr-33/ASDfR---Assignment3_ros_ws/install/relbot_simulator/include/xxfuncs.h
[82.634s] -- Installing: /home/asdfr-33/ASDfR---Assignment3_ros_ws/install/relbot_simulator/include/xxinteg.cpp
[82.637s] -- Installing: /home/asdfr-33/ASDfR---Assignment3_ros_ws/install/relbot_simulator/share/ament_index/resource_index/package_run_dependencies/relbot_simulator
[82.638s] -- Installing: /home/asdfr-33/ASDfR---Assignment3_ros_ws/install/relbot_simulator/share/ament_index/resource_index/parent_prefix_path/relbot_simulator
[82.640s] -- Installing: /home/asdfr-33/ASDfR---Assignment3_ros_ws/install/relbot_simulator/share/relbot_simulator/environment/ament_prefix_path.sh
[82.642s] -- Installing: /home/asdfr-33/ASDfR---Assignment3_ros_ws/install/relbot_simulator/share/relbot_simulator/environment/ament_prefix_path.dsv
[82.645s] -- Installing: /home/asdfr-33/ASDfR---Assignment3_ros_ws/install/relbot_simulator/share/relbot_simulator/environment/path.sh
[82.647s] -- Installing: /home/asdfr-33/ASDfR---Assignment3_ros_ws/install/relbot_simulator/share/relbot_simulator/environment/path.dsv
[82.649s] -- Installing: /home/asdfr-33/ASDfR---Assignment3_ros_ws/install/relbot_simulator/share/relbot_simulator/local_setup.bash
[82.652s] -- Installing: /home/asdfr-33/ASDfR---Assignment3_ros_ws/install/relbot_simulator/share/relbot_simulator/local_setup.sh
[82.655s] -- Installing: /home/asdfr-33/ASDfR---Assignment3_ros_ws/install/relbot_simulator/share/relbot_simulator/local_setup.zsh
[82.661s] -- Installing: /home/asdfr-33/ASDfR---Assignment3_ros_ws/install/relbot_simulator/share/relbot_simulator/local_setup.dsv
[82.665s] -- Installing: /home/asdfr-33/ASDfR---Assignment3_ros_ws/install/relbot_simulator/share/relbot_simulator/package.dsv
[82.671s] -- Installing: /home/asdfr-33/ASDfR---Assignment3_ros_ws/install/relbot_simulator/share/ament_index/resource_index/packages/relbot_simulator
[82.674s] -- Installing: /home/asdfr-33/ASDfR---Assignment3_ros_ws/install/relbot_simulator/share/relbot_simulator/cmake/relbot_simulatorConfig.cmake
[82.676s] -- Installing: /home/asdfr-33/ASDfR---Assignment3_ros_ws/install/relbot_simulator/share/relbot_simulator/cmake/relbot_simulatorConfig-version.cmake
[82.678s] -- Installing: /home/asdfr-33/ASDfR---Assignment3_ros_ws/install/relbot_simulator/share/relbot_simulator/package.xml
[82.680s] Invoked command in '/home/asdfr-33/ASDfR---Assignment3_ros_ws/build/relbot_simulator' returned '0': CMAKE_PREFIX_PATH=/home/asdfr-33/ASDfR---Assignment3_ros_ws/install/relbot_msgs:/home/asdfr-33/ASDfR---Assignment3_ros_ws/install/sequence_controller:/home/asdfr-33/ASDfR---Assignment3_ros_ws/install/relbot_simulator:/home/asdfr-33/ASDfR---Assignment3_ros_ws/install/relbot_adapter:/home/asdfr-33/ASDfR---Assignment3_ros_ws/install/object_tracker:/home/asdfr-33/ASDfR---Assignment3_ros_ws/install/image_tools:/home/asdfr-33/ASDfR---Assignment3_ros_ws/install/cam2image_vm2ros:/home/asdfr-33/ASDfR---Assignment3_ros_ws/install/assignment3_1:/home/asdfr-33/ASDfR---Assignment3_ros_ws/install/assignment1_2:/home/asdfr-33/ASDfR---Assignment3_ros_ws/install/assignment1_1:/opt/ros/humble PYTHONPATH=/home/asdfr-33/ASDfR---Assignment3_ros_ws/install/relbot_msgs/local/lib/python3.10/dist-packages:${PYTHONPATH} /usr/bin/cmake --install /home/asdfr-33/ASDfR---Assignment3_ros_ws/build/relbot_simulator
