[0.221s] Invoking command in '/home/ubuntu/Robotics/ros2_ws/build/assignment1_2': CMAKE_PREFIX_PATH=${CMAKE_PREFIX_PATH}:/opt/ros/jazzy /usr/bin/cmake --build /home/ubuntu/Robotics/ros2_ws/build/assignment1_2 -- -j12 -l12
[0.296s] [100%] Built target setpoint_generator
[0.313s] Invoked command in '/home/ubuntu/Robotics/ros2_ws/build/assignment1_2' returned '0': CMAKE_PREFIX_PATH=${CMAKE_PREFIX_PATH}:/opt/ros/jazzy /usr/bin/cmake --build /home/ubuntu/Robotics/ros2_ws/build/assignment1_2 -- -j12 -l12
[0.324s] Invoking command in '/home/ubuntu/Robotics/ros2_ws/build/assignment1_2': CMAKE_PREFIX_PATH=${CMAKE_PREFIX_PATH}:/opt/ros/jazzy /usr/bin/cmake --install /home/ubuntu/Robotics/ros2_ws/build/assignment1_2
[0.333s] -- Install configuration: ""
[0.334s] -- Up-to-date: /home/ubuntu/Robotics/ros2_ws/install/assignment1_2/lib/assignment1_2/setpoint_generator
[0.334s] -- Up-to-date: /home/ubuntu/Robotics/ros2_ws/install/assignment1_2/include/
[0.334s] -- Up-to-date: /home/ubuntu/Robotics/ros2_ws/install/assignment1_2/include//setpoint_generator.hpp
[0.335s] -- Up-to-date: /home/ubuntu/Robotics/ros2_ws/install/assignment1_2/share/ament_index/resource_index/package_run_dependencies/assignment1_2
[0.335s] -- Up-to-date: /home/ubuntu/Robotics/ros2_ws/install/assignment1_2/share/ament_index/resource_index/parent_prefix_path/assignment1_2
[0.335s] -- Up-to-date: /home/ubuntu/Robotics/ros2_ws/install/assignment1_2/share/assignment1_2/environment/ament_prefix_path.sh
[0.335s] -- Up-to-date: /home/ubuntu/Robotics/ros2_ws/install/assignment1_2/share/assignment1_2/environment/ament_prefix_path.dsv
[0.335s] -- Up-to-date: /home/ubuntu/Robotics/ros2_ws/install/assignment1_2/share/assignment1_2/environment/path.sh
[0.336s] -- Up-to-date: /home/ubuntu/Robotics/ros2_ws/install/assignment1_2/share/assignment1_2/environment/path.dsv
[0.336s] -- Up-to-date: /home/ubuntu/Robotics/ros2_ws/install/assignment1_2/share/assignment1_2/local_setup.bash
[0.336s] -- Up-to-date: /home/ubuntu/Robotics/ros2_ws/install/assignment1_2/share/assignment1_2/local_setup.sh
[0.336s] -- Up-to-date: /home/ubuntu/Robotics/ros2_ws/install/assignment1_2/share/assignment1_2/local_setup.zsh
[0.336s] -- Up-to-date: /home/ubuntu/Robotics/ros2_ws/install/assignment1_2/share/assignment1_2/local_setup.dsv
[0.337s] -- Installing: /home/ubuntu/Robotics/ros2_ws/install/assignment1_2/share/assignment1_2/package.dsv
[0.337s] -- Up-to-date: /home/ubuntu/Robotics/ros2_ws/install/assignment1_2/share/ament_index/resource_index/packages/assignment1_2
[0.337s] -- Up-to-date: /home/ubuntu/Robotics/ros2_ws/install/assignment1_2/share/assignment1_2/cmake/assignment1_2Config.cmake
[0.338s] -- Up-to-date: /home/ubuntu/Robotics/ros2_ws/install/assignment1_2/share/assignment1_2/cmake/assignment1_2Config-version.cmake
[0.338s] -- Up-to-date: /home/ubuntu/Robotics/ros2_ws/install/assignment1_2/share/assignment1_2/package.xml
[0.339s] Invoked command in '/home/ubuntu/Robotics/ros2_ws/build/assignment1_2' returned '0': CMAKE_PREFIX_PATH=${CMAKE_PREFIX_PATH}:/opt/ros/jazzy /usr/bin/cmake --install /home/ubuntu/Robotics/ros2_ws/build/assignment1_2
