[0.118s] Invoking command in '/home/asdfr-33/ASDfR---Assignment3_ros_ws/build/assignment3_1': CMAKE_PREFIX_PATH=${CMAKE_PREFIX_PATH}:/opt/ros/humble /usr/bin/cmake --build /home/asdfr-33/ASDfR---Assignment3_ros_ws/build/assignment3_1 -- -j3 -l3
[0.558s] Invoked command in '/home/asdfr-33/ASDfR---Assignment3_ros_ws/build/assignment3_1' returned '0': CMAKE_PREFIX_PATH=${CMAKE_PREFIX_PATH}:/opt/ros/humble /usr/bin/cmake --build /home/asdfr-33/ASDfR---Assignment3_ros_ws/build/assignment3_1 -- -j3 -l3
[0.563s] Invoking command in '/home/asdfr-33/ASDfR---Assignment3_ros_ws/build/assignment3_1': CMAKE_PREFIX_PATH=${CMAKE_PREFIX_PATH}:/opt/ros/humble /usr/bin/cmake --install /home/asdfr-33/ASDfR---Assignment3_ros_ws/build/assignment3_1
[0.616s] -- Install configuration: ""
[0.620s] -- Up-to-date: /home/asdfr-33/ASDfR---Assignment3_ros_ws/install/assignment3_1/share/ament_index/resource_index/package_run_dependencies/assignment3_1
[0.625s] -- Up-to-date: /home/asdfr-33/ASDfR---Assignment3_ros_ws/install/assignment3_1/share/ament_index/resource_index/parent_prefix_path/assignment3_1
[0.636s] -- Up-to-date: /home/asdfr-33/ASDfR---Assignment3_ros_ws/install/assignment3_1/share/assignment3_1/environment/ament_prefix_path.sh
[0.643s] -- Up-to-date: /home/asdfr-33/ASDfR---Assignment3_ros_ws/install/assignment3_1/share/assignment3_1/environment/ament_prefix_path.dsv
[0.646s] -- Up-to-date: /home/asdfr-33/ASDfR---Assignment3_ros_ws/install/assignment3_1/share/assignment3_1/environment/path.sh
[0.660s] -- Up-to-date: /home/asdfr-33/ASDfR---Assignment3_ros_ws/install/assignment3_1/share/assignment3_1/environment/path.dsv
[0.663s] -- Up-to-date: /home/asdfr-33/ASDfR---Assignment3_ros_ws/install/assignment3_1/share/assignment3_1/local_setup.bash
[0.669s] -- Up-to-date: /home/asdfr-33/ASDfR---Assignment3_ros_ws/install/assignment3_1/share/assignment3_1/local_setup.sh
[0.674s] -- Up-to-date: /home/asdfr-33/ASDfR---Assignment3_ros_ws/install/assignment3_1/share/assignment3_1/local_setup.zsh
[0.692s] -- Up-to-date: /home/asdfr-33/ASDfR---Assignment3_ros_ws/install/assignment3_1/share/assignment3_1/local_setup.dsv
[0.696s] -- Up-to-date: /home/asdfr-33/ASDfR---Assignment3_ros_ws/install/assignment3_1/share/assignment3_1/package.dsv
[0.703s] -- Up-to-date: /home/asdfr-33/ASDfR---Assignment3_ros_ws/install/assignment3_1/share/ament_index/resource_index/packages/assignment3_1
[0.706s] -- Up-to-date: /home/asdfr-33/ASDfR---Assignment3_ros_ws/install/assignment3_1/share/assignment3_1/cmake/assignment3_1Config.cmake
[0.714s] -- Up-to-date: /home/asdfr-33/ASDfR---Assignment3_ros_ws/install/assignment3_1/share/assignment3_1/cmake/assignment3_1Config-version.cmake
[0.721s] -- Up-to-date: /home/asdfr-33/ASDfR---Assignment3_ros_ws/install/assignment3_1/share/assignment3_1/package.xml
[0.724s] Invoked command in '/home/asdfr-33/ASDfR---Assignment3_ros_ws/build/assignment3_1' returned '0': CMAKE_PREFIX_PATH=${CMAKE_PREFIX_PATH}:/opt/ros/humble /usr/bin/cmake --install /home/asdfr-33/ASDfR---Assignment3_ros_ws/build/assignment3_1
