[0.044s] Invoking command in '/home/asdfr-33/ASDfR---Assignment3_ros_ws/build/sequence_controller': CMAKE_PREFIX_PATH=${CMAKE_PREFIX_PATH}:/opt/ros/humble /usr/bin/cmake /home/asdfr-33/ASDfR---Assignment3_ros_ws/src/sequence_controller -DCMAKE_INSTALL_PREFIX=/home/asdfr-33/ASDfR---Assignment3_ros_ws/install/sequence_controller
[0.293s] -- The C compiler identification is GNU 11.4.0
[0.544s] -- The CXX compiler identification is GNU 11.4.0
[0.574s] -- Detecting C compiler ABI info
[0.935s] -- Detecting C compiler ABI info - done
[0.966s] -- Check for working C compiler: /usr/bin/cc - skipped
[0.968s] -- Detecting C compile features
[0.971s] -- Detecting C compile features - done
[0.991s] -- Detecting CXX compiler ABI info
[1.468s] -- Detecting CXX compiler ABI info - done
[1.503s] -- Check for working CXX compiler: /usr/bin/c++ - skipped
[1.510s] -- Detecting CXX compile features
[1.514s] -- Detecting CXX compile features - done
[1.518s] -- Found ament_cmake: 1.3.11 (/opt/ros/humble/share/ament_cmake/cmake)
[2.389s] -- Found Python3: /usr/bin/python3 (found version "3.10.12") found components: Interpreter 
[2.945s] -- Found rclcpp: 16.0.11 (/opt/ros/humble/share/rclcpp/cmake)
[3.154s] -- Found rosidl_generator_c: 3.1.6 (/opt/ros/humble/share/rosidl_generator_c/cmake)
[3.187s] -- Found rosidl_adapter: 3.1.6 (/opt/ros/humble/share/rosidl_adapter/cmake)
[3.231s] -- Found rosidl_generator_cpp: 3.1.6 (/opt/ros/humble/share/rosidl_generator_cpp/cmake)
[3.299s] -- Using all available rosidl_typesupport_c: rosidl_typesupport_fastrtps_c;rosidl_typesupport_introspection_c
[3.398s] -- Using all available rosidl_typesupport_cpp: rosidl_typesupport_fastrtps_cpp;rosidl_typesupport_introspection_cpp
[3.609s] -- Found rmw_implementation_cmake: 6.1.2 (/opt/ros/humble/share/rmw_implementation_cmake/cmake)
[3.622s] -- Found rmw_fastrtps_cpp: 6.2.7 (/opt/ros/humble/share/rmw_fastrtps_cpp/cmake)
[3.984s] -- Found OpenSSL: /usr/lib/aarch64-linux-gnu/libcrypto.so (found version "3.0.2")  
[4.072s] -- Found FastRTPS: /opt/ros/humble/include  
[4.218s] -- Using RMW implementation 'rmw_fastrtps_cpp' as default
[4.263s] -- Looking for pthread.h
[4.624s] -- Looking for pthread.h - found
[4.626s] -- Performing Test CMAKE_HAVE_LIBC_PTHREAD
[4.956s] -- Performing Test CMAKE_HAVE_LIBC_PTHREAD - Success
[4.958s] -- Found Threads: TRUE  
[5.224s] -- Found geometry_msgs: 4.2.4 (/opt/ros/humble/share/geometry_msgs/cmake)
[5.299s] -- Found ament_lint_auto: 0.12.11 (/opt/ros/humble/share/ament_lint_auto/cmake)
[5.726s] -- Added test 'cppcheck' to perform static code analysis on C / C++ code
[5.729s] -- Configured cppcheck include dirs: 
[5.731s] -- Configured cppcheck exclude dirs and/or files: 
[5.735s] -- Added test 'flake8' to check Python code syntax and style conventions
[5.740s] -- Added test 'lint_cmake' to check CMake code style
[5.745s] -- Added test 'pep257' to check Python code against some of the docstring style conventions in PEP 257
[5.753s] -- Added test 'uncrustify' to check C / C++ code style
[5.755s] -- Configured uncrustify additional arguments: 
[5.760s] -- Added test 'xmllint' to check XML markup files
[5.772s] -- Configuring done
[5.833s] -- Generating done
[5.864s] -- Build files have been written to: /home/asdfr-33/ASDfR---Assignment3_ros_ws/build/sequence_controller
[5.911s] Invoked command in '/home/asdfr-33/ASDfR---Assignment3_ros_ws/build/sequence_controller' returned '0': CMAKE_PREFIX_PATH=${CMAKE_PREFIX_PATH}:/opt/ros/humble /usr/bin/cmake /home/asdfr-33/ASDfR---Assignment3_ros_ws/src/sequence_controller -DCMAKE_INSTALL_PREFIX=/home/asdfr-33/ASDfR---Assignment3_ros_ws/install/sequence_controller
[5.917s] Invoking command in '/home/asdfr-33/ASDfR---Assignment3_ros_ws/build/sequence_controller': CMAKE_PREFIX_PATH=${CMAKE_PREFIX_PATH}:/opt/ros/humble /usr/bin/cmake --build /home/asdfr-33/ASDfR---Assignment3_ros_ws/build/sequence_controller -- -j3 -l3
[6.098s] [ 50%] [32mBuilding CXX object CMakeFiles/sequence_controller.dir/src/sequence_controller.cpp.o[0m
[52.034s] [100%] [32m[1mLinking CXX executable sequence_controller[0m
[55.727s] [100%] Built target sequence_controller
[55.763s] Invoked command in '/home/asdfr-33/ASDfR---Assignment3_ros_ws/build/sequence_controller' returned '0': CMAKE_PREFIX_PATH=${CMAKE_PREFIX_PATH}:/opt/ros/humble /usr/bin/cmake --build /home/asdfr-33/ASDfR---Assignment3_ros_ws/build/sequence_controller -- -j3 -l3
[55.770s] Invoking command in '/home/asdfr-33/ASDfR---Assignment3_ros_ws/build/sequence_controller': CMAKE_PREFIX_PATH=${CMAKE_PREFIX_PATH}:/opt/ros/humble /usr/bin/cmake --install /home/asdfr-33/ASDfR---Assignment3_ros_ws/build/sequence_controller
[55.794s] -- Install configuration: ""
[55.797s] -- Installing: /home/asdfr-33/ASDfR---Assignment3_ros_ws/install/sequence_controller/lib/sequence_controller/sequence_controller
[55.956s] -- Set runtime path of "/home/asdfr-33/ASDfR---Assignment3_ros_ws/install/sequence_controller/lib/sequence_controller/sequence_controller" to ""
[55.960s] -- Installing: /home/asdfr-33/ASDfR---Assignment3_ros_ws/install/sequence_controller/share/ament_index/resource_index/package_run_dependencies/sequence_controller
[55.969s] -- Installing: /home/asdfr-33/ASDfR---Assignment3_ros_ws/install/sequence_controller/share/ament_index/resource_index/parent_prefix_path/sequence_controller
[55.977s] -- Installing: /home/asdfr-33/ASDfR---Assignment3_ros_ws/install/sequence_controller/share/sequence_controller/environment/ament_prefix_path.sh
[55.978s] -- Installing: /home/asdfr-33/ASDfR---Assignment3_ros_ws/install/sequence_controller/share/sequence_controller/environment/ament_prefix_path.dsv
[55.980s] -- Installing: /home/asdfr-33/ASDfR---Assignment3_ros_ws/install/sequence_controller/share/sequence_controller/environment/path.sh
[56.001s] -- Installing: /home/asdfr-33/ASDfR---Assignment3_ros_ws/install/sequence_controller/share/sequence_controller/environment/path.dsv
[56.010s] -- Installing: /home/asdfr-33/ASDfR---Assignment3_ros_ws/install/sequence_controller/share/sequence_controller/local_setup.bash
[56.015s] -- Installing: /home/asdfr-33/ASDfR---Assignment3_ros_ws/install/sequence_controller/share/sequence_controller/local_setup.sh
[56.021s] -- Installing: /home/asdfr-33/ASDfR---Assignment3_ros_ws/install/sequence_controller/share/sequence_controller/local_setup.zsh
[56.027s] -- Installing: /home/asdfr-33/ASDfR---Assignment3_ros_ws/install/sequence_controller/share/sequence_controller/local_setup.dsv
[56.033s] -- Installing: /home/asdfr-33/ASDfR---Assignment3_ros_ws/install/sequence_controller/share/sequence_controller/package.dsv
[56.038s] -- Installing: /home/asdfr-33/ASDfR---Assignment3_ros_ws/install/sequence_controller/share/ament_index/resource_index/packages/sequence_controller
[56.043s] -- Installing: /home/asdfr-33/ASDfR---Assignment3_ros_ws/install/sequence_controller/share/sequence_controller/cmake/sequence_controllerConfig.cmake
[56.048s] -- Installing: /home/asdfr-33/ASDfR---Assignment3_ros_ws/install/sequence_controller/share/sequence_controller/cmake/sequence_controllerConfig-version.cmake
[56.054s] -- Installing: /home/asdfr-33/ASDfR---Assignment3_ros_ws/install/sequence_controller/share/sequence_controller/package.xml
[56.061s] -- Installing: /home/asdfr-33/ASDfR---Assignment3_ros_ws/install/sequence_controller/share/sequence_controller//launch
[56.065s] -- Installing: /home/asdfr-33/ASDfR---Assignment3_ros_ws/install/sequence_controller/share/sequence_controller//launch/sequence_controller.launch.py
[56.079s] -- Installing: /home/asdfr-33/ASDfR---Assignment3_ros_ws/install/sequence_controller/share/sequence_controller//launch/__pycache__
[56.081s] -- Installing: /home/asdfr-33/ASDfR---Assignment3_ros_ws/install/sequence_controller/share/sequence_controller//launch/__pycache__/sequence_controller.launch.cpython-312.pyc
[56.083s] Invoked command in '/home/asdfr-33/ASDfR---Assignment3_ros_ws/build/sequence_controller' returned '0': CMAKE_PREFIX_PATH=${CMAKE_PREFIX_PATH}:/opt/ros/humble /usr/bin/cmake --install /home/asdfr-33/ASDfR---Assignment3_ros_ws/build/sequence_controller
