[0.034s] Invoking command in '/home/ubuntu/Robotics/ros2_ws/build/assignment1_2': CMAKE_PREFIX_PATH=${CMAKE_PREFIX_PATH}:/opt/ros/jazzy /usr/bin/cmake --build /home/ubuntu/Robotics/ros2_ws/build/assignment1_2 -- -j12 -l12
[0.153s] [ 50%] [32mBuilding CXX object CMakeFiles/setpoint_generator.dir/src/setpoint_generator.cpp.o[0m
[2.759s] In file included from [01m[K/home/ubuntu/Robotics/ros2_ws/src/assignment1_2/src/setpoint_generator.cpp:1[m[K:
[2.759s] [01m[K/home/ubuntu/Robotics/ros2_ws/src/assignment1_2/include/setpoint_generator.hpp:45:75:[m[K [01;31m[Kerror: [m[Kexpected ‘[01m[K;[m[K’ at end of member declaration
[2.759s]    45 |         rclcpp::Subscription<geometry_msgs::msg::PointStamped>::SharedPtr [01;31m[Kcamera_position_subscriber_[m[K
[2.759s]       |                                                                           [01;31m[K^~~~~~~~~~~~~~~~~~~~~~~~~~~[m[K
[2.759s]       |                                                                                                      [32m[K;[m[K
[2.759s] [01m[K/home/ubuntu/Robotics/ros2_ws/src/assignment1_2/include/setpoint_generator.hpp:58:32:[m[K [01;31m[Kerror: [m[K‘[01m[Kgeometry_msgs::msg[m[K’ is not a type
[2.759s]    58 |         void set_CoG_reference([01;31m[Kgeometry_msgs[m[K::msg:Pose::SharedPtr msg);
[2.759s]       |                                [01;31m[K^~~~~~~~~~~~~[m[K
[2.759s] [01m[K/home/ubuntu/Robotics/ros2_ws/src/assignment1_2/include/setpoint_generator.hpp:58:50:[m[K [01;31m[Kerror: [m[Kexpected ‘[01m[K,[m[K’ or ‘[01m[K...[m[K’ before ‘[01m[K:[m[K’ token
[2.760s]    58 |         void set_CoG_reference(geometry_msgs::msg[01;31m[K:[m[KPose::SharedPtr msg);
[2.760s]       |                                                  [01;31m[K^[m[K
[2.782s] [01m[K/home/ubuntu/Robotics/ros2_ws/src/assignment1_2/src/setpoint_generator.cpp:[m[K In member function ‘[01m[Kvoid SetpointGenerator::[01;32m[Kinitialize_ros_parameters[m[K()[m[K’:
[2.783s] [01m[K/home/ubuntu/Robotics/ros2_ws/src/assignment1_2/src/setpoint_generator.cpp:54:56:[m[K [01;31m[Kerror: [m[Kcannot convert ‘[01m[Krclcpp::Parameter[m[K’ to ‘[01m[Kbool[m[K’ in assignment
[2.783s]    54 |     this->do_brightness_tracking_ = [01;31m[Kthis->get_parameter("do_brightness_tracking")[m[K;
[2.783s]       |                                     [01;31m[K~~~~~~~~~~~~~~~~~~~^~~~~~~~~~~~~~~~~~~~~~~~~~[m[K
[2.784s]       |                                                        [01;31m[K|[m[K
[2.784s]       |                                                        [01;31m[Krclcpp::Parameter[m[K
[2.784s] [01m[K/home/ubuntu/Robotics/ros2_ws/src/assignment1_2/src/setpoint_generator.cpp:55:51:[m[K [01;31m[Kerror: [m[Kcannot convert ‘[01m[Krclcpp::Parameter[m[K’ to ‘[01m[Kdouble[m[K’ in assignment
[2.784s]    55 |     this->proportional_gain_ = [01;31m[Kthis->get_parameter("proportional_gain")[m[K;
[2.784s]       |                                [01;31m[K~~~~~~~~~~~~~~~~~~~^~~~~~~~~~~~~~~~~~~~~[m[K
[2.784s]       |                                                   [01;31m[K|[m[K
[2.785s]       |                                                   [01;31m[Krclcpp::Parameter[m[K
[2.785s] [01m[K/home/ubuntu/Robotics/ros2_ws/src/assignment1_2/src/setpoint_generator.cpp:[m[K At global scope:
[2.785s] [01m[K/home/ubuntu/Robotics/ros2_ws/src/assignment1_2/src/setpoint_generator.cpp:58:6:[m[K [01;31m[Kerror: [m[K‘[01m[KSetPointGenerator[m[K’ has not been declared
[2.785s]    58 | void [01;31m[KSetPointGenerator[m[K::initialize_brightness_tracking() {
[2.785s]       |      [01;31m[K^~~~~~~~~~~~~~~~~[m[K
[2.785s] [01m[K/home/ubuntu/Robotics/ros2_ws/src/assignment1_2/src/setpoint_generator.cpp:[m[K In function ‘[01m[Kvoid[01;32m[K initialize_brightness_tracking[m[K()[m[K’:
[2.785s] [01m[K/home/ubuntu/Robotics/ros2_ws/src/assignment1_2/src/setpoint_generator.cpp:61:5:[m[K [01;31m[Kerror: [m[Kinvalid use of ‘[01m[Kthis[m[K’ in non-member function
[2.785s]    61 |     [01;31m[Kthis[m[K->camera_position_subscriber_ =
[2.785s]       |     [01;31m[K^~~~[m[K
[2.785s] [01m[K/home/ubuntu/Robotics/ros2_ws/src/assignment1_2/src/setpoint_generator.cpp:62:9:[m[K [01;31m[Kerror: [m[Kinvalid use of ‘[01m[Kthis[m[K’ in non-member function
[2.785s]    62 |         [01;31m[Kthis[m[K->create_subscription<geometry_msgs::msg::PoseStamped>(
[2.785s]       |         [01;31m[K^~~~[m[K
[2.786s] [01m[K/home/ubuntu/Robotics/ros2_ws/src/assignment1_2/src/setpoint_generator.cpp:62:66:[m[K [01;31m[Kerror: [m[Kexpected primary-expression before ‘[01m[K>[m[K’ token
[2.786s]    62 |         this->create_subscription<geometry_msgs::msg::PoseStamped[01;31m[K>[m[K(
[2.786s]       |                                                                  [01;31m[K^[m[K
[2.786s] [01m[K/home/ubuntu/Robotics/ros2_ws/src/assignment1_2/src/setpoint_generator.cpp:63:13:[m[K [01;35m[Kwarning: [m[Kleft operand of comma operator has no effect [[01;35m[K]8;;https://gcc.gnu.org/onlinedocs/gcc/Warning-Options.html#index-Wunused-value-Wunused-value]8;;[m[K]
[2.786s]    63 |             [01;35m[K"/output/camera_position"[m[K,
[2.786s]       |             [01;35m[K^~~~~~~~~~~~~~~~~~~~~~~~~[m[K
[2.786s] [01m[K/home/ubuntu/Robotics/ros2_ws/src/assignment1_2/src/setpoint_generator.cpp:65:43:[m[K [01;31m[Kerror: [m[K‘[01m[Kvoid SetpointGenerator::[01;32m[Kset_looking_at[m[K(geometry_msgs::msg::PoseStamped_<std::allocator<void> >::SharedPtr)[m[K’ is private within this context
[2.786s]    65 |             std::bind(&SetpointGenerator::[01;31m[Kset_looking_at[m[K, this, _1)
[2.786s]       |                                           [01;31m[K^~~~~~~~~~~~~~[m[K
[2.786s] [01m[K/home/ubuntu/Robotics/ros2_ws/src/assignment1_2/include/setpoint_generator.hpp:57:14:[m[K [01;36m[Knote: [m[Kdeclared private here
[2.787s]    57 |         void [01;36m[Kset_looking_at[m[K(geometry_msgs::msg::PoseStamped::SharedPtr msg);
[2.787s]       |              [01;36m[K^~~~~~~~~~~~~~[m[K
[2.787s] [01m[K/home/ubuntu/Robotics/ros2_ws/src/assignment1_2/src/setpoint_generator.cpp:65:59:[m[K [01;31m[Kerror: [m[Kinvalid use of ‘[01m[Kthis[m[K’ in non-member function
[2.788s]    65 |             std::bind(&SetpointGenerator::set_looking_at, [01;31m[Kthis[m[K, _1)
[2.788s]       |                                                           [01;31m[K^~~~[m[K
[2.788s] [01m[K/home/ubuntu/Robotics/ros2_ws/src/assignment1_2/src/setpoint_generator.cpp:69:5:[m[K [01;31m[Kerror: [m[Kinvalid use of ‘[01m[Kthis[m[K’ in non-member function
[2.788s]    69 |     [01;31m[Kthis[m[K->CoG_subscriber_ =
[2.788s]       |     [01;31m[K^~~~[m[K
[2.788s] [01m[K/home/ubuntu/Robotics/ros2_ws/src/assignment1_2/src/setpoint_generator.cpp:70:9:[m[K [01;31m[Kerror: [m[Kinvalid use of ‘[01m[Kthis[m[K’ in non-member function
[2.788s]    70 |         [01;31m[Kthis[m[K->create_subscription<geometry_msgs::msg::Pose>(
[2.788s]       |         [01;31m[K^~~~[m[K
[2.788s] [01m[K/home/ubuntu/Robotics/ros2_ws/src/assignment1_2/src/setpoint_generator.cpp:70:59:[m[K [01;31m[Kerror: [m[Kexpected primary-expression before ‘[01m[K>[m[K’ token
[2.788s]    70 |         this->create_subscription<geometry_msgs::msg::Pose[01;31m[K>[m[K(
[2.788s]       |                                                           [01;31m[K^[m[K
[2.788s] [01m[K/home/ubuntu/Robotics/ros2_ws/src/assignment1_2/src/setpoint_generator.cpp:71:13:[m[K [01;35m[Kwarning: [m[Kleft operand of comma operator has no effect [[01;35m[K]8;;https://gcc.gnu.org/onlinedocs/gcc/Warning-Options.html#index-Wunused-value-Wunused-value]8;;[m[K]
[2.788s]    71 |             [01;35m[K"CoG"[m[K,
[2.789s]       |             [01;35m[K^~~~~[m[K
[2.789s] [01m[K/home/ubuntu/Robotics/ros2_ws/src/assignment1_2/src/setpoint_generator.cpp:73:43:[m[K [01;31m[Kerror: [m[K‘[01m[Kvoid SetpointGenerator::[01;32m[Kset_CoG_reference[m[K(int)[m[K’ is private within this context
[2.789s]    73 |             std::bind(&SetpointGenerator::[01;31m[Kset_CoG_reference[m[K, this, _1)
[2.789s]       |                                           [01;31m[K^~~~~~~~~~~~~~~~~[m[K
[2.789s] [01m[K/home/ubuntu/Robotics/ros2_ws/src/assignment1_2/include/setpoint_generator.hpp:58:14:[m[K [01;36m[Knote: [m[Kdeclared private here
[2.789s]    58 |         void [01;36m[Kset_CoG_reference[m[K(geometry_msgs::msg:Pose::SharedPtr msg);
[2.789s]       |              [01;36m[K^~~~~~~~~~~~~~~~~[m[K
[2.789s] [01m[K/home/ubuntu/Robotics/ros2_ws/src/assignment1_2/src/setpoint_generator.cpp:73:62:[m[K [01;31m[Kerror: [m[Kinvalid use of ‘[01m[Kthis[m[K’ in non-member function
[2.789s]    73 |             std::bind(&SetpointGenerator::set_CoG_reference, [01;31m[Kthis[m[K, _1)
[2.789s]       |                                                              [01;31m[K^~~~[m[K
[2.789s] [01m[K/home/ubuntu/Robotics/ros2_ws/src/assignment1_2/src/setpoint_generator.cpp:77:5:[m[K [01;31m[Kerror: [m[Kinvalid use of ‘[01m[Kthis[m[K’ in non-member function
[2.789s]    77 |     [01;31m[Kthis[m[K->brightness_tracking_publisher_ =
[2.789s]       |     [01;31m[K^~~~[m[K
[2.789s] [01m[K/home/ubuntu/Robotics/ros2_ws/src/assignment1_2/src/setpoint_generator.cpp:78:9:[m[K [01;31m[Kerror: [m[Kinvalid use of ‘[01m[Kthis[m[K’ in non-member function
[2.790s]    78 |         [01;31m[Kthis[m[K->create_publisher = this->create_wall_timer(
[2.790s]       |         [01;31m[K^~~~[m[K
[2.790s] [01m[K/home/ubuntu/Robotics/ros2_ws/src/assignment1_2/src/setpoint_generator.cpp:78:34:[m[K [01;31m[Kerror: [m[Kinvalid use of ‘[01m[Kthis[m[K’ in non-member function
[2.790s]    78 |         this->create_publisher = [01;31m[Kthis[m[K->create_wall_timer(
[2.790s]       |                                  [01;31m[K^~~~[m[K
[2.790s] [01m[K/home/ubuntu/Robotics/ros2_ws/src/assignment1_2/src/setpoint_generator.cpp:79:43:[m[K [01;31m[Kerror: [m[Kinvalid use of ‘[01m[Kthis[m[K’ in non-member function
[2.790s]    79 |             std::chrono::duration<double>([01;31m[Kthis[m[K->publish_rate_),
[2.790s]       |                                           [01;31m[K^~~~[m[K
[2.790s] [01m[K/home/ubuntu/Robotics/ros2_ws/src/assignment1_2/src/setpoint_generator.cpp:80:43:[m[K [01;31m[Kerror: [m[K‘[01m[Kvoid SetpointGenerator::[01;32m[Kbrightness_tracking_callback[m[K()[m[K’ is private within this context
[2.790s]    80 |             std::bind(&SetpointGenerator::[01;31m[Kbrightness_tracking_callback[m[K, this)
[2.790s]       |                                           [01;31m[K^~~~~~~~~~~~~~~~~~~~~~~~~~~~[m[K
[2.790s] [01m[K/home/ubuntu/Robotics/ros2_ws/src/assignment1_2/include/setpoint_generator.hpp:59:14:[m[K [01;36m[Knote: [m[Kdeclared private here
[2.791s]    59 |         void [01;36m[Kbrightness_tracking_callback[m[K();
[2.791s]       |              [01;36m[K^~~~~~~~~~~~~~~~~~~~~~~~~~~~[m[K
[2.791s] [01m[K/home/ubuntu/Robotics/ros2_ws/src/assignment1_2/src/setpoint_generator.cpp:80:73:[m[K [01;31m[Kerror: [m[Kinvalid use of ‘[01m[Kthis[m[K’ in non-member function
[2.791s]    80 |             std::bind(&SetpointGenerator::brightness_tracking_callback, [01;31m[Kthis[m[K)
[2.791s]       |                                                                         [01;31m[K^~~~[m[K
[2.791s] [01m[K/home/ubuntu/Robotics/ros2_ws/src/assignment1_2/src/setpoint_generator.cpp:[m[K At global scope:
[2.791s] [01m[K/home/ubuntu/Robotics/ros2_ws/src/assignment1_2/src/setpoint_generator.cpp:122:6:[m[K [01;31m[Kerror: [m[K‘[01m[KSetPointGenerator[m[K’ has not been declared
[2.791s]   122 | void [01;31m[KSetPointGenerator[m[K::set_CoG_reference(geometry_msgs::msg::Pose msg) {
[2.791s]       |      [01;31m[K^~~~~~~~~~~~~~~~~[m[K
[2.791s] [01m[K/home/ubuntu/Robotics/ros2_ws/src/assignment1_2/src/setpoint_generator.cpp:[m[K In function ‘[01m[Kvoid[01;32m[K set_CoG_reference[m[K(geometry_msgs::msg::Pose)[m[K’:
[2.791s] [01m[K/home/ubuntu/Robotics/ros2_ws/src/assignment1_2/src/setpoint_generator.cpp:123:5:[m[K [01;31m[Kerror: [m[Kinvalid use of ‘[01m[Kthis[m[K’ in non-member function
[2.791s]   123 |     [01;31m[Kthis[m[K->x_camera_reference_ = msg->position.x;
[2.792s]       |     [01;31m[K^~~~[m[K
[2.792s] [01m[K/home/ubuntu/Robotics/ros2_ws/src/assignment1_2/src/setpoint_generator.cpp:123:36:[m[K [01;31m[Kerror: [m[Kbase operand of ‘[01m[K->[m[K’ has non-pointer type ‘[01m[Kgeometry_msgs::msg::Pose[m[K’ {aka ‘[01m[Kgeometry_msgs::msg::Pose_<std::allocator<void> >[m[K’}
[2.792s]   123 |     this->x_camera_reference_ = msg[01;31m[K->[m[Kposition.x;
[2.792s]       |                                    [01;31m[K^~[m[K
[2.792s] [01m[K/home/ubuntu/Robotics/ros2_ws/src/assignment1_2/src/setpoint_generator.cpp:[m[K At global scope:
[2.792s] [01m[K/home/ubuntu/Robotics/ros2_ws/src/assignment1_2/src/setpoint_generator.cpp:126:6:[m[K [01;31m[Kerror: [m[K‘[01m[KSetPointGenerator[m[K’ has not been declared
[2.792s]   126 | void [01;31m[KSetPointGenerator[m[K::set_looking_at(geometry_msgs::msg::PointStamped msg) {
[2.792s]       |      [01;31m[K^~~~~~~~~~~~~~~~~[m[K
[2.792s] [01m[K/home/ubuntu/Robotics/ros2_ws/src/assignment1_2/src/setpoint_generator.cpp:[m[K In function ‘[01m[Kvoid[01;32m[K set_looking_at[m[K(geometry_msgs::msg::PointStamped)[m[K’:
[2.792s] [01m[K/home/ubuntu/Robotics/ros2_ws/src/assignment1_2/src/setpoint_generator.cpp:127:5:[m[K [01;31m[Kerror: [m[Kinvalid use of ‘[01m[Kthis[m[K’ in non-member function
[2.793s]   127 |     [01;31m[Kthis[m[K->x_camera_current_ = msg->point.x;
[2.793s]       |     [01;31m[K^~~~[m[K
[2.793s] [01m[K/home/ubuntu/Robotics/ros2_ws/src/assignment1_2/src/setpoint_generator.cpp:127:34:[m[K [01;31m[Kerror: [m[Kbase operand of ‘[01m[K->[m[K’ has non-pointer type ‘[01m[Kgeometry_msgs::msg::PointStamped[m[K’ {aka ‘[01m[Kgeometry_msgs::msg::PointStamped_<std::allocator<void> >[m[K’}
[2.793s]   127 |     this->x_camera_current_ = msg[01;31m[K->[m[Kpoint.x;
[2.793s]       |                                  [01;31m[K^~[m[K
[2.793s] [01m[K/home/ubuntu/Robotics/ros2_ws/src/assignment1_2/src/setpoint_generator.cpp:[m[K At global scope:
[2.793s] [01m[K/home/ubuntu/Robotics/ros2_ws/src/assignment1_2/src/setpoint_generator.cpp:130:6:[m[K [01;31m[Kerror: [m[K‘[01m[KSetPointGenerator[m[K’ has not been declared
[2.793s]   130 | void [01;31m[KSetPointGenerator[m[K::brightness_tracking_callback() {
[2.793s]       |      [01;31m[K^~~~~~~~~~~~~~~~~[m[K
[2.793s] [01m[K/home/ubuntu/Robotics/ros2_ws/src/assignment1_2/src/setpoint_generator.cpp:[m[K In function ‘[01m[Kvoid[01;32m[K brightness_tracking_callback[m[K()[m[K’:
[2.793s] [01m[K/home/ubuntu/Robotics/ros2_ws/src/assignment1_2/src/setpoint_generator.cpp:132:16:[m[K [01;31m[Kerror: [m[Kinvalid use of ‘[01m[Kthis[m[K’ in non-member function
[2.793s]   132 |     double e = [01;31m[Kthis[m[K->x_camera_reference_ - this->x_camera_current_;
[2.793s]       |                [01;31m[K^~~~[m[K
[2.794s] [01m[K/home/ubuntu/Robotics/ros2_ws/src/assignment1_2/src/setpoint_generator.cpp:132:44:[m[K [01;31m[Kerror: [m[Kinvalid use of ‘[01m[Kthis[m[K’ in non-member function
[2.794s]   132 |     double e = this->x_camera_reference_ - [01;31m[Kthis[m[K->x_camera_current_;
[2.794s]       |                                            [01;31m[K^~~~[m[K
[2.794s] [01m[K/home/ubuntu/Robotics/ros2_ws/src/assignment1_2/src/setpoint_generator.cpp:133:29:[m[K [01;31m[Kerror: [m[Kinvalid use of ‘[01m[Kthis[m[K’ in non-member function
[2.794s]   133 |     double control_output = [01;31m[Kthis[m[K->proportional_gain_*e;
[2.794s]       |                             [01;31m[K^~~~[m[K
[2.794s] [01m[K/home/ubuntu/Robotics/ros2_ws/src/assignment1_2/src/setpoint_generator.cpp:144:5:[m[K [01;31m[Kerror: [m[Kinvalid use of ‘[01m[Kthis[m[K’ in non-member function
[2.794s]   144 |     [01;31m[Kthis[m[K->right_wheel_publisher_->publish(right_message);
[2.794s]       |     [01;31m[K^~~~[m[K
[2.794s] [01m[K/home/ubuntu/Robotics/ros2_ws/src/assignment1_2/src/setpoint_generator.cpp:145:5:[m[K [01;31m[Kerror: [m[Kinvalid use of ‘[01m[Kthis[m[K’ in non-member function
[2.794s]   145 |     [01;31m[Kthis[m[K->left_wheel_publisher_->publish(left_message);
[2.794s]       |     [01;31m[K^~~~[m[K
[5.275s] gmake[2]: *** [CMakeFiles/setpoint_generator.dir/build.make:76: CMakeFiles/setpoint_generator.dir/src/setpoint_generator.cpp.o] Error 1
[5.276s] gmake[1]: *** [CMakeFiles/Makefile2:137: CMakeFiles/setpoint_generator.dir/all] Error 2
[5.276s] gmake: *** [Makefile:146: all] Error 2
[5.280s] Invoked command in '/home/ubuntu/Robotics/ros2_ws/build/assignment1_2' returned '2': CMAKE_PREFIX_PATH=${CMAKE_PREFIX_PATH}:/opt/ros/jazzy /usr/bin/cmake --build /home/ubuntu/Robotics/ros2_ws/build/assignment1_2 -- -j12 -l12
