[0.119s] Invoking command in '/home/asdfr-33/ASDfR---Assignment3_ros_ws/build/assignment1_2': CMAKE_PREFIX_PATH=${CMAKE_PREFIX_PATH}:/opt/ros/humble /usr/bin/cmake /home/asdfr-33/ASDfR---Assignment3_ros_ws/src/assignment1_2 -DCMAKE_INSTALL_PREFIX=/home/asdfr-33/ASDfR---Assignment3_ros_ws/install/assignment1_2
[1.014s] -- The C compiler identification is GNU 11.4.0
[1.882s] -- The CXX compiler identification is GNU 11.4.0
[1.918s] -- Detecting C compiler ABI info
[2.285s] -- Detecting C compiler ABI info - done
[2.332s] -- Check for working C compiler: /usr/bin/cc - skipped
[2.334s] -- Detecting C compile features
[2.337s] -- Detecting C compile features - done
[2.348s] -- Detecting CXX compiler ABI info
[2.728s] -- Detecting CXX compiler ABI info - done
[2.766s] -- Check for working CXX compiler: /usr/bin/c++ - skipped
[2.768s] -- Detecting CXX compile features
[2.769s] -- Detecting CXX compile features - done
[2.790s] -- Found ament_cmake: 1.3.11 (/opt/ros/humble/share/ament_cmake/cmake)
[3.691s] -- Found Python3: /usr/bin/python3 (found version "3.10.12") found components: Interpreter 
[4.220s] -- Found rclcpp: 16.0.11 (/opt/ros/humble/share/rclcpp/cmake)
[4.380s] -- Found rosidl_generator_c: 3.1.6 (/opt/ros/humble/share/rosidl_generator_c/cmake)
[4.397s] -- Found rosidl_adapter: 3.1.6 (/opt/ros/humble/share/rosidl_adapter/cmake)
[4.428s] -- Found rosidl_generator_cpp: 3.1.6 (/opt/ros/humble/share/rosidl_generator_cpp/cmake)
[4.482s] -- Using all available rosidl_typesupport_c: rosidl_typesupport_fastrtps_c;rosidl_typesupport_introspection_c
[4.540s] -- Using all available rosidl_typesupport_cpp: rosidl_typesupport_fastrtps_cpp;rosidl_typesupport_introspection_cpp
[4.740s] -- Found rmw_implementation_cmake: 6.1.2 (/opt/ros/humble/share/rmw_implementation_cmake/cmake)
[4.753s] -- Found rmw_fastrtps_cpp: 6.2.7 (/opt/ros/humble/share/rmw_fastrtps_cpp/cmake)
[5.099s] -- Found OpenSSL: /usr/lib/aarch64-linux-gnu/libcrypto.so (found version "3.0.2")  
[5.181s] -- Found FastRTPS: /opt/ros/humble/include  
[5.313s] -- Using RMW implementation 'rmw_fastrtps_cpp' as default
[5.347s] -- Looking for pthread.h
[5.720s] -- Looking for pthread.h - found
[5.721s] -- Performing Test CMAKE_HAVE_LIBC_PTHREAD
[6.144s] -- Performing Test CMAKE_HAVE_LIBC_PTHREAD - Success
[6.148s] -- Found Threads: TRUE  
[6.396s] -- Found example_interfaces: 0.9.3 (/opt/ros/humble/share/example_interfaces/cmake)
[6.625s] -- Found geometry_msgs: 4.2.4 (/opt/ros/humble/share/geometry_msgs/cmake)
[6.691s] -- Found ament_lint_auto: 0.12.11 (/opt/ros/humble/share/ament_lint_auto/cmake)
[7.129s] -- Added test 'cppcheck' to perform static code analysis on C / C++ code
[7.130s] -- Configured cppcheck include dirs: $<BUILD_INTERFACE:/home/asdfr-33/ASDfR---Assignment3_ros_ws/src/assignment1_2/include>
[7.132s] -- Configured cppcheck exclude dirs and/or files: 
[7.137s] -- Added test 'lint_cmake' to check CMake code style
[7.144s] -- Added test 'uncrustify' to check C / C++ code style
[7.146s] -- Configured uncrustify additional arguments: 
[7.149s] -- Added test 'xmllint' to check XML markup files
[7.167s] -- Configuring done
[7.269s] -- Generating done
[7.295s] -- Build files have been written to: /home/asdfr-33/ASDfR---Assignment3_ros_ws/build/assignment1_2
[7.343s] Invoked command in '/home/asdfr-33/ASDfR---Assignment3_ros_ws/build/assignment1_2' returned '0': CMAKE_PREFIX_PATH=${CMAKE_PREFIX_PATH}:/opt/ros/humble /usr/bin/cmake /home/asdfr-33/ASDfR---Assignment3_ros_ws/src/assignment1_2 -DCMAKE_INSTALL_PREFIX=/home/asdfr-33/ASDfR---Assignment3_ros_ws/install/assignment1_2
[7.354s] Invoking command in '/home/asdfr-33/ASDfR---Assignment3_ros_ws/build/assignment1_2': CMAKE_PREFIX_PATH=${CMAKE_PREFIX_PATH}:/opt/ros/humble /usr/bin/cmake --build /home/asdfr-33/ASDfR---Assignment3_ros_ws/build/assignment1_2 -- -j3 -l3
[7.603s] [ 50%] [32mBuilding CXX object CMakeFiles/setpoint_generator.dir/src/setpoint_generator.cpp.o[0m
[110.966s] [100%] [32m[1mLinking CXX executable setpoint_generator[0m
[115.569s] [100%] Built target setpoint_generator
