[0.147s] Invoking command in '/home/ubuntu/Robotics/ros2_ws/build/cpp_pubsub': CMAKE_PREFIX_PATH=${CMAKE_PREFIX_PATH}:/opt/ros/jazzy /usr/bin/cmake /home/ubuntu/Robotics/ros2_ws/src/cpp_pubsub -DCMAKE_INSTALL_PREFIX=/home/ubuntu/Robotics/ros2_ws/install/cpp_pubsub
[3.393s] -- The C compiler identification is GNU 13.3.0
[4.829s] -- The CXX compiler identification is GNU 13.3.0
[5.845s] -- Detecting C compiler ABI info
[6.338s] -- Detecting C compiler ABI info - done
[6.350s] -- Check for working C compiler: /usr/bin/cc - skipped
[6.351s] -- Detecting C compile features
[6.352s] -- Detecting C compile features - done
[6.493s] -- Detecting CXX compiler ABI info
[6.990s] -- Detecting CXX compiler ABI info - done
[7.008s] -- Check for working CXX compiler: /usr/bin/c++ - skipped
[7.009s] -- Detecting CXX compile features
[7.010s] -- Detecting CXX compile features - done
[7.157s] -- Found ament_cmake: 2.5.5 (/opt/ros/jazzy/share/ament_cmake/cmake)
[7.424s] -- Found Python3: /usr/bin/python3 (found version "3.12.3") found components: Interpreter 
[7.720s] -- Found ament_lint_auto: 0.17.4 (/opt/ros/jazzy/share/ament_lint_auto/cmake)
[7.978s] -- Added test 'cppcheck' to perform static code analysis on C / C++ code
[7.978s] -- Configured cppcheck include dirs: 
[7.978s] -- Configured cppcheck exclude dirs and/or files: 
[7.982s] -- Added test 'lint_cmake' to check CMake code style
[7.987s] -- Added test 'uncrustify' to check C / C++ code style
[7.987s] -- Configured uncrustify additional arguments: 
[7.989s] -- Added test 'xmllint' to check XML markup files
[7.994s] -- Configuring done (7.3s)
[8.002s] -- Generating done (0.0s)
[8.007s] -- Build files have been written to: /home/ubuntu/Robotics/ros2_ws/build/cpp_pubsub
[8.016s] Invoked command in '/home/ubuntu/Robotics/ros2_ws/build/cpp_pubsub' returned '0': CMAKE_PREFIX_PATH=${CMAKE_PREFIX_PATH}:/opt/ros/jazzy /usr/bin/cmake /home/ubuntu/Robotics/ros2_ws/src/cpp_pubsub -DCMAKE_INSTALL_PREFIX=/home/ubuntu/Robotics/ros2_ws/install/cpp_pubsub
[8.018s] Invoking command in '/home/ubuntu/Robotics/ros2_ws/build/cpp_pubsub': CMAKE_PREFIX_PATH=${CMAKE_PREFIX_PATH}:/opt/ros/jazzy /usr/bin/cmake --build /home/ubuntu/Robotics/ros2_ws/build/cpp_pubsub -- -j12 -l12
[8.084s] Invoked command in '/home/ubuntu/Robotics/ros2_ws/build/cpp_pubsub' returned '0': CMAKE_PREFIX_PATH=${CMAKE_PREFIX_PATH}:/opt/ros/jazzy /usr/bin/cmake --build /home/ubuntu/Robotics/ros2_ws/build/cpp_pubsub -- -j12 -l12
[8.099s] Invoking command in '/home/ubuntu/Robotics/ros2_ws/build/cpp_pubsub': CMAKE_PREFIX_PATH=${CMAKE_PREFIX_PATH}:/opt/ros/jazzy /usr/bin/cmake --install /home/ubuntu/Robotics/ros2_ws/build/cpp_pubsub
[8.113s] -- Install configuration: ""
[8.116s] -- Installing: /home/ubuntu/Robotics/ros2_ws/install/cpp_pubsub/share/ament_index/resource_index/package_run_dependencies/cpp_pubsub
[8.117s] -- Installing: /home/ubuntu/Robotics/ros2_ws/install/cpp_pubsub/share/ament_index/resource_index/parent_prefix_path/cpp_pubsub
[8.118s] -- Installing: /home/ubuntu/Robotics/ros2_ws/install/cpp_pubsub/share/cpp_pubsub/environment/ament_prefix_path.sh
[8.118s] -- Installing: /home/ubuntu/Robotics/ros2_ws/install/cpp_pubsub/share/cpp_pubsub/environment/ament_prefix_path.dsv
[8.119s] -- Installing: /home/ubuntu/Robotics/ros2_ws/install/cpp_pubsub/share/cpp_pubsub/environment/path.sh
[8.119s] -- Installing: /home/ubuntu/Robotics/ros2_ws/install/cpp_pubsub/share/cpp_pubsub/environment/path.dsv
[8.119s] -- Installing: /home/ubuntu/Robotics/ros2_ws/install/cpp_pubsub/share/cpp_pubsub/local_setup.bash
[8.120s] -- Installing: /home/ubuntu/Robotics/ros2_ws/install/cpp_pubsub/share/cpp_pubsub/local_setup.sh
[8.120s] -- Installing: /home/ubuntu/Robotics/ros2_ws/install/cpp_pubsub/share/cpp_pubsub/local_setup.zsh
[8.120s] -- Installing: /home/ubuntu/Robotics/ros2_ws/install/cpp_pubsub/share/cpp_pubsub/local_setup.dsv
[8.121s] -- Installing: /home/ubuntu/Robotics/ros2_ws/install/cpp_pubsub/share/cpp_pubsub/package.dsv
[8.121s] -- Installing: /home/ubuntu/Robotics/ros2_ws/install/cpp_pubsub/share/ament_index/resource_index/packages/cpp_pubsub
[8.122s] -- Installing: /home/ubuntu/Robotics/ros2_ws/install/cpp_pubsub/share/cpp_pubsub/cmake/cpp_pubsubConfig.cmake
[8.123s] -- Installing: /home/ubuntu/Robotics/ros2_ws/install/cpp_pubsub/share/cpp_pubsub/cmake/cpp_pubsubConfig-version.cmake
[8.123s] -- Installing: /home/ubuntu/Robotics/ros2_ws/install/cpp_pubsub/share/cpp_pubsub/package.xml
[8.126s] Invoked command in '/home/ubuntu/Robotics/ros2_ws/build/cpp_pubsub' returned '0': CMAKE_PREFIX_PATH=${CMAKE_PREFIX_PATH}:/opt/ros/jazzy /usr/bin/cmake --install /home/ubuntu/Robotics/ros2_ws/build/cpp_pubsub
