[0.307s] Invoking command in '/home/ubuntu/Robotics/ros2_ws/build/sequence_controller': CMAKE_PREFIX_PATH=${CMAKE_PREFIX_PATH}:/opt/ros/jazzy /usr/bin/cmake /home/ubuntu/Robotics/ros2_ws/src/sequence_controller -DCMAKE_INSTALL_PREFIX=/home/ubuntu/Robotics/ros2_ws/install/sequence_controller
[3.721s] -- Found ament_cmake: 2.5.5 (/opt/ros/jazzy/share/ament_cmake/cmake)
[3.721s] -- Found Python3: /usr/bin/python3 (found version "3.12.3") found components: Interpreter 
[3.722s] -- Found rclcpp: 28.1.16 (/opt/ros/jazzy/share/rclcpp/cmake)
[4.020s] -- Found rosidl_generator_c: 4.6.7 (/opt/ros/jazzy/share/rosidl_generator_c/cmake)
[4.062s] -- Found rosidl_generator_cpp: 4.6.7 (/opt/ros/jazzy/share/rosidl_generator_cpp/cmake)
[4.174s] -- Using all available rosidl_typesupport_c: rosidl_typesupport_fastrtps_c;rosidl_typesupport_introspection_c
[4.199s] -- Using all available rosidl_typesupport_cpp: rosidl_typesupport_fastrtps_cpp;rosidl_typesupport_introspection_cpp
[4.610s] -- Found rmw_implementation_cmake: 7.3.3 (/opt/ros/jazzy/share/rmw_implementation_cmake/cmake)
[4.628s] -- Found rmw_fastrtps_cpp: 8.4.3 (/opt/ros/jazzy/share/rmw_fastrtps_cpp/cmake)
[5.092s] -- Found OpenSSL: /usr/lib/x86_64-linux-gnu/libcrypto.so (found version "3.0.13")  
[5.388s] -- Found FastRTPS: /opt/ros/jazzy/include (Required is at least version "2.13") 
[5.558s] -- Using RMW implementation 'rmw_fastrtps_cpp' as default
[5.996s] -- Found geometry_msgs: 5.3.6 (/opt/ros/jazzy/share/geometry_msgs/cmake)
[6.063s] -- Found ament_lint_auto: 0.17.4 (/opt/ros/jazzy/share/ament_lint_auto/cmake)
[6.261s] -- Added test 'cppcheck' to perform static code analysis on C / C++ code
[6.261s] -- Configured cppcheck include dirs: 
[6.261s] -- Configured cppcheck exclude dirs and/or files: 
[6.263s] -- Added test 'flake8' to check Python code syntax and style conventions
[6.263s] -- Configured 'flake8' exclude dirs and/or files: 
[6.266s] -- Added test 'lint_cmake' to check CMake code style
[6.268s] -- Added test 'pep257' to check Python code against some of the docstring style conventions in PEP 257
[6.271s] -- Added test 'uncrustify' to check C / C++ code style
[6.271s] -- Configured uncrustify additional arguments: 
[6.274s] -- Added test 'xmllint' to check XML markup files
[6.278s] -- Configuring done (4.8s)
[6.323s] -- Generating done (0.0s)
[6.329s] -- Build files have been written to: /home/ubuntu/Robotics/ros2_ws/build/sequence_controller
[6.344s] Invoked command in '/home/ubuntu/Robotics/ros2_ws/build/sequence_controller' returned '0': CMAKE_PREFIX_PATH=${CMAKE_PREFIX_PATH}:/opt/ros/jazzy /usr/bin/cmake /home/ubuntu/Robotics/ros2_ws/src/sequence_controller -DCMAKE_INSTALL_PREFIX=/home/ubuntu/Robotics/ros2_ws/install/sequence_controller
[6.346s] Invoking command in '/home/ubuntu/Robotics/ros2_ws/build/sequence_controller': CMAKE_PREFIX_PATH=${CMAKE_PREFIX_PATH}:/opt/ros/jazzy /usr/bin/cmake --build /home/ubuntu/Robotics/ros2_ws/build/sequence_controller -- -j12 -l12
[6.458s] [ 50%] [32mBuilding CXX object CMakeFiles/sequence_controller.dir/src/sequence_controller.cpp.o[0m
[30.825s] [100%] [32m[1mLinking CXX executable sequence_controller[0m
[32.295s] [100%] Built target sequence_controller
