[0.036s] Invoking command in '/home/ubuntu/Robotics/ros2_ws/build/assignment1_2': /usr/bin/cmake /home/ubuntu/Robotics/ros2_ws/src/assignment1_2 -DCMAKE_INSTALL_PREFIX=/home/ubuntu/Robotics/ros2_ws/install/assignment1_2
[1.226s] -- The C compiler identification is GNU 13.3.0
[3.206s] -- The CXX compiler identification is GNU 13.3.0
[4.650s] -- Detecting C compiler ABI info
[5.125s] -- Detecting C compiler ABI info - done
[5.146s] -- Check for working C compiler: /usr/bin/cc - skipped
[5.146s] -- Detecting C compile features
[5.147s] -- Detecting C compile features - done
[5.295s] -- Detecting CXX compiler ABI info
[5.858s] -- Detecting CXX compiler ABI info - done
[5.870s] -- Check for working CXX compiler: /usr/bin/c++ - skipped
[5.871s] -- Detecting CXX compile features
[5.871s] -- Detecting CXX compile features - done
[7.517s] [31mCMake Error at CMakeLists.txt:10 (find_package):
[7.518s]   By not providing "Findament_cmake.cmake" in CMAKE_MODULE_PATH this project
[7.518s]   has asked CMake to find a package configuration file provided by
[7.518s]   "ament_cmake", but CMake did not find one.
[7.518s] 
[7.519s]   Could not find a package configuration file provided by "ament_cmake" with
[7.519s]   any of the following names:
[7.519s] 
[7.519s]     ament_cmakeConfig.cmake
[7.519s]     ament_cmake-config.cmake
[7.520s] 
[7.520s]   Add the installation prefix of "ament_cmake" to CMAKE_PREFIX_PATH or set
[7.520s]   "ament_cmake_DIR" to a directory containing one of the above files.  If
[7.521s]   "ament_cmake" provides a separate development package or SDK, be sure it
[7.521s]   has been installed.
[7.522s] 
[7.523s] [0m
[7.523s] -- Configuring incomplete, errors occurred!
[7.539s] Invoked command in '/home/ubuntu/Robotics/ros2_ws/build/assignment1_2' returned '1': /usr/bin/cmake /home/ubuntu/Robotics/ros2_ws/src/assignment1_2 -DCMAKE_INSTALL_PREFIX=/home/ubuntu/Robotics/ros2_ws/install/assignment1_2
