[0.051s] Invoking command in '/home/ubuntu/Robotics/ros2_ws/build/object_tracker': CMAKE_PREFIX_PATH=${CMAKE_PREFIX_PATH}:/opt/ros/jazzy /usr/bin/cmake --build /home/ubuntu/Robotics/ros2_ws/build/object_tracker -- -j12 -l12
[0.194s] [ 50%] [32mBuilding CXX object CMakeFiles/object_tracker.dir/src/object_tracker.cpp.o[0m
[10.489s] [100%] [32m[1mLinking CXX executable object_tracker[0m
[11.198s] [100%] Built target object_tracker
[11.210s] Invoked command in '/home/ubuntu/Robotics/ros2_ws/build/object_tracker' returned '0': CMAKE_PREFIX_PATH=${CMAKE_PREFIX_PATH}:/opt/ros/jazzy /usr/bin/cmake --build /home/ubuntu/Robotics/ros2_ws/build/object_tracker -- -j12 -l12
[11.211s] Invoking command in '/home/ubuntu/Robotics/ros2_ws/build/object_tracker': CMAKE_PREFIX_PATH=${CMAKE_PREFIX_PATH}:/opt/ros/jazzy /usr/bin/cmake --install /home/ubuntu/Robotics/ros2_ws/build/object_tracker
[11.221s] -- Install configuration: ""
[11.221s] -- Installing: /home/ubuntu/Robotics/ros2_ws/install/object_tracker/lib/object_tracker/object_tracker
[11.229s] -- Set non-toolchain portion of runtime path of "/home/ubuntu/Robotics/ros2_ws/install/object_tracker/lib/object_tracker/object_tracker" to ""
[11.229s] -- Up-to-date: /home/ubuntu/Robotics/ros2_ws/install/object_tracker/include/
[11.229s] -- Up-to-date: /home/ubuntu/Robotics/ros2_ws/install/object_tracker/include//object_tracker.hpp
[11.230s] -- Up-to-date: /home/ubuntu/Robotics/ros2_ws/install/object_tracker/share/ament_index/resource_index/package_run_dependencies/object_tracker
[11.230s] -- Up-to-date: /home/ubuntu/Robotics/ros2_ws/install/object_tracker/share/ament_index/resource_index/parent_prefix_path/object_tracker
[11.230s] -- Up-to-date: /home/ubuntu/Robotics/ros2_ws/install/object_tracker/share/object_tracker/environment/ament_prefix_path.sh
[11.230s] -- Up-to-date: /home/ubuntu/Robotics/ros2_ws/install/object_tracker/share/object_tracker/environment/ament_prefix_path.dsv
[11.230s] -- Up-to-date: /home/ubuntu/Robotics/ros2_ws/install/object_tracker/share/object_tracker/environment/path.sh
[11.230s] -- Up-to-date: /home/ubuntu/Robotics/ros2_ws/install/object_tracker/share/object_tracker/environment/path.dsv
[11.230s] -- Up-to-date: /home/ubuntu/Robotics/ros2_ws/install/object_tracker/share/object_tracker/local_setup.bash
[11.230s] -- Up-to-date: /home/ubuntu/Robotics/ros2_ws/install/object_tracker/share/object_tracker/local_setup.sh
[11.231s] -- Up-to-date: /home/ubuntu/Robotics/ros2_ws/install/object_tracker/share/object_tracker/local_setup.zsh
[11.231s] -- Up-to-date: /home/ubuntu/Robotics/ros2_ws/install/object_tracker/share/object_tracker/local_setup.dsv
[11.231s] -- Installing: /home/ubuntu/Robotics/ros2_ws/install/object_tracker/share/object_tracker/package.dsv
[11.231s] -- Up-to-date: /home/ubuntu/Robotics/ros2_ws/install/object_tracker/share/ament_index/resource_index/packages/object_tracker
[11.231s] -- Up-to-date: /home/ubuntu/Robotics/ros2_ws/install/object_tracker/share/object_tracker/cmake/object_trackerConfig.cmake
[11.231s] -- Up-to-date: /home/ubuntu/Robotics/ros2_ws/install/object_tracker/share/object_tracker/cmake/object_trackerConfig-version.cmake
[11.231s] -- Up-to-date: /home/ubuntu/Robotics/ros2_ws/install/object_tracker/share/object_tracker/package.xml
[11.233s] Invoked command in '/home/ubuntu/Robotics/ros2_ws/build/object_tracker' returned '0': CMAKE_PREFIX_PATH=${CMAKE_PREFIX_PATH}:/opt/ros/jazzy /usr/bin/cmake --install /home/ubuntu/Robotics/ros2_ws/build/object_tracker
