[0.290s] Invoking command in '/home/ubuntu/Robotics/ros2_ws/build/image_tools': CMAKE_PREFIX_PATH=${CMAKE_PREFIX_PATH}:/opt/ros/jazzy /usr/bin/cmake /home/ubuntu/Robotics/ros2_ws/src/image_tools -DCMAKE_INSTALL_PREFIX=/home/ubuntu/Robotics/ros2_ws/install/image_tools
[2.053s] -- Found ament_cmake: 2.5.5 (/opt/ros/jazzy/share/ament_cmake/cmake)
[2.546s] -- Found Python3: /usr/bin/python3 (found version "3.12.3") found components: Interpreter 
[3.263s] -- Found rclcpp: 28.1.16 (/opt/ros/jazzy/share/rclcpp/cmake)
[4.034s] -- Found rosidl_generator_c: 4.6.7 (/opt/ros/jazzy/share/rosidl_generator_c/cmake)
[4.079s] -- Found rosidl_generator_cpp: 4.6.7 (/opt/ros/jazzy/share/rosidl_generator_cpp/cmake)
[4.192s] -- Using all available rosidl_typesupport_c: rosidl_typesupport_fastrtps_c;rosidl_typesupport_introspection_c
[4.235s] -- Using all available rosidl_typesupport_cpp: rosidl_typesupport_fastrtps_cpp;rosidl_typesupport_introspection_cpp
[4.625s] -- Found rmw_implementation_cmake: 7.3.3 (/opt/ros/jazzy/share/rmw_implementation_cmake/cmake)
[4.643s] -- Found rmw_fastrtps_cpp: 8.4.3 (/opt/ros/jazzy/share/rmw_fastrtps_cpp/cmake)
[5.109s] -- Found OpenSSL: /usr/lib/x86_64-linux-gnu/libcrypto.so (found version "3.0.13")  
[5.404s] -- Found FastRTPS: /opt/ros/jazzy/include (Required is at least version "2.13") 
[5.573s] -- Using RMW implementation 'rmw_fastrtps_cpp' as default
[6.015s] -- Found rclcpp_components: 28.1.16 (/opt/ros/jazzy/share/rclcpp_components/cmake)
[6.210s] -- Found sensor_msgs: 5.3.6 (/opt/ros/jazzy/share/sensor_msgs/cmake)
[6.356s] -- Found cv_bridge: 4.1.0 (/opt/ros/jazzy/share/cv_bridge/cmake)
[6.386s] -- Found OpenCV: /usr (found version "4.6.0") found components: core highgui imgcodecs imgproc videoio 
[6.672s] -- Configuring done (5.2s)
[6.766s] -- Generating done (0.1s)
[6.781s] -- Build files have been written to: /home/ubuntu/Robotics/ros2_ws/build/image_tools
[6.805s] Invoked command in '/home/ubuntu/Robotics/ros2_ws/build/image_tools' returned '0': CMAKE_PREFIX_PATH=${CMAKE_PREFIX_PATH}:/opt/ros/jazzy /usr/bin/cmake /home/ubuntu/Robotics/ros2_ws/src/image_tools -DCMAKE_INSTALL_PREFIX=/home/ubuntu/Robotics/ros2_ws/install/image_tools
[6.807s] Invoking command in '/home/ubuntu/Robotics/ros2_ws/build/image_tools': CMAKE_PREFIX_PATH=${CMAKE_PREFIX_PATH}:/opt/ros/jazzy /usr/bin/cmake --build /home/ubuntu/Robotics/ros2_ws/build/image_tools -- -j12 -l12
[6.889s] [ 20%] [32mBuilding CXX object CMakeFiles/cam2image.dir/rclcpp_components/node_main_cam2image.cpp.o[0m
[6.890s] [ 60%] [32mBuilding CXX object CMakeFiles/image_tools.dir/src/remote_capture.cpp.o[0m
[6.890s] [ 60%] [32mBuilding CXX object CMakeFiles/image_tools.dir/src/cam2image.cpp.o[0m
[21.646s] [ 80%] [32m[1mLinking CXX executable cam2image[0m
[22.800s] [ 80%] Built target cam2image
[39.864s] [100%] [32m[1mLinking CXX shared library libimage_tools.so[0m
[40.877s] [100%] Built target image_tools
