[0.084s] Invoking command in '/home/ubuntu/Robotics/ros2_ws/build/cam2image_vm2ros': CMAKE_PREFIX_PATH=${CMAKE_PREFIX_PATH}:/opt/ros/jazzy /usr/bin/cmake --build /home/ubuntu/Robotics/ros2_ws/build/cam2image_vm2ros -- -j12 -l12
[1.026s] [ 42%] Built target cam2image_vm2ros
[1.033s] [ 71%] Built target cam2image
[1.059s] [ 85%] [32mBuilding CXX object CMakeFiles/talker_listener_node.dir/src/image_brightness.cpp.o[0m
[5.636s] [01m[K/home/ubuntu/Robotics/ros2_ws/src/cam2image_vm2ros/src/image_brightness.cpp:[m[K In lambda function:
[5.636s] [01m[K/home/ubuntu/Robotics/ros2_ws/src/cam2image_vm2ros/src/image_brightness.cpp:16:51:[m[K [01;35m[Kwarning: [m[Kunused parameter ‘[01m[Kimg[m[K’ [[01;35m[K]8;;https://gcc.gnu.org/onlinedocs/gcc/Warning-Options.html#index-Wunused-parameter-Wunused-parameter]8;;[m[K]
[5.636s]    16 |         [this]([01;35m[Ksensor_msgs::msg::Image::UniquePtr img[m[K) -> void {
[5.636s]       |                [01;35m[K~~~~~~~~~~~~~~~~~~~~~~~~~~~~~~~~~~~^~~[m[K
[5.650s] [01m[K/home/ubuntu/Robotics/ros2_ws/src/cam2image_vm2ros/src/image_brightness.cpp:[m[K In constructor ‘[01m[KImageBrightness::[01;32m[KImageBrightness[m[K()[m[K’:
[5.650s] [01m[K/home/ubuntu/Robotics/ros2_ws/src/cam2image_vm2ros/src/image_brightness.cpp:25:81:[m[K [01;31m[Kerror: [m[Kno match for ‘[01m[Koperator=[m[K’ (operand types are ‘[01m[Krclcpp::Publisher<std_msgs::msg::String_<std::allocator<void> > >::SharedPtr[m[K’ {aka ‘[01m[Kstd::shared_ptr<rclcpp::Publisher<std_msgs::msg::String_<std::allocator<void> > > >[m[K’} and ‘[01m[Kstd::shared_ptr<rclcpp::Publisher<sensor_msgs::msg::Image_<std::allocator<void> >, std::allocator<void> > >[m[K’)
[5.650s]    25 |             this->create_publisher<sensor_msgs::msg::Image>("brightness_out", 10[01;31m[K)[m[K;
[5.650s]       |                                                                                 [01;31m[K^[m[K
[5.653s] In file included from [01m[K/usr/include/c++/13/memory:80[m[K,
[5.653s]                  from [01m[K/opt/ros/jazzy/include/rclcpp/rclcpp/rclcpp.hpp:169[m[K,
[5.653s]                  from [01m[K/home/ubuntu/Robotics/ros2_ws/src/cam2image_vm2ros/src/image_brightness.cpp:3[m[K:
[5.653s] [01m[K/usr/include/c++/13/bits/shared_ptr.h:418:9:[m[K [01;36m[Knote: [m[Kcandidate: ‘[01m[Ktemplate<class _Yp> std::shared_ptr<_Tp>::_Assignable<const std::shared_ptr<_Yp>&> std::shared_ptr<_Tp>::[01;32m[Koperator=[m[K(const std::shared_ptr<_Yp>&) [35m[K[with _Tp = rclcpp::Publisher<std_msgs::msg::String_<std::allocator<void> > >][m[K[m[K’
[5.654s]   418 |         [01;36m[Koperator[m[K=(const shared_ptr<_Yp>& __r) noexcept
[5.654s]       |         [01;36m[K^~~~~~~~[m[K
[5.655s] [01m[K/usr/include/c++/13/bits/shared_ptr.h:418:9:[m[K [01;36m[Knote: [m[K  template argument deduction/substitution failed:
[5.656s] /usr/include/c++/13/bits/shared_ptr.h: In substitution of ‘[01m[Ktemplate<class _Tp> template<class _Arg> using std::shared_ptr<_Tp>::_Assignable = typename std::enable_if<std::is_assignable<std::__shared_ptr<_Tp>&, _Arg>::value, std::shared_ptr<_Tp>&>::type [35m[K[with _Arg = const std::shared_ptr<rclcpp::Publisher<sensor_msgs::msg::Image_<std::allocator<void> >, std::allocator<void> > >&; _Tp = rclcpp::Publisher<std_msgs::msg::String_<std::allocator<void> > >][m[K[m[K’:
[5.656s] [01m[K/usr/include/c++/13/bits/shared_ptr.h:418:2:[m[K   required by substitution of ‘[01m[Ktemplate<class _Yp> std::shared_ptr<rclcpp::Publisher<std_msgs::msg::String_<std::allocator<void> > > >::_Assignable<const std::shared_ptr<_Tp>&> std::shared_ptr<rclcpp::Publisher<std_msgs::msg::String_<std::allocator<void> > > >::[01;32m[Koperator=[m[K(const std::shared_ptr<_Tp>&) [35m[K[with _Yp = rclcpp::Publisher<sensor_msgs::msg::Image_<std::allocator<void> >, std::allocator<void> >][m[K[m[K’
[5.656s] [01m[K/home/ubuntu/Robotics/ros2_ws/src/cam2image_vm2ros/src/image_brightness.cpp:25:81:[m[K   required from here
[5.656s] [01m[K/usr/include/c++/13/bits/shared_ptr.h:183:15:[m[K [01;31m[Kerror: [m[Kno type named ‘[01m[Ktype[m[K’ in ‘[01m[Kstruct std::enable_if<false, std::shared_ptr<rclcpp::Publisher<std_msgs::msg::String_<std::allocator<void> > > >&>[m[K’
[5.656s]   183 |         using [01;31m[K_Assignable[m[K = typename enable_if<
[5.657s]       |               [01;31m[K^~~~~~~~~~~[m[K
[5.657s] [01m[K/usr/include/c++/13/bits/shared_ptr.h:429:9:[m[K [01;36m[Knote: [m[Kcandidate: ‘[01m[Ktemplate<class _Yp> std::shared_ptr<_Tp>::_Assignable<std::auto_ptr<_Up> > std::shared_ptr<_Tp>::[01;32m[Koperator=[m[K(std::auto_ptr<_Up>&&) [35m[K[with _Tp = rclcpp::Publisher<std_msgs::msg::String_<std::allocator<void> > >][m[K[m[K’
[5.657s]   429 |         [01;36m[Koperator[m[K=(auto_ptr<_Yp>&& __r)
[5.657s]       |         [01;36m[K^~~~~~~~[m[K
[5.658s] [01m[K/usr/include/c++/13/bits/shared_ptr.h:429:9:[m[K [01;36m[Knote: [m[K  template argument deduction/substitution failed:
[5.658s] [01m[K/home/ubuntu/Robotics/ros2_ws/src/cam2image_vm2ros/src/image_brightness.cpp:25:81:[m[K [01;36m[Knote: [m[K  ‘[01m[Kstd::shared_ptr<rclcpp::Publisher<sensor_msgs::msg::Image_<std::allocator<void> >, std::allocator<void> > >[m[K’ is not derived from ‘[01m[Kstd::auto_ptr<_Up>[m[K’
[5.658s]    25 |             this->create_publisher<sensor_msgs::msg::Image>("brightness_out", 10[01;36m[K)[m[K;
[5.658s]       |                                                                                 [01;36m[K^[m[K
[5.659s] [01m[K/usr/include/c++/13/bits/shared_ptr.h:446:9:[m[K [01;36m[Knote: [m[Kcandidate: ‘[01m[Ktemplate<class _Yp> std::shared_ptr<_Tp>::_Assignable<std::shared_ptr<_Yp> > std::shared_ptr<_Tp>::[01;32m[Koperator=[m[K(std::shared_ptr<_Yp>&&) [35m[K[with _Tp = rclcpp::Publisher<std_msgs::msg::String_<std::allocator<void> > >][m[K[m[K’
[5.659s]   446 |         [01;36m[Koperator[m[K=(shared_ptr<_Yp>&& __r) noexcept
[5.659s]       |         [01;36m[K^~~~~~~~[m[K
[5.659s] [01m[K/usr/include/c++/13/bits/shared_ptr.h:446:9:[m[K [01;36m[Knote: [m[K  template argument deduction/substitution failed:
[5.659s] /usr/include/c++/13/bits/shared_ptr.h: In substitution of ‘[01m[Ktemplate<class _Tp> template<class _Arg> using std::shared_ptr<_Tp>::_Assignable = typename std::enable_if<std::is_assignable<std::__shared_ptr<_Tp>&, _Arg>::value, std::shared_ptr<_Tp>&>::type [35m[K[with _Arg = std::shared_ptr<rclcpp::Publisher<sensor_msgs::msg::Image_<std::allocator<void> >, std::allocator<void> > >; _Tp = rclcpp::Publisher<std_msgs::msg::String_<std::allocator<void> > >][m[K[m[K’:
[5.659s] [01m[K/usr/include/c++/13/bits/shared_ptr.h:446:2:[m[K   required by substitution of ‘[01m[Ktemplate<class _Yp> std::shared_ptr<rclcpp::Publisher<std_msgs::msg::String_<std::allocator<void> > > >::_Assignable<std::shared_ptr<_Tp> > std::shared_ptr<rclcpp::Publisher<std_msgs::msg::String_<std::allocator<void> > > >::[01;32m[Koperator=[m[K(std::shared_ptr<_Tp>&&) [35m[K[with _Yp = rclcpp::Publisher<sensor_msgs::msg::Image_<std::allocator<void> >, std::allocator<void> >][m[K[m[K’
[5.659s] [01m[K/home/ubuntu/Robotics/ros2_ws/src/cam2image_vm2ros/src/image_brightness.cpp:25:81:[m[K   required from here
[5.659s] [01m[K/usr/include/c++/13/bits/shared_ptr.h:183:15:[m[K [01;31m[Kerror: [m[Kno type named ‘[01m[Ktype[m[K’ in ‘[01m[Kstruct std::enable_if<false, std::shared_ptr<rclcpp::Publisher<std_msgs::msg::String_<std::allocator<void> > > >&>[m[K’
[5.659s]   183 |         using [01;31m[K_Assignable[m[K = typename enable_if<
[5.659s]       |               [01;31m[K^~~~~~~~~~~[m[K
[5.659s] [01m[K/usr/include/c++/13/bits/shared_ptr.h:454:9:[m[K [01;36m[Knote: [m[Kcandidate: ‘[01m[Ktemplate<class _Yp, class _Del> std::shared_ptr<_Tp>::_Assignable<std::unique_ptr<_Up, _Ep> > std::shared_ptr<_Tp>::[01;32m[Koperator=[m[K(std::unique_ptr<_Up, _Ep>&&) [35m[K[with _Del = _Yp; _Tp = rclcpp::Publisher<std_msgs::msg::String_<std::allocator<void> > >][m[K[m[K’
[5.659s]   454 |         [01;36m[Koperator[m[K=(unique_ptr<_Yp, _Del>&& __r)
[5.660s]       |         [01;36m[K^~~~~~~~[m[K
[5.660s] [01m[K/usr/include/c++/13/bits/shared_ptr.h:454:9:[m[K [01;36m[Knote: [m[K  template argument deduction/substitution failed:
[5.660s] [01m[K/home/ubuntu/Robotics/ros2_ws/src/cam2image_vm2ros/src/image_brightness.cpp:25:81:[m[K [01;36m[Knote: [m[K  ‘[01m[Kstd::shared_ptr<rclcpp::Publisher<sensor_msgs::msg::Image_<std::allocator<void> >, std::allocator<void> > >[m[K’ is not derived from ‘[01m[Kstd::unique_ptr<_Tp, _Dp>[m[K’
[5.661s]    25 |             this->create_publisher<sensor_msgs::msg::Image>("brightness_out", 10[01;36m[K)[m[K;
[5.661s]       |                                                                                 [01;36m[K^[m[K
[5.661s] [01m[K/usr/include/c++/13/bits/shared_ptr.h:414:19:[m[K [01;36m[Knote: [m[Kcandidate: ‘[01m[Kstd::shared_ptr<_Tp>& std::shared_ptr<_Tp>::[01;32m[Koperator=[m[K(const std::shared_ptr<_Tp>&) [35m[K[with _Tp = rclcpp::Publisher<std_msgs::msg::String_<std::allocator<void> > >][m[K[m[K’
[5.661s]   414 |       shared_ptr& [01;36m[Koperator[m[K=(const shared_ptr&) noexcept = default;
[5.661s]       |                   [01;36m[K^~~~~~~~[m[K
[5.662s] [01m[K/usr/include/c++/13/bits/shared_ptr.h:414:29:[m[K [01;36m[Knote: [m[K  no known conversion for argument 1 from ‘[01m[Kstd::shared_ptr<rclcpp::Publisher<sensor_msgs::msg::Image_<std::allocator<void> >, std::allocator<void> > >[m[K’ to ‘[01m[Kconst std::shared_ptr<rclcpp::Publisher<std_msgs::msg::String_<std::allocator<void> > > >&[m[K’
[5.662s]   414 |       shared_ptr& operator=([01;36m[Kconst shared_ptr&[m[K) noexcept = default;
[5.662s]       |                             [01;36m[K^~~~~~~~~~~~~~~~~[m[K
[5.662s] [01m[K/usr/include/c++/13/bits/shared_ptr.h:438:7:[m[K [01;36m[Knote: [m[Kcandidate: ‘[01m[Kstd::shared_ptr<_Tp>& std::shared_ptr<_Tp>::[01;32m[Koperator=[m[K(std::shared_ptr<_Tp>&&) [35m[K[with _Tp = rclcpp::Publisher<std_msgs::msg::String_<std::allocator<void> > >][m[K[m[K’
[5.662s]   438 |       [01;36m[Koperator[m[K=(shared_ptr&& __r) noexcept
[5.662s]       |       [01;36m[K^~~~~~~~[m[K
[5.662s] [01m[K/usr/include/c++/13/bits/shared_ptr.h:438:30:[m[K [01;36m[Knote: [m[K  no known conversion for argument 1 from ‘[01m[Kstd::shared_ptr<rclcpp::Publisher<sensor_msgs::msg::Image_<std::allocator<void> >, std::allocator<void> > >[m[K’ to ‘[01m[Kstd::shared_ptr<rclcpp::Publisher<std_msgs::msg::String_<std::allocator<void> > > >&&[m[K’
[5.662s]   438 |       operator=([01;36m[Kshared_ptr&& __r[m[K) noexcept
[5.662s]       |                 [01;36m[K~~~~~~~~~~~~~^~~[m[K
[5.662s] [01m[K/home/ubuntu/Robotics/ros2_ws/src/cam2image_vm2ros/src/image_brightness.cpp:[m[K In lambda function:
[5.662s] [01m[K/home/ubuntu/Robotics/ros2_ws/src/cam2image_vm2ros/src/image_brightness.cpp:29:52:[m[K [01;31m[Kerror: [m[Kno match for ‘[01m[Koperator=[m[K’ (operand types are ‘[01m[Kstd_msgs::msg::String_<std::allocator<void> >::_data_type[m[K’ {aka ‘[01m[Kstd::__cxx11::basic_string<char>[m[K’} and ‘[01m[Kstd_msgs::msg::String[m[K’ {aka ‘[01m[Kstd_msgs::msg::String_<std::allocator<void> >[m[K’})
[5.663s]    29 |                 message.data = this->getBrightness([01;31m[K)[m[K;
[5.663s]       |                                                    [01;31m[K^[m[K
[5.663s] In file included from [01m[K/usr/include/c++/13/string:54[m[K,
[5.663s]                  from [01m[K/home/ubuntu/Robotics/ros2_ws/src/cam2image_vm2ros/src/image_brightness.cpp:1[m[K:
[5.663s] [01m[K/usr/include/c++/13/bits/basic_string.h:936:8:[m[K [01;36m[Knote: [m[Kcandidate: ‘[01m[Ktemplate<class _Tp> std::__cxx11::basic_string<_CharT, _Traits, _Alloc>::_If_sv<_Tp, std::__cxx11::basic_string<_CharT, _Traits, _Alloc>&> std::__cxx11::basic_string<_CharT, _Traits, _Alloc>::[01;32m[Koperator=[m[K(const _Tp&) [35m[K[with _CharT = char; _Traits = std::char_traits<char>; _Alloc = std::allocator<char>][m[K[m[K’
[5.663s]   936 |        [01;36m[Koperator[m[K=(const _Tp& __svt)
[5.663s]       |        [01;36m[K^~~~~~~~[m[K
[5.663s] [01m[K/usr/include/c++/13/bits/basic_string.h:936:8:[m[K [01;36m[Knote: [m[K  template argument deduction/substitution failed:
[5.663s] In file included from [01m[K/usr/include/c++/13/bits/char_traits.h:50[m[K,
[5.663s]                  from [01m[K/usr/include/c++/13/string:42[m[K:
[5.663s] /usr/include/c++/13/type_traits: In substitution of ‘[01m[Ktemplate<bool _Cond, class _Tp> using std::enable_if_t = typename std::enable_if::type [35m[K[with bool _Cond = false; _Tp = std::__cxx11::basic_string<char>&][m[K[m[K’:
[5.664s] [01m[K/usr/include/c++/13/bits/basic_string.h:144:8:[m[K   required by substitution of ‘[01m[Ktemplate<class _CharT, class _Traits, class _Alloc> template<class _Tp, class _Res> using std::__cxx11::basic_string<_CharT, _Traits, _Alloc>::_If_sv = std::enable_if_t<std::__and_<std::is_convertible<const _Tp&, std::basic_string_view<_CharT, _Traits> >, std::__not_<std::is_convertible<const _Tp*, const std::__cxx11::basic_string<_CharT, _Traits, _Alloc>*> >, std::__not_<std::is_convertible<const _Tp&, const _CharT*> > >::value, _Res> [35m[K[with _Tp = std_msgs::msg::String_<std::allocator<void> >; _Res = std::__cxx11::basic_string<char>&; _CharT = char; _Traits = std::char_traits<char>; _Alloc = std::allocator<char>][m[K[m[K’
[5.664s] [01m[K/usr/include/c++/13/bits/basic_string.h:936:8:[m[K   required by substitution of ‘[01m[Ktemplate<class _Tp> std::__cxx11::basic_string<char>::_If_sv<_Tp, std::__cxx11::basic_string<char>&> std::__cxx11::basic_string<char>::[01;32m[Koperator=[m[K(const _Tp&) [35m[K[with _Tp = std_msgs::msg::String_<std::allocator<void> >][m[K[m[K’
[5.664s] [01m[K/home/ubuntu/Robotics/ros2_ws/src/cam2image_vm2ros/src/image_brightness.cpp:29:52:[m[K   required from here
[5.664s] [01m[K/usr/include/c++/13/type_traits:2610:11:[m[K [01;31m[Kerror: [m[Kno type named ‘[01m[Ktype[m[K’ in ‘[01m[Kstruct std::enable_if<false, std::__cxx11::basic_string<char>&>[m[K’
[5.664s]  2610 |     using [01;31m[Kenable_if_t[m[K = typename enable_if<_Cond, _Tp>::type;
[5.664s]       |           [01;31m[K^~~~~~~~~~~[m[K
[5.664s] [01m[K/usr/include/c++/13/bits/basic_string.h:812:7:[m[K [01;36m[Knote: [m[Kcandidate: ‘[01m[Kstd::__cxx11::basic_string<_CharT, _Traits, _Alloc>& std::__cxx11::basic_string<_CharT, _Traits, _Alloc>::[01;32m[Koperator=[m[K(const std::__cxx11::basic_string<_CharT, _Traits, _Alloc>&) [35m[K[with _CharT = char; _Traits = std::char_traits<char>; _Alloc = std::allocator<char>][m[K[m[K’
[5.664s]   812 |       [01;36m[Koperator[m[K=(const basic_string& __str)
[5.664s]       |       [01;36m[K^~~~~~~~[m[K
[5.664s] [01m[K/usr/include/c++/13/bits/basic_string.h:812:37:[m[K [01;36m[Knote: [m[K  no known conversion for argument 1 from ‘[01m[Kstd_msgs::msg::String[m[K’ {aka ‘[01m[Kstd_msgs::msg::String_<std::allocator<void> >[m[K’} to ‘[01m[Kconst std::__cxx11::basic_string<char>&[m[K’
[5.665s]   812 |       operator=([01;36m[Kconst basic_string& __str[m[K)
[5.665s]       |                 [01;36m[K~~~~~~~~~~~~~~~~~~~~^~~~~[m[K
[5.665s] [01m[K/usr/include/c++/13/bits/basic_string.h:823:7:[m[K [01;36m[Knote: [m[Kcandidate: ‘[01m[Kstd::__cxx11::basic_string<_CharT, _Traits, _Alloc>& std::__cxx11::basic_string<_CharT, _Traits, _Alloc>::[01;32m[Koperator=[m[K(const _CharT*) [35m[K[with _CharT = char; _Traits = std::char_traits<char>; _Alloc = std::allocator<char>][m[K[m[K’
[5.665s]   823 |       [01;36m[Koperator[m[K=(const _CharT* __s)
[5.665s]       |       [01;36m[K^~~~~~~~[m[K
[5.665s] [01m[K/usr/include/c++/13/bits/basic_string.h:823:31:[m[K [01;36m[Knote: [m[K  no known conversion for argument 1 from ‘[01m[Kstd_msgs::msg::String[m[K’ {aka ‘[01m[Kstd_msgs::msg::String_<std::allocator<void> >[m[K’} to ‘[01m[Kconst char*[m[K’
[5.665s]   823 |       operator=([01;36m[Kconst _CharT* __s[m[K)
[5.665s]       |                 [01;36m[K~~~~~~~~~~~~~~^~~[m[K
[5.665s] [01m[K/usr/include/c++/13/bits/basic_string.h:835:7:[m[K [01;36m[Knote: [m[Kcandidate: ‘[01m[Kstd::__cxx11::basic_string<_CharT, _Traits, _Alloc>& std::__cxx11::basic_string<_CharT, _Traits, _Alloc>::[01;32m[Koperator=[m[K(_CharT) [35m[K[with _CharT = char; _Traits = std::char_traits<char>; _Alloc = std::allocator<char>][m[K[m[K’
[5.665s]   835 |       [01;36m[Koperator[m[K=(_CharT __c)
[5.665s]       |       [01;36m[K^~~~~~~~[m[K
[5.665s] [01m[K/usr/include/c++/13/bits/basic_string.h:835:24:[m[K [01;36m[Knote: [m[K  no known conversion for argument 1 from ‘[01m[Kstd_msgs::msg::String[m[K’ {aka ‘[01m[Kstd_msgs::msg::String_<std::allocator<void> >[m[K’} to ‘[01m[Kchar[m[K’
[5.665s]   835 |       operator=([01;36m[K_CharT __c[m[K)
[5.665s]       |                 [01;36m[K~~~~~~~^~~[m[K
[5.666s] [01m[K/usr/include/c++/13/bits/basic_string.h:853:7:[m[K [01;36m[Knote: [m[Kcandidate: ‘[01m[Kstd::__cxx11::basic_string<_CharT, _Traits, _Alloc>& std::__cxx11::basic_string<_CharT, _Traits, _Alloc>::[01;32m[Koperator=[m[K(std::__cxx11::basic_string<_CharT, _Traits, _Alloc>&&) [35m[K[with _CharT = char; _Traits = std::char_traits<char>; _Alloc = std::allocator<char>][m[K[m[K’
[5.666s]   853 |       [01;36m[Koperator[m[K=(basic_string&& __str)
[5.666s]       |       [01;36m[K^~~~~~~~[m[K
[5.666s] [01m[K/usr/include/c++/13/bits/basic_string.h:853:32:[m[K [01;36m[Knote: [m[K  no known conversion for argument 1 from ‘[01m[Kstd_msgs::msg::String[m[K’ {aka ‘[01m[Kstd_msgs::msg::String_<std::allocator<void> >[m[K’} to ‘[01m[Kstd::__cxx11::basic_string<char>&&[m[K’
[5.666s]   853 |       operator=([01;36m[Kbasic_string&& __str[m[K)
[5.666s]       |                 [01;36m[K~~~~~~~~~~~~~~~^~~~~[m[K
[5.666s] [01m[K/usr/include/c++/13/bits/basic_string.h:921:7:[m[K [01;36m[Knote: [m[Kcandidate: ‘[01m[Kstd::__cxx11::basic_string<_CharT, _Traits, _Alloc>& std::__cxx11::basic_string<_CharT, _Traits, _Alloc>::[01;32m[Koperator=[m[K(std::initializer_list<_Tp>) [35m[K[with _CharT = char; _Traits = std::char_traits<char>; _Alloc = std::allocator<char>][m[K[m[K’
[5.666s]   921 |       [01;36m[Koperator[m[K=(initializer_list<_CharT> __l)
[5.666s]       |       [01;36m[K^~~~~~~~[m[K
[5.666s] [01m[K/usr/include/c++/13/bits/basic_string.h:921:42:[m[K [01;36m[Knote: [m[K  no known conversion for argument 1 from ‘[01m[Kstd_msgs::msg::String[m[K’ {aka ‘[01m[Kstd_msgs::msg::String_<std::allocator<void> >[m[K’} to ‘[01m[Kstd::initializer_list<char>[m[K’
[5.666s]   921 |       operator=([01;36m[Kinitializer_list<_CharT> __l[m[K)
[5.666s]       |                 [01;36m[K~~~~~~~~~~~~~~~~~~~~~~~~~^~~[m[K
[5.666s] [01m[K/home/ubuntu/Robotics/ros2_ws/src/cam2image_vm2ros/src/image_brightness.cpp:31:34:[m[K [01;31m[Kerror: [m[K‘[01m[Kusing rclcpp::Publisher<std_msgs::msg::String_<std::allocator<void> > >::SharedPtr = class std::shared_ptr<rclcpp::Publisher<std_msgs::msg::String_<std::allocator<void> > > >[m[K’ {aka ‘[01m[Kclass std::shared_ptr<rclcpp::Publisher<std_msgs::msg::String_<std::allocator<void> > > >[m[K’} has no member named ‘[01m[Kpublish[m[K’
[5.666s]    31 |                 this->publisher_.[01;31m[Kpublish[m[K(message);
[5.667s]       |                                  [01;31m[K^~~~~~~[m[K
[5.667s] [01m[K/home/ubuntu/Robotics/ros2_ws/src/cam2image_vm2ros/src/image_brightness.cpp:[m[K In constructor ‘[01m[KImageBrightness::[01;32m[KImageBrightness[m[K()[m[K’:
[5.667s] [01m[K/home/ubuntu/Robotics/ros2_ws/src/cam2image_vm2ros/src/image_brightness.cpp:33:42:[m[K [01;31m[Kerror: [m[Kunable to find numeric literal operator ‘[01m[Koperator""ms[m[K’
[5.667s]    33 |         timer_ = this->create_wall_timer([01;31m[K500ms[m[K, timer_callback);
[5.667s]       |                                          [01;31m[K^~~~~[m[K
[5.667s] [01m[K/home/ubuntu/Robotics/ros2_ws/src/cam2image_vm2ros/src/image_brightness.cpp:[m[K In member function ‘[01m[Kstd_msgs::msg::String ImageBrightness::[01;32m[KgetBrightness[m[K()[m[K’:
[5.667s] [01m[K/home/ubuntu/Robotics/ros2_ws/src/cam2image_vm2ros/src/image_brightness.cpp:45:16:[m[K [01;31m[Kerror: [m[Kcould not convert ‘[01m[K"16"[m[K’ from ‘[01m[Kconst char [3][m[K’ to ‘[01m[Kstd_msgs::msg::String[m[K’ {aka ‘[01m[Kstd_msgs::msg::String_<std::allocator<void> >[m[K’}
[5.667s]    45 |         return [01;31m[K"16"[m[K;
[5.667s]       |                [01;31m[K^~~~[m[K
[5.667s]       |                [01;31m[K|[m[K
[5.667s]       |                [01;31m[Kconst char [3][m[K
[7.943s] gmake[2]: *** [CMakeFiles/talker_listener_node.dir/build.make:76: CMakeFiles/talker_listener_node.dir/src/image_brightness.cpp.o] Error 1
[7.943s] gmake[1]: *** [CMakeFiles/Makefile2:193: CMakeFiles/talker_listener_node.dir/all] Error 2
[7.943s] gmake: *** [Makefile:146: all] Error 2
[7.946s] Invoked command in '/home/ubuntu/Robotics/ros2_ws/build/cam2image_vm2ros' returned '2': CMAKE_PREFIX_PATH=${CMAKE_PREFIX_PATH}:/opt/ros/jazzy /usr/bin/cmake --build /home/ubuntu/Robotics/ros2_ws/build/cam2image_vm2ros -- -j12 -l12
