[0.249s] Invoking command in '/home/ubuntu/Robotics/ros2_ws/build/relbot_simulator': CMAKE_PREFIX_PATH=${CMAKE_PREFIX_PATH}:/opt/ros/jazzy /usr/bin/cmake /home/ubuntu/Robotics/ros2_ws/src/relbot_simulator -DCMAKE_INSTALL_PREFIX=/home/ubuntu/Robotics/ros2_ws/install/relbot_simulator
[0.471s] -- The C compiler identification is GNU 13.3.0
[1.567s] -- The CXX compiler identification is GNU 13.3.0
[2.532s] -- Detecting C compiler ABI info
[2.961s] -- Detecting C compiler ABI info - done
[2.970s] -- Check for working C compiler: /usr/bin/cc - skipped
[2.971s] -- Detecting C compile features
[2.971s] -- Detecting C compile features - done
[3.114s] -- Detecting CXX compiler ABI info
[3.497s] -- Detecting CXX compiler ABI info - done
[3.507s] -- Check for working CXX compiler: /usr/bin/c++ - skipped
[3.507s] -- Detecting CXX compile features
[3.508s] -- Detecting CXX compile features - done
[3.510s] -- Found ament_cmake: 2.5.5 (/opt/ros/jazzy/share/ament_cmake/cmake)
[3.662s] -- Found Python3: /usr/bin/python3 (found version "3.12.3") found components: Interpreter 
[3.774s] -- Found rclcpp: 28.1.16 (/opt/ros/jazzy/share/rclcpp/cmake)
[4.036s] -- Found rosidl_generator_c: 4.6.7 (/opt/ros/jazzy/share/rosidl_generator_c/cmake)
[4.053s] -- Found rosidl_generator_cpp: 4.6.7 (/opt/ros/jazzy/share/rosidl_generator_cpp/cmake)
[4.107s] -- Using all available rosidl_typesupport_c: rosidl_typesupport_fastrtps_c;rosidl_typesupport_introspection_c
[4.127s] -- Using all available rosidl_typesupport_cpp: rosidl_typesupport_fastrtps_cpp;rosidl_typesupport_introspection_cpp
[4.213s] -- Found rmw_implementation_cmake: 7.3.3 (/opt/ros/jazzy/share/rmw_implementation_cmake/cmake)
[4.216s] -- Found rmw_fastrtps_cpp: 8.4.3 (/opt/ros/jazzy/share/rmw_fastrtps_cpp/cmake)
[4.300s] -- Found OpenSSL: /usr/lib/x86_64-linux-gnu/libcrypto.so (found version "3.0.13")  
[4.610s] -- Found FastRTPS: /opt/ros/jazzy/include (Required is at least version "2.13") 
[4.769s] -- Using RMW implementation 'rmw_fastrtps_cpp' as default
[5.050s] -- Found geometry_msgs: 5.3.6 (/opt/ros/jazzy/share/geometry_msgs/cmake)
[5.352s] -- Found sensor_msgs: 5.3.6 (/opt/ros/jazzy/share/sensor_msgs/cmake)
[5.471s] -- Found relbot_msgs: 2025.2.0 (/home/ubuntu/Robotics/ros2_ws/install/relbot_msgs/share/relbot_msgs/cmake)
[5.551s] -- Found OpenCV: /usr (found version "4.6.0") found components: core highgui imgcodecs imgproc videoio 
[5.563s] -- Found cv_bridge: 4.1.0 (/opt/ros/jazzy/share/cv_bridge/cmake)
[5.574s] -- Found ament_lint_auto: 0.17.4 (/opt/ros/jazzy/share/ament_lint_auto/cmake)
[5.711s] -- Added test 'copyright' to check source files copyright and LICENSE
[5.729s] -- Added test 'cppcheck' to perform static code analysis on C / C++ code
[5.729s] -- Configured cppcheck include dirs: /home/ubuntu/Robotics/ros2_ws/src/relbot_simulator/include;/home/ubuntu/Robotics/ros2_ws/src/relbot_simulator/common;$<BUILD_INTERFACE:/home/ubuntu/Robotics/ros2_ws/src/relbot_simulator/include>;$<BUILD_INTERFACE:/home/ubuntu/Robotics/ros2_ws/src/relbot_simulator/common>
[5.730s] -- Configured cppcheck exclude dirs and/or files: 
[5.732s] -- Added test 'cpplint' to check C / C++ code against the Google style
[5.732s] -- Configured cpplint exclude dirs and/or files: 
[5.733s] -- Added test 'lint_cmake' to check CMake code style
[5.736s] -- Added test 'uncrustify' to check C / C++ code style
[5.736s] -- Configured uncrustify additional arguments: 
[5.737s] -- Added test 'xmllint' to check XML markup files
[5.739s] -- Configuring done (5.5s)
[5.762s] -- Generating done (0.0s)
[5.767s] -- Build files have been written to: /home/ubuntu/Robotics/ros2_ws/build/relbot_simulator
[5.779s] Invoked command in '/home/ubuntu/Robotics/ros2_ws/build/relbot_simulator' returned '0': CMAKE_PREFIX_PATH=${CMAKE_PREFIX_PATH}:/opt/ros/jazzy /usr/bin/cmake /home/ubuntu/Robotics/ros2_ws/src/relbot_simulator -DCMAKE_INSTALL_PREFIX=/home/ubuntu/Robotics/ros2_ws/install/relbot_simulator
[5.781s] Invoking command in '/home/ubuntu/Robotics/ros2_ws/build/relbot_simulator': CMAKE_PREFIX_PATH=${CMAKE_PREFIX_PATH}:/opt/ros/jazzy /usr/bin/cmake --build /home/ubuntu/Robotics/ros2_ws/build/relbot_simulator -- -j12 -l12
[5.843s] [ 44%] [32mBuilding CXX object CMakeFiles/relbot_simulator.dir/src/Plant.cpp.o[0m
[5.843s] [ 44%] [32mBuilding CXX object CMakeFiles/relbot_simulator.dir/common/xxinverse.cpp.o[0m
[5.843s] [ 44%] [32mBuilding CXX object CMakeFiles/relbot_simulator.dir/src/relbot_simulator.cpp.o[0m
[5.844s] [ 44%] [32mBuilding CXX object CMakeFiles/relbot_simulator.dir/common/xxmatrix.cpp.o[0m
[5.844s] [ 55%] [32mBuilding CXX object CMakeFiles/relbot_simulator.dir/common/EulerAngles.cpp.o[0m
[5.845s] [ 66%] [32mBuilding CXX object CMakeFiles/relbot_simulator.dir/common/MotionProfiles.cpp.o[0m
[5.846s] [ 77%] [32mBuilding CXX object CMakeFiles/relbot_simulator.dir/common/xxinteg.cpp.o[0m
[5.846s] [ 88%] [32mBuilding CXX object CMakeFiles/relbot_simulator.dir/common/xxfuncs.cpp.o[0m
[21.303s] [100%] [32m[1mLinking CXX executable relbot_simulator[0m
[24.043s] [100%] Built target relbot_simulator
[24.057s] Invoked command in '/home/ubuntu/Robotics/ros2_ws/build/relbot_simulator' returned '0': CMAKE_PREFIX_PATH=${CMAKE_PREFIX_PATH}:/opt/ros/jazzy /usr/bin/cmake --build /home/ubuntu/Robotics/ros2_ws/build/relbot_simulator -- -j12 -l12
[24.069s] Invoking command in '/home/ubuntu/Robotics/ros2_ws/build/relbot_simulator': CMAKE_PREFIX_PATH=${CMAKE_PREFIX_PATH}:/opt/ros/jazzy /usr/bin/cmake --install /home/ubuntu/Robotics/ros2_ws/build/relbot_simulator
[24.078s] -- Install configuration: ""
[24.079s] -- Installing: /home/ubuntu/Robotics/ros2_ws/install/relbot_simulator/lib/relbot_simulator/relbot_simulator
[24.089s] -- Set non-toolchain portion of runtime path of "/home/ubuntu/Robotics/ros2_ws/install/relbot_simulator/lib/relbot_simulator/relbot_simulator" to ""
[24.089s] -- Installing: /home/ubuntu/Robotics/ros2_ws/install/relbot_simulator/include
[24.090s] -- Installing: /home/ubuntu/Robotics/ros2_ws/install/relbot_simulator/include/xxfuncs.cpp
[24.090s] -- Installing: /home/ubuntu/Robotics/ros2_ws/install/relbot_simulator/include/xxinverse.h
[24.091s] -- Installing: /home/ubuntu/Robotics/ros2_ws/install/relbot_simulator/include/xxmatrix.h
[24.091s] -- Installing: /home/ubuntu/Robotics/ros2_ws/install/relbot_simulator/include/xxinteg.h
[24.092s] -- Installing: /home/ubuntu/Robotics/ros2_ws/install/relbot_simulator/include/xxtypes.h
[24.092s] -- Installing: /home/ubuntu/Robotics/ros2_ws/install/relbot_simulator/include/xxmodel.h
[24.092s] -- Installing: /home/ubuntu/Robotics/ros2_ws/install/relbot_simulator/include/xxinverse.cpp
[24.092s] -- Installing: /home/ubuntu/Robotics/ros2_ws/install/relbot_simulator/include/xxmatrix.cpp
[24.092s] -- Installing: /home/ubuntu/Robotics/ros2_ws/install/relbot_simulator/include/EulerAngles.cpp
[24.093s] -- Installing: /home/ubuntu/Robotics/ros2_ws/install/relbot_simulator/include/MotionProfiles.h
[24.093s] -- Installing: /home/ubuntu/Robotics/ros2_ws/install/relbot_simulator/include/xxinteg.cpp
[24.093s] -- Installing: /home/ubuntu/Robotics/ros2_ws/install/relbot_simulator/include/xxfuncs.h
[24.093s] -- Installing: /home/ubuntu/Robotics/ros2_ws/install/relbot_simulator/include/EulerAngles.h
[24.094s] -- Installing: /home/ubuntu/Robotics/ros2_ws/install/relbot_simulator/include/MotionProfiles.cpp
[24.095s] -- Installing: /home/ubuntu/Robotics/ros2_ws/install/relbot_simulator/share/ament_index/resource_index/package_run_dependencies/relbot_simulator
[24.095s] -- Installing: /home/ubuntu/Robotics/ros2_ws/install/relbot_simulator/share/ament_index/resource_index/parent_prefix_path/relbot_simulator
[24.096s] -- Installing: /home/ubuntu/Robotics/ros2_ws/install/relbot_simulator/share/relbot_simulator/environment/ament_prefix_path.sh
[24.096s] -- Installing: /home/ubuntu/Robotics/ros2_ws/install/relbot_simulator/share/relbot_simulator/environment/ament_prefix_path.dsv
[24.096s] -- Installing: /home/ubuntu/Robotics/ros2_ws/install/relbot_simulator/share/relbot_simulator/environment/path.sh
[24.097s] -- Installing: /home/ubuntu/Robotics/ros2_ws/install/relbot_simulator/share/relbot_simulator/environment/path.dsv
[24.097s] -- Installing: /home/ubuntu/Robotics/ros2_ws/install/relbot_simulator/share/relbot_simulator/local_setup.bash
[24.097s] -- Installing: /home/ubuntu/Robotics/ros2_ws/install/relbot_simulator/share/relbot_simulator/local_setup.sh
[24.097s] -- Installing: /home/ubuntu/Robotics/ros2_ws/install/relbot_simulator/share/relbot_simulator/local_setup.zsh
[24.098s] -- Installing: /home/ubuntu/Robotics/ros2_ws/install/relbot_simulator/share/relbot_simulator/local_setup.dsv
[24.098s] -- Installing: /home/ubuntu/Robotics/ros2_ws/install/relbot_simulator/share/relbot_simulator/package.dsv
[24.098s] -- Installing: /home/ubuntu/Robotics/ros2_ws/install/relbot_simulator/share/ament_index/resource_index/packages/relbot_simulator
[24.099s] -- Installing: /home/ubuntu/Robotics/ros2_ws/install/relbot_simulator/share/relbot_simulator/cmake/relbot_simulatorConfig.cmake
[24.099s] -- Installing: /home/ubuntu/Robotics/ros2_ws/install/relbot_simulator/share/relbot_simulator/cmake/relbot_simulatorConfig-version.cmake
[24.099s] -- Installing: /home/ubuntu/Robotics/ros2_ws/install/relbot_simulator/share/relbot_simulator/package.xml
[24.102s] Invoked command in '/home/ubuntu/Robotics/ros2_ws/build/relbot_simulator' returned '0': CMAKE_PREFIX_PATH=${CMAKE_PREFIX_PATH}:/opt/ros/jazzy /usr/bin/cmake --install /home/ubuntu/Robotics/ros2_ws/build/relbot_simulator
