[0.110s] Invoking command in '/home/ubuntu/Robotics/ros2_ws/build/cam2image_vm2ros': CMAKE_PREFIX_PATH=${CMAKE_PREFIX_PATH}:/opt/ros/jazzy /usr/bin/cmake --build /home/ubuntu/Robotics/ros2_ws/build/cam2image_vm2ros -- -j12 -l12
[1.004s] [ 28%] Built target cam2image
[1.032s] [ 57%] [32mBuilding CXX object CMakeFiles/talker_listener_node.dir/src/image_brightness.cpp.o[0m
[1.032s] [ 57%] [32mBuilding CXX object CMakeFiles/cam2image_vm2ros.dir/src/cam2image.cpp.o[0m
[6.051s] [01m[K/home/ubuntu/Robotics/ros2_ws/src/cam2image_vm2ros/src/image_brightness.cpp:[m[K In lambda function:
[6.051s] [01m[K/home/ubuntu/Robotics/ros2_ws/src/cam2image_vm2ros/src/image_brightness.cpp:15:34:[m[K [01;31m[Kerror: [m[K‘[01m[Kusing sensor_msgs::msg::Image_<std::allocator<void> >::UniquePtr = sensor_msgs::msg::Image_<std::allocator<void> >::UniquePtrWithDeleter<std::default_delete<sensor_msgs::msg::Image_<std::allocator<void> > > >[m[K’ {aka ‘[01m[Kclass std::unique_ptr<sensor_msgs::msg::Image_<std::allocator<void> >, std::default_delete<sensor_msgs::msg::Image_<std::allocator<void> > > >[m[K’} has no member named ‘[01m[Kdata[m[K’
[6.051s]    15 |             this->received = img.[01;31m[Kdata[m[K;
[6.051s]       |                                  [01;31m[K^~~~[m[K
[6.052s] [01m[K/home/ubuntu/Robotics/ros2_ws/src/cam2image_vm2ros/src/image_brightness.cpp:[m[K In constructor ‘[01m[KImageBrightness::[01;32m[KImageBrightness[m[K()[m[K’:
[6.052s] [01m[K/home/ubuntu/Robotics/ros2_ws/src/cam2image_vm2ros/src/image_brightness.cpp:17:9:[m[K [01;31m[Kerror: [m[Kexpected ‘[01m[K,[m[K’ or ‘[01m[K;[m[K’ before ‘[01m[Ksubscription_[m[K’
[6.052s]    17 |         [01;31m[Ksubscription_[m[K = this->create_subscription<sensor_msgs::msg::Image>("image_in", 10, topic_callback)
[6.052s]       |         [01;31m[K^~~~~~~~~~~~~[m[K
[6.057s] [01m[K/home/ubuntu/Robotics/ros2_ws/src/cam2image_vm2ros/src/image_brightness.cpp:[m[K In lambda function:
[6.058s] [01m[K/home/ubuntu/Robotics/ros2_ws/src/cam2image_vm2ros/src/image_brightness.cpp:25:51:[m[K [01;31m[Kerror: [m[Kno matching function for call to ‘[01m[KImageBrightness::getBrightness()[m[K’
[6.058s]    25 |                 message.data = [01;31m[Kthis->getBrightness()[m[K;
[6.058s]       |                                [01;31m[K~~~~~~~~~~~~~~~~~~~^~[m[K
[6.058s] [01m[K/home/ubuntu/Robotics/ros2_ws/src/cam2image_vm2ros/src/image_brightness.cpp:40:27:[m[K [01;36m[Knote: [m[Kcandidate: ‘[01m[Kstd_msgs::msg::String ImageBrightness::[01;32m[KgetBrightness[m[K(sensor_msgs::msg::Image)[m[K’
[6.058s]    40 |     std_msgs::msg::String [01;36m[KgetBrightness[m[K(sensor_msgs::msg::Image img) {
[6.058s]       |                           [01;36m[K^~~~~~~~~~~~~[m[K
[6.066s] [01m[K/home/ubuntu/Robotics/ros2_ws/src/cam2image_vm2ros/src/image_brightness.cpp:40:27:[m[K [01;36m[Knote: [m[K  candidate expects 1 argument, 0 provided
[6.103s] [01m[K/home/ubuntu/Robotics/ros2_ws/src/cam2image_vm2ros/src/image_brightness.cpp:27:23:[m[K [01;31m[Kerror: [m[K‘[01m[Kclass ImageBrightness[m[K’ has no member named ‘[01m[Kpublisher[m[K’; did you mean ‘[01m[Kpublisher_[m[K’?
[6.103s]    27 |                 this->[01;31m[Kpublisher[m[K.publish(message);
[6.103s]       |                       [01;31m[K^~~~~~~~~[m[K
[6.103s]       |                       [32m[Kpublisher_[m[K
[6.103s] [01m[K/home/ubuntu/Robotics/ros2_ws/src/cam2image_vm2ros/src/image_brightness.cpp:[m[K In constructor ‘[01m[KImageBrightness::[01;32m[KImageBrightness[m[K()[m[K’:
[6.103s] [01m[K/home/ubuntu/Robotics/ros2_ws/src/cam2image_vm2ros/src/image_brightness.cpp:29:9:[m[K [01;31m[Kerror: [m[Kexpected ‘[01m[K,[m[K’ or ‘[01m[K;[m[K’ before ‘[01m[Ktimer_[m[K’
[6.103s]    29 |         [01;31m[Ktimer_[m[K = this->create_wall_timer(500ms, timer_callback);
[6.103s]       |         [01;31m[K^~~~~~[m[K
[6.104s] [01m[K/home/ubuntu/Robotics/ros2_ws/src/cam2image_vm2ros/src/image_brightness.cpp:[m[K In member function ‘[01m[Kstd_msgs::msg::String ImageBrightness::[01;32m[KgetBrightness[m[K(sensor_msgs::msg::Image)[m[K’:
[6.104s] [01m[K/home/ubuntu/Robotics/ros2_ws/src/cam2image_vm2ros/src/image_brightness.cpp:42:16:[m[K [01;31m[Kerror: [m[K‘[01m[Kto_string[m[K’ was not declared in this scope
[6.104s]    42 |         return [01;31m[Kto_string[m[K(16);
[6.104s]       |                [01;31m[K^~~~~~~~~[m[K
[6.105s] [01m[K/home/ubuntu/Robotics/ros2_ws/src/cam2image_vm2ros/src/image_brightness.cpp:42:16:[m[K [01;36m[Knote: [m[Ksuggested alternatives:
[6.105s] In file included from [01m[K/usr/include/c++/13/string:54[m[K,
[6.106s]                  from [01m[K/opt/ros/jazzy/include/rclcpp/rclcpp/copy_all_parameter_values.hpp:18[m[K,
[6.106s]                  from [01m[K/opt/ros/jazzy/include/rclcpp/rclcpp/rclcpp.hpp:171[m[K,
[6.106s]                  from [01m[K/home/ubuntu/Robotics/ros2_ws/src/cam2image_vm2ros/src/image_brightness.cpp:1[m[K:
[6.106s] [01m[K/usr/include/c++/13/bits/basic_string.h:4261:3:[m[K [01;36m[Knote: [m[K  ‘[01m[Kstd::__cxx11::to_string[m[K’
[6.106s]  4261 |   [01;36m[Kto_string[m[K(long double __val)
[6.106s]       |   [01;36m[K^~~~~~~~~[m[K
[6.106s] In file included from [01m[K/opt/ros/jazzy/include/rclcpp/rclcpp/executor.hpp:41[m[K,
[6.106s]                  from [01m[K/opt/ros/jazzy/include/rclcpp/rclcpp/executors/multi_threaded_executor.hpp:25[m[K,
[6.106s]                  from [01m[K/opt/ros/jazzy/include/rclcpp/rclcpp/executors.hpp:21[m[K,
[6.106s]                  from [01m[K/opt/ros/jazzy/include/rclcpp/rclcpp/rclcpp.hpp:172[m[K:
[6.106s] [01m[K/opt/ros/jazzy/include/rclcpp/rclcpp/future_return_code.hpp:43:1:[m[K [01;36m[Knote: [m[K  ‘[01m[Krclcpp::to_string[m[K’
[6.106s]    43 | [01;36m[Kto_string[m[K(const FutureReturnCode & future_return_code);
[6.107s]       | [01;36m[K^~~~~~~~~[m[K
[6.107s] [01m[K/home/ubuntu/Robotics/ros2_ws/src/cam2image_vm2ros/src/image_brightness.cpp:40:65:[m[K [01;35m[Kwarning: [m[Kunused parameter ‘[01m[Kimg[m[K’ [[01;35m[K]8;;https://gcc.gnu.org/onlinedocs/gcc/Warning-Options.html#index-Wunused-parameter-Wunused-parameter]8;;[m[K]
[6.107s]    40 |     std_msgs::msg::String getBrightness([01;35m[Ksensor_msgs::msg::Image img[m[K) {
[6.107s]       |                                         [01;35m[K~~~~~~~~~~~~~~~~~~~~~~~~^~~[m[K
[7.137s] gmake[2]: *** [CMakeFiles/talker_listener_node.dir/build.make:76: CMakeFiles/talker_listener_node.dir/src/image_brightness.cpp.o] Error 1
[7.138s] gmake[1]: *** [CMakeFiles/Makefile2:193: CMakeFiles/talker_listener_node.dir/all] Error 2
[7.138s] gmake[1]: *** Waiting for unfinished jobs....
[19.180s] [ 71%] [32m[1mLinking CXX shared library libcam2image_vm2ros.so[0m
[21.551s] [ 85%] Built target cam2image_vm2ros
[21.553s] gmake: *** [Makefile:146: all] Error 2
[21.556s] Invoked command in '/home/ubuntu/Robotics/ros2_ws/build/cam2image_vm2ros' returned '2': CMAKE_PREFIX_PATH=${CMAKE_PREFIX_PATH}:/opt/ros/jazzy /usr/bin/cmake --build /home/ubuntu/Robotics/ros2_ws/build/cam2image_vm2ros -- -j12 -l12
