[0.030s] Invoking command in '/home/ubuntu/Robotics/ros2_ws/build/relbot_adapter': CMAKE_PREFIX_PATH=${CMAKE_PREFIX_PATH}:/opt/ros/jazzy /usr/bin/cmake /home/ubuntu/Robotics/ros2_ws/src/relbot_adapter -DCMAKE_INSTALL_PREFIX=/home/ubuntu/Robotics/ros2_ws/install/relbot_adapter
[0.424s] -- The C compiler identification is GNU 13.3.0
[1.906s] -- The CXX compiler identification is GNU 13.3.0
[3.147s] -- Detecting C compiler ABI info
[3.662s] -- Detecting C compiler ABI info - done
[3.676s] -- Check for working C compiler: /usr/bin/cc - skipped
[3.677s] -- Detecting C compile features
[3.677s] -- Detecting C compile features - done
[3.809s] -- Detecting CXX compiler ABI info
[4.328s] -- Detecting CXX compiler ABI info - done
[4.343s] -- Check for working CXX compiler: /usr/bin/c++ - skipped
[4.344s] -- Detecting CXX compile features
[4.344s] -- Detecting CXX compile features - done
[4.348s] -- Found ament_cmake: 2.5.5 (/opt/ros/jazzy/share/ament_cmake/cmake)
[4.526s] -- Found Python3: /usr/bin/python3 (found version "3.12.3") found components: Interpreter 
[4.705s] -- Found rclcpp: 28.1.16 (/opt/ros/jazzy/share/rclcpp/cmake)
[5.011s] -- Found rosidl_generator_c: 4.6.7 (/opt/ros/jazzy/share/rosidl_generator_c/cmake)
[5.030s] -- Found rosidl_generator_cpp: 4.6.7 (/opt/ros/jazzy/share/rosidl_generator_cpp/cmake)
[5.054s] -- Using all available rosidl_typesupport_c: rosidl_typesupport_fastrtps_c;rosidl_typesupport_introspection_c
[5.087s] -- Using all available rosidl_typesupport_cpp: rosidl_typesupport_fastrtps_cpp;rosidl_typesupport_introspection_cpp
[5.319s] -- Found rmw_implementation_cmake: 7.3.3 (/opt/ros/jazzy/share/rmw_implementation_cmake/cmake)
[5.338s] -- Found rmw_fastrtps_cpp: 8.4.3 (/opt/ros/jazzy/share/rmw_fastrtps_cpp/cmake)
[5.640s] -- Found OpenSSL: /usr/lib/x86_64-linux-gnu/libcrypto.so (found version "3.0.13")  
[5.919s] -- Found FastRTPS: /opt/ros/jazzy/include (Required is at least version "2.13") 
[6.081s] -- Using RMW implementation 'rmw_fastrtps_cpp' as default
[6.657s] -- Found example_interfaces: 0.12.0 (/opt/ros/jazzy/share/example_interfaces/cmake)
[6.882s] -- Found geometry_msgs: 5.3.6 (/opt/ros/jazzy/share/geometry_msgs/cmake)
[6.940s] -- Found relbot_msgs: 2025.2.0 (/home/ubuntu/Robotics/ros2_ws/install/relbot_msgs/share/relbot_msgs/cmake)
[8.732s] -- xrf2_msgs not found, building without xrf2 support.
[8.735s] -- Found ament_lint_auto: 0.17.4 (/opt/ros/jazzy/share/ament_lint_auto/cmake)
[8.838s] -- Added test 'cppcheck' to perform static code analysis on C / C++ code
[8.838s] -- Configured cppcheck include dirs: /home/ubuntu/Robotics/ros2_ws/src/relbot_adapter/include;$<BUILD_INTERFACE:/home/ubuntu/Robotics/ros2_ws/src/relbot_adapter/include>
[8.839s] -- Configured cppcheck exclude dirs and/or files: 
[8.840s] -- Added test 'lint_cmake' to check CMake code style
[8.842s] -- Added test 'uncrustify' to check C / C++ code style
[8.842s] -- Configured uncrustify additional arguments: 
[8.843s] -- Added test 'xmllint' to check XML markup files
[8.845s] -- Configuring done (8.8s)
[8.864s] -- Generating done (0.0s)
[8.870s] -- Build files have been written to: /home/ubuntu/Robotics/ros2_ws/build/relbot_adapter
