[0.301s] DEBUG:colcon:Command line arguments: ['/usr/bin/colcon', 'build', '--packages-select', 'cam2image_vm2ros']
[0.301s] DEBUG:colcon:Parsed command line arguments: Namespace(log_base=None, log_level=None, verb_name='build', build_base='build', install_base='install', merge_install=False, symlink_install=False, test_result_base=None, continue_on_error=False, executor='parallel', parallel_workers=12, event_handlers=None, ignore_user_meta=False, metas=['./colcon.meta'], base_paths=['.'], packages_ignore=None, packages_ignore_regex=None, paths=None, packages_up_to=None, packages_up_to_regex=None, packages_above=None, packages_above_and_dependencies=None, packages_above_depth=None, packages_select_by_dep=None, packages_skip_by_dep=None, packages_skip_up_to=None, packages_select_build_failed=False, packages_skip_build_finished=False, packages_select_test_failures=False, packages_skip_test_passed=False, packages_select=['cam2image_vm2ros'], packages_skip=None, packages_select_regex=None, packages_skip_regex=None, packages_start=None, packages_end=None, allow_overriding=[], cmake_args=None, cmake_target=None, cmake_target_skip_unavailable=False, cmake_clean_cache=False, cmake_clean_first=False, cmake_force_configure=False, ament_cmake_args=None, catkin_cmake_args=None, catkin_skip_building_tests=False, mixin_files=None, mixin=None, verb_parser=<colcon_mixin.mixin.mixin_argument.MixinArgumentDecorator object at 0x7688ea670cb0>, verb_extension=<colcon_core.verb.build.BuildVerb object at 0x7688ea670500>, main=<bound method BuildVerb.main of <colcon_core.verb.build.BuildVerb object at 0x7688ea670500>>, mixin_verb=('build',))
[0.340s] Level 1:colcon.colcon_core.package_discovery:discover_packages(colcon_meta) check parameters
[0.340s] Level 1:colcon.colcon_core.package_discovery:discover_packages(recursive) check parameters
[0.340s] Level 1:colcon.colcon_core.package_discovery:discover_packages(ignore) check parameters
[0.340s] Level 1:colcon.colcon_core.package_discovery:discover_packages(path) check parameters
[0.340s] Level 1:colcon.colcon_core.package_discovery:discover_packages(colcon_meta) discover
[0.340s] Level 1:colcon.colcon_core.package_discovery:discover_packages(recursive) discover
[0.340s] INFO:colcon.colcon_core.package_discovery:Crawling recursively for packages in '/home/ubuntu/Robotics/ros2_ws'
[0.341s] Level 1:colcon.colcon_core.package_identification:_identify(.) by extensions ['ignore', 'ignore_ament_install']
[0.341s] Level 1:colcon.colcon_core.package_identification:_identify(.) by extension 'ignore'
[0.341s] Level 1:colcon.colcon_core.package_identification:_identify(.) by extension 'ignore_ament_install'
[0.341s] Level 1:colcon.colcon_core.package_identification:_identify(.) by extensions ['colcon_pkg']
[0.341s] Level 1:colcon.colcon_core.package_identification:_identify(.) by extension 'colcon_pkg'
[0.341s] Level 1:colcon.colcon_core.package_identification:_identify(.) by extensions ['colcon_meta']
[0.341s] Level 1:colcon.colcon_core.package_identification:_identify(.) by extension 'colcon_meta'
[0.341s] Level 1:colcon.colcon_core.package_identification:_identify(.) by extensions ['ros']
[0.341s] Level 1:colcon.colcon_core.package_identification:_identify(.) by extension 'ros'
[0.367s] Level 1:colcon.colcon_core.package_identification:_identify(.) by extensions ['cmake', 'python']
[0.367s] Level 1:colcon.colcon_core.package_identification:_identify(.) by extension 'cmake'
[0.367s] Level 1:colcon.colcon_core.package_identification:_identify(.) by extension 'python'
[0.367s] Level 1:colcon.colcon_core.package_identification:_identify(.) by extensions ['python_setup_py']
[0.367s] Level 1:colcon.colcon_core.package_identification:_identify(.) by extension 'python_setup_py'
[0.367s] Level 1:colcon.colcon_core.package_identification:_identify(build) by extensions ['ignore', 'ignore_ament_install']
[0.367s] Level 1:colcon.colcon_core.package_identification:_identify(build) by extension 'ignore'
[0.367s] Level 1:colcon.colcon_core.package_identification:_identify(build) ignored
[0.367s] Level 1:colcon.colcon_core.package_identification:_identify(install) by extensions ['ignore', 'ignore_ament_install']
[0.367s] Level 1:colcon.colcon_core.package_identification:_identify(install) by extension 'ignore'
[0.367s] Level 1:colcon.colcon_core.package_identification:_identify(install) ignored
[0.368s] Level 1:colcon.colcon_core.package_identification:_identify(log) by extensions ['ignore', 'ignore_ament_install']
[0.368s] Level 1:colcon.colcon_core.package_identification:_identify(log) by extension 'ignore'
[0.368s] Level 1:colcon.colcon_core.package_identification:_identify(log) ignored
[0.368s] Level 1:colcon.colcon_core.package_identification:_identify(src) by extensions ['ignore', 'ignore_ament_install']
[0.368s] Level 1:colcon.colcon_core.package_identification:_identify(src) by extension 'ignore'
[0.368s] Level 1:colcon.colcon_core.package_identification:_identify(src) by extension 'ignore_ament_install'
[0.368s] Level 1:colcon.colcon_core.package_identification:_identify(src) by extensions ['colcon_pkg']
[0.368s] Level 1:colcon.colcon_core.package_identification:_identify(src) by extension 'colcon_pkg'
[0.368s] Level 1:colcon.colcon_core.package_identification:_identify(src) by extensions ['colcon_meta']
[0.368s] Level 1:colcon.colcon_core.package_identification:_identify(src) by extension 'colcon_meta'
[0.368s] Level 1:colcon.colcon_core.package_identification:_identify(src) by extensions ['ros']
[0.368s] Level 1:colcon.colcon_core.package_identification:_identify(src) by extension 'ros'
[0.368s] Level 1:colcon.colcon_core.package_identification:_identify(src) by extensions ['cmake', 'python']
[0.368s] Level 1:colcon.colcon_core.package_identification:_identify(src) by extension 'cmake'
[0.368s] Level 1:colcon.colcon_core.package_identification:_identify(src) by extension 'python'
[0.368s] Level 1:colcon.colcon_core.package_identification:_identify(src) by extensions ['python_setup_py']
[0.368s] Level 1:colcon.colcon_core.package_identification:_identify(src) by extension 'python_setup_py'
[0.369s] Level 1:colcon.colcon_core.package_identification:_identify(src/assignment1_1) by extensions ['ignore', 'ignore_ament_install']
[0.369s] Level 1:colcon.colcon_core.package_identification:_identify(src/assignment1_1) by extension 'ignore'
[0.369s] Level 1:colcon.colcon_core.package_identification:_identify(src/assignment1_1) by extension 'ignore_ament_install'
[0.369s] Level 1:colcon.colcon_core.package_identification:_identify(src/assignment1_1) by extensions ['colcon_pkg']
[0.369s] Level 1:colcon.colcon_core.package_identification:_identify(src/assignment1_1) by extension 'colcon_pkg'
[0.369s] Level 1:colcon.colcon_core.package_identification:_identify(src/assignment1_1) by extensions ['colcon_meta']
[0.369s] Level 1:colcon.colcon_core.package_identification:_identify(src/assignment1_1) by extension 'colcon_meta'
[0.369s] Level 1:colcon.colcon_core.package_identification:_identify(src/assignment1_1) by extensions ['ros']
[0.369s] Level 1:colcon.colcon_core.package_identification:_identify(src/assignment1_1) by extension 'ros'
[0.371s] DEBUG:colcon.colcon_core.package_identification:Package 'src/assignment1_1' with type 'ros.ament_cmake' and name 'Assignment1_1'
[0.371s] Level 1:colcon.colcon_core.package_identification:_identify(src/assignment1_2) by extensions ['ignore', 'ignore_ament_install']
[0.371s] Level 1:colcon.colcon_core.package_identification:_identify(src/assignment1_2) by extension 'ignore'
[0.371s] Level 1:colcon.colcon_core.package_identification:_identify(src/assignment1_2) by extension 'ignore_ament_install'
[0.372s] Level 1:colcon.colcon_core.package_identification:_identify(src/assignment1_2) by extensions ['colcon_pkg']
[0.372s] Level 1:colcon.colcon_core.package_identification:_identify(src/assignment1_2) by extension 'colcon_pkg'
[0.372s] Level 1:colcon.colcon_core.package_identification:_identify(src/assignment1_2) by extensions ['colcon_meta']
[0.372s] Level 1:colcon.colcon_core.package_identification:_identify(src/assignment1_2) by extension 'colcon_meta'
[0.372s] Level 1:colcon.colcon_core.package_identification:_identify(src/assignment1_2) by extensions ['ros']
[0.372s] Level 1:colcon.colcon_core.package_identification:_identify(src/assignment1_2) by extension 'ros'
[0.372s] DEBUG:colcon.colcon_core.package_identification:Package 'src/assignment1_2' with type 'ros.ament_cmake' and name 'Assignment1_2'
[0.373s] Level 1:colcon.colcon_core.package_identification:_identify(src/cam2image_vm2ros) by extensions ['ignore', 'ignore_ament_install']
[0.373s] Level 1:colcon.colcon_core.package_identification:_identify(src/cam2image_vm2ros) by extension 'ignore'
[0.373s] Level 1:colcon.colcon_core.package_identification:_identify(src/cam2image_vm2ros) by extension 'ignore_ament_install'
[0.373s] Level 1:colcon.colcon_core.package_identification:_identify(src/cam2image_vm2ros) by extensions ['colcon_pkg']
[0.373s] Level 1:colcon.colcon_core.package_identification:_identify(src/cam2image_vm2ros) by extension 'colcon_pkg'
[0.373s] Level 1:colcon.colcon_core.package_identification:_identify(src/cam2image_vm2ros) by extensions ['colcon_meta']
[0.373s] Level 1:colcon.colcon_core.package_identification:_identify(src/cam2image_vm2ros) by extension 'colcon_meta'
[0.373s] Level 1:colcon.colcon_core.package_identification:_identify(src/cam2image_vm2ros) by extensions ['ros']
[0.373s] Level 1:colcon.colcon_core.package_identification:_identify(src/cam2image_vm2ros) by extension 'ros'
[0.374s] DEBUG:colcon.colcon_core.package_identification:Package 'src/cam2image_vm2ros' with type 'ros.ament_cmake' and name 'cam2image_vm2ros'
[0.374s] Level 1:colcon.colcon_core.package_identification:_identify(src/cpp_pubsub) by extensions ['ignore', 'ignore_ament_install']
[0.374s] Level 1:colcon.colcon_core.package_identification:_identify(src/cpp_pubsub) by extension 'ignore'
[0.374s] Level 1:colcon.colcon_core.package_identification:_identify(src/cpp_pubsub) by extension 'ignore_ament_install'
[0.374s] Level 1:colcon.colcon_core.package_identification:_identify(src/cpp_pubsub) by extensions ['colcon_pkg']
[0.374s] Level 1:colcon.colcon_core.package_identification:_identify(src/cpp_pubsub) by extension 'colcon_pkg'
[0.375s] Level 1:colcon.colcon_core.package_identification:_identify(src/cpp_pubsub) by extensions ['colcon_meta']
[0.375s] Level 1:colcon.colcon_core.package_identification:_identify(src/cpp_pubsub) by extension 'colcon_meta'
[0.375s] Level 1:colcon.colcon_core.package_identification:_identify(src/cpp_pubsub) by extensions ['ros']
[0.375s] Level 1:colcon.colcon_core.package_identification:_identify(src/cpp_pubsub) by extension 'ros'
[0.375s] DEBUG:colcon.colcon_core.package_identification:Package 'src/cpp_pubsub' with type 'ros.ament_cmake' and name 'cpp_pubsub'
[0.375s] Level 1:colcon.colcon_core.package_identification:_identify(src/relbot_adapter) by extensions ['ignore', 'ignore_ament_install']
[0.375s] Level 1:colcon.colcon_core.package_identification:_identify(src/relbot_adapter) by extension 'ignore'
[0.375s] Level 1:colcon.colcon_core.package_identification:_identify(src/relbot_adapter) by extension 'ignore_ament_install'
[0.375s] Level 1:colcon.colcon_core.package_identification:_identify(src/relbot_adapter) by extensions ['colcon_pkg']
[0.375s] Level 1:colcon.colcon_core.package_identification:_identify(src/relbot_adapter) by extension 'colcon_pkg'
[0.375s] Level 1:colcon.colcon_core.package_identification:_identify(src/relbot_adapter) by extensions ['colcon_meta']
[0.375s] Level 1:colcon.colcon_core.package_identification:_identify(src/relbot_adapter) by extension 'colcon_meta'
[0.376s] Level 1:colcon.colcon_core.package_identification:_identify(src/relbot_adapter) by extensions ['ros']
[0.376s] Level 1:colcon.colcon_core.package_identification:_identify(src/relbot_adapter) by extension 'ros'
[0.376s] DEBUG:colcon.colcon_core.package_identification:Package 'src/relbot_adapter' with type 'ros.ament_cmake' and name 'relbot_adapter'
[0.376s] Level 1:colcon.colcon_core.package_identification:_identify(src/relbot_msgs) by extensions ['ignore', 'ignore_ament_install']
[0.376s] Level 1:colcon.colcon_core.package_identification:_identify(src/relbot_msgs) by extension 'ignore'
[0.376s] Level 1:colcon.colcon_core.package_identification:_identify(src/relbot_msgs) by extension 'ignore_ament_install'
[0.376s] Level 1:colcon.colcon_core.package_identification:_identify(src/relbot_msgs) by extensions ['colcon_pkg']
[0.376s] Level 1:colcon.colcon_core.package_identification:_identify(src/relbot_msgs) by extension 'colcon_pkg'
[0.376s] Level 1:colcon.colcon_core.package_identification:_identify(src/relbot_msgs) by extensions ['colcon_meta']
[0.376s] Level 1:colcon.colcon_core.package_identification:_identify(src/relbot_msgs) by extension 'colcon_meta'
[0.376s] Level 1:colcon.colcon_core.package_identification:_identify(src/relbot_msgs) by extensions ['ros']
[0.376s] Level 1:colcon.colcon_core.package_identification:_identify(src/relbot_msgs) by extension 'ros'
[0.377s] DEBUG:colcon.colcon_core.package_identification:Package 'src/relbot_msgs' with type 'ros.ament_cmake' and name 'relbot_msgs'
[0.377s] Level 1:colcon.colcon_core.package_identification:_identify(src/relbot_simulator) by extensions ['ignore', 'ignore_ament_install']
[0.377s] Level 1:colcon.colcon_core.package_identification:_identify(src/relbot_simulator) by extension 'ignore'
[0.377s] Level 1:colcon.colcon_core.package_identification:_identify(src/relbot_simulator) by extension 'ignore_ament_install'
[0.377s] Level 1:colcon.colcon_core.package_identification:_identify(src/relbot_simulator) by extensions ['colcon_pkg']
[0.377s] Level 1:colcon.colcon_core.package_identification:_identify(src/relbot_simulator) by extension 'colcon_pkg'
[0.377s] Level 1:colcon.colcon_core.package_identification:_identify(src/relbot_simulator) by extensions ['colcon_meta']
[0.377s] Level 1:colcon.colcon_core.package_identification:_identify(src/relbot_simulator) by extension 'colcon_meta'
[0.377s] Level 1:colcon.colcon_core.package_identification:_identify(src/relbot_simulator) by extensions ['ros']
[0.377s] Level 1:colcon.colcon_core.package_identification:_identify(src/relbot_simulator) by extension 'ros'
[0.378s] DEBUG:colcon.colcon_core.package_identification:Package 'src/relbot_simulator' with type 'ros.ament_cmake' and name 'relbot_simulator'
[0.378s] Level 1:colcon.colcon_core.package_discovery:discover_packages(recursive) using defaults
[0.378s] Level 1:colcon.colcon_core.package_discovery:discover_packages(ignore) discover
[0.378s] Level 1:colcon.colcon_core.package_discovery:discover_packages(ignore) using defaults
[0.378s] Level 1:colcon.colcon_core.package_discovery:discover_packages(path) discover
[0.378s] Level 1:colcon.colcon_core.package_discovery:discover_packages(path) using defaults
[0.400s] INFO:colcon.colcon_core.package_selection:Skipping not selected package 'Assignment1_1' in 'src/assignment1_1'
[0.401s] INFO:colcon.colcon_core.package_selection:Skipping not selected package 'Assignment1_2' in 'src/assignment1_2'
[0.401s] INFO:colcon.colcon_core.package_selection:Skipping not selected package 'cpp_pubsub' in 'src/cpp_pubsub'
[0.401s] INFO:colcon.colcon_core.package_selection:Skipping not selected package 'relbot_adapter' in 'src/relbot_adapter'
[0.401s] INFO:colcon.colcon_core.package_selection:Skipping not selected package 'relbot_msgs' in 'src/relbot_msgs'
[0.401s] INFO:colcon.colcon_core.package_selection:Skipping not selected package 'relbot_simulator' in 'src/relbot_simulator'
[0.401s] Level 1:colcon.colcon_core.package_discovery:discover_packages(prefix_path) check parameters
[0.401s] Level 1:colcon.colcon_core.package_discovery:discover_packages(prefix_path) discover
[0.404s] DEBUG:colcon.colcon_installed_package_information.package_discovery:Found 286 installed packages in /opt/ros/jazzy
[0.405s] Level 1:colcon.colcon_core.package_discovery:discover_packages(prefix_path) using defaults
[0.452s] Level 5:colcon.colcon_core.verb:set package 'cam2image_vm2ros' build argument 'cmake_args' from command line to 'None'
[0.452s] Level 5:colcon.colcon_core.verb:set package 'cam2image_vm2ros' build argument 'cmake_target' from command line to 'None'
[0.452s] Level 5:colcon.colcon_core.verb:set package 'cam2image_vm2ros' build argument 'cmake_target_skip_unavailable' from command line to 'False'
[0.452s] Level 5:colcon.colcon_core.verb:set package 'cam2image_vm2ros' build argument 'cmake_clean_cache' from command line to 'False'
[0.452s] Level 5:colcon.colcon_core.verb:set package 'cam2image_vm2ros' build argument 'cmake_clean_first' from command line to 'False'
[0.452s] Level 5:colcon.colcon_core.verb:set package 'cam2image_vm2ros' build argument 'cmake_force_configure' from command line to 'False'
[0.452s] Level 5:colcon.colcon_core.verb:set package 'cam2image_vm2ros' build argument 'ament_cmake_args' from command line to 'None'
[0.452s] Level 5:colcon.colcon_core.verb:set package 'cam2image_vm2ros' build argument 'catkin_cmake_args' from command line to 'None'
[0.452s] Level 5:colcon.colcon_core.verb:set package 'cam2image_vm2ros' build argument 'catkin_skip_building_tests' from command line to 'False'
[0.452s] DEBUG:colcon.colcon_core.verb:Building package 'cam2image_vm2ros' with the following arguments: {'ament_cmake_args': None, 'build_base': '/home/ubuntu/Robotics/ros2_ws/build/cam2image_vm2ros', 'catkin_cmake_args': None, 'catkin_skip_building_tests': False, 'cmake_args': None, 'cmake_clean_cache': False, 'cmake_clean_first': False, 'cmake_force_configure': False, 'cmake_target': None, 'cmake_target_skip_unavailable': False, 'install_base': '/home/ubuntu/Robotics/ros2_ws/install/cam2image_vm2ros', 'merge_install': False, 'path': '/home/ubuntu/Robotics/ros2_ws/src/cam2image_vm2ros', 'symlink_install': False, 'test_result_base': None}
[0.453s] INFO:colcon.colcon_core.executor:Executing jobs using 'parallel' executor
[0.453s] DEBUG:colcon.colcon_parallel_executor.executor.parallel:run_until_complete
[0.454s] INFO:colcon.colcon_ros.task.ament_cmake.build:Building ROS package in '/home/ubuntu/Robotics/ros2_ws/src/cam2image_vm2ros' with build type 'ament_cmake'
[0.454s] INFO:colcon.colcon_cmake.task.cmake.build:Building CMake package in '/home/ubuntu/Robotics/ros2_ws/src/cam2image_vm2ros'
[0.456s] INFO:colcon.colcon_core.plugin_system:Skipping extension 'colcon_core.shell.bat': Not used on non-Windows systems
[0.457s] INFO:colcon.colcon_core.shell:Skip shell extension 'powershell' for command environment: Not usable outside of PowerShell
[0.457s] DEBUG:colcon.colcon_core.shell:Skip shell extension 'dsv' for command environment
[0.467s] DEBUG:colcon.colcon_core.event_handler.log_command:Invoking command in '/home/ubuntu/Robotics/ros2_ws/build/cam2image_vm2ros': CMAKE_PREFIX_PATH=${CMAKE_PREFIX_PATH}:/opt/ros/jazzy /usr/bin/cmake --build /home/ubuntu/Robotics/ros2_ws/build/cam2image_vm2ros -- -j12 -l12
[3.611s] DEBUG:colcon.colcon_core.event_handler.log_command:Invoked command in '/home/ubuntu/Robotics/ros2_ws/build/cam2image_vm2ros' returned '0': CMAKE_PREFIX_PATH=${CMAKE_PREFIX_PATH}:/opt/ros/jazzy /usr/bin/cmake --build /home/ubuntu/Robotics/ros2_ws/build/cam2image_vm2ros -- -j12 -l12
[3.621s] DEBUG:colcon.colcon_core.event_handler.log_command:Invoking command in '/home/ubuntu/Robotics/ros2_ws/build/cam2image_vm2ros': CMAKE_PREFIX_PATH=${CMAKE_PREFIX_PATH}:/opt/ros/jazzy /usr/bin/cmake --install /home/ubuntu/Robotics/ros2_ws/build/cam2image_vm2ros
[3.684s] Level 1:colcon.colcon_core.environment:create_environment_scripts_only(cam2image_vm2ros)
[3.685s] DEBUG:colcon.colcon_core.event_handler.log_command:Invoked command in '/home/ubuntu/Robotics/ros2_ws/build/cam2image_vm2ros' returned '0': CMAKE_PREFIX_PATH=${CMAKE_PREFIX_PATH}:/opt/ros/jazzy /usr/bin/cmake --install /home/ubuntu/Robotics/ros2_ws/build/cam2image_vm2ros
[3.686s] Level 1:colcon.colcon_core.environment:checking '/home/ubuntu/Robotics/ros2_ws/install/cam2image_vm2ros' for CMake module files
[3.687s] Level 1:colcon.colcon_core.environment:checking '/home/ubuntu/Robotics/ros2_ws/install/cam2image_vm2ros' for CMake config files
[3.687s] Level 1:colcon.colcon_core.shell:create_environment_hook('cam2image_vm2ros', 'cmake_prefix_path')
[3.687s] INFO:colcon.colcon_core.shell:Creating environment hook '/home/ubuntu/Robotics/ros2_ws/install/cam2image_vm2ros/share/cam2image_vm2ros/hook/cmake_prefix_path.ps1'
[3.688s] INFO:colcon.colcon_core.shell:Creating environment descriptor '/home/ubuntu/Robotics/ros2_ws/install/cam2image_vm2ros/share/cam2image_vm2ros/hook/cmake_prefix_path.dsv'
[3.688s] INFO:colcon.colcon_core.shell:Creating environment hook '/home/ubuntu/Robotics/ros2_ws/install/cam2image_vm2ros/share/cam2image_vm2ros/hook/cmake_prefix_path.sh'
[3.689s] Level 1:colcon.colcon_core.environment:checking '/home/ubuntu/Robotics/ros2_ws/install/cam2image_vm2ros/lib'
[3.689s] Level 1:colcon.colcon_core.shell:create_environment_hook('cam2image_vm2ros', 'ld_library_path_lib')
[3.689s] INFO:colcon.colcon_core.shell:Creating environment hook '/home/ubuntu/Robotics/ros2_ws/install/cam2image_vm2ros/share/cam2image_vm2ros/hook/ld_library_path_lib.ps1'
[3.690s] INFO:colcon.colcon_core.shell:Creating environment descriptor '/home/ubuntu/Robotics/ros2_ws/install/cam2image_vm2ros/share/cam2image_vm2ros/hook/ld_library_path_lib.dsv'
[3.690s] INFO:colcon.colcon_core.shell:Creating environment hook '/home/ubuntu/Robotics/ros2_ws/install/cam2image_vm2ros/share/cam2image_vm2ros/hook/ld_library_path_lib.sh'
[3.691s] Level 1:colcon.colcon_core.environment:checking '/home/ubuntu/Robotics/ros2_ws/install/cam2image_vm2ros/bin'
[3.691s] Level 1:colcon.colcon_core.environment:checking '/home/ubuntu/Robotics/ros2_ws/install/cam2image_vm2ros/lib/pkgconfig/cam2image_vm2ros.pc'
[3.691s] Level 1:colcon.colcon_core.environment:checking '/home/ubuntu/Robotics/ros2_ws/install/cam2image_vm2ros/lib/python3.12/site-packages'
[3.691s] Level 1:colcon.colcon_core.environment:checking '/home/ubuntu/Robotics/ros2_ws/install/cam2image_vm2ros/bin'
[3.692s] INFO:colcon.colcon_core.shell:Creating package script '/home/ubuntu/Robotics/ros2_ws/install/cam2image_vm2ros/share/cam2image_vm2ros/package.ps1'
[3.692s] INFO:colcon.colcon_core.shell:Creating package descriptor '/home/ubuntu/Robotics/ros2_ws/install/cam2image_vm2ros/share/cam2image_vm2ros/package.dsv'
[3.693s] INFO:colcon.colcon_core.shell:Creating package script '/home/ubuntu/Robotics/ros2_ws/install/cam2image_vm2ros/share/cam2image_vm2ros/package.sh'
[3.693s] INFO:colcon.colcon_core.shell:Creating package script '/home/ubuntu/Robotics/ros2_ws/install/cam2image_vm2ros/share/cam2image_vm2ros/package.bash'
[3.694s] INFO:colcon.colcon_core.shell:Creating package script '/home/ubuntu/Robotics/ros2_ws/install/cam2image_vm2ros/share/cam2image_vm2ros/package.zsh'
[3.694s] Level 1:colcon.colcon_core.environment:create_file_with_runtime_dependencies(/home/ubuntu/Robotics/ros2_ws/install/cam2image_vm2ros/share/colcon-core/packages/cam2image_vm2ros)
[3.695s] Level 1:colcon.colcon_core.environment:create_environment_scripts_only(cam2image_vm2ros)
[3.695s] Level 1:colcon.colcon_core.environment:checking '/home/ubuntu/Robotics/ros2_ws/install/cam2image_vm2ros' for CMake module files
[3.695s] Level 1:colcon.colcon_core.environment:checking '/home/ubuntu/Robotics/ros2_ws/install/cam2image_vm2ros' for CMake config files
[3.696s] Level 1:colcon.colcon_core.shell:create_environment_hook('cam2image_vm2ros', 'cmake_prefix_path')
[3.696s] INFO:colcon.colcon_core.shell:Creating environment hook '/home/ubuntu/Robotics/ros2_ws/install/cam2image_vm2ros/share/cam2image_vm2ros/hook/cmake_prefix_path.ps1'
[3.696s] INFO:colcon.colcon_core.shell:Creating environment descriptor '/home/ubuntu/Robotics/ros2_ws/install/cam2image_vm2ros/share/cam2image_vm2ros/hook/cmake_prefix_path.dsv'
[3.696s] INFO:colcon.colcon_core.shell:Creating environment hook '/home/ubuntu/Robotics/ros2_ws/install/cam2image_vm2ros/share/cam2image_vm2ros/hook/cmake_prefix_path.sh'
[3.697s] Level 1:colcon.colcon_core.environment:checking '/home/ubuntu/Robotics/ros2_ws/install/cam2image_vm2ros/lib'
[3.697s] Level 1:colcon.colcon_core.shell:create_environment_hook('cam2image_vm2ros', 'ld_library_path_lib')
[3.697s] INFO:colcon.colcon_core.shell:Creating environment hook '/home/ubuntu/Robotics/ros2_ws/install/cam2image_vm2ros/share/cam2image_vm2ros/hook/ld_library_path_lib.ps1'
[3.698s] INFO:colcon.colcon_core.shell:Creating environment descriptor '/home/ubuntu/Robotics/ros2_ws/install/cam2image_vm2ros/share/cam2image_vm2ros/hook/ld_library_path_lib.dsv'
[3.698s] INFO:colcon.colcon_core.shell:Creating environment hook '/home/ubuntu/Robotics/ros2_ws/install/cam2image_vm2ros/share/cam2image_vm2ros/hook/ld_library_path_lib.sh'
[3.698s] Level 1:colcon.colcon_core.environment:checking '/home/ubuntu/Robotics/ros2_ws/install/cam2image_vm2ros/bin'
[3.698s] Level 1:colcon.colcon_core.environment:checking '/home/ubuntu/Robotics/ros2_ws/install/cam2image_vm2ros/lib/pkgconfig/cam2image_vm2ros.pc'
[3.699s] Level 1:colcon.colcon_core.environment:checking '/home/ubuntu/Robotics/ros2_ws/install/cam2image_vm2ros/lib/python3.12/site-packages'
[3.699s] Level 1:colcon.colcon_core.environment:checking '/home/ubuntu/Robotics/ros2_ws/install/cam2image_vm2ros/bin'
[3.699s] INFO:colcon.colcon_core.shell:Creating package script '/home/ubuntu/Robotics/ros2_ws/install/cam2image_vm2ros/share/cam2image_vm2ros/package.ps1'
[3.700s] INFO:colcon.colcon_core.shell:Creating package descriptor '/home/ubuntu/Robotics/ros2_ws/install/cam2image_vm2ros/share/cam2image_vm2ros/package.dsv'
[3.700s] INFO:colcon.colcon_core.shell:Creating package script '/home/ubuntu/Robotics/ros2_ws/install/cam2image_vm2ros/share/cam2image_vm2ros/package.sh'
[3.701s] INFO:colcon.colcon_core.shell:Creating package script '/home/ubuntu/Robotics/ros2_ws/install/cam2image_vm2ros/share/cam2image_vm2ros/package.bash'
[3.701s] INFO:colcon.colcon_core.shell:Creating package script '/home/ubuntu/Robotics/ros2_ws/install/cam2image_vm2ros/share/cam2image_vm2ros/package.zsh'
[3.701s] Level 1:colcon.colcon_core.environment:create_file_with_runtime_dependencies(/home/ubuntu/Robotics/ros2_ws/install/cam2image_vm2ros/share/colcon-core/packages/cam2image_vm2ros)
[3.702s] DEBUG:colcon.colcon_parallel_executor.executor.parallel:closing loop
[3.702s] DEBUG:colcon.colcon_parallel_executor.executor.parallel:loop closed
[3.703s] DEBUG:colcon.colcon_parallel_executor.executor.parallel:run_until_complete finished with '0'
[3.703s] DEBUG:colcon.colcon_core.event_reactor:joining thread
[3.774s] INFO:colcon.colcon_core.plugin_system:Skipping extension 'colcon_notification.desktop_notification.notify_send': Could not find 'notify-send'
[3.775s] INFO:colcon.colcon_core.plugin_system:Skipping extension 'colcon_notification.desktop_notification.terminal_notifier': Not used on non-Darwin systems
[3.775s] INFO:colcon.colcon_core.plugin_system:Skipping extension 'colcon_notification.desktop_notification.win32': Not used on non-Windows systems
[3.775s] INFO:colcon.colcon_notification.desktop_notification:Sending desktop notification using 'notify2'
[3.776s] DEBUG:colcon.colcon_notification.desktop_notification.notify2:Failed to initialize notify2: org.freedesktop.DBus.Error.ServiceUnknown: The name org.freedesktop.Notifications was not provided by any .service files
[3.776s] DEBUG:colcon.colcon_core.event_reactor:joined thread
[3.776s] INFO:colcon.colcon_core.shell:Creating prefix script '/home/ubuntu/Robotics/ros2_ws/install/local_setup.ps1'
[3.777s] INFO:colcon.colcon_core.shell:Creating prefix util module '/home/ubuntu/Robotics/ros2_ws/install/_local_setup_util_ps1.py'
[3.778s] INFO:colcon.colcon_core.shell:Creating prefix chain script '/home/ubuntu/Robotics/ros2_ws/install/setup.ps1'
[3.779s] INFO:colcon.colcon_core.shell:Creating prefix script '/home/ubuntu/Robotics/ros2_ws/install/local_setup.sh'
[3.779s] INFO:colcon.colcon_core.shell:Creating prefix util module '/home/ubuntu/Robotics/ros2_ws/install/_local_setup_util_sh.py'
[3.780s] INFO:colcon.colcon_core.shell:Creating prefix chain script '/home/ubuntu/Robotics/ros2_ws/install/setup.sh'
[3.781s] INFO:colcon.colcon_core.shell:Creating prefix script '/home/ubuntu/Robotics/ros2_ws/install/local_setup.bash'
[3.781s] INFO:colcon.colcon_core.shell:Creating prefix chain script '/home/ubuntu/Robotics/ros2_ws/install/setup.bash'
[3.782s] INFO:colcon.colcon_core.shell:Creating prefix script '/home/ubuntu/Robotics/ros2_ws/install/local_setup.zsh'
[3.783s] INFO:colcon.colcon_core.shell:Creating prefix chain script '/home/ubuntu/Robotics/ros2_ws/install/setup.zsh'
