[1.485s] DEBUG:colcon:Command line arguments: ['/usr/bin/colcon', 'build']
[1.485s] DEBUG:colcon:Parsed command line arguments: Namespace(log_base=None, log_level=None, verb_name='build', build_base='build', install_base='install', merge_install=False, symlink_install=False, test_result_base=None, continue_on_error=False, executor='parallel', parallel_workers=12, event_handlers=None, ignore_user_meta=False, metas=['./colcon.meta'], base_paths=['.'], packages_ignore=None, packages_ignore_regex=None, paths=None, packages_up_to=None, packages_up_to_regex=None, packages_above=None, packages_above_and_dependencies=None, packages_above_depth=None, packages_select_by_dep=None, packages_skip_by_dep=None, packages_skip_up_to=None, packages_select_build_failed=False, packages_skip_build_finished=False, packages_select_test_failures=False, packages_skip_test_passed=False, packages_select=None, packages_skip=None, packages_select_regex=None, packages_skip_regex=None, packages_start=None, packages_end=None, allow_overriding=[], cmake_args=None, cmake_target=None, cmake_target_skip_unavailable=False, cmake_clean_cache=False, cmake_clean_first=False, cmake_force_configure=False, ament_cmake_args=None, catkin_cmake_args=None, catkin_skip_building_tests=False, mixin_files=None, mixin=None, verb_parser=<colcon_mixin.mixin.mixin_argument.MixinArgumentDecorator object at 0x70f6d6d85160>, verb_extension=<colcon_core.verb.build.BuildVerb object at 0x70f6d6d84b00>, main=<bound method BuildVerb.main of <colcon_core.verb.build.BuildVerb object at 0x70f6d6d84b00>>, mixin_verb=('build',))
[1.753s] Level 1:colcon.colcon_core.package_discovery:discover_packages(colcon_meta) check parameters
[1.753s] Level 1:colcon.colcon_core.package_discovery:discover_packages(recursive) check parameters
[1.754s] Level 1:colcon.colcon_core.package_discovery:discover_packages(ignore) check parameters
[1.754s] Level 1:colcon.colcon_core.package_discovery:discover_packages(path) check parameters
[1.754s] Level 1:colcon.colcon_core.package_discovery:discover_packages(colcon_meta) discover
[1.754s] Level 1:colcon.colcon_core.package_discovery:discover_packages(recursive) discover
[1.754s] INFO:colcon.colcon_core.package_discovery:Crawling recursively for packages in '/home/ubuntu/Robotics/ros2_ws'
[1.754s] Level 1:colcon.colcon_core.package_identification:_identify(.) by extensions ['ignore', 'ignore_ament_install']
[1.754s] Level 1:colcon.colcon_core.package_identification:_identify(.) by extension 'ignore'
[1.754s] Level 1:colcon.colcon_core.package_identification:_identify(.) by extension 'ignore_ament_install'
[1.755s] Level 1:colcon.colcon_core.package_identification:_identify(.) by extensions ['colcon_pkg']
[1.755s] Level 1:colcon.colcon_core.package_identification:_identify(.) by extension 'colcon_pkg'
[1.755s] Level 1:colcon.colcon_core.package_identification:_identify(.) by extensions ['colcon_meta']
[1.755s] Level 1:colcon.colcon_core.package_identification:_identify(.) by extension 'colcon_meta'
[1.755s] Level 1:colcon.colcon_core.package_identification:_identify(.) by extensions ['ros']
[1.755s] Level 1:colcon.colcon_core.package_identification:_identify(.) by extension 'ros'
[1.851s] Level 1:colcon.colcon_core.package_identification:_identify(.) by extensions ['cmake', 'python']
[1.851s] Level 1:colcon.colcon_core.package_identification:_identify(.) by extension 'cmake'
[1.851s] Level 1:colcon.colcon_core.package_identification:_identify(.) by extension 'python'
[1.851s] Level 1:colcon.colcon_core.package_identification:_identify(.) by extensions ['python_setup_py']
[1.851s] Level 1:colcon.colcon_core.package_identification:_identify(.) by extension 'python_setup_py'
[1.853s] Level 1:colcon.colcon_core.package_identification:_identify(build) by extensions ['ignore', 'ignore_ament_install']
[1.853s] Level 1:colcon.colcon_core.package_identification:_identify(build) by extension 'ignore'
[1.853s] Level 1:colcon.colcon_core.package_identification:_identify(build) ignored
[1.854s] Level 1:colcon.colcon_core.package_identification:_identify(install) by extensions ['ignore', 'ignore_ament_install']
[1.854s] Level 1:colcon.colcon_core.package_identification:_identify(install) by extension 'ignore'
[1.854s] Level 1:colcon.colcon_core.package_identification:_identify(install) ignored
[1.859s] Level 1:colcon.colcon_core.package_identification:_identify(launch) by extensions ['ignore', 'ignore_ament_install']
[1.860s] Level 1:colcon.colcon_core.package_identification:_identify(launch) by extension 'ignore'
[1.860s] Level 1:colcon.colcon_core.package_identification:_identify(launch) by extension 'ignore_ament_install'
[1.861s] Level 1:colcon.colcon_core.package_identification:_identify(launch) by extensions ['colcon_pkg']
[1.861s] Level 1:colcon.colcon_core.package_identification:_identify(launch) by extension 'colcon_pkg'
[1.861s] Level 1:colcon.colcon_core.package_identification:_identify(launch) by extensions ['colcon_meta']
[1.861s] Level 1:colcon.colcon_core.package_identification:_identify(launch) by extension 'colcon_meta'
[1.861s] Level 1:colcon.colcon_core.package_identification:_identify(launch) by extensions ['ros']
[1.861s] Level 1:colcon.colcon_core.package_identification:_identify(launch) by extension 'ros'
[1.861s] Level 1:colcon.colcon_core.package_identification:_identify(launch) by extensions ['cmake', 'python']
[1.861s] Level 1:colcon.colcon_core.package_identification:_identify(launch) by extension 'cmake'
[1.862s] Level 1:colcon.colcon_core.package_identification:_identify(launch) by extension 'python'
[1.862s] Level 1:colcon.colcon_core.package_identification:_identify(launch) by extensions ['python_setup_py']
[1.862s] Level 1:colcon.colcon_core.package_identification:_identify(launch) by extension 'python_setup_py'
[1.870s] Level 1:colcon.colcon_core.package_identification:_identify(launch/__pycache__) by extensions ['ignore', 'ignore_ament_install']
[1.870s] Level 1:colcon.colcon_core.package_identification:_identify(launch/__pycache__) by extension 'ignore'
[1.870s] Level 1:colcon.colcon_core.package_identification:_identify(launch/__pycache__) by extension 'ignore_ament_install'
[1.870s] Level 1:colcon.colcon_core.package_identification:_identify(launch/__pycache__) by extensions ['colcon_pkg']
[1.870s] Level 1:colcon.colcon_core.package_identification:_identify(launch/__pycache__) by extension 'colcon_pkg'
[1.870s] Level 1:colcon.colcon_core.package_identification:_identify(launch/__pycache__) by extensions ['colcon_meta']
[1.870s] Level 1:colcon.colcon_core.package_identification:_identify(launch/__pycache__) by extension 'colcon_meta'
[1.870s] Level 1:colcon.colcon_core.package_identification:_identify(launch/__pycache__) by extensions ['ros']
[1.871s] Level 1:colcon.colcon_core.package_identification:_identify(launch/__pycache__) by extension 'ros'
[1.871s] Level 1:colcon.colcon_core.package_identification:_identify(launch/__pycache__) by extensions ['cmake', 'python']
[1.871s] Level 1:colcon.colcon_core.package_identification:_identify(launch/__pycache__) by extension 'cmake'
[1.871s] Level 1:colcon.colcon_core.package_identification:_identify(launch/__pycache__) by extension 'python'
[1.871s] Level 1:colcon.colcon_core.package_identification:_identify(launch/__pycache__) by extensions ['python_setup_py']
[1.871s] Level 1:colcon.colcon_core.package_identification:_identify(launch/__pycache__) by extension 'python_setup_py'
[1.872s] Level 1:colcon.colcon_core.package_identification:_identify(log) by extensions ['ignore', 'ignore_ament_install']
[1.873s] Level 1:colcon.colcon_core.package_identification:_identify(log) by extension 'ignore'
[1.873s] Level 1:colcon.colcon_core.package_identification:_identify(log) ignored
[1.874s] Level 1:colcon.colcon_core.package_identification:_identify(src) by extensions ['ignore', 'ignore_ament_install']
[1.874s] Level 1:colcon.colcon_core.package_identification:_identify(src) by extension 'ignore'
[1.874s] Level 1:colcon.colcon_core.package_identification:_identify(src) by extension 'ignore_ament_install'
[1.874s] Level 1:colcon.colcon_core.package_identification:_identify(src) by extensions ['colcon_pkg']
[1.874s] Level 1:colcon.colcon_core.package_identification:_identify(src) by extension 'colcon_pkg'
[1.874s] Level 1:colcon.colcon_core.package_identification:_identify(src) by extensions ['colcon_meta']
[1.874s] Level 1:colcon.colcon_core.package_identification:_identify(src) by extension 'colcon_meta'
[1.874s] Level 1:colcon.colcon_core.package_identification:_identify(src) by extensions ['ros']
[1.874s] Level 1:colcon.colcon_core.package_identification:_identify(src) by extension 'ros'
[1.875s] Level 1:colcon.colcon_core.package_identification:_identify(src) by extensions ['cmake', 'python']
[1.875s] Level 1:colcon.colcon_core.package_identification:_identify(src) by extension 'cmake'
[1.875s] Level 1:colcon.colcon_core.package_identification:_identify(src) by extension 'python'
[1.875s] Level 1:colcon.colcon_core.package_identification:_identify(src) by extensions ['python_setup_py']
[1.875s] Level 1:colcon.colcon_core.package_identification:_identify(src) by extension 'python_setup_py'
[1.878s] Level 1:colcon.colcon_core.package_identification:_identify(src/assignment1_1) by extensions ['ignore', 'ignore_ament_install']
[1.879s] Level 1:colcon.colcon_core.package_identification:_identify(src/assignment1_1) by extension 'ignore'
[1.879s] Level 1:colcon.colcon_core.package_identification:_identify(src/assignment1_1) by extension 'ignore_ament_install'
[1.879s] Level 1:colcon.colcon_core.package_identification:_identify(src/assignment1_1) by extensions ['colcon_pkg']
[1.879s] Level 1:colcon.colcon_core.package_identification:_identify(src/assignment1_1) by extension 'colcon_pkg'
[1.879s] Level 1:colcon.colcon_core.package_identification:_identify(src/assignment1_1) by extensions ['colcon_meta']
[1.880s] Level 1:colcon.colcon_core.package_identification:_identify(src/assignment1_1) by extension 'colcon_meta'
[1.880s] Level 1:colcon.colcon_core.package_identification:_identify(src/assignment1_1) by extensions ['ros']
[1.880s] Level 1:colcon.colcon_core.package_identification:_identify(src/assignment1_1) by extension 'ros'
[1.903s] DEBUG:colcon.colcon_core.package_identification:Package 'src/assignment1_1' with type 'ros.ament_cmake' and name 'assignment1_1'
[1.909s] Level 1:colcon.colcon_core.package_identification:_identify(src/assignment1_2) by extensions ['ignore', 'ignore_ament_install']
[1.909s] Level 1:colcon.colcon_core.package_identification:_identify(src/assignment1_2) by extension 'ignore'
[1.909s] Level 1:colcon.colcon_core.package_identification:_identify(src/assignment1_2) by extension 'ignore_ament_install'
[1.910s] Level 1:colcon.colcon_core.package_identification:_identify(src/assignment1_2) by extensions ['colcon_pkg']
[1.910s] Level 1:colcon.colcon_core.package_identification:_identify(src/assignment1_2) by extension 'colcon_pkg'
[1.910s] Level 1:colcon.colcon_core.package_identification:_identify(src/assignment1_2) by extensions ['colcon_meta']
[1.910s] Level 1:colcon.colcon_core.package_identification:_identify(src/assignment1_2) by extension 'colcon_meta'
[1.910s] Level 1:colcon.colcon_core.package_identification:_identify(src/assignment1_2) by extensions ['ros']
[1.910s] Level 1:colcon.colcon_core.package_identification:_identify(src/assignment1_2) by extension 'ros'
[1.926s] DEBUG:colcon.colcon_core.package_identification:Package 'src/assignment1_2' with type 'ros.ament_cmake' and name 'assignment1_2'
[1.928s] Level 1:colcon.colcon_core.package_identification:_identify(src/cam2image_vm2ros) by extensions ['ignore', 'ignore_ament_install']
[1.928s] Level 1:colcon.colcon_core.package_identification:_identify(src/cam2image_vm2ros) by extension 'ignore'
[1.928s] Level 1:colcon.colcon_core.package_identification:_identify(src/cam2image_vm2ros) by extension 'ignore_ament_install'
[1.928s] Level 1:colcon.colcon_core.package_identification:_identify(src/cam2image_vm2ros) by extensions ['colcon_pkg']
[1.928s] Level 1:colcon.colcon_core.package_identification:_identify(src/cam2image_vm2ros) by extension 'colcon_pkg'
[1.928s] Level 1:colcon.colcon_core.package_identification:_identify(src/cam2image_vm2ros) by extensions ['colcon_meta']
[1.928s] Level 1:colcon.colcon_core.package_identification:_identify(src/cam2image_vm2ros) by extension 'colcon_meta'
[1.929s] Level 1:colcon.colcon_core.package_identification:_identify(src/cam2image_vm2ros) by extensions ['ros']
[1.929s] Level 1:colcon.colcon_core.package_identification:_identify(src/cam2image_vm2ros) by extension 'ros'
[1.938s] DEBUG:colcon.colcon_core.package_identification:Package 'src/cam2image_vm2ros' with type 'ros.ament_cmake' and name 'cam2image_vm2ros'
[1.945s] Level 1:colcon.colcon_core.package_identification:_identify(src/cpp_pubsub) by extensions ['ignore', 'ignore_ament_install']
[1.945s] Level 1:colcon.colcon_core.package_identification:_identify(src/cpp_pubsub) by extension 'ignore'
[1.945s] Level 1:colcon.colcon_core.package_identification:_identify(src/cpp_pubsub) by extension 'ignore_ament_install'
[1.945s] Level 1:colcon.colcon_core.package_identification:_identify(src/cpp_pubsub) by extensions ['colcon_pkg']
[1.945s] Level 1:colcon.colcon_core.package_identification:_identify(src/cpp_pubsub) by extension 'colcon_pkg'
[1.945s] Level 1:colcon.colcon_core.package_identification:_identify(src/cpp_pubsub) by extensions ['colcon_meta']
[1.945s] Level 1:colcon.colcon_core.package_identification:_identify(src/cpp_pubsub) by extension 'colcon_meta'
[1.945s] Level 1:colcon.colcon_core.package_identification:_identify(src/cpp_pubsub) by extensions ['ros']
[1.945s] Level 1:colcon.colcon_core.package_identification:_identify(src/cpp_pubsub) by extension 'ros'
[1.957s] DEBUG:colcon.colcon_core.package_identification:Package 'src/cpp_pubsub' with type 'ros.ament_cmake' and name 'cpp_pubsub'
[1.967s] Level 1:colcon.colcon_core.package_identification:_identify(src/relbot_adapter) by extensions ['ignore', 'ignore_ament_install']
[1.968s] Level 1:colcon.colcon_core.package_identification:_identify(src/relbot_adapter) by extension 'ignore'
[1.968s] Level 1:colcon.colcon_core.package_identification:_identify(src/relbot_adapter) by extension 'ignore_ament_install'
[1.968s] Level 1:colcon.colcon_core.package_identification:_identify(src/relbot_adapter) by extensions ['colcon_pkg']
[1.968s] Level 1:colcon.colcon_core.package_identification:_identify(src/relbot_adapter) by extension 'colcon_pkg'
[1.968s] Level 1:colcon.colcon_core.package_identification:_identify(src/relbot_adapter) by extensions ['colcon_meta']
[1.968s] Level 1:colcon.colcon_core.package_identification:_identify(src/relbot_adapter) by extension 'colcon_meta'
[1.968s] Level 1:colcon.colcon_core.package_identification:_identify(src/relbot_adapter) by extensions ['ros']
[1.968s] Level 1:colcon.colcon_core.package_identification:_identify(src/relbot_adapter) by extension 'ros'
[1.980s] DEBUG:colcon.colcon_core.package_identification:Package 'src/relbot_adapter' with type 'ros.ament_cmake' and name 'relbot_adapter'
[1.981s] Level 1:colcon.colcon_core.package_identification:_identify(src/relbot_msgs) by extensions ['ignore', 'ignore_ament_install']
[1.981s] Level 1:colcon.colcon_core.package_identification:_identify(src/relbot_msgs) by extension 'ignore'
[1.981s] Level 1:colcon.colcon_core.package_identification:_identify(src/relbot_msgs) by extension 'ignore_ament_install'
[1.981s] Level 1:colcon.colcon_core.package_identification:_identify(src/relbot_msgs) by extensions ['colcon_pkg']
[1.982s] Level 1:colcon.colcon_core.package_identification:_identify(src/relbot_msgs) by extension 'colcon_pkg'
[1.982s] Level 1:colcon.colcon_core.package_identification:_identify(src/relbot_msgs) by extensions ['colcon_meta']
[1.982s] Level 1:colcon.colcon_core.package_identification:_identify(src/relbot_msgs) by extension 'colcon_meta'
[1.982s] Level 1:colcon.colcon_core.package_identification:_identify(src/relbot_msgs) by extensions ['ros']
[1.982s] Level 1:colcon.colcon_core.package_identification:_identify(src/relbot_msgs) by extension 'ros'
[1.989s] DEBUG:colcon.colcon_core.package_identification:Package 'src/relbot_msgs' with type 'ros.ament_cmake' and name 'relbot_msgs'
[1.998s] Level 1:colcon.colcon_core.package_identification:_identify(src/relbot_simulator) by extensions ['ignore', 'ignore_ament_install']
[1.998s] Level 1:colcon.colcon_core.package_identification:_identify(src/relbot_simulator) by extension 'ignore'
[1.998s] Level 1:colcon.colcon_core.package_identification:_identify(src/relbot_simulator) by extension 'ignore_ament_install'
[1.999s] Level 1:colcon.colcon_core.package_identification:_identify(src/relbot_simulator) by extensions ['colcon_pkg']
[1.999s] Level 1:colcon.colcon_core.package_identification:_identify(src/relbot_simulator) by extension 'colcon_pkg'
[1.999s] Level 1:colcon.colcon_core.package_identification:_identify(src/relbot_simulator) by extensions ['colcon_meta']
[1.999s] Level 1:colcon.colcon_core.package_identification:_identify(src/relbot_simulator) by extension 'colcon_meta'
[1.999s] Level 1:colcon.colcon_core.package_identification:_identify(src/relbot_simulator) by extensions ['ros']
[1.999s] Level 1:colcon.colcon_core.package_identification:_identify(src/relbot_simulator) by extension 'ros'
[2.001s] DEBUG:colcon.colcon_core.package_identification:Package 'src/relbot_simulator' with type 'ros.ament_cmake' and name 'relbot_simulator'
[2.001s] Level 1:colcon.colcon_core.package_discovery:discover_packages(recursive) using defaults
[2.001s] Level 1:colcon.colcon_core.package_discovery:discover_packages(ignore) discover
[2.001s] Level 1:colcon.colcon_core.package_discovery:discover_packages(ignore) using defaults
[2.001s] Level 1:colcon.colcon_core.package_discovery:discover_packages(path) discover
[2.001s] Level 1:colcon.colcon_core.package_discovery:discover_packages(path) using defaults
[2.112s] Level 1:colcon.colcon_core.package_discovery:discover_packages(prefix_path) check parameters
[2.112s] Level 1:colcon.colcon_core.package_discovery:discover_packages(prefix_path) discover
[2.163s] DEBUG:colcon.colcon_installed_package_information.package_discovery:Found 7 installed packages in /home/ubuntu/Robotics/ros2_ws/install
[2.173s] DEBUG:colcon.colcon_installed_package_information.package_discovery:Found 286 installed packages in /opt/ros/jazzy
[2.178s] Level 1:colcon.colcon_core.package_discovery:discover_packages(prefix_path) using defaults
[3.421s] Level 5:colcon.colcon_core.verb:set package 'assignment1_1' build argument 'cmake_args' from command line to 'None'
[3.422s] Level 5:colcon.colcon_core.verb:set package 'assignment1_1' build argument 'cmake_target' from command line to 'None'
[3.422s] Level 5:colcon.colcon_core.verb:set package 'assignment1_1' build argument 'cmake_target_skip_unavailable' from command line to 'False'
[3.422s] Level 5:colcon.colcon_core.verb:set package 'assignment1_1' build argument 'cmake_clean_cache' from command line to 'False'
[3.422s] Level 5:colcon.colcon_core.verb:set package 'assignment1_1' build argument 'cmake_clean_first' from command line to 'False'
[3.422s] Level 5:colcon.colcon_core.verb:set package 'assignment1_1' build argument 'cmake_force_configure' from command line to 'False'
[3.422s] Level 5:colcon.colcon_core.verb:set package 'assignment1_1' build argument 'ament_cmake_args' from command line to 'None'
[3.422s] Level 5:colcon.colcon_core.verb:set package 'assignment1_1' build argument 'catkin_cmake_args' from command line to 'None'
[3.422s] Level 5:colcon.colcon_core.verb:set package 'assignment1_1' build argument 'catkin_skip_building_tests' from command line to 'False'
[3.422s] DEBUG:colcon.colcon_core.verb:Building package 'assignment1_1' with the following arguments: {'ament_cmake_args': None, 'build_base': '/home/ubuntu/Robotics/ros2_ws/build/assignment1_1', 'catkin_cmake_args': None, 'catkin_skip_building_tests': False, 'cmake_args': None, 'cmake_clean_cache': False, 'cmake_clean_first': False, 'cmake_force_configure': False, 'cmake_target': None, 'cmake_target_skip_unavailable': False, 'install_base': '/home/ubuntu/Robotics/ros2_ws/install/assignment1_1', 'merge_install': False, 'path': '/home/ubuntu/Robotics/ros2_ws/src/assignment1_1', 'symlink_install': False, 'test_result_base': None}
[3.422s] Level 5:colcon.colcon_core.verb:set package 'assignment1_2' build argument 'cmake_args' from command line to 'None'
[3.422s] Level 5:colcon.colcon_core.verb:set package 'assignment1_2' build argument 'cmake_target' from command line to 'None'
[3.422s] Level 5:colcon.colcon_core.verb:set package 'assignment1_2' build argument 'cmake_target_skip_unavailable' from command line to 'False'
[3.422s] Level 5:colcon.colcon_core.verb:set package 'assignment1_2' build argument 'cmake_clean_cache' from command line to 'False'
[3.422s] Level 5:colcon.colcon_core.verb:set package 'assignment1_2' build argument 'cmake_clean_first' from command line to 'False'
[3.422s] Level 5:colcon.colcon_core.verb:set package 'assignment1_2' build argument 'cmake_force_configure' from command line to 'False'
[3.422s] Level 5:colcon.colcon_core.verb:set package 'assignment1_2' build argument 'ament_cmake_args' from command line to 'None'
[3.422s] Level 5:colcon.colcon_core.verb:set package 'assignment1_2' build argument 'catkin_cmake_args' from command line to 'None'
[3.422s] Level 5:colcon.colcon_core.verb:set package 'assignment1_2' build argument 'catkin_skip_building_tests' from command line to 'False'
[3.422s] DEBUG:colcon.colcon_core.verb:Building package 'assignment1_2' with the following arguments: {'ament_cmake_args': None, 'build_base': '/home/ubuntu/Robotics/ros2_ws/build/assignment1_2', 'catkin_cmake_args': None, 'catkin_skip_building_tests': False, 'cmake_args': None, 'cmake_clean_cache': False, 'cmake_clean_first': False, 'cmake_force_configure': False, 'cmake_target': None, 'cmake_target_skip_unavailable': False, 'install_base': '/home/ubuntu/Robotics/ros2_ws/install/assignment1_2', 'merge_install': False, 'path': '/home/ubuntu/Robotics/ros2_ws/src/assignment1_2', 'symlink_install': False, 'test_result_base': None}
[3.423s] Level 5:colcon.colcon_core.verb:set package 'cam2image_vm2ros' build argument 'cmake_args' from command line to 'None'
[3.423s] Level 5:colcon.colcon_core.verb:set package 'cam2image_vm2ros' build argument 'cmake_target' from command line to 'None'
[3.423s] Level 5:colcon.colcon_core.verb:set package 'cam2image_vm2ros' build argument 'cmake_target_skip_unavailable' from command line to 'False'
[3.423s] Level 5:colcon.colcon_core.verb:set package 'cam2image_vm2ros' build argument 'cmake_clean_cache' from command line to 'False'
[3.423s] Level 5:colcon.colcon_core.verb:set package 'cam2image_vm2ros' build argument 'cmake_clean_first' from command line to 'False'
[3.423s] Level 5:colcon.colcon_core.verb:set package 'cam2image_vm2ros' build argument 'cmake_force_configure' from command line to 'False'
[3.423s] Level 5:colcon.colcon_core.verb:set package 'cam2image_vm2ros' build argument 'ament_cmake_args' from command line to 'None'
[3.423s] Level 5:colcon.colcon_core.verb:set package 'cam2image_vm2ros' build argument 'catkin_cmake_args' from command line to 'None'
[3.423s] Level 5:colcon.colcon_core.verb:set package 'cam2image_vm2ros' build argument 'catkin_skip_building_tests' from command line to 'False'
[3.423s] DEBUG:colcon.colcon_core.verb:Building package 'cam2image_vm2ros' with the following arguments: {'ament_cmake_args': None, 'build_base': '/home/ubuntu/Robotics/ros2_ws/build/cam2image_vm2ros', 'catkin_cmake_args': None, 'catkin_skip_building_tests': False, 'cmake_args': None, 'cmake_clean_cache': False, 'cmake_clean_first': False, 'cmake_force_configure': False, 'cmake_target': None, 'cmake_target_skip_unavailable': False, 'install_base': '/home/ubuntu/Robotics/ros2_ws/install/cam2image_vm2ros', 'merge_install': False, 'path': '/home/ubuntu/Robotics/ros2_ws/src/cam2image_vm2ros', 'symlink_install': False, 'test_result_base': None}
[3.423s] Level 5:colcon.colcon_core.verb:set package 'cpp_pubsub' build argument 'cmake_args' from command line to 'None'
[3.423s] Level 5:colcon.colcon_core.verb:set package 'cpp_pubsub' build argument 'cmake_target' from command line to 'None'
[3.423s] Level 5:colcon.colcon_core.verb:set package 'cpp_pubsub' build argument 'cmake_target_skip_unavailable' from command line to 'False'
[3.423s] Level 5:colcon.colcon_core.verb:set package 'cpp_pubsub' build argument 'cmake_clean_cache' from command line to 'False'
[3.423s] Level 5:colcon.colcon_core.verb:set package 'cpp_pubsub' build argument 'cmake_clean_first' from command line to 'False'
[3.423s] Level 5:colcon.colcon_core.verb:set package 'cpp_pubsub' build argument 'cmake_force_configure' from command line to 'False'
[3.423s] Level 5:colcon.colcon_core.verb:set package 'cpp_pubsub' build argument 'ament_cmake_args' from command line to 'None'
[3.423s] Level 5:colcon.colcon_core.verb:set package 'cpp_pubsub' build argument 'catkin_cmake_args' from command line to 'None'
[3.423s] Level 5:colcon.colcon_core.verb:set package 'cpp_pubsub' build argument 'catkin_skip_building_tests' from command line to 'False'
[3.424s] DEBUG:colcon.colcon_core.verb:Building package 'cpp_pubsub' with the following arguments: {'ament_cmake_args': None, 'build_base': '/home/ubuntu/Robotics/ros2_ws/build/cpp_pubsub', 'catkin_cmake_args': None, 'catkin_skip_building_tests': False, 'cmake_args': None, 'cmake_clean_cache': False, 'cmake_clean_first': False, 'cmake_force_configure': False, 'cmake_target': None, 'cmake_target_skip_unavailable': False, 'install_base': '/home/ubuntu/Robotics/ros2_ws/install/cpp_pubsub', 'merge_install': False, 'path': '/home/ubuntu/Robotics/ros2_ws/src/cpp_pubsub', 'symlink_install': False, 'test_result_base': None}
[3.424s] Level 5:colcon.colcon_core.verb:set package 'relbot_adapter' build argument 'cmake_args' from command line to 'None'
[3.424s] Level 5:colcon.colcon_core.verb:set package 'relbot_adapter' build argument 'cmake_target' from command line to 'None'
[3.424s] Level 5:colcon.colcon_core.verb:set package 'relbot_adapter' build argument 'cmake_target_skip_unavailable' from command line to 'False'
[3.424s] Level 5:colcon.colcon_core.verb:set package 'relbot_adapter' build argument 'cmake_clean_cache' from command line to 'False'
[3.424s] Level 5:colcon.colcon_core.verb:set package 'relbot_adapter' build argument 'cmake_clean_first' from command line to 'False'
[3.424s] Level 5:colcon.colcon_core.verb:set package 'relbot_adapter' build argument 'cmake_force_configure' from command line to 'False'
[3.424s] Level 5:colcon.colcon_core.verb:set package 'relbot_adapter' build argument 'ament_cmake_args' from command line to 'None'
[3.424s] Level 5:colcon.colcon_core.verb:set package 'relbot_adapter' build argument 'catkin_cmake_args' from command line to 'None'
[3.424s] Level 5:colcon.colcon_core.verb:set package 'relbot_adapter' build argument 'catkin_skip_building_tests' from command line to 'False'
[3.424s] DEBUG:colcon.colcon_core.verb:Building package 'relbot_adapter' with the following arguments: {'ament_cmake_args': None, 'build_base': '/home/ubuntu/Robotics/ros2_ws/build/relbot_adapter', 'catkin_cmake_args': None, 'catkin_skip_building_tests': False, 'cmake_args': None, 'cmake_clean_cache': False, 'cmake_clean_first': False, 'cmake_force_configure': False, 'cmake_target': None, 'cmake_target_skip_unavailable': False, 'install_base': '/home/ubuntu/Robotics/ros2_ws/install/relbot_adapter', 'merge_install': False, 'path': '/home/ubuntu/Robotics/ros2_ws/src/relbot_adapter', 'symlink_install': False, 'test_result_base': None}
[3.424s] Level 5:colcon.colcon_core.verb:set package 'relbot_msgs' build argument 'cmake_args' from command line to 'None'
[3.424s] Level 5:colcon.colcon_core.verb:set package 'relbot_msgs' build argument 'cmake_target' from command line to 'None'
[3.424s] Level 5:colcon.colcon_core.verb:set package 'relbot_msgs' build argument 'cmake_target_skip_unavailable' from command line to 'False'
[3.424s] Level 5:colcon.colcon_core.verb:set package 'relbot_msgs' build argument 'cmake_clean_cache' from command line to 'False'
[3.424s] Level 5:colcon.colcon_core.verb:set package 'relbot_msgs' build argument 'cmake_clean_first' from command line to 'False'
[3.424s] Level 5:colcon.colcon_core.verb:set package 'relbot_msgs' build argument 'cmake_force_configure' from command line to 'False'
[3.424s] Level 5:colcon.colcon_core.verb:set package 'relbot_msgs' build argument 'ament_cmake_args' from command line to 'None'
[3.425s] Level 5:colcon.colcon_core.verb:set package 'relbot_msgs' build argument 'catkin_cmake_args' from command line to 'None'
[3.425s] Level 5:colcon.colcon_core.verb:set package 'relbot_msgs' build argument 'catkin_skip_building_tests' from command line to 'False'
[3.425s] DEBUG:colcon.colcon_core.verb:Building package 'relbot_msgs' with the following arguments: {'ament_cmake_args': None, 'build_base': '/home/ubuntu/Robotics/ros2_ws/build/relbot_msgs', 'catkin_cmake_args': None, 'catkin_skip_building_tests': False, 'cmake_args': None, 'cmake_clean_cache': False, 'cmake_clean_first': False, 'cmake_force_configure': False, 'cmake_target': None, 'cmake_target_skip_unavailable': False, 'install_base': '/home/ubuntu/Robotics/ros2_ws/install/relbot_msgs', 'merge_install': False, 'path': '/home/ubuntu/Robotics/ros2_ws/src/relbot_msgs', 'symlink_install': False, 'test_result_base': None}
[3.425s] Level 5:colcon.colcon_core.verb:set package 'relbot_simulator' build argument 'cmake_args' from command line to 'None'
[3.425s] Level 5:colcon.colcon_core.verb:set package 'relbot_simulator' build argument 'cmake_target' from command line to 'None'
[3.425s] Level 5:colcon.colcon_core.verb:set package 'relbot_simulator' build argument 'cmake_target_skip_unavailable' from command line to 'False'
[3.425s] Level 5:colcon.colcon_core.verb:set package 'relbot_simulator' build argument 'cmake_clean_cache' from command line to 'False'
[3.425s] Level 5:colcon.colcon_core.verb:set package 'relbot_simulator' build argument 'cmake_clean_first' from command line to 'False'
[3.425s] Level 5:colcon.colcon_core.verb:set package 'relbot_simulator' build argument 'cmake_force_configure' from command line to 'False'
[3.425s] Level 5:colcon.colcon_core.verb:set package 'relbot_simulator' build argument 'ament_cmake_args' from command line to 'None'
[3.425s] Level 5:colcon.colcon_core.verb:set package 'relbot_simulator' build argument 'catkin_cmake_args' from command line to 'None'
[3.425s] Level 5:colcon.colcon_core.verb:set package 'relbot_simulator' build argument 'catkin_skip_building_tests' from command line to 'False'
[3.425s] DEBUG:colcon.colcon_core.verb:Building package 'relbot_simulator' with the following arguments: {'ament_cmake_args': None, 'build_base': '/home/ubuntu/Robotics/ros2_ws/build/relbot_simulator', 'catkin_cmake_args': None, 'catkin_skip_building_tests': False, 'cmake_args': None, 'cmake_clean_cache': False, 'cmake_clean_first': False, 'cmake_force_configure': False, 'cmake_target': None, 'cmake_target_skip_unavailable': False, 'install_base': '/home/ubuntu/Robotics/ros2_ws/install/relbot_simulator', 'merge_install': False, 'path': '/home/ubuntu/Robotics/ros2_ws/src/relbot_simulator', 'symlink_install': False, 'test_result_base': None}
[3.425s] INFO:colcon.colcon_core.executor:Executing jobs using 'parallel' executor
[3.427s] DEBUG:colcon.colcon_parallel_executor.executor.parallel:run_until_complete
[3.427s] INFO:colcon.colcon_ros.task.ament_cmake.build:Building ROS package in '/home/ubuntu/Robotics/ros2_ws/src/relbot_msgs' with build type 'ament_cmake'
[3.427s] INFO:colcon.colcon_cmake.task.cmake.build:Building CMake package in '/home/ubuntu/Robotics/ros2_ws/src/relbot_msgs'
[3.558s] INFO:colcon.colcon_core.plugin_system:Skipping extension 'colcon_core.shell.bat': Not used on non-Windows systems
[3.558s] INFO:colcon.colcon_core.shell:Skip shell extension 'powershell' for command environment: Not usable outside of PowerShell
[3.558s] DEBUG:colcon.colcon_core.shell:Skip shell extension 'dsv' for command environment
[3.583s] INFO:colcon.colcon_ros.task.ament_cmake.build:Building ROS package in '/home/ubuntu/Robotics/ros2_ws/src/assignment1_1' with build type 'ament_cmake'
[3.583s] INFO:colcon.colcon_cmake.task.cmake.build:Building CMake package in '/home/ubuntu/Robotics/ros2_ws/src/assignment1_1'
[3.583s] INFO:colcon.colcon_core.shell:Skip shell extension 'powershell' for command environment: Not usable outside of PowerShell
[3.584s] DEBUG:colcon.colcon_core.shell:Skip shell extension 'dsv' for command environment
[3.587s] INFO:colcon.colcon_ros.task.ament_cmake.build:Building ROS package in '/home/ubuntu/Robotics/ros2_ws/src/assignment1_2' with build type 'ament_cmake'
[3.588s] INFO:colcon.colcon_cmake.task.cmake.build:Building CMake package in '/home/ubuntu/Robotics/ros2_ws/src/assignment1_2'
[3.588s] INFO:colcon.colcon_core.shell:Skip shell extension 'powershell' for command environment: Not usable outside of PowerShell
[3.588s] DEBUG:colcon.colcon_core.shell:Skip shell extension 'dsv' for command environment
[3.593s] INFO:colcon.colcon_ros.task.ament_cmake.build:Building ROS package in '/home/ubuntu/Robotics/ros2_ws/src/cam2image_vm2ros' with build type 'ament_cmake'
[3.593s] INFO:colcon.colcon_cmake.task.cmake.build:Building CMake package in '/home/ubuntu/Robotics/ros2_ws/src/cam2image_vm2ros'
[3.593s] INFO:colcon.colcon_core.shell:Skip shell extension 'powershell' for command environment: Not usable outside of PowerShell
[3.593s] DEBUG:colcon.colcon_core.shell:Skip shell extension 'dsv' for command environment
[3.597s] INFO:colcon.colcon_ros.task.ament_cmake.build:Building ROS package in '/home/ubuntu/Robotics/ros2_ws/src/cpp_pubsub' with build type 'ament_cmake'
[3.598s] INFO:colcon.colcon_cmake.task.cmake.build:Building CMake package in '/home/ubuntu/Robotics/ros2_ws/src/cpp_pubsub'
[3.598s] INFO:colcon.colcon_core.shell:Skip shell extension 'powershell' for command environment: Not usable outside of PowerShell
[3.598s] DEBUG:colcon.colcon_core.shell:Skip shell extension 'dsv' for command environment
[3.602s] INFO:colcon.colcon_ros.task.ament_cmake.build:Building ROS package in '/home/ubuntu/Robotics/ros2_ws/src/relbot_adapter' with build type 'ament_cmake'
[3.602s] INFO:colcon.colcon_cmake.task.cmake.build:Building CMake package in '/home/ubuntu/Robotics/ros2_ws/src/relbot_adapter'
[3.602s] INFO:colcon.colcon_core.shell:Skip shell extension 'powershell' for command environment: Not usable outside of PowerShell
[3.603s] DEBUG:colcon.colcon_core.shell:Skip shell extension 'dsv' for command environment
[3.631s] DEBUG:colcon.colcon_core.event_handler.log_command:Invoking command in '/home/ubuntu/Robotics/ros2_ws/build/relbot_msgs': CMAKE_PREFIX_PATH=${CMAKE_PREFIX_PATH}:/opt/ros/jazzy /usr/bin/cmake --build /home/ubuntu/Robotics/ros2_ws/build/relbot_msgs -- -j12 -l12
[3.687s] DEBUG:colcon.colcon_core.event_handler.log_command:Invoking command in '/home/ubuntu/Robotics/ros2_ws/build/assignment1_1': CMAKE_PREFIX_PATH=${CMAKE_PREFIX_PATH}:/opt/ros/jazzy /usr/bin/cmake --build /home/ubuntu/Robotics/ros2_ws/build/assignment1_1 -- -j12 -l12
[3.727s] DEBUG:colcon.colcon_core.event_handler.log_command:Invoking command in '/home/ubuntu/Robotics/ros2_ws/build/assignment1_2': CMAKE_PREFIX_PATH=${CMAKE_PREFIX_PATH}:/opt/ros/jazzy /usr/bin/cmake --build /home/ubuntu/Robotics/ros2_ws/build/assignment1_2 -- -j12 -l12
[3.760s] DEBUG:colcon.colcon_core.event_handler.log_command:Invoking command in '/home/ubuntu/Robotics/ros2_ws/build/cam2image_vm2ros': CMAKE_PREFIX_PATH=${CMAKE_PREFIX_PATH}:/opt/ros/jazzy /usr/bin/cmake --build /home/ubuntu/Robotics/ros2_ws/build/cam2image_vm2ros -- -j12 -l12
[3.792s] DEBUG:colcon.colcon_core.event_handler.log_command:Invoking command in '/home/ubuntu/Robotics/ros2_ws/build/cpp_pubsub': CMAKE_PREFIX_PATH=${CMAKE_PREFIX_PATH}:/opt/ros/jazzy /usr/bin/cmake --build /home/ubuntu/Robotics/ros2_ws/build/cpp_pubsub -- -j12 -l12
[3.843s] DEBUG:colcon.colcon_core.event_handler.log_command:Invoking command in '/home/ubuntu/Robotics/ros2_ws/build/relbot_adapter': CMAKE_PREFIX_PATH=${CMAKE_PREFIX_PATH}:/opt/ros/jazzy /usr/bin/cmake --build /home/ubuntu/Robotics/ros2_ws/build/relbot_adapter -- -j12 -l12
[4.617s] DEBUG:colcon.colcon_core.event_handler.log_command:Invoked command in '/home/ubuntu/Robotics/ros2_ws/build/cpp_pubsub' returned '0': CMAKE_PREFIX_PATH=${CMAKE_PREFIX_PATH}:/opt/ros/jazzy /usr/bin/cmake --build /home/ubuntu/Robotics/ros2_ws/build/cpp_pubsub -- -j12 -l12
[4.642s] DEBUG:colcon.colcon_core.event_handler.log_command:Invoking command in '/home/ubuntu/Robotics/ros2_ws/build/cpp_pubsub': CMAKE_PREFIX_PATH=${CMAKE_PREFIX_PATH}:/opt/ros/jazzy /usr/bin/cmake --install /home/ubuntu/Robotics/ros2_ws/build/cpp_pubsub
[4.692s] Level 1:colcon.colcon_core.environment:create_environment_scripts_only(cpp_pubsub)
[4.693s] DEBUG:colcon.colcon_core.event_handler.log_command:Invoked command in '/home/ubuntu/Robotics/ros2_ws/build/cpp_pubsub' returned '0': CMAKE_PREFIX_PATH=${CMAKE_PREFIX_PATH}:/opt/ros/jazzy /usr/bin/cmake --install /home/ubuntu/Robotics/ros2_ws/build/cpp_pubsub
[4.766s] Level 1:colcon.colcon_core.environment:checking '/home/ubuntu/Robotics/ros2_ws/install/cpp_pubsub' for CMake module files
[4.775s] Level 1:colcon.colcon_core.environment:checking '/home/ubuntu/Robotics/ros2_ws/install/cpp_pubsub' for CMake config files
[4.782s] Level 1:colcon.colcon_core.shell:create_environment_hook('cpp_pubsub', 'cmake_prefix_path')
[4.782s] INFO:colcon.colcon_core.shell:Creating environment hook '/home/ubuntu/Robotics/ros2_ws/install/cpp_pubsub/share/cpp_pubsub/hook/cmake_prefix_path.ps1'
[4.827s] INFO:colcon.colcon_core.shell:Creating environment descriptor '/home/ubuntu/Robotics/ros2_ws/install/cpp_pubsub/share/cpp_pubsub/hook/cmake_prefix_path.dsv'
[4.828s] INFO:colcon.colcon_core.shell:Creating environment hook '/home/ubuntu/Robotics/ros2_ws/install/cpp_pubsub/share/cpp_pubsub/hook/cmake_prefix_path.sh'
[4.830s] Level 1:colcon.colcon_core.environment:checking '/home/ubuntu/Robotics/ros2_ws/install/cpp_pubsub/bin'
[4.830s] Level 1:colcon.colcon_core.environment:checking '/home/ubuntu/Robotics/ros2_ws/install/cpp_pubsub/lib/pkgconfig/cpp_pubsub.pc'
[4.831s] Level 1:colcon.colcon_core.environment:checking '/home/ubuntu/Robotics/ros2_ws/install/cpp_pubsub/lib/python3.12/site-packages'
[4.831s] Level 1:colcon.colcon_core.environment:checking '/home/ubuntu/Robotics/ros2_ws/install/cpp_pubsub/bin'
[4.831s] INFO:colcon.colcon_core.shell:Creating package script '/home/ubuntu/Robotics/ros2_ws/install/cpp_pubsub/share/cpp_pubsub/package.ps1'
[4.833s] INFO:colcon.colcon_core.shell:Creating package descriptor '/home/ubuntu/Robotics/ros2_ws/install/cpp_pubsub/share/cpp_pubsub/package.dsv'
[4.835s] INFO:colcon.colcon_core.shell:Creating package script '/home/ubuntu/Robotics/ros2_ws/install/cpp_pubsub/share/cpp_pubsub/package.sh'
[4.840s] INFO:colcon.colcon_core.shell:Creating package script '/home/ubuntu/Robotics/ros2_ws/install/cpp_pubsub/share/cpp_pubsub/package.bash'
[4.857s] INFO:colcon.colcon_core.shell:Creating package script '/home/ubuntu/Robotics/ros2_ws/install/cpp_pubsub/share/cpp_pubsub/package.zsh'
[4.864s] Level 1:colcon.colcon_core.environment:create_file_with_runtime_dependencies(/home/ubuntu/Robotics/ros2_ws/install/cpp_pubsub/share/colcon-core/packages/cpp_pubsub)
[4.864s] Level 1:colcon.colcon_core.environment:create_environment_scripts_only(cpp_pubsub)
[4.865s] Level 1:colcon.colcon_core.environment:checking '/home/ubuntu/Robotics/ros2_ws/install/cpp_pubsub' for CMake module files
[4.865s] Level 1:colcon.colcon_core.environment:checking '/home/ubuntu/Robotics/ros2_ws/install/cpp_pubsub' for CMake config files
[4.865s] Level 1:colcon.colcon_core.shell:create_environment_hook('cpp_pubsub', 'cmake_prefix_path')
[4.866s] INFO:colcon.colcon_core.shell:Creating environment hook '/home/ubuntu/Robotics/ros2_ws/install/cpp_pubsub/share/cpp_pubsub/hook/cmake_prefix_path.ps1'
[4.866s] INFO:colcon.colcon_core.shell:Creating environment descriptor '/home/ubuntu/Robotics/ros2_ws/install/cpp_pubsub/share/cpp_pubsub/hook/cmake_prefix_path.dsv'
[4.867s] INFO:colcon.colcon_core.shell:Creating environment hook '/home/ubuntu/Robotics/ros2_ws/install/cpp_pubsub/share/cpp_pubsub/hook/cmake_prefix_path.sh'
[4.867s] Level 1:colcon.colcon_core.environment:checking '/home/ubuntu/Robotics/ros2_ws/install/cpp_pubsub/bin'
[4.868s] Level 1:colcon.colcon_core.environment:checking '/home/ubuntu/Robotics/ros2_ws/install/cpp_pubsub/lib/pkgconfig/cpp_pubsub.pc'
[4.868s] Level 1:colcon.colcon_core.environment:checking '/home/ubuntu/Robotics/ros2_ws/install/cpp_pubsub/lib/python3.12/site-packages'
[4.868s] Level 1:colcon.colcon_core.environment:checking '/home/ubuntu/Robotics/ros2_ws/install/cpp_pubsub/bin'
[4.869s] INFO:colcon.colcon_core.shell:Creating package script '/home/ubuntu/Robotics/ros2_ws/install/cpp_pubsub/share/cpp_pubsub/package.ps1'
[4.869s] INFO:colcon.colcon_core.shell:Creating package descriptor '/home/ubuntu/Robotics/ros2_ws/install/cpp_pubsub/share/cpp_pubsub/package.dsv'
[4.870s] INFO:colcon.colcon_core.shell:Creating package script '/home/ubuntu/Robotics/ros2_ws/install/cpp_pubsub/share/cpp_pubsub/package.sh'
[4.871s] INFO:colcon.colcon_core.shell:Creating package script '/home/ubuntu/Robotics/ros2_ws/install/cpp_pubsub/share/cpp_pubsub/package.bash'
[4.871s] INFO:colcon.colcon_core.shell:Creating package script '/home/ubuntu/Robotics/ros2_ws/install/cpp_pubsub/share/cpp_pubsub/package.zsh'
[4.872s] Level 1:colcon.colcon_core.environment:create_file_with_runtime_dependencies(/home/ubuntu/Robotics/ros2_ws/install/cpp_pubsub/share/colcon-core/packages/cpp_pubsub)
[4.876s] DEBUG:colcon.colcon_core.event_handler.log_command:Invoked command in '/home/ubuntu/Robotics/ros2_ws/build/assignment1_1' returned '0': CMAKE_PREFIX_PATH=${CMAKE_PREFIX_PATH}:/opt/ros/jazzy /usr/bin/cmake --build /home/ubuntu/Robotics/ros2_ws/build/assignment1_1 -- -j12 -l12
[4.998s] DEBUG:colcon.colcon_core.event_handler.log_command:Invoking command in '/home/ubuntu/Robotics/ros2_ws/build/assignment1_1': CMAKE_PREFIX_PATH=${CMAKE_PREFIX_PATH}:/opt/ros/jazzy /usr/bin/cmake --install /home/ubuntu/Robotics/ros2_ws/build/assignment1_1
[4.999s] DEBUG:colcon.colcon_core.event_handler.log_command:Invoked command in '/home/ubuntu/Robotics/ros2_ws/build/relbot_adapter' returned '0': CMAKE_PREFIX_PATH=${CMAKE_PREFIX_PATH}:/opt/ros/jazzy /usr/bin/cmake --build /home/ubuntu/Robotics/ros2_ws/build/relbot_adapter -- -j12 -l12
[5.011s] DEBUG:colcon.colcon_core.event_handler.log_command:Invoking command in '/home/ubuntu/Robotics/ros2_ws/build/relbot_adapter': CMAKE_PREFIX_PATH=${CMAKE_PREFIX_PATH}:/opt/ros/jazzy /usr/bin/cmake --install /home/ubuntu/Robotics/ros2_ws/build/relbot_adapter
[5.015s] DEBUG:colcon.colcon_core.event_handler.log_command:Invoked command in '/home/ubuntu/Robotics/ros2_ws/build/cam2image_vm2ros' returned '0': CMAKE_PREFIX_PATH=${CMAKE_PREFIX_PATH}:/opt/ros/jazzy /usr/bin/cmake --build /home/ubuntu/Robotics/ros2_ws/build/cam2image_vm2ros -- -j12 -l12
[5.074s] DEBUG:colcon.colcon_core.event_handler.log_command:Invoking command in '/home/ubuntu/Robotics/ros2_ws/build/cam2image_vm2ros': CMAKE_PREFIX_PATH=${CMAKE_PREFIX_PATH}:/opt/ros/jazzy /usr/bin/cmake --install /home/ubuntu/Robotics/ros2_ws/build/cam2image_vm2ros
[5.191s] Level 1:colcon.colcon_core.environment:create_environment_scripts_only(relbot_adapter)
[5.191s] DEBUG:colcon.colcon_core.event_handler.log_command:Invoked command in '/home/ubuntu/Robotics/ros2_ws/build/relbot_adapter' returned '0': CMAKE_PREFIX_PATH=${CMAKE_PREFIX_PATH}:/opt/ros/jazzy /usr/bin/cmake --install /home/ubuntu/Robotics/ros2_ws/build/relbot_adapter
[5.192s] Level 1:colcon.colcon_core.environment:checking '/home/ubuntu/Robotics/ros2_ws/install/relbot_adapter' for CMake module files
[5.207s] Level 1:colcon.colcon_core.environment:checking '/home/ubuntu/Robotics/ros2_ws/install/relbot_adapter' for CMake config files
[5.231s] Level 1:colcon.colcon_core.shell:create_environment_hook('relbot_adapter', 'cmake_prefix_path')
[5.231s] INFO:colcon.colcon_core.shell:Creating environment hook '/home/ubuntu/Robotics/ros2_ws/install/relbot_adapter/share/relbot_adapter/hook/cmake_prefix_path.ps1'
[5.232s] INFO:colcon.colcon_core.shell:Creating environment descriptor '/home/ubuntu/Robotics/ros2_ws/install/relbot_adapter/share/relbot_adapter/hook/cmake_prefix_path.dsv'
[5.232s] INFO:colcon.colcon_core.shell:Creating environment hook '/home/ubuntu/Robotics/ros2_ws/install/relbot_adapter/share/relbot_adapter/hook/cmake_prefix_path.sh'
[5.233s] Level 1:colcon.colcon_core.environment:checking '/home/ubuntu/Robotics/ros2_ws/install/relbot_adapter/lib'
[5.233s] Level 1:colcon.colcon_core.environment:checking '/home/ubuntu/Robotics/ros2_ws/install/relbot_adapter/bin'
[5.234s] Level 1:colcon.colcon_core.environment:checking '/home/ubuntu/Robotics/ros2_ws/install/relbot_adapter/lib/pkgconfig/relbot_adapter.pc'
[5.234s] Level 1:colcon.colcon_core.environment:checking '/home/ubuntu/Robotics/ros2_ws/install/relbot_adapter/lib/python3.12/site-packages'
[5.234s] Level 1:colcon.colcon_core.environment:checking '/home/ubuntu/Robotics/ros2_ws/install/relbot_adapter/bin'
[5.235s] INFO:colcon.colcon_core.shell:Creating package script '/home/ubuntu/Robotics/ros2_ws/install/relbot_adapter/share/relbot_adapter/package.ps1'
[5.236s] INFO:colcon.colcon_core.shell:Creating package descriptor '/home/ubuntu/Robotics/ros2_ws/install/relbot_adapter/share/relbot_adapter/package.dsv'
[5.236s] INFO:colcon.colcon_core.shell:Creating package script '/home/ubuntu/Robotics/ros2_ws/install/relbot_adapter/share/relbot_adapter/package.sh'
[5.237s] INFO:colcon.colcon_core.shell:Creating package script '/home/ubuntu/Robotics/ros2_ws/install/relbot_adapter/share/relbot_adapter/package.bash'
[5.237s] INFO:colcon.colcon_core.shell:Creating package script '/home/ubuntu/Robotics/ros2_ws/install/relbot_adapter/share/relbot_adapter/package.zsh'
[5.238s] Level 1:colcon.colcon_core.environment:create_file_with_runtime_dependencies(/home/ubuntu/Robotics/ros2_ws/install/relbot_adapter/share/colcon-core/packages/relbot_adapter)
[5.238s] Level 1:colcon.colcon_core.environment:create_environment_scripts_only(relbot_adapter)
[5.238s] Level 1:colcon.colcon_core.environment:checking '/home/ubuntu/Robotics/ros2_ws/install/relbot_adapter' for CMake module files
[5.239s] Level 1:colcon.colcon_core.environment:checking '/home/ubuntu/Robotics/ros2_ws/install/relbot_adapter' for CMake config files
[5.239s] Level 1:colcon.colcon_core.shell:create_environment_hook('relbot_adapter', 'cmake_prefix_path')
[5.239s] INFO:colcon.colcon_core.shell:Creating environment hook '/home/ubuntu/Robotics/ros2_ws/install/relbot_adapter/share/relbot_adapter/hook/cmake_prefix_path.ps1'
[5.242s] INFO:colcon.colcon_core.shell:Creating environment descriptor '/home/ubuntu/Robotics/ros2_ws/install/relbot_adapter/share/relbot_adapter/hook/cmake_prefix_path.dsv'
[5.244s] INFO:colcon.colcon_core.shell:Creating environment hook '/home/ubuntu/Robotics/ros2_ws/install/relbot_adapter/share/relbot_adapter/hook/cmake_prefix_path.sh'
[5.245s] Level 1:colcon.colcon_core.environment:checking '/home/ubuntu/Robotics/ros2_ws/install/relbot_adapter/lib'
[5.245s] Level 1:colcon.colcon_core.environment:checking '/home/ubuntu/Robotics/ros2_ws/install/relbot_adapter/bin'
[5.245s] Level 1:colcon.colcon_core.environment:checking '/home/ubuntu/Robotics/ros2_ws/install/relbot_adapter/lib/pkgconfig/relbot_adapter.pc'
[5.245s] Level 1:colcon.colcon_core.environment:checking '/home/ubuntu/Robotics/ros2_ws/install/relbot_adapter/lib/python3.12/site-packages'
[5.246s] Level 1:colcon.colcon_core.environment:checking '/home/ubuntu/Robotics/ros2_ws/install/relbot_adapter/bin'
[5.246s] INFO:colcon.colcon_core.shell:Creating package script '/home/ubuntu/Robotics/ros2_ws/install/relbot_adapter/share/relbot_adapter/package.ps1'
[5.246s] INFO:colcon.colcon_core.shell:Creating package descriptor '/home/ubuntu/Robotics/ros2_ws/install/relbot_adapter/share/relbot_adapter/package.dsv'
[5.247s] INFO:colcon.colcon_core.shell:Creating package script '/home/ubuntu/Robotics/ros2_ws/install/relbot_adapter/share/relbot_adapter/package.sh'
[5.247s] INFO:colcon.colcon_core.shell:Creating package script '/home/ubuntu/Robotics/ros2_ws/install/relbot_adapter/share/relbot_adapter/package.bash'
[5.248s] INFO:colcon.colcon_core.shell:Creating package script '/home/ubuntu/Robotics/ros2_ws/install/relbot_adapter/share/relbot_adapter/package.zsh'
[5.248s] Level 1:colcon.colcon_core.environment:create_file_with_runtime_dependencies(/home/ubuntu/Robotics/ros2_ws/install/relbot_adapter/share/colcon-core/packages/relbot_adapter)
[5.306s] Level 1:colcon.colcon_core.environment:create_environment_scripts_only(cam2image_vm2ros)
[5.306s] Level 1:colcon.colcon_core.environment:checking '/home/ubuntu/Robotics/ros2_ws/install/cam2image_vm2ros' for CMake module files
[5.307s] DEBUG:colcon.colcon_core.event_handler.log_command:Invoked command in '/home/ubuntu/Robotics/ros2_ws/build/cam2image_vm2ros' returned '0': CMAKE_PREFIX_PATH=${CMAKE_PREFIX_PATH}:/opt/ros/jazzy /usr/bin/cmake --install /home/ubuntu/Robotics/ros2_ws/build/cam2image_vm2ros
[5.318s] Level 1:colcon.colcon_core.environment:checking '/home/ubuntu/Robotics/ros2_ws/install/cam2image_vm2ros' for CMake config files
[5.323s] Level 1:colcon.colcon_core.shell:create_environment_hook('cam2image_vm2ros', 'cmake_prefix_path')
[5.324s] INFO:colcon.colcon_core.shell:Creating environment hook '/home/ubuntu/Robotics/ros2_ws/install/cam2image_vm2ros/share/cam2image_vm2ros/hook/cmake_prefix_path.ps1'
[5.324s] INFO:colcon.colcon_core.shell:Creating environment descriptor '/home/ubuntu/Robotics/ros2_ws/install/cam2image_vm2ros/share/cam2image_vm2ros/hook/cmake_prefix_path.dsv'
[5.325s] INFO:colcon.colcon_core.shell:Creating environment hook '/home/ubuntu/Robotics/ros2_ws/install/cam2image_vm2ros/share/cam2image_vm2ros/hook/cmake_prefix_path.sh'
[5.325s] Level 1:colcon.colcon_core.environment:checking '/home/ubuntu/Robotics/ros2_ws/install/cam2image_vm2ros/lib'
[5.325s] Level 1:colcon.colcon_core.shell:create_environment_hook('cam2image_vm2ros', 'ld_library_path_lib')
[5.326s] INFO:colcon.colcon_core.shell:Creating environment hook '/home/ubuntu/Robotics/ros2_ws/install/cam2image_vm2ros/share/cam2image_vm2ros/hook/ld_library_path_lib.ps1'
[5.326s] INFO:colcon.colcon_core.shell:Creating environment descriptor '/home/ubuntu/Robotics/ros2_ws/install/cam2image_vm2ros/share/cam2image_vm2ros/hook/ld_library_path_lib.dsv'
[5.326s] INFO:colcon.colcon_core.shell:Creating environment hook '/home/ubuntu/Robotics/ros2_ws/install/cam2image_vm2ros/share/cam2image_vm2ros/hook/ld_library_path_lib.sh'
[5.327s] Level 1:colcon.colcon_core.environment:checking '/home/ubuntu/Robotics/ros2_ws/install/cam2image_vm2ros/bin'
[5.327s] Level 1:colcon.colcon_core.environment:checking '/home/ubuntu/Robotics/ros2_ws/install/cam2image_vm2ros/lib/pkgconfig/cam2image_vm2ros.pc'
[5.327s] Level 1:colcon.colcon_core.environment:checking '/home/ubuntu/Robotics/ros2_ws/install/cam2image_vm2ros/lib/python3.12/site-packages'
[5.327s] Level 1:colcon.colcon_core.environment:checking '/home/ubuntu/Robotics/ros2_ws/install/cam2image_vm2ros/bin'
[5.328s] INFO:colcon.colcon_core.shell:Creating package script '/home/ubuntu/Robotics/ros2_ws/install/cam2image_vm2ros/share/cam2image_vm2ros/package.ps1'
[5.328s] INFO:colcon.colcon_core.shell:Creating package descriptor '/home/ubuntu/Robotics/ros2_ws/install/cam2image_vm2ros/share/cam2image_vm2ros/package.dsv'
[5.329s] INFO:colcon.colcon_core.shell:Creating package script '/home/ubuntu/Robotics/ros2_ws/install/cam2image_vm2ros/share/cam2image_vm2ros/package.sh'
[5.329s] INFO:colcon.colcon_core.shell:Creating package script '/home/ubuntu/Robotics/ros2_ws/install/cam2image_vm2ros/share/cam2image_vm2ros/package.bash'
[5.329s] INFO:colcon.colcon_core.shell:Creating package script '/home/ubuntu/Robotics/ros2_ws/install/cam2image_vm2ros/share/cam2image_vm2ros/package.zsh'
[5.330s] Level 1:colcon.colcon_core.environment:create_file_with_runtime_dependencies(/home/ubuntu/Robotics/ros2_ws/install/cam2image_vm2ros/share/colcon-core/packages/cam2image_vm2ros)
[5.330s] Level 1:colcon.colcon_core.environment:create_environment_scripts_only(cam2image_vm2ros)
[5.330s] Level 1:colcon.colcon_core.environment:checking '/home/ubuntu/Robotics/ros2_ws/install/cam2image_vm2ros' for CMake module files
[5.331s] Level 1:colcon.colcon_core.environment:checking '/home/ubuntu/Robotics/ros2_ws/install/cam2image_vm2ros' for CMake config files
[5.331s] Level 1:colcon.colcon_core.shell:create_environment_hook('cam2image_vm2ros', 'cmake_prefix_path')
[5.331s] INFO:colcon.colcon_core.shell:Creating environment hook '/home/ubuntu/Robotics/ros2_ws/install/cam2image_vm2ros/share/cam2image_vm2ros/hook/cmake_prefix_path.ps1'
[5.332s] INFO:colcon.colcon_core.shell:Creating environment descriptor '/home/ubuntu/Robotics/ros2_ws/install/cam2image_vm2ros/share/cam2image_vm2ros/hook/cmake_prefix_path.dsv'
[5.332s] INFO:colcon.colcon_core.shell:Creating environment hook '/home/ubuntu/Robotics/ros2_ws/install/cam2image_vm2ros/share/cam2image_vm2ros/hook/cmake_prefix_path.sh'
[5.333s] Level 1:colcon.colcon_core.environment:checking '/home/ubuntu/Robotics/ros2_ws/install/cam2image_vm2ros/lib'
[5.333s] Level 1:colcon.colcon_core.shell:create_environment_hook('cam2image_vm2ros', 'ld_library_path_lib')
[5.333s] INFO:colcon.colcon_core.shell:Creating environment hook '/home/ubuntu/Robotics/ros2_ws/install/cam2image_vm2ros/share/cam2image_vm2ros/hook/ld_library_path_lib.ps1'
[5.333s] INFO:colcon.colcon_core.shell:Creating environment descriptor '/home/ubuntu/Robotics/ros2_ws/install/cam2image_vm2ros/share/cam2image_vm2ros/hook/ld_library_path_lib.dsv'
[5.334s] INFO:colcon.colcon_core.shell:Creating environment hook '/home/ubuntu/Robotics/ros2_ws/install/cam2image_vm2ros/share/cam2image_vm2ros/hook/ld_library_path_lib.sh'
[5.334s] Level 1:colcon.colcon_core.environment:checking '/home/ubuntu/Robotics/ros2_ws/install/cam2image_vm2ros/bin'
[5.334s] Level 1:colcon.colcon_core.environment:checking '/home/ubuntu/Robotics/ros2_ws/install/cam2image_vm2ros/lib/pkgconfig/cam2image_vm2ros.pc'
[5.334s] Level 1:colcon.colcon_core.environment:checking '/home/ubuntu/Robotics/ros2_ws/install/cam2image_vm2ros/lib/python3.12/site-packages'
[5.335s] Level 1:colcon.colcon_core.environment:checking '/home/ubuntu/Robotics/ros2_ws/install/cam2image_vm2ros/bin'
[5.335s] INFO:colcon.colcon_core.shell:Creating package script '/home/ubuntu/Robotics/ros2_ws/install/cam2image_vm2ros/share/cam2image_vm2ros/package.ps1'
[5.336s] INFO:colcon.colcon_core.shell:Creating package descriptor '/home/ubuntu/Robotics/ros2_ws/install/cam2image_vm2ros/share/cam2image_vm2ros/package.dsv'
[5.336s] INFO:colcon.colcon_core.shell:Creating package script '/home/ubuntu/Robotics/ros2_ws/install/cam2image_vm2ros/share/cam2image_vm2ros/package.sh'
[5.337s] INFO:colcon.colcon_core.shell:Creating package script '/home/ubuntu/Robotics/ros2_ws/install/cam2image_vm2ros/share/cam2image_vm2ros/package.bash'
[5.339s] INFO:colcon.colcon_core.shell:Creating package script '/home/ubuntu/Robotics/ros2_ws/install/cam2image_vm2ros/share/cam2image_vm2ros/package.zsh'
[5.340s] Level 1:colcon.colcon_core.environment:create_file_with_runtime_dependencies(/home/ubuntu/Robotics/ros2_ws/install/cam2image_vm2ros/share/colcon-core/packages/cam2image_vm2ros)
[5.370s] Level 1:colcon.colcon_core.environment:create_environment_scripts_only(assignment1_1)
[5.370s] Level 1:colcon.colcon_core.environment:checking '/home/ubuntu/Robotics/ros2_ws/install/assignment1_1' for CMake module files
[5.370s] DEBUG:colcon.colcon_core.event_handler.log_command:Invoked command in '/home/ubuntu/Robotics/ros2_ws/build/assignment1_1' returned '0': CMAKE_PREFIX_PATH=${CMAKE_PREFIX_PATH}:/opt/ros/jazzy /usr/bin/cmake --install /home/ubuntu/Robotics/ros2_ws/build/assignment1_1
[5.391s] Level 1:colcon.colcon_core.environment:checking '/home/ubuntu/Robotics/ros2_ws/install/assignment1_1' for CMake config files
[5.394s] Level 1:colcon.colcon_core.shell:create_environment_hook('assignment1_1', 'cmake_prefix_path')
[5.394s] INFO:colcon.colcon_core.shell:Creating environment hook '/home/ubuntu/Robotics/ros2_ws/install/assignment1_1/share/assignment1_1/hook/cmake_prefix_path.ps1'
[5.394s] INFO:colcon.colcon_core.shell:Creating environment descriptor '/home/ubuntu/Robotics/ros2_ws/install/assignment1_1/share/assignment1_1/hook/cmake_prefix_path.dsv'
[5.395s] INFO:colcon.colcon_core.shell:Creating environment hook '/home/ubuntu/Robotics/ros2_ws/install/assignment1_1/share/assignment1_1/hook/cmake_prefix_path.sh'
[5.396s] Level 1:colcon.colcon_core.environment:checking '/home/ubuntu/Robotics/ros2_ws/install/assignment1_1/lib'
[5.396s] Level 1:colcon.colcon_core.environment:checking '/home/ubuntu/Robotics/ros2_ws/install/assignment1_1/bin'
[5.396s] Level 1:colcon.colcon_core.environment:checking '/home/ubuntu/Robotics/ros2_ws/install/assignment1_1/lib/pkgconfig/assignment1_1.pc'
[5.396s] Level 1:colcon.colcon_core.environment:checking '/home/ubuntu/Robotics/ros2_ws/install/assignment1_1/lib/python3.12/site-packages'
[5.397s] Level 1:colcon.colcon_core.environment:checking '/home/ubuntu/Robotics/ros2_ws/install/assignment1_1/bin'
[5.397s] INFO:colcon.colcon_core.shell:Creating package script '/home/ubuntu/Robotics/ros2_ws/install/assignment1_1/share/assignment1_1/package.ps1'
[5.397s] INFO:colcon.colcon_core.shell:Creating package descriptor '/home/ubuntu/Robotics/ros2_ws/install/assignment1_1/share/assignment1_1/package.dsv'
[5.398s] INFO:colcon.colcon_core.shell:Creating package script '/home/ubuntu/Robotics/ros2_ws/install/assignment1_1/share/assignment1_1/package.sh'
[5.398s] INFO:colcon.colcon_core.shell:Creating package script '/home/ubuntu/Robotics/ros2_ws/install/assignment1_1/share/assignment1_1/package.bash'
[5.399s] INFO:colcon.colcon_core.shell:Creating package script '/home/ubuntu/Robotics/ros2_ws/install/assignment1_1/share/assignment1_1/package.zsh'
[5.399s] Level 1:colcon.colcon_core.environment:create_file_with_runtime_dependencies(/home/ubuntu/Robotics/ros2_ws/install/assignment1_1/share/colcon-core/packages/assignment1_1)
[5.400s] Level 1:colcon.colcon_core.environment:create_environment_scripts_only(assignment1_1)
[5.400s] Level 1:colcon.colcon_core.environment:checking '/home/ubuntu/Robotics/ros2_ws/install/assignment1_1' for CMake module files
[5.401s] Level 1:colcon.colcon_core.environment:checking '/home/ubuntu/Robotics/ros2_ws/install/assignment1_1' for CMake config files
[5.401s] Level 1:colcon.colcon_core.shell:create_environment_hook('assignment1_1', 'cmake_prefix_path')
[5.401s] INFO:colcon.colcon_core.shell:Creating environment hook '/home/ubuntu/Robotics/ros2_ws/install/assignment1_1/share/assignment1_1/hook/cmake_prefix_path.ps1'
[5.405s] INFO:colcon.colcon_core.shell:Creating environment descriptor '/home/ubuntu/Robotics/ros2_ws/install/assignment1_1/share/assignment1_1/hook/cmake_prefix_path.dsv'
[5.409s] INFO:colcon.colcon_core.shell:Creating environment hook '/home/ubuntu/Robotics/ros2_ws/install/assignment1_1/share/assignment1_1/hook/cmake_prefix_path.sh'
[5.419s] Level 1:colcon.colcon_core.environment:checking '/home/ubuntu/Robotics/ros2_ws/install/assignment1_1/lib'
[5.419s] Level 1:colcon.colcon_core.environment:checking '/home/ubuntu/Robotics/ros2_ws/install/assignment1_1/bin'
[5.419s] Level 1:colcon.colcon_core.environment:checking '/home/ubuntu/Robotics/ros2_ws/install/assignment1_1/lib/pkgconfig/assignment1_1.pc'
[5.419s] Level 1:colcon.colcon_core.environment:checking '/home/ubuntu/Robotics/ros2_ws/install/assignment1_1/lib/python3.12/site-packages'
[5.419s] Level 1:colcon.colcon_core.environment:checking '/home/ubuntu/Robotics/ros2_ws/install/assignment1_1/bin'
[5.420s] INFO:colcon.colcon_core.shell:Creating package script '/home/ubuntu/Robotics/ros2_ws/install/assignment1_1/share/assignment1_1/package.ps1'
[5.420s] INFO:colcon.colcon_core.shell:Creating package descriptor '/home/ubuntu/Robotics/ros2_ws/install/assignment1_1/share/assignment1_1/package.dsv'
[5.421s] INFO:colcon.colcon_core.shell:Creating package script '/home/ubuntu/Robotics/ros2_ws/install/assignment1_1/share/assignment1_1/package.sh'
[5.421s] INFO:colcon.colcon_core.shell:Creating package script '/home/ubuntu/Robotics/ros2_ws/install/assignment1_1/share/assignment1_1/package.bash'
[5.423s] INFO:colcon.colcon_core.shell:Creating package script '/home/ubuntu/Robotics/ros2_ws/install/assignment1_1/share/assignment1_1/package.zsh'
[5.424s] Level 1:colcon.colcon_core.environment:create_file_with_runtime_dependencies(/home/ubuntu/Robotics/ros2_ws/install/assignment1_1/share/colcon-core/packages/assignment1_1)
[5.525s] DEBUG:colcon.colcon_core.event_handler.log_command:Invoked command in '/home/ubuntu/Robotics/ros2_ws/build/relbot_msgs' returned '0': CMAKE_PREFIX_PATH=${CMAKE_PREFIX_PATH}:/opt/ros/jazzy /usr/bin/cmake --build /home/ubuntu/Robotics/ros2_ws/build/relbot_msgs -- -j12 -l12
[5.573s] DEBUG:colcon.colcon_core.event_handler.log_command:Invoking command in '/home/ubuntu/Robotics/ros2_ws/build/relbot_msgs': CMAKE_PREFIX_PATH=${CMAKE_PREFIX_PATH}:/opt/ros/jazzy /usr/bin/cmake --install /home/ubuntu/Robotics/ros2_ws/build/relbot_msgs
[5.894s] Level 1:colcon.colcon_core.environment:create_environment_scripts_only(relbot_msgs)
[5.894s] DEBUG:colcon.colcon_core.event_handler.log_command:Invoked command in '/home/ubuntu/Robotics/ros2_ws/build/relbot_msgs' returned '0': CMAKE_PREFIX_PATH=${CMAKE_PREFIX_PATH}:/opt/ros/jazzy /usr/bin/cmake --install /home/ubuntu/Robotics/ros2_ws/build/relbot_msgs
[5.894s] Level 1:colcon.colcon_core.environment:checking '/home/ubuntu/Robotics/ros2_ws/install/relbot_msgs' for CMake module files
[5.904s] Level 1:colcon.colcon_core.environment:checking '/home/ubuntu/Robotics/ros2_ws/install/relbot_msgs' for CMake config files
[5.915s] Level 1:colcon.colcon_core.shell:create_environment_hook('relbot_msgs', 'cmake_prefix_path')
[5.916s] INFO:colcon.colcon_core.shell:Creating environment hook '/home/ubuntu/Robotics/ros2_ws/install/relbot_msgs/share/relbot_msgs/hook/cmake_prefix_path.ps1'
[5.917s] INFO:colcon.colcon_core.shell:Creating environment descriptor '/home/ubuntu/Robotics/ros2_ws/install/relbot_msgs/share/relbot_msgs/hook/cmake_prefix_path.dsv'
[5.917s] INFO:colcon.colcon_core.shell:Creating environment hook '/home/ubuntu/Robotics/ros2_ws/install/relbot_msgs/share/relbot_msgs/hook/cmake_prefix_path.sh'
[5.918s] Level 1:colcon.colcon_core.environment:checking '/home/ubuntu/Robotics/ros2_ws/install/relbot_msgs/lib'
[5.918s] Level 1:colcon.colcon_core.shell:create_environment_hook('relbot_msgs', 'ld_library_path_lib')
[5.918s] INFO:colcon.colcon_core.shell:Creating environment hook '/home/ubuntu/Robotics/ros2_ws/install/relbot_msgs/share/relbot_msgs/hook/ld_library_path_lib.ps1'
[5.919s] INFO:colcon.colcon_core.shell:Creating environment descriptor '/home/ubuntu/Robotics/ros2_ws/install/relbot_msgs/share/relbot_msgs/hook/ld_library_path_lib.dsv'
[5.919s] INFO:colcon.colcon_core.shell:Creating environment hook '/home/ubuntu/Robotics/ros2_ws/install/relbot_msgs/share/relbot_msgs/hook/ld_library_path_lib.sh'
[5.919s] Level 1:colcon.colcon_core.environment:checking '/home/ubuntu/Robotics/ros2_ws/install/relbot_msgs/bin'
[5.919s] Level 1:colcon.colcon_core.environment:checking '/home/ubuntu/Robotics/ros2_ws/install/relbot_msgs/lib/pkgconfig/relbot_msgs.pc'
[5.920s] Level 1:colcon.colcon_core.environment:checking '/home/ubuntu/Robotics/ros2_ws/install/relbot_msgs/lib/python3.12/site-packages'
[5.920s] Level 1:colcon.colcon_core.shell:create_environment_hook('relbot_msgs', 'pythonpath')
[5.920s] INFO:colcon.colcon_core.shell:Creating environment hook '/home/ubuntu/Robotics/ros2_ws/install/relbot_msgs/share/relbot_msgs/hook/pythonpath.ps1'
[5.920s] INFO:colcon.colcon_core.shell:Creating environment descriptor '/home/ubuntu/Robotics/ros2_ws/install/relbot_msgs/share/relbot_msgs/hook/pythonpath.dsv'
[5.921s] INFO:colcon.colcon_core.shell:Creating environment hook '/home/ubuntu/Robotics/ros2_ws/install/relbot_msgs/share/relbot_msgs/hook/pythonpath.sh'
[5.922s] Level 1:colcon.colcon_core.environment:checking '/home/ubuntu/Robotics/ros2_ws/install/relbot_msgs/bin'
[5.922s] INFO:colcon.colcon_core.shell:Creating package script '/home/ubuntu/Robotics/ros2_ws/install/relbot_msgs/share/relbot_msgs/package.ps1'
[5.922s] INFO:colcon.colcon_core.shell:Creating package descriptor '/home/ubuntu/Robotics/ros2_ws/install/relbot_msgs/share/relbot_msgs/package.dsv'
[5.923s] INFO:colcon.colcon_core.shell:Creating package script '/home/ubuntu/Robotics/ros2_ws/install/relbot_msgs/share/relbot_msgs/package.sh'
[5.923s] INFO:colcon.colcon_core.shell:Creating package script '/home/ubuntu/Robotics/ros2_ws/install/relbot_msgs/share/relbot_msgs/package.bash'
[5.924s] INFO:colcon.colcon_core.shell:Creating package script '/home/ubuntu/Robotics/ros2_ws/install/relbot_msgs/share/relbot_msgs/package.zsh'
[5.924s] Level 1:colcon.colcon_core.environment:create_file_with_runtime_dependencies(/home/ubuntu/Robotics/ros2_ws/install/relbot_msgs/share/colcon-core/packages/relbot_msgs)
[5.925s] Level 1:colcon.colcon_core.environment:create_environment_scripts_only(relbot_msgs)
[5.925s] Level 1:colcon.colcon_core.environment:checking '/home/ubuntu/Robotics/ros2_ws/install/relbot_msgs' for CMake module files
[5.925s] Level 1:colcon.colcon_core.environment:checking '/home/ubuntu/Robotics/ros2_ws/install/relbot_msgs' for CMake config files
[5.926s] Level 1:colcon.colcon_core.shell:create_environment_hook('relbot_msgs', 'cmake_prefix_path')
[5.926s] INFO:colcon.colcon_core.shell:Creating environment hook '/home/ubuntu/Robotics/ros2_ws/install/relbot_msgs/share/relbot_msgs/hook/cmake_prefix_path.ps1'
[5.926s] INFO:colcon.colcon_core.shell:Creating environment descriptor '/home/ubuntu/Robotics/ros2_ws/install/relbot_msgs/share/relbot_msgs/hook/cmake_prefix_path.dsv'
[5.927s] INFO:colcon.colcon_core.shell:Creating environment hook '/home/ubuntu/Robotics/ros2_ws/install/relbot_msgs/share/relbot_msgs/hook/cmake_prefix_path.sh'
[5.927s] Level 1:colcon.colcon_core.environment:checking '/home/ubuntu/Robotics/ros2_ws/install/relbot_msgs/lib'
[5.928s] Level 1:colcon.colcon_core.shell:create_environment_hook('relbot_msgs', 'ld_library_path_lib')
[5.928s] INFO:colcon.colcon_core.shell:Creating environment hook '/home/ubuntu/Robotics/ros2_ws/install/relbot_msgs/share/relbot_msgs/hook/ld_library_path_lib.ps1'
[5.928s] INFO:colcon.colcon_core.shell:Creating environment descriptor '/home/ubuntu/Robotics/ros2_ws/install/relbot_msgs/share/relbot_msgs/hook/ld_library_path_lib.dsv'
[5.929s] INFO:colcon.colcon_core.shell:Creating environment hook '/home/ubuntu/Robotics/ros2_ws/install/relbot_msgs/share/relbot_msgs/hook/ld_library_path_lib.sh'
[5.929s] Level 1:colcon.colcon_core.environment:checking '/home/ubuntu/Robotics/ros2_ws/install/relbot_msgs/bin'
[5.929s] Level 1:colcon.colcon_core.environment:checking '/home/ubuntu/Robotics/ros2_ws/install/relbot_msgs/lib/pkgconfig/relbot_msgs.pc'
[5.929s] Level 1:colcon.colcon_core.environment:checking '/home/ubuntu/Robotics/ros2_ws/install/relbot_msgs/lib/python3.12/site-packages'
[5.930s] Level 1:colcon.colcon_core.shell:create_environment_hook('relbot_msgs', 'pythonpath')
[5.930s] INFO:colcon.colcon_core.shell:Creating environment hook '/home/ubuntu/Robotics/ros2_ws/install/relbot_msgs/share/relbot_msgs/hook/pythonpath.ps1'
[5.930s] INFO:colcon.colcon_core.shell:Creating environment descriptor '/home/ubuntu/Robotics/ros2_ws/install/relbot_msgs/share/relbot_msgs/hook/pythonpath.dsv'
[5.930s] INFO:colcon.colcon_core.shell:Creating environment hook '/home/ubuntu/Robotics/ros2_ws/install/relbot_msgs/share/relbot_msgs/hook/pythonpath.sh'
[5.931s] Level 1:colcon.colcon_core.environment:checking '/home/ubuntu/Robotics/ros2_ws/install/relbot_msgs/bin'
[5.931s] INFO:colcon.colcon_core.shell:Creating package script '/home/ubuntu/Robotics/ros2_ws/install/relbot_msgs/share/relbot_msgs/package.ps1'
[5.932s] INFO:colcon.colcon_core.shell:Creating package descriptor '/home/ubuntu/Robotics/ros2_ws/install/relbot_msgs/share/relbot_msgs/package.dsv'
[5.933s] INFO:colcon.colcon_core.shell:Creating package script '/home/ubuntu/Robotics/ros2_ws/install/relbot_msgs/share/relbot_msgs/package.sh'
[5.933s] INFO:colcon.colcon_core.shell:Creating package script '/home/ubuntu/Robotics/ros2_ws/install/relbot_msgs/share/relbot_msgs/package.bash'
[5.933s] INFO:colcon.colcon_core.shell:Creating package script '/home/ubuntu/Robotics/ros2_ws/install/relbot_msgs/share/relbot_msgs/package.zsh'
[5.934s] Level 1:colcon.colcon_core.environment:create_file_with_runtime_dependencies(/home/ubuntu/Robotics/ros2_ws/install/relbot_msgs/share/colcon-core/packages/relbot_msgs)
[5.934s] INFO:colcon.colcon_ros.task.ament_cmake.build:Building ROS package in '/home/ubuntu/Robotics/ros2_ws/src/relbot_simulator' with build type 'ament_cmake'
[5.935s] INFO:colcon.colcon_cmake.task.cmake.build:Building CMake package in '/home/ubuntu/Robotics/ros2_ws/src/relbot_simulator'
[5.935s] INFO:colcon.colcon_core.shell:Skip shell extension 'powershell' for command environment: Not usable outside of PowerShell
[5.935s] DEBUG:colcon.colcon_core.shell:Skip shell extension 'dsv' for command environment
[6.226s] DEBUG:colcon.colcon_core.event_handler.log_command:Invoking command in '/home/ubuntu/Robotics/ros2_ws/build/relbot_simulator': CMAKE_PREFIX_PATH=/home/ubuntu/Robotics/ros2_ws/install/relbot_msgs:/home/ubuntu/Robotics/ros2_ws/install/relbot_simulator:/home/ubuntu/Robotics/ros2_ws/install/relbot_adapter:/home/ubuntu/Robotics/ros2_ws/install/cpp_pubsub:/home/ubuntu/Robotics/ros2_ws/install/cam2image_vm2ros:/home/ubuntu/Robotics/ros2_ws/install/assignment1_2:/home/ubuntu/Robotics/ros2_ws/install/assignment1_1:/opt/ros/jazzy/opt/gz_math_vendor:/opt/ros/jazzy/opt/gz_utils_vendor:/opt/ros/jazzy/opt/gz_cmake_vendor:/opt/ros/jazzy /usr/bin/cmake --build /home/ubuntu/Robotics/ros2_ws/build/relbot_simulator -- -j12 -l12
[6.386s] DEBUG:colcon.colcon_core.event_handler.log_command:Invoked command in '/home/ubuntu/Robotics/ros2_ws/build/relbot_simulator' returned '0': CMAKE_PREFIX_PATH=/home/ubuntu/Robotics/ros2_ws/install/relbot_msgs:/home/ubuntu/Robotics/ros2_ws/install/relbot_simulator:/home/ubuntu/Robotics/ros2_ws/install/relbot_adapter:/home/ubuntu/Robotics/ros2_ws/install/cpp_pubsub:/home/ubuntu/Robotics/ros2_ws/install/cam2image_vm2ros:/home/ubuntu/Robotics/ros2_ws/install/assignment1_2:/home/ubuntu/Robotics/ros2_ws/install/assignment1_1:/opt/ros/jazzy/opt/gz_math_vendor:/opt/ros/jazzy/opt/gz_utils_vendor:/opt/ros/jazzy/opt/gz_cmake_vendor:/opt/ros/jazzy /usr/bin/cmake --build /home/ubuntu/Robotics/ros2_ws/build/relbot_simulator -- -j12 -l12
[6.405s] DEBUG:colcon.colcon_core.event_handler.log_command:Invoking command in '/home/ubuntu/Robotics/ros2_ws/build/relbot_simulator': CMAKE_PREFIX_PATH=/home/ubuntu/Robotics/ros2_ws/install/relbot_msgs:/home/ubuntu/Robotics/ros2_ws/install/relbot_simulator:/home/ubuntu/Robotics/ros2_ws/install/relbot_adapter:/home/ubuntu/Robotics/ros2_ws/install/cpp_pubsub:/home/ubuntu/Robotics/ros2_ws/install/cam2image_vm2ros:/home/ubuntu/Robotics/ros2_ws/install/assignment1_2:/home/ubuntu/Robotics/ros2_ws/install/assignment1_1:/opt/ros/jazzy/opt/gz_math_vendor:/opt/ros/jazzy/opt/gz_utils_vendor:/opt/ros/jazzy/opt/gz_cmake_vendor:/opt/ros/jazzy /usr/bin/cmake --install /home/ubuntu/Robotics/ros2_ws/build/relbot_simulator
[6.462s] Level 1:colcon.colcon_core.environment:create_environment_scripts_only(relbot_simulator)
[6.462s] DEBUG:colcon.colcon_core.event_handler.log_command:Invoked command in '/home/ubuntu/Robotics/ros2_ws/build/relbot_simulator' returned '0': CMAKE_PREFIX_PATH=/home/ubuntu/Robotics/ros2_ws/install/relbot_msgs:/home/ubuntu/Robotics/ros2_ws/install/relbot_simulator:/home/ubuntu/Robotics/ros2_ws/install/relbot_adapter:/home/ubuntu/Robotics/ros2_ws/install/cpp_pubsub:/home/ubuntu/Robotics/ros2_ws/install/cam2image_vm2ros:/home/ubuntu/Robotics/ros2_ws/install/assignment1_2:/home/ubuntu/Robotics/ros2_ws/install/assignment1_1:/opt/ros/jazzy/opt/gz_math_vendor:/opt/ros/jazzy/opt/gz_utils_vendor:/opt/ros/jazzy/opt/gz_cmake_vendor:/opt/ros/jazzy /usr/bin/cmake --install /home/ubuntu/Robotics/ros2_ws/build/relbot_simulator
[6.463s] Level 1:colcon.colcon_core.environment:checking '/home/ubuntu/Robotics/ros2_ws/install/relbot_simulator' for CMake module files
[6.476s] Level 1:colcon.colcon_core.environment:checking '/home/ubuntu/Robotics/ros2_ws/install/relbot_simulator' for CMake config files
[6.487s] Level 1:colcon.colcon_core.shell:create_environment_hook('relbot_simulator', 'cmake_prefix_path')
[6.487s] INFO:colcon.colcon_core.shell:Creating environment hook '/home/ubuntu/Robotics/ros2_ws/install/relbot_simulator/share/relbot_simulator/hook/cmake_prefix_path.ps1'
[6.488s] INFO:colcon.colcon_core.shell:Creating environment descriptor '/home/ubuntu/Robotics/ros2_ws/install/relbot_simulator/share/relbot_simulator/hook/cmake_prefix_path.dsv'
[6.488s] INFO:colcon.colcon_core.shell:Creating environment hook '/home/ubuntu/Robotics/ros2_ws/install/relbot_simulator/share/relbot_simulator/hook/cmake_prefix_path.sh'
[6.489s] Level 1:colcon.colcon_core.environment:checking '/home/ubuntu/Robotics/ros2_ws/install/relbot_simulator/lib'
[6.489s] Level 1:colcon.colcon_core.environment:checking '/home/ubuntu/Robotics/ros2_ws/install/relbot_simulator/bin'
[6.489s] Level 1:colcon.colcon_core.environment:checking '/home/ubuntu/Robotics/ros2_ws/install/relbot_simulator/lib/pkgconfig/relbot_simulator.pc'
[6.489s] Level 1:colcon.colcon_core.environment:checking '/home/ubuntu/Robotics/ros2_ws/install/relbot_simulator/lib/python3.12/site-packages'
[6.490s] Level 1:colcon.colcon_core.environment:checking '/home/ubuntu/Robotics/ros2_ws/install/relbot_simulator/bin'
[6.490s] INFO:colcon.colcon_core.shell:Creating package script '/home/ubuntu/Robotics/ros2_ws/install/relbot_simulator/share/relbot_simulator/package.ps1'
[6.490s] INFO:colcon.colcon_core.shell:Creating package descriptor '/home/ubuntu/Robotics/ros2_ws/install/relbot_simulator/share/relbot_simulator/package.dsv'
[6.491s] INFO:colcon.colcon_core.shell:Creating package script '/home/ubuntu/Robotics/ros2_ws/install/relbot_simulator/share/relbot_simulator/package.sh'
[6.491s] INFO:colcon.colcon_core.shell:Creating package script '/home/ubuntu/Robotics/ros2_ws/install/relbot_simulator/share/relbot_simulator/package.bash'
[6.492s] INFO:colcon.colcon_core.shell:Creating package script '/home/ubuntu/Robotics/ros2_ws/install/relbot_simulator/share/relbot_simulator/package.zsh'
[6.492s] Level 1:colcon.colcon_core.environment:create_file_with_runtime_dependencies(/home/ubuntu/Robotics/ros2_ws/install/relbot_simulator/share/colcon-core/packages/relbot_simulator)
[6.493s] Level 1:colcon.colcon_core.environment:create_environment_scripts_only(relbot_simulator)
[6.493s] Level 1:colcon.colcon_core.environment:checking '/home/ubuntu/Robotics/ros2_ws/install/relbot_simulator' for CMake module files
[6.493s] Level 1:colcon.colcon_core.environment:checking '/home/ubuntu/Robotics/ros2_ws/install/relbot_simulator' for CMake config files
[6.494s] Level 1:colcon.colcon_core.shell:create_environment_hook('relbot_simulator', 'cmake_prefix_path')
[6.494s] INFO:colcon.colcon_core.shell:Creating environment hook '/home/ubuntu/Robotics/ros2_ws/install/relbot_simulator/share/relbot_simulator/hook/cmake_prefix_path.ps1'
[6.494s] INFO:colcon.colcon_core.shell:Creating environment descriptor '/home/ubuntu/Robotics/ros2_ws/install/relbot_simulator/share/relbot_simulator/hook/cmake_prefix_path.dsv'
[6.495s] INFO:colcon.colcon_core.shell:Creating environment hook '/home/ubuntu/Robotics/ros2_ws/install/relbot_simulator/share/relbot_simulator/hook/cmake_prefix_path.sh'
[6.495s] Level 1:colcon.colcon_core.environment:checking '/home/ubuntu/Robotics/ros2_ws/install/relbot_simulator/lib'
[6.495s] Level 1:colcon.colcon_core.environment:checking '/home/ubuntu/Robotics/ros2_ws/install/relbot_simulator/bin'
[6.495s] Level 1:colcon.colcon_core.environment:checking '/home/ubuntu/Robotics/ros2_ws/install/relbot_simulator/lib/pkgconfig/relbot_simulator.pc'
[6.496s] Level 1:colcon.colcon_core.environment:checking '/home/ubuntu/Robotics/ros2_ws/install/relbot_simulator/lib/python3.12/site-packages'
[6.496s] Level 1:colcon.colcon_core.environment:checking '/home/ubuntu/Robotics/ros2_ws/install/relbot_simulator/bin'
[6.496s] INFO:colcon.colcon_core.shell:Creating package script '/home/ubuntu/Robotics/ros2_ws/install/relbot_simulator/share/relbot_simulator/package.ps1'
[6.497s] INFO:colcon.colcon_core.shell:Creating package descriptor '/home/ubuntu/Robotics/ros2_ws/install/relbot_simulator/share/relbot_simulator/package.dsv'
[6.497s] INFO:colcon.colcon_core.shell:Creating package script '/home/ubuntu/Robotics/ros2_ws/install/relbot_simulator/share/relbot_simulator/package.sh'
[6.498s] INFO:colcon.colcon_core.shell:Creating package script '/home/ubuntu/Robotics/ros2_ws/install/relbot_simulator/share/relbot_simulator/package.bash'
[6.498s] INFO:colcon.colcon_core.shell:Creating package script '/home/ubuntu/Robotics/ros2_ws/install/relbot_simulator/share/relbot_simulator/package.zsh'
[6.499s] Level 1:colcon.colcon_core.environment:create_file_with_runtime_dependencies(/home/ubuntu/Robotics/ros2_ws/install/relbot_simulator/share/colcon-core/packages/relbot_simulator)
[13.541s] DEBUG:colcon.colcon_core.event_handler.log_command:Invoked command in '/home/ubuntu/Robotics/ros2_ws/build/assignment1_2' returned '2': CMAKE_PREFIX_PATH=${CMAKE_PREFIX_PATH}:/opt/ros/jazzy /usr/bin/cmake --build /home/ubuntu/Robotics/ros2_ws/build/assignment1_2 -- -j12 -l12
[13.568s] Level 1:colcon.colcon_core.environment:create_environment_scripts_only(assignment1_2)
[13.568s] Level 1:colcon.colcon_core.environment:checking '/home/ubuntu/Robotics/ros2_ws/install/assignment1_2' for CMake module files
[13.595s] Level 1:colcon.colcon_core.environment:checking '/home/ubuntu/Robotics/ros2_ws/install/assignment1_2' for CMake config files
[13.614s] Level 1:colcon.colcon_core.shell:create_environment_hook('assignment1_2', 'cmake_prefix_path')
[13.614s] INFO:colcon.colcon_core.shell:Creating environment hook '/home/ubuntu/Robotics/ros2_ws/install/assignment1_2/share/assignment1_2/hook/cmake_prefix_path.ps1'
[13.615s] INFO:colcon.colcon_core.shell:Creating environment descriptor '/home/ubuntu/Robotics/ros2_ws/install/assignment1_2/share/assignment1_2/hook/cmake_prefix_path.dsv'
[13.615s] INFO:colcon.colcon_core.shell:Creating environment hook '/home/ubuntu/Robotics/ros2_ws/install/assignment1_2/share/assignment1_2/hook/cmake_prefix_path.sh'
[13.616s] Level 1:colcon.colcon_core.environment:checking '/home/ubuntu/Robotics/ros2_ws/install/assignment1_2/lib'
[13.616s] Level 1:colcon.colcon_core.environment:checking '/home/ubuntu/Robotics/ros2_ws/install/assignment1_2/bin'
[13.616s] Level 1:colcon.colcon_core.environment:checking '/home/ubuntu/Robotics/ros2_ws/install/assignment1_2/lib/pkgconfig/assignment1_2.pc'
[13.617s] Level 1:colcon.colcon_core.environment:checking '/home/ubuntu/Robotics/ros2_ws/install/assignment1_2/lib/python3.12/site-packages'
[13.617s] Level 1:colcon.colcon_core.environment:checking '/home/ubuntu/Robotics/ros2_ws/install/assignment1_2/bin'
[13.617s] INFO:colcon.colcon_core.shell:Creating package script '/home/ubuntu/Robotics/ros2_ws/install/assignment1_2/share/assignment1_2/package.ps1'
[13.618s] INFO:colcon.colcon_core.shell:Creating package descriptor '/home/ubuntu/Robotics/ros2_ws/install/assignment1_2/share/assignment1_2/package.dsv'
[13.618s] INFO:colcon.colcon_core.shell:Creating package script '/home/ubuntu/Robotics/ros2_ws/install/assignment1_2/share/assignment1_2/package.sh'
[13.618s] INFO:colcon.colcon_core.shell:Creating package script '/home/ubuntu/Robotics/ros2_ws/install/assignment1_2/share/assignment1_2/package.bash'
[13.619s] INFO:colcon.colcon_core.shell:Creating package script '/home/ubuntu/Robotics/ros2_ws/install/assignment1_2/share/assignment1_2/package.zsh'
[13.619s] Level 1:colcon.colcon_core.environment:create_file_with_runtime_dependencies(/home/ubuntu/Robotics/ros2_ws/install/assignment1_2/share/colcon-core/packages/assignment1_2)
[13.631s] DEBUG:colcon.colcon_parallel_executor.executor.parallel:closing loop
[13.631s] DEBUG:colcon.colcon_parallel_executor.executor.parallel:loop closed
[13.631s] DEBUG:colcon.colcon_parallel_executor.executor.parallel:run_until_complete finished with '2'
[13.631s] DEBUG:colcon.colcon_core.event_reactor:joining thread
[13.813s] INFO:colcon.colcon_core.plugin_system:Skipping extension 'colcon_notification.desktop_notification.notify_send': Could not find 'notify-send'
[13.813s] INFO:colcon.colcon_core.plugin_system:Skipping extension 'colcon_notification.desktop_notification.terminal_notifier': Not used on non-Darwin systems
[13.814s] INFO:colcon.colcon_core.plugin_system:Skipping extension 'colcon_notification.desktop_notification.win32': Not used on non-Windows systems
[13.814s] INFO:colcon.colcon_notification.desktop_notification:Sending desktop notification using 'notify2'
[13.837s] DEBUG:colcon.colcon_notification.desktop_notification.notify2:Failed to initialize notify2: org.freedesktop.DBus.Error.ServiceUnknown: The name org.freedesktop.Notifications was not provided by any .service files
[13.837s] DEBUG:colcon.colcon_core.event_reactor:joined thread
[13.838s] INFO:colcon.colcon_core.shell:Creating prefix script '/home/ubuntu/Robotics/ros2_ws/install/local_setup.ps1'
[13.848s] INFO:colcon.colcon_core.shell:Creating prefix util module '/home/ubuntu/Robotics/ros2_ws/install/_local_setup_util_ps1.py'
[13.855s] INFO:colcon.colcon_core.shell:Creating prefix chain script '/home/ubuntu/Robotics/ros2_ws/install/setup.ps1'
[13.857s] INFO:colcon.colcon_core.shell:Creating prefix script '/home/ubuntu/Robotics/ros2_ws/install/local_setup.sh'
[13.859s] INFO:colcon.colcon_core.shell:Creating prefix util module '/home/ubuntu/Robotics/ros2_ws/install/_local_setup_util_sh.py'
[13.860s] INFO:colcon.colcon_core.shell:Creating prefix chain script '/home/ubuntu/Robotics/ros2_ws/install/setup.sh'
[13.862s] INFO:colcon.colcon_core.shell:Creating prefix script '/home/ubuntu/Robotics/ros2_ws/install/local_setup.bash'
[13.869s] INFO:colcon.colcon_core.shell:Creating prefix chain script '/home/ubuntu/Robotics/ros2_ws/install/setup.bash'
[13.871s] INFO:colcon.colcon_core.shell:Creating prefix script '/home/ubuntu/Robotics/ros2_ws/install/local_setup.zsh'
[13.876s] INFO:colcon.colcon_core.shell:Creating prefix chain script '/home/ubuntu/Robotics/ros2_ws/install/setup.zsh'
