[0.092s] Invoking command in '/home/asdfr-33/ASDfR---Assignment3_ros_ws/build/assignment1_2': CMAKE_PREFIX_PATH=${CMAKE_PREFIX_PATH}:/opt/ros/humble /usr/bin/cmake --build /home/asdfr-33/ASDfR---Assignment3_ros_ws/build/assignment1_2 -- -j3 -l3
[0.439s] [100%] Built target setpoint_generator
[0.530s] Invoked command in '/home/asdfr-33/ASDfR---Assignment3_ros_ws/build/assignment1_2' returned '0': CMAKE_PREFIX_PATH=${CMAKE_PREFIX_PATH}:/opt/ros/humble /usr/bin/cmake --build /home/asdfr-33/ASDfR---Assignment3_ros_ws/build/assignment1_2 -- -j3 -l3
[0.728s] Invoking command in '/home/asdfr-33/ASDfR---Assignment3_ros_ws/build/assignment1_2': CMAKE_PREFIX_PATH=${CMAKE_PREFIX_PATH}:/opt/ros/humble /usr/bin/cmake --install /home/asdfr-33/ASDfR---Assignment3_ros_ws/build/assignment1_2
[0.787s] -- Install configuration: ""
[0.789s] -- Up-to-date: /home/asdfr-33/ASDfR---Assignment3_ros_ws/install/assignment1_2/lib/assignment1_2/setpoint_generator
[0.790s] -- Up-to-date: /home/asdfr-33/ASDfR---Assignment3_ros_ws/install/assignment1_2/include/
[0.791s] -- Up-to-date: /home/asdfr-33/ASDfR---Assignment3_ros_ws/install/assignment1_2/include//setpoint_generator.hpp
[0.799s] -- Up-to-date: /home/asdfr-33/ASDfR---Assignment3_ros_ws/install/assignment1_2/share/ament_index/resource_index/package_run_dependencies/assignment1_2
[0.801s] -- Up-to-date: /home/asdfr-33/ASDfR---Assignment3_ros_ws/install/assignment1_2/share/ament_index/resource_index/parent_prefix_path/assignment1_2
[0.802s] -- Up-to-date: /home/asdfr-33/ASDfR---Assignment3_ros_ws/install/assignment1_2/share/assignment1_2/environment/ament_prefix_path.sh
[0.804s] -- Up-to-date: /home/asdfr-33/ASDfR---Assignment3_ros_ws/install/assignment1_2/share/assignment1_2/environment/ament_prefix_path.dsv
[0.805s] -- Up-to-date: /home/asdfr-33/ASDfR---Assignment3_ros_ws/install/assignment1_2/share/assignment1_2/environment/path.sh
[0.806s] -- Up-to-date: /home/asdfr-33/ASDfR---Assignment3_ros_ws/install/assignment1_2/share/assignment1_2/environment/path.dsv
[0.808s] -- Up-to-date: /home/asdfr-33/ASDfR---Assignment3_ros_ws/install/assignment1_2/share/assignment1_2/local_setup.bash
[0.821s] -- Up-to-date: /home/asdfr-33/ASDfR---Assignment3_ros_ws/install/assignment1_2/share/assignment1_2/local_setup.sh
[0.823s] -- Up-to-date: /home/asdfr-33/ASDfR---Assignment3_ros_ws/install/assignment1_2/share/assignment1_2/local_setup.zsh
[0.861s] -- Up-to-date: /home/asdfr-33/ASDfR---Assignment3_ros_ws/install/assignment1_2/share/assignment1_2/local_setup.dsv
[0.862s] -- Up-to-date: /home/asdfr-33/ASDfR---Assignment3_ros_ws/install/assignment1_2/share/assignment1_2/package.dsv
[0.863s] -- Up-to-date: /home/asdfr-33/ASDfR---Assignment3_ros_ws/install/assignment1_2/share/ament_index/resource_index/packages/assignment1_2
[0.882s] -- Up-to-date: /home/asdfr-33/ASDfR---Assignment3_ros_ws/install/assignment1_2/share/assignment1_2/cmake/assignment1_2Config.cmake
[0.884s] -- Up-to-date: /home/asdfr-33/ASDfR---Assignment3_ros_ws/install/assignment1_2/share/assignment1_2/cmake/assignment1_2Config-version.cmake
[0.885s] -- Up-to-date: /home/asdfr-33/ASDfR---Assignment3_ros_ws/install/assignment1_2/share/assignment1_2/package.xml
[0.887s] Invoked command in '/home/asdfr-33/ASDfR---Assignment3_ros_ws/build/assignment1_2' returned '0': CMAKE_PREFIX_PATH=${CMAKE_PREFIX_PATH}:/opt/ros/humble /usr/bin/cmake --install /home/asdfr-33/ASDfR---Assignment3_ros_ws/build/assignment1_2
