[0.012s] Invoking command in '/home/ubuntu/Robotics/ros2_ws/build/relbot_msgs': CMAKE_PREFIX_PATH=${CMAKE_PREFIX_PATH}:/opt/ros/jazzy /usr/bin/cmake --build /home/ubuntu/Robotics/ros2_ws/build/relbot_msgs -- -j12 -l12
[0.070s] [  2%] [34m[1mGenerating type hashes for ROS interfaces[0m
[0.080s] [  2%] Built target ament_cmake_python_copy_relbot_msgs
[0.396s] running egg_info
[0.396s] creating relbot_msgs.egg-info
[0.420s] writing relbot_msgs.egg-info/PKG-INFO
[0.420s] writing dependency_links to relbot_msgs.egg-info/dependency_links.txt
[0.420s] writing top-level names to relbot_msgs.egg-info/top_level.txt
[0.421s] writing manifest file 'relbot_msgs.egg-info/SOURCES.txt'
[0.490s] reading manifest file 'relbot_msgs.egg-info/SOURCES.txt'
[0.491s] writing manifest file 'relbot_msgs.egg-info/SOURCES.txt'
[0.520s] [  2%] Built target ament_cmake_python_build_relbot_msgs_egg
[0.620s] [  2%] Built target relbot_msgs__rosidl_generator_type_description
[0.632s] [  4%] [34m[1mGenerating C code for ROS interfaces[0m
[0.643s] [  6%] [34m[1mGenerating C++ code for ROS interfaces[0m
[1.004s] [  6%] Built target relbot_msgs__cpp
[1.039s] [ 13%] [32mBuilding C object CMakeFiles/relbot_msgs__rosidl_generator_c.dir/rosidl_generator_c/relbot_msgs/msg/detail/relbot_motors__functions.c.o[0m
[1.039s] [ 13%] [32mBuilding C object CMakeFiles/relbot_msgs__rosidl_generator_c.dir/rosidl_generator_c/relbot_msgs/msg/detail/relbot_motors__description.c.o[0m
[1.039s] [ 13%] [32mBuilding C object CMakeFiles/relbot_msgs__rosidl_generator_c.dir/rosidl_generator_c/relbot_msgs/msg/detail/relbot_motors__type_support.c.o[0m
[1.040s] [ 15%] [32mBuilding C object CMakeFiles/relbot_msgs__rosidl_generator_c.dir/rosidl_generator_c/relbot_msgs/msg/detail/relbot_motors_stamped__functions.c.o[0m
[1.040s] [ 18%] [32mBuilding C object CMakeFiles/relbot_msgs__rosidl_generator_c.dir/rosidl_generator_c/relbot_msgs/msg/detail/relbot_motors_stamped__description.c.o[0m
[1.040s] [ 20%] [32mBuilding C object CMakeFiles/relbot_msgs__rosidl_generator_c.dir/rosidl_generator_c/relbot_msgs/msg/detail/relbot_motors_stamped__type_support.c.o[0m
[1.249s] [ 22%] [32m[1mLinking C shared library librelbot_msgs__rosidl_generator_c.so[0m
[1.463s] [ 22%] Built target relbot_msgs__rosidl_generator_c
[1.475s] [ 25%] [34m[1mGenerating C type support for eProsima Fast-RTPS[0m
[1.475s] [ 27%] [34m[1mGenerating C type support dispatch for ROS interfaces[0m
[1.477s] [ 29%] [34m[1mGenerating C++ type support dispatch for ROS interfaces[0m
[1.478s] [ 31%] [34m[1mGenerating C introspection for ROS interfaces[0m
[1.479s] [ 34%] [34m[1mGenerating C++ type support for eProsima Fast-RTPS[0m
[1.479s] [ 36%] [34m[1mGenerating C++ introspection for ROS interfaces[0m
[1.891s] [ 38%] [32mBuilding CXX object CMakeFiles/relbot_msgs__rosidl_typesupport_introspection_cpp.dir/rosidl_typesupport_introspection_cpp/relbot_msgs/msg/detail/relbot_motors__type_support.cpp.o[0m
[1.895s] [ 40%] [32mBuilding CXX object CMakeFiles/relbot_msgs__rosidl_typesupport_introspection_cpp.dir/rosidl_typesupport_introspection_cpp/relbot_msgs/msg/detail/relbot_motors_stamped__type_support.cpp.o[0m
[1.895s] [ 43%] [32mBuilding CXX object CMakeFiles/relbot_msgs__rosidl_typesupport_c.dir/rosidl_typesupport_c/relbot_msgs/msg/relbot_motors__type_support.cpp.o[0m
[1.898s] [ 45%] [32mBuilding CXX object CMakeFiles/relbot_msgs__rosidl_typesupport_c.dir/rosidl_typesupport_c/relbot_msgs/msg/relbot_motors_stamped__type_support.cpp.o[0m
[1.902s] [ 47%] [32mBuilding CXX object CMakeFiles/relbot_msgs__rosidl_typesupport_cpp.dir/rosidl_typesupport_cpp/relbot_msgs/msg/relbot_motors__type_support.cpp.o[0m
[1.903s] [ 50%] [32mBuilding CXX object CMakeFiles/relbot_msgs__rosidl_typesupport_cpp.dir/rosidl_typesupport_cpp/relbot_msgs/msg/relbot_motors_stamped__type_support.cpp.o[0m
[1.965s] [ 52%] [32mBuilding C object CMakeFiles/relbot_msgs__rosidl_typesupport_introspection_c.dir/rosidl_typesupport_introspection_c/relbot_msgs/msg/detail/relbot_motors__type_support.c.o[0m
[1.965s] [ 54%] [32mBuilding C object CMakeFiles/relbot_msgs__rosidl_typesupport_introspection_c.dir/rosidl_typesupport_introspection_c/relbot_msgs/msg/detail/relbot_motors_stamped__type_support.c.o[0m
[1.976s] [ 56%] [32mBuilding CXX object CMakeFiles/relbot_msgs__rosidl_typesupport_fastrtps_cpp.dir/rosidl_typesupport_fastrtps_cpp/relbot_msgs/msg/detail/dds_fastrtps/relbot_motors__type_support.cpp.o[0m
[1.977s] [ 59%] [32mBuilding CXX object CMakeFiles/relbot_msgs__rosidl_typesupport_fastrtps_cpp.dir/rosidl_typesupport_fastrtps_cpp/relbot_msgs/msg/detail/dds_fastrtps/relbot_motors_stamped__type_support.cpp.o[0m
[2.036s] [ 61%] [32m[1mLinking CXX shared library librelbot_msgs__rosidl_typesupport_c.so[0m
[2.071s] [ 63%] [32mBuilding CXX object CMakeFiles/relbot_msgs__rosidl_typesupport_fastrtps_c.dir/rosidl_typesupport_fastrtps_c/relbot_msgs/msg/detail/relbot_motors_stamped__type_support_c.cpp.o[0m
[2.072s] [ 65%] [32mBuilding CXX object CMakeFiles/relbot_msgs__rosidl_typesupport_fastrtps_c.dir/rosidl_typesupport_fastrtps_c/relbot_msgs/msg/detail/relbot_motors__type_support_c.cpp.o[0m
[2.075s] [ 68%] [32m[1mLinking C shared library librelbot_msgs__rosidl_typesupport_introspection_c.so[0m
[2.390s] [ 68%] Built target relbot_msgs__rosidl_typesupport_c
[2.393s] [ 68%] Built target relbot_msgs__rosidl_typesupport_introspection_c
[2.689s] [ 70%] [32m[1mLinking CXX shared library librelbot_msgs__rosidl_typesupport_introspection_cpp.so[0m
[2.694s] [ 72%] [32m[1mLinking CXX shared library librelbot_msgs__rosidl_typesupport_cpp.so[0m
[2.927s] [ 72%] Built target relbot_msgs__rosidl_typesupport_cpp
[2.979s] [ 72%] Built target relbot_msgs__rosidl_typesupport_introspection_cpp
[3.151s] [ 77%] [32m[1mLinking CXX shared library librelbot_msgs__rosidl_typesupport_fastrtps_c.so[0m
[3.152s] [ 77%] [32m[1mLinking CXX shared library librelbot_msgs__rosidl_typesupport_fastrtps_cpp.so[0m
[3.304s] [ 77%] Built target relbot_msgs__rosidl_typesupport_fastrtps_cpp
[3.304s] [ 77%] Built target relbot_msgs__rosidl_typesupport_fastrtps_c
[3.328s] [ 77%] Built target relbot_msgs
[3.352s] [ 79%] [34m[1mGenerating Python code for ROS interfaces[0m
[3.681s] [ 79%] Built target relbot_msgs__py
[3.704s] [ 81%] [32mBuilding C object CMakeFiles/relbot_msgs__rosidl_generator_py.dir/rosidl_generator_py/relbot_msgs/msg/_relbot_motors_s.c.o[0m
[3.704s] [ 84%] [32mBuilding C object CMakeFiles/relbot_msgs__rosidl_generator_py.dir/rosidl_generator_py/relbot_msgs/msg/_relbot_motors_stamped_s.c.o[0m
[4.293s] [ 86%] [32m[1mLinking C shared library librelbot_msgs__rosidl_generator_py.so[0m
[4.506s] [ 86%] Built target relbot_msgs__rosidl_generator_py
[4.534s] [ 88%] [32mBuilding C object CMakeFiles/relbot_msgs_s__rosidl_typesupport_c.dir/rosidl_generator_py/relbot_msgs/_relbot_msgs_s.ep.rosidl_typesupport_c.c.o[0m
[4.537s] [ 93%] [32mBuilding C object CMakeFiles/relbot_msgs_s__rosidl_typesupport_introspection_c.dir/rosidl_generator_py/relbot_msgs/_relbot_msgs_s.ep.rosidl_typesupport_introspection_c.c.o[0m
[4.537s] [ 93%] [32mBuilding C object CMakeFiles/relbot_msgs_s__rosidl_typesupport_fastrtps_c.dir/rosidl_generator_py/relbot_msgs/_relbot_msgs_s.ep.rosidl_typesupport_fastrtps_c.c.o[0m
[4.700s] [ 95%] [32m[1mLinking C shared module rosidl_generator_py/relbot_msgs/relbot_msgs_s__rosidl_typesupport_c.so[0m
[4.706s] [ 97%] [32m[1mLinking C shared module rosidl_generator_py/relbot_msgs/relbot_msgs_s__rosidl_typesupport_introspection_c.so[0m
[4.718s] [100%] [32m[1mLinking C shared module rosidl_generator_py/relbot_msgs/relbot_msgs_s__rosidl_typesupport_fastrtps_c.so[0m
[4.856s] [100%] Built target relbot_msgs_s__rosidl_typesupport_introspection_c
[4.857s] [100%] Built target relbot_msgs_s__rosidl_typesupport_c
[4.904s] [100%] Built target relbot_msgs_s__rosidl_typesupport_fastrtps_c
[4.918s] Invoked command in '/home/ubuntu/Robotics/ros2_ws/build/relbot_msgs' returned '0': CMAKE_PREFIX_PATH=${CMAKE_PREFIX_PATH}:/opt/ros/jazzy /usr/bin/cmake --build /home/ubuntu/Robotics/ros2_ws/build/relbot_msgs -- -j12 -l12
[4.930s] Invoking command in '/home/ubuntu/Robotics/ros2_ws/build/relbot_msgs': CMAKE_PREFIX_PATH=${CMAKE_PREFIX_PATH}:/opt/ros/jazzy /usr/bin/cmake --install /home/ubuntu/Robotics/ros2_ws/build/relbot_msgs
[4.939s] -- Install configuration: ""
[4.941s] -- Installing: /home/ubuntu/Robotics/ros2_ws/install/relbot_msgs/share/ament_index/resource_index/rosidl_interfaces/relbot_msgs
[4.941s] -- Installing: /home/ubuntu/Robotics/ros2_ws/install/relbot_msgs/share/relbot_msgs/msg/RelbotMotors.json
[4.942s] -- Installing: /home/ubuntu/Robotics/ros2_ws/install/relbot_msgs/share/relbot_msgs/msg/RelbotMotorsStamped.json
[4.942s] -- Installing: /home/ubuntu/Robotics/ros2_ws/install/relbot_msgs/include/relbot_msgs/relbot_msgs
[4.943s] -- Installing: /home/ubuntu/Robotics/ros2_ws/install/relbot_msgs/include/relbot_msgs/relbot_msgs/msg
[4.943s] -- Installing: /home/ubuntu/Robotics/ros2_ws/install/relbot_msgs/include/relbot_msgs/relbot_msgs/msg/rosidl_generator_c__visibility_control.h
[4.943s] -- Installing: /home/ubuntu/Robotics/ros2_ws/install/relbot_msgs/include/relbot_msgs/relbot_msgs/msg/relbot_motors.h
[4.943s] -- Installing: /home/ubuntu/Robotics/ros2_ws/install/relbot_msgs/include/relbot_msgs/relbot_msgs/msg/relbot_motors_stamped.h
[4.944s] -- Installing: /home/ubuntu/Robotics/ros2_ws/install/relbot_msgs/include/relbot_msgs/relbot_msgs/msg/detail
[4.944s] -- Installing: /home/ubuntu/Robotics/ros2_ws/install/relbot_msgs/include/relbot_msgs/relbot_msgs/msg/detail/relbot_motors_stamped__struct.h
[4.944s] -- Installing: /home/ubuntu/Robotics/ros2_ws/install/relbot_msgs/include/relbot_msgs/relbot_msgs/msg/detail/relbot_motors_stamped__type_support.h
[4.944s] -- Installing: /home/ubuntu/Robotics/ros2_ws/install/relbot_msgs/include/relbot_msgs/relbot_msgs/msg/detail/relbot_motors__type_support.c
[4.945s] -- Installing: /home/ubuntu/Robotics/ros2_ws/install/relbot_msgs/include/relbot_msgs/relbot_msgs/msg/detail/relbot_motors_stamped__type_support.c
[4.945s] -- Installing: /home/ubuntu/Robotics/ros2_ws/install/relbot_msgs/include/relbot_msgs/relbot_msgs/msg/detail/relbot_motors__functions.c
[4.945s] -- Installing: /home/ubuntu/Robotics/ros2_ws/install/relbot_msgs/include/relbot_msgs/relbot_msgs/msg/detail/relbot_motors_stamped__functions.c
[4.945s] -- Installing: /home/ubuntu/Robotics/ros2_ws/install/relbot_msgs/include/relbot_msgs/relbot_msgs/msg/detail/relbot_motors_stamped__functions.h
[4.945s] -- Installing: /home/ubuntu/Robotics/ros2_ws/install/relbot_msgs/include/relbot_msgs/relbot_msgs/msg/detail/relbot_motors__struct.h
[4.945s] -- Installing: /home/ubuntu/Robotics/ros2_ws/install/relbot_msgs/include/relbot_msgs/relbot_msgs/msg/detail/relbot_motors_stamped__description.c
[4.945s] -- Installing: /home/ubuntu/Robotics/ros2_ws/install/relbot_msgs/include/relbot_msgs/relbot_msgs/msg/detail/relbot_motors__type_support.h
[4.946s] -- Installing: /home/ubuntu/Robotics/ros2_ws/install/relbot_msgs/include/relbot_msgs/relbot_msgs/msg/detail/relbot_motors__description.c
[4.946s] -- Installing: /home/ubuntu/Robotics/ros2_ws/install/relbot_msgs/include/relbot_msgs/relbot_msgs/msg/detail/relbot_motors__functions.h
[4.946s] -- Installing: /home/ubuntu/Robotics/ros2_ws/install/relbot_msgs/share/relbot_msgs/environment/library_path.sh
[4.946s] -- Installing: /home/ubuntu/Robotics/ros2_ws/install/relbot_msgs/share/relbot_msgs/environment/library_path.dsv
[4.947s] -- Installing: /home/ubuntu/Robotics/ros2_ws/install/relbot_msgs/lib/librelbot_msgs__rosidl_generator_c.so
[4.947s] -- Set non-toolchain portion of runtime path of "/home/ubuntu/Robotics/ros2_ws/install/relbot_msgs/lib/librelbot_msgs__rosidl_generator_c.so" to ""
[4.948s] -- Up-to-date: /home/ubuntu/Robotics/ros2_ws/install/relbot_msgs/include/relbot_msgs/relbot_msgs
[4.948s] -- Up-to-date: /home/ubuntu/Robotics/ros2_ws/install/relbot_msgs/include/relbot_msgs/relbot_msgs/msg
[4.948s] -- Installing: /home/ubuntu/Robotics/ros2_ws/install/relbot_msgs/include/relbot_msgs/relbot_msgs/msg/rosidl_typesupport_fastrtps_c__visibility_control.h
[4.948s] -- Up-to-date: /home/ubuntu/Robotics/ros2_ws/install/relbot_msgs/include/relbot_msgs/relbot_msgs/msg/detail
[4.948s] -- Installing: /home/ubuntu/Robotics/ros2_ws/install/relbot_msgs/include/relbot_msgs/relbot_msgs/msg/detail/relbot_motors__rosidl_typesupport_fastrtps_c.h
[4.948s] -- Installing: /home/ubuntu/Robotics/ros2_ws/install/relbot_msgs/include/relbot_msgs/relbot_msgs/msg/detail/relbot_motors_stamped__rosidl_typesupport_fastrtps_c.h
[4.948s] -- Installing: /home/ubuntu/Robotics/ros2_ws/install/relbot_msgs/lib/librelbot_msgs__rosidl_typesupport_fastrtps_c.so
[4.949s] -- Set non-toolchain portion of runtime path of "/home/ubuntu/Robotics/ros2_ws/install/relbot_msgs/lib/librelbot_msgs__rosidl_typesupport_fastrtps_c.so" to ""
[4.949s] -- Up-to-date: /home/ubuntu/Robotics/ros2_ws/install/relbot_msgs/include/relbot_msgs/relbot_msgs
[4.949s] -- Up-to-date: /home/ubuntu/Robotics/ros2_ws/install/relbot_msgs/include/relbot_msgs/relbot_msgs/msg
[4.949s] -- Installing: /home/ubuntu/Robotics/ros2_ws/install/relbot_msgs/include/relbot_msgs/relbot_msgs/msg/rosidl_typesupport_introspection_c__visibility_control.h
[4.950s] -- Up-to-date: /home/ubuntu/Robotics/ros2_ws/install/relbot_msgs/include/relbot_msgs/relbot_msgs/msg/detail
[4.950s] -- Installing: /home/ubuntu/Robotics/ros2_ws/install/relbot_msgs/include/relbot_msgs/relbot_msgs/msg/detail/relbot_motors__type_support.c
[4.950s] -- Installing: /home/ubuntu/Robotics/ros2_ws/install/relbot_msgs/include/relbot_msgs/relbot_msgs/msg/detail/relbot_motors_stamped__type_support.c
[4.950s] -- Installing: /home/ubuntu/Robotics/ros2_ws/install/relbot_msgs/include/relbot_msgs/relbot_msgs/msg/detail/relbot_motors__rosidl_typesupport_introspection_c.h
[4.950s] -- Installing: /home/ubuntu/Robotics/ros2_ws/install/relbot_msgs/include/relbot_msgs/relbot_msgs/msg/detail/relbot_motors_stamped__rosidl_typesupport_introspection_c.h
[4.950s] -- Installing: /home/ubuntu/Robotics/ros2_ws/install/relbot_msgs/lib/librelbot_msgs__rosidl_typesupport_introspection_c.so
[4.950s] -- Set non-toolchain portion of runtime path of "/home/ubuntu/Robotics/ros2_ws/install/relbot_msgs/lib/librelbot_msgs__rosidl_typesupport_introspection_c.so" to ""
[4.951s] -- Installing: /home/ubuntu/Robotics/ros2_ws/install/relbot_msgs/lib/librelbot_msgs__rosidl_typesupport_c.so
[4.951s] -- Set non-toolchain portion of runtime path of "/home/ubuntu/Robotics/ros2_ws/install/relbot_msgs/lib/librelbot_msgs__rosidl_typesupport_c.so" to ""
[4.951s] -- Up-to-date: /home/ubuntu/Robotics/ros2_ws/install/relbot_msgs/include/relbot_msgs/relbot_msgs
[4.951s] -- Up-to-date: /home/ubuntu/Robotics/ros2_ws/install/relbot_msgs/include/relbot_msgs/relbot_msgs/msg
[4.952s] -- Up-to-date: /home/ubuntu/Robotics/ros2_ws/install/relbot_msgs/include/relbot_msgs/relbot_msgs/msg/detail
[4.952s] -- Installing: /home/ubuntu/Robotics/ros2_ws/install/relbot_msgs/include/relbot_msgs/relbot_msgs/msg/detail/relbot_motors__builder.hpp
[4.952s] -- Installing: /home/ubuntu/Robotics/ros2_ws/install/relbot_msgs/include/relbot_msgs/relbot_msgs/msg/detail/relbot_motors_stamped__struct.hpp
[4.952s] -- Installing: /home/ubuntu/Robotics/ros2_ws/install/relbot_msgs/include/relbot_msgs/relbot_msgs/msg/detail/relbot_motors__type_support.hpp
[4.952s] -- Installing: /home/ubuntu/Robotics/ros2_ws/install/relbot_msgs/include/relbot_msgs/relbot_msgs/msg/detail/relbot_motors__traits.hpp
[4.952s] -- Installing: /home/ubuntu/Robotics/ros2_ws/install/relbot_msgs/include/relbot_msgs/relbot_msgs/msg/detail/relbot_motors_stamped__builder.hpp
[4.952s] -- Installing: /home/ubuntu/Robotics/ros2_ws/install/relbot_msgs/include/relbot_msgs/relbot_msgs/msg/detail/relbot_motors_stamped__traits.hpp
[4.953s] -- Installing: /home/ubuntu/Robotics/ros2_ws/install/relbot_msgs/include/relbot_msgs/relbot_msgs/msg/detail/relbot_motors__struct.hpp
[4.953s] -- Installing: /home/ubuntu/Robotics/ros2_ws/install/relbot_msgs/include/relbot_msgs/relbot_msgs/msg/detail/relbot_motors_stamped__type_support.hpp
[4.953s] -- Installing: /home/ubuntu/Robotics/ros2_ws/install/relbot_msgs/include/relbot_msgs/relbot_msgs/msg/rosidl_generator_cpp__visibility_control.hpp
[4.953s] -- Installing: /home/ubuntu/Robotics/ros2_ws/install/relbot_msgs/include/relbot_msgs/relbot_msgs/msg/relbot_motors.hpp
[4.954s] -- Installing: /home/ubuntu/Robotics/ros2_ws/install/relbot_msgs/include/relbot_msgs/relbot_msgs/msg/relbot_motors_stamped.hpp
[4.954s] -- Up-to-date: /home/ubuntu/Robotics/ros2_ws/install/relbot_msgs/include/relbot_msgs/relbot_msgs
[4.954s] -- Up-to-date: /home/ubuntu/Robotics/ros2_ws/install/relbot_msgs/include/relbot_msgs/relbot_msgs/msg
[4.954s] -- Installing: /home/ubuntu/Robotics/ros2_ws/install/relbot_msgs/include/relbot_msgs/relbot_msgs/msg/rosidl_typesupport_fastrtps_cpp__visibility_control.h
[4.954s] -- Up-to-date: /home/ubuntu/Robotics/ros2_ws/install/relbot_msgs/include/relbot_msgs/relbot_msgs/msg/detail
[4.954s] -- Installing: /home/ubuntu/Robotics/ros2_ws/install/relbot_msgs/include/relbot_msgs/relbot_msgs/msg/detail/dds_fastrtps
[4.954s] -- Installing: /home/ubuntu/Robotics/ros2_ws/install/relbot_msgs/include/relbot_msgs/relbot_msgs/msg/detail/relbot_motors_stamped__rosidl_typesupport_fastrtps_cpp.hpp
[4.954s] -- Installing: /home/ubuntu/Robotics/ros2_ws/install/relbot_msgs/include/relbot_msgs/relbot_msgs/msg/detail/relbot_motors__rosidl_typesupport_fastrtps_cpp.hpp
[4.954s] -- Installing: /home/ubuntu/Robotics/ros2_ws/install/relbot_msgs/lib/librelbot_msgs__rosidl_typesupport_fastrtps_cpp.so
[4.955s] -- Set non-toolchain portion of runtime path of "/home/ubuntu/Robotics/ros2_ws/install/relbot_msgs/lib/librelbot_msgs__rosidl_typesupport_fastrtps_cpp.so" to ""
[4.955s] -- Up-to-date: /home/ubuntu/Robotics/ros2_ws/install/relbot_msgs/include/relbot_msgs/relbot_msgs
[4.955s] -- Up-to-date: /home/ubuntu/Robotics/ros2_ws/install/relbot_msgs/include/relbot_msgs/relbot_msgs/msg
[4.955s] -- Up-to-date: /home/ubuntu/Robotics/ros2_ws/install/relbot_msgs/include/relbot_msgs/relbot_msgs/msg/detail
[4.956s] -- Installing: /home/ubuntu/Robotics/ros2_ws/install/relbot_msgs/include/relbot_msgs/relbot_msgs/msg/detail/relbot_motors__rosidl_typesupport_introspection_cpp.hpp
[4.956s] -- Installing: /home/ubuntu/Robotics/ros2_ws/install/relbot_msgs/include/relbot_msgs/relbot_msgs/msg/detail/relbot_motors_stamped__rosidl_typesupport_introspection_cpp.hpp
[4.956s] -- Installing: /home/ubuntu/Robotics/ros2_ws/install/relbot_msgs/include/relbot_msgs/relbot_msgs/msg/detail/relbot_motors_stamped__type_support.cpp
[4.956s] -- Installing: /home/ubuntu/Robotics/ros2_ws/install/relbot_msgs/include/relbot_msgs/relbot_msgs/msg/detail/relbot_motors__type_support.cpp
[4.956s] -- Installing: /home/ubuntu/Robotics/ros2_ws/install/relbot_msgs/lib/librelbot_msgs__rosidl_typesupport_introspection_cpp.so
[4.956s] -- Set non-toolchain portion of runtime path of "/home/ubuntu/Robotics/ros2_ws/install/relbot_msgs/lib/librelbot_msgs__rosidl_typesupport_introspection_cpp.so" to ""
[4.957s] -- Installing: /home/ubuntu/Robotics/ros2_ws/install/relbot_msgs/lib/librelbot_msgs__rosidl_typesupport_cpp.so
[4.957s] -- Set non-toolchain portion of runtime path of "/home/ubuntu/Robotics/ros2_ws/install/relbot_msgs/lib/librelbot_msgs__rosidl_typesupport_cpp.so" to ""
[4.957s] -- Installing: /home/ubuntu/Robotics/ros2_ws/install/relbot_msgs/share/relbot_msgs/environment/pythonpath.sh
[4.957s] -- Installing: /home/ubuntu/Robotics/ros2_ws/install/relbot_msgs/share/relbot_msgs/environment/pythonpath.dsv
[4.957s] -- Installing: /home/ubuntu/Robotics/ros2_ws/install/relbot_msgs/lib/python3.12/site-packages/relbot_msgs-2025.2.0-py3.12.egg-info
[4.958s] -- Installing: /home/ubuntu/Robotics/ros2_ws/install/relbot_msgs/lib/python3.12/site-packages/relbot_msgs-2025.2.0-py3.12.egg-info/top_level.txt
[4.958s] -- Installing: /home/ubuntu/Robotics/ros2_ws/install/relbot_msgs/lib/python3.12/site-packages/relbot_msgs-2025.2.0-py3.12.egg-info/dependency_links.txt
[4.959s] -- Installing: /home/ubuntu/Robotics/ros2_ws/install/relbot_msgs/lib/python3.12/site-packages/relbot_msgs-2025.2.0-py3.12.egg-info/SOURCES.txt
[4.959s] -- Installing: /home/ubuntu/Robotics/ros2_ws/install/relbot_msgs/lib/python3.12/site-packages/relbot_msgs-2025.2.0-py3.12.egg-info/PKG-INFO
[4.959s] -- Installing: /home/ubuntu/Robotics/ros2_ws/install/relbot_msgs/lib/python3.12/site-packages/relbot_msgs
[4.959s] -- Installing: /home/ubuntu/Robotics/ros2_ws/install/relbot_msgs/lib/python3.12/site-packages/relbot_msgs/_relbot_msgs_s.ep.rosidl_typesupport_c.c
[4.959s] -- Installing: /home/ubuntu/Robotics/ros2_ws/install/relbot_msgs/lib/python3.12/site-packages/relbot_msgs/msg
[4.960s] -- Installing: /home/ubuntu/Robotics/ros2_ws/install/relbot_msgs/lib/python3.12/site-packages/relbot_msgs/msg/_relbot_motors.py
[4.960s] -- Installing: /home/ubuntu/Robotics/ros2_ws/install/relbot_msgs/lib/python3.12/site-packages/relbot_msgs/msg/__init__.py
[4.960s] -- Installing: /home/ubuntu/Robotics/ros2_ws/install/relbot_msgs/lib/python3.12/site-packages/relbot_msgs/msg/_relbot_motors_stamped.py
[4.961s] -- Installing: /home/ubuntu/Robotics/ros2_ws/install/relbot_msgs/lib/python3.12/site-packages/relbot_msgs/msg/_relbot_motors_s.c
[4.961s] -- Installing: /home/ubuntu/Robotics/ros2_ws/install/relbot_msgs/lib/python3.12/site-packages/relbot_msgs/msg/_relbot_motors_stamped_s.c
[4.961s] -- Installing: /home/ubuntu/Robotics/ros2_ws/install/relbot_msgs/lib/python3.12/site-packages/relbot_msgs/__init__.py
[4.961s] -- Installing: /home/ubuntu/Robotics/ros2_ws/install/relbot_msgs/lib/python3.12/site-packages/relbot_msgs/_relbot_msgs_s.ep.rosidl_typesupport_fastrtps_c.c
[4.961s] -- Installing: /home/ubuntu/Robotics/ros2_ws/install/relbot_msgs/lib/python3.12/site-packages/relbot_msgs/relbot_msgs_s__rosidl_typesupport_c.so
[4.961s] -- Installing: /home/ubuntu/Robotics/ros2_ws/install/relbot_msgs/lib/python3.12/site-packages/relbot_msgs/_relbot_msgs_s.ep.rosidl_typesupport_introspection_c.c
[4.961s] -- Installing: /home/ubuntu/Robotics/ros2_ws/install/relbot_msgs/lib/python3.12/site-packages/relbot_msgs/relbot_msgs_s__rosidl_typesupport_fastrtps_c.so
[4.962s] -- Installing: /home/ubuntu/Robotics/ros2_ws/install/relbot_msgs/lib/python3.12/site-packages/relbot_msgs/relbot_msgs_s__rosidl_typesupport_introspection_c.so
[5.045s] Listing '/home/ubuntu/Robotics/ros2_ws/install/relbot_msgs/lib/python3.12/site-packages/relbot_msgs'...
[5.045s] Compiling '/home/ubuntu/Robotics/ros2_ws/install/relbot_msgs/lib/python3.12/site-packages/relbot_msgs/__init__.py'...
[5.045s] Listing '/home/ubuntu/Robotics/ros2_ws/install/relbot_msgs/lib/python3.12/site-packages/relbot_msgs/msg'...
[5.045s] Compiling '/home/ubuntu/Robotics/ros2_ws/install/relbot_msgs/lib/python3.12/site-packages/relbot_msgs/msg/__init__.py'...
[5.046s] Compiling '/home/ubuntu/Robotics/ros2_ws/install/relbot_msgs/lib/python3.12/site-packages/relbot_msgs/msg/_relbot_motors.py'...
[5.046s] Compiling '/home/ubuntu/Robotics/ros2_ws/install/relbot_msgs/lib/python3.12/site-packages/relbot_msgs/msg/_relbot_motors_stamped.py'...
[5.051s] -- Installing: /home/ubuntu/Robotics/ros2_ws/install/relbot_msgs/lib/python3.12/site-packages/relbot_msgs/relbot_msgs_s__rosidl_typesupport_fastrtps_c.so
[5.052s] -- Set non-toolchain portion of runtime path of "/home/ubuntu/Robotics/ros2_ws/install/relbot_msgs/lib/python3.12/site-packages/relbot_msgs/relbot_msgs_s__rosidl_typesupport_fastrtps_c.so" to ""
[5.052s] -- Installing: /home/ubuntu/Robotics/ros2_ws/install/relbot_msgs/lib/python3.12/site-packages/relbot_msgs/relbot_msgs_s__rosidl_typesupport_introspection_c.so
[5.052s] -- Set non-toolchain portion of runtime path of "/home/ubuntu/Robotics/ros2_ws/install/relbot_msgs/lib/python3.12/site-packages/relbot_msgs/relbot_msgs_s__rosidl_typesupport_introspection_c.so" to ""
[5.053s] -- Installing: /home/ubuntu/Robotics/ros2_ws/install/relbot_msgs/lib/python3.12/site-packages/relbot_msgs/relbot_msgs_s__rosidl_typesupport_c.so
[5.053s] -- Set non-toolchain portion of runtime path of "/home/ubuntu/Robotics/ros2_ws/install/relbot_msgs/lib/python3.12/site-packages/relbot_msgs/relbot_msgs_s__rosidl_typesupport_c.so" to ""
[5.053s] -- Installing: /home/ubuntu/Robotics/ros2_ws/install/relbot_msgs/lib/librelbot_msgs__rosidl_generator_py.so
[5.054s] -- Set non-toolchain portion of runtime path of "/home/ubuntu/Robotics/ros2_ws/install/relbot_msgs/lib/librelbot_msgs__rosidl_generator_py.so" to ""
[5.054s] -- Installing: /home/ubuntu/Robotics/ros2_ws/install/relbot_msgs/share/relbot_msgs/msg/RelbotMotors.idl
[5.054s] -- Installing: /home/ubuntu/Robotics/ros2_ws/install/relbot_msgs/share/relbot_msgs/msg/RelbotMotorsStamped.idl
[5.054s] -- Installing: /home/ubuntu/Robotics/ros2_ws/install/relbot_msgs/share/relbot_msgs/msg/RelbotMotors.msg
[5.054s] -- Installing: /home/ubuntu/Robotics/ros2_ws/install/relbot_msgs/share/relbot_msgs/msg/RelbotMotorsStamped.msg
[5.055s] -- Installing: /home/ubuntu/Robotics/ros2_ws/install/relbot_msgs/share/ament_index/resource_index/package_run_dependencies/relbot_msgs
[5.056s] -- Installing: /home/ubuntu/Robotics/ros2_ws/install/relbot_msgs/share/ament_index/resource_index/parent_prefix_path/relbot_msgs
[5.056s] -- Installing: /home/ubuntu/Robotics/ros2_ws/install/relbot_msgs/share/relbot_msgs/environment/ament_prefix_path.sh
[5.056s] -- Installing: /home/ubuntu/Robotics/ros2_ws/install/relbot_msgs/share/relbot_msgs/environment/ament_prefix_path.dsv
[5.056s] -- Installing: /home/ubuntu/Robotics/ros2_ws/install/relbot_msgs/share/relbot_msgs/environment/path.sh
[5.056s] -- Installing: /home/ubuntu/Robotics/ros2_ws/install/relbot_msgs/share/relbot_msgs/environment/path.dsv
[5.057s] -- Installing: /home/ubuntu/Robotics/ros2_ws/install/relbot_msgs/share/relbot_msgs/local_setup.bash
[5.057s] -- Installing: /home/ubuntu/Robotics/ros2_ws/install/relbot_msgs/share/relbot_msgs/local_setup.sh
[5.058s] -- Installing: /home/ubuntu/Robotics/ros2_ws/install/relbot_msgs/share/relbot_msgs/local_setup.zsh
[5.058s] -- Installing: /home/ubuntu/Robotics/ros2_ws/install/relbot_msgs/share/relbot_msgs/local_setup.dsv
[5.058s] -- Installing: /home/ubuntu/Robotics/ros2_ws/install/relbot_msgs/share/relbot_msgs/package.dsv
[5.058s] -- Installing: /home/ubuntu/Robotics/ros2_ws/install/relbot_msgs/share/ament_index/resource_index/packages/relbot_msgs
[5.059s] -- Installing: /home/ubuntu/Robotics/ros2_ws/install/relbot_msgs/share/relbot_msgs/cmake/export_relbot_msgs__rosidl_generator_cExport.cmake
[5.059s] -- Installing: /home/ubuntu/Robotics/ros2_ws/install/relbot_msgs/share/relbot_msgs/cmake/export_relbot_msgs__rosidl_generator_cExport-noconfig.cmake
[5.059s] -- Installing: /home/ubuntu/Robotics/ros2_ws/install/relbot_msgs/share/relbot_msgs/cmake/export_relbot_msgs__rosidl_typesupport_fastrtps_cExport.cmake
[5.059s] -- Installing: /home/ubuntu/Robotics/ros2_ws/install/relbot_msgs/share/relbot_msgs/cmake/export_relbot_msgs__rosidl_typesupport_fastrtps_cExport-noconfig.cmake
[5.059s] -- Installing: /home/ubuntu/Robotics/ros2_ws/install/relbot_msgs/share/relbot_msgs/cmake/relbot_msgs__rosidl_typesupport_introspection_cExport.cmake
[5.060s] -- Installing: /home/ubuntu/Robotics/ros2_ws/install/relbot_msgs/share/relbot_msgs/cmake/relbot_msgs__rosidl_typesupport_introspection_cExport-noconfig.cmake
[5.060s] -- Installing: /home/ubuntu/Robotics/ros2_ws/install/relbot_msgs/share/relbot_msgs/cmake/relbot_msgs__rosidl_typesupport_cExport.cmake
[5.060s] -- Installing: /home/ubuntu/Robotics/ros2_ws/install/relbot_msgs/share/relbot_msgs/cmake/relbot_msgs__rosidl_typesupport_cExport-noconfig.cmake
[5.060s] -- Installing: /home/ubuntu/Robotics/ros2_ws/install/relbot_msgs/share/relbot_msgs/cmake/export_relbot_msgs__rosidl_generator_cppExport.cmake
[5.061s] -- Installing: /home/ubuntu/Robotics/ros2_ws/install/relbot_msgs/share/relbot_msgs/cmake/export_relbot_msgs__rosidl_typesupport_fastrtps_cppExport.cmake
[5.061s] -- Installing: /home/ubuntu/Robotics/ros2_ws/install/relbot_msgs/share/relbot_msgs/cmake/export_relbot_msgs__rosidl_typesupport_fastrtps_cppExport-noconfig.cmake
[5.061s] -- Installing: /home/ubuntu/Robotics/ros2_ws/install/relbot_msgs/share/relbot_msgs/cmake/relbot_msgs__rosidl_typesupport_introspection_cppExport.cmake
[5.062s] -- Installing: /home/ubuntu/Robotics/ros2_ws/install/relbot_msgs/share/relbot_msgs/cmake/relbot_msgs__rosidl_typesupport_introspection_cppExport-noconfig.cmake
[5.062s] -- Installing: /home/ubuntu/Robotics/ros2_ws/install/relbot_msgs/share/relbot_msgs/cmake/relbot_msgs__rosidl_typesupport_cppExport.cmake
[5.062s] -- Installing: /home/ubuntu/Robotics/ros2_ws/install/relbot_msgs/share/relbot_msgs/cmake/relbot_msgs__rosidl_typesupport_cppExport-noconfig.cmake
[5.062s] -- Installing: /home/ubuntu/Robotics/ros2_ws/install/relbot_msgs/share/relbot_msgs/cmake/export_relbot_msgs__rosidl_generator_pyExport.cmake
[5.063s] -- Installing: /home/ubuntu/Robotics/ros2_ws/install/relbot_msgs/share/relbot_msgs/cmake/export_relbot_msgs__rosidl_generator_pyExport-noconfig.cmake
[5.063s] -- Installing: /home/ubuntu/Robotics/ros2_ws/install/relbot_msgs/share/relbot_msgs/cmake/rosidl_cmake-extras.cmake
[5.063s] -- Installing: /home/ubuntu/Robotics/ros2_ws/install/relbot_msgs/share/relbot_msgs/cmake/ament_cmake_export_dependencies-extras.cmake
[5.063s] -- Installing: /home/ubuntu/Robotics/ros2_ws/install/relbot_msgs/share/relbot_msgs/cmake/ament_cmake_export_include_directories-extras.cmake
[5.063s] -- Installing: /home/ubuntu/Robotics/ros2_ws/install/relbot_msgs/share/relbot_msgs/cmake/ament_cmake_export_libraries-extras.cmake
[5.064s] -- Installing: /home/ubuntu/Robotics/ros2_ws/install/relbot_msgs/share/relbot_msgs/cmake/ament_cmake_export_targets-extras.cmake
[5.064s] -- Installing: /home/ubuntu/Robotics/ros2_ws/install/relbot_msgs/share/relbot_msgs/cmake/rosidl_cmake_export_typesupport_targets-extras.cmake
[5.064s] -- Installing: /home/ubuntu/Robotics/ros2_ws/install/relbot_msgs/share/relbot_msgs/cmake/rosidl_cmake_export_typesupport_libraries-extras.cmake
[5.064s] -- Installing: /home/ubuntu/Robotics/ros2_ws/install/relbot_msgs/share/relbot_msgs/cmake/relbot_msgsConfig.cmake
[5.064s] -- Installing: /home/ubuntu/Robotics/ros2_ws/install/relbot_msgs/share/relbot_msgs/cmake/relbot_msgsConfig-version.cmake
[5.065s] -- Installing: /home/ubuntu/Robotics/ros2_ws/install/relbot_msgs/share/relbot_msgs/package.xml
[5.068s] Invoked command in '/home/ubuntu/Robotics/ros2_ws/build/relbot_msgs' returned '0': CMAKE_PREFIX_PATH=${CMAKE_PREFIX_PATH}:/opt/ros/jazzy /usr/bin/cmake --install /home/ubuntu/Robotics/ros2_ws/build/relbot_msgs
