[01m[K/home/ubuntu/Robotics/ros2_ws/src/assignment1_2/src/setpoint_generator.cpp:58:6:[m[K [01;31m[Kerror: [m[K‘[01m[KSetPointGenerator[m[K’ has not been declared
   58 | void [01;31m[KSetPointGenerator[m[K::initialize_brightness_tracking() {
      |      [01;31m[K^~~~~~~~~~~~~~~~~[m[K
[01m[K/home/ubuntu/Robotics/ros2_ws/src/assignment1_2/src/setpoint_generator.cpp:[m[K In function ‘[01m[Kvoid[01;32m[K initialize_brightness_tracking[m[K()[m[K’:
[01m[K/home/ubuntu/Robotics/ros2_ws/src/assignment1_2/src/setpoint_generator.cpp:61:5:[m[K [01;31m[Kerror: [m[Kinvalid use of ‘[01m[Kthis[m[K’ in non-member function
   61 |     [01;31m[Kthis[m[K->camera_position_subscriber_ =
      |     [01;31m[K^~~~[m[K
[01m[K/home/ubuntu/Robotics/ros2_ws/src/assignment1_2/src/setpoint_generator.cpp:62:9:[m[K [01;31m[Kerror: [m[Kinvalid use of ‘[01m[Kthis[m[K’ in non-member function
   62 |         [01;31m[Kthis[m[K->create_subscription<geometry_msgs::msg::PoseStamped>(
      |         [01;31m[K^~~~[m[K
[01m[K/home/ubuntu/Robotics/ros2_ws/src/assignment1_2/src/setpoint_generator.cpp:62:66:[m[K [01;31m[Kerror: [m[Kexpected primary-expression before ‘[01m[K>[m[K’ token
   62 |         this->create_subscription<geometry_msgs::msg::PoseStamped[01;31m[K>[m[K(
      |                                                                  [01;31m[K^[m[K
[01m[K/home/ubuntu/Robotics/ros2_ws/src/assignment1_2/src/setpoint_generator.cpp:63:13:[m[K [01;35m[Kwarning: [m[Kleft operand of comma operator has no effect [[01;35m[K]8;;https://gcc.gnu.org/onlinedocs/gcc/Warning-Options.html#index-Wunused-value-Wunused-value]8;;[m[K]
   63 |             [01;35m[K"/output/camera_position"[m[K,
      |             [01;35m[K^~~~~~~~~~~~~~~~~~~~~~~~~[m[K
[01m[K/home/ubuntu/Robotics/ros2_ws/src/assignment1_2/src/setpoint_generator.cpp:65:43:[m[K [01;31m[Kerror: [m[K‘[01m[Kvoid SetpointGenerator::[01;32m[Kset_looking_at[m[K(geometry_msgs::msg::PoseStamped_<std::allocator<void> >::SharedPtr)[m[K’ is private within this context
   65 |             std::bind(&SetpointGenerator::[01;31m[Kset_looking_at[m[K, this, _1)
      |                                           [01;31m[K^~~~~~~~~~~~~~[m[K
In file included from [01m[K/home/ubuntu/Robotics/ros2_ws/src/assignment1_2/src/setpoint_generator.cpp:1[m[K:
[01m[K/home/ubuntu/Robotics/ros2_ws/src/assignment1_2/include/setpoint_generator.hpp:57:14:[m[K [01;36m[Knote: [m[Kdeclared private here
   57 |         void [01;36m[Kset_looking_at[m[K(geometry_msgs::msg::PoseStamped::SharedPtr msg);
      |              [01;36m[K^~~~~~~~~~~~~~[m[K
[01m[K/home/ubuntu/Robotics/ros2_ws/src/assignment1_2/src/setpoint_generator.cpp:65:59:[m[K [01;31m[Kerror: [m[Kinvalid use of ‘[01m[Kthis[m[K’ in non-member function
   65 |             std::bind(&SetpointGenerator::set_looking_at, [01;31m[Kthis[m[K, _1)
      |                                                           [01;31m[K^~~~[m[K
[01m[K/home/ubuntu/Robotics/ros2_ws/src/assignment1_2/src/setpoint_generator.cpp:69:5:[m[K [01;31m[Kerror: [m[Kinvalid use of ‘[01m[Kthis[m[K’ in non-member function
   69 |     [01;31m[Kthis[m[K->CoG_subscriber_ =
      |     [01;31m[K^~~~[m[K
[01m[K/home/ubuntu/Robotics/ros2_ws/src/assignment1_2/src/setpoint_generator.cpp:70:9:[m[K [01;31m[Kerror: [m[Kinvalid use of ‘[01m[Kthis[m[K’ in non-member function
   70 |         [01;31m[Kthis[m[K->create_subscription<geometry_msgs::msg::Pose>(
      |         [01;31m[K^~~~[m[K
[01m[K/home/ubuntu/Robotics/ros2_ws/src/assignment1_2/src/setpoint_generator.cpp:70:59:[m[K [01;31m[Kerror: [m[Kexpected primary-expression before ‘[01m[K>[m[K’ token
   70 |         this->create_subscription<geometry_msgs::msg::Pose[01;31m[K>[m[K(
      |                                                           [01;31m[K^[m[K
[01m[K/home/ubuntu/Robotics/ros2_ws/src/assignment1_2/src/setpoint_generator.cpp:71:13:[m[K [01;35m[Kwarning: [m[Kleft operand of comma operator has no effect [[01;35m[K]8;;https://gcc.gnu.org/onlinedocs/gcc/Warning-Options.html#index-Wunused-value-Wunused-value]8;;[m[K]
   71 |             [01;35m[K"CoG"[m[K,
      |             [01;35m[K^~~~~[m[K
[01m[K/home/ubuntu/Robotics/ros2_ws/src/assignment1_2/src/setpoint_generator.cpp:73:43:[m[K [01;31m[Kerror: [m[K‘[01m[Kvoid SetpointGenerator::[01;32m[Kset_CoG_reference[m[K(geometry_msgs::msg::Pose_<std::allocator<void> >::SharedPtr)[m[K’ is private within this context
   73 |             std::bind(&SetpointGenerator::[01;31m[Kset_CoG_reference[m[K, this, _1)
      |                                           [01;31m[K^~~~~~~~~~~~~~~~~[m[K
[01m[K/home/ubuntu/Robotics/ros2_ws/src/assignment1_2/include/setpoint_generator.hpp:58:14:[m[K [01;36m[Knote: [m[Kdeclared private here
   58 |         void [01;36m[Kset_CoG_reference[m[K(geometry_msgs::msg::Pose::SharedPtr msg);
      |              [01;36m[K^~~~~~~~~~~~~~~~~[m[K
[01m[K/home/ubuntu/Robotics/ros2_ws/src/assignment1_2/src/setpoint_generator.cpp:73:62:[m[K [01;31m[Kerror: [m[Kinvalid use of ‘[01m[Kthis[m[K’ in non-member function
   73 |             std::bind(&SetpointGenerator::set_CoG_reference, [01;31m[Kthis[m[K, _1)
      |                                                              [01;31m[K^~~~[m[K
[01m[K/home/ubuntu/Robotics/ros2_ws/src/assignment1_2/src/setpoint_generator.cpp:77:5:[m[K [01;31m[Kerror: [m[Kinvalid use of ‘[01m[Kthis[m[K’ in non-member function
   77 |     [01;31m[Kthis[m[K->brightness_tracking_publisher_ =
      |     [01;31m[K^~~~[m[K
[01m[K/home/ubuntu/Robotics/ros2_ws/src/assignment1_2/src/setpoint_generator.cpp:78:9:[m[K [01;31m[Kerror: [m[Kinvalid use of ‘[01m[Kthis[m[K’ in non-member function
   78 |         [01;31m[Kthis[m[K->create_publisher = this->create_wall_timer(
      |         [01;31m[K^~~~[m[K
[01m[K/home/ubuntu/Robotics/ros2_ws/src/assignment1_2/src/setpoint_generator.cpp:78:34:[m[K [01;31m[Kerror: [m[Kinvalid use of ‘[01m[Kthis[m[K’ in non-member function
   78 |         this->create_publisher = [01;31m[Kthis[m[K->create_wall_timer(
      |                                  [01;31m[K^~~~[m[K
[01m[K/home/ubuntu/Robotics/ros2_ws/src/assignment1_2/src/setpoint_generator.cpp:79:43:[m[K [01;31m[Kerror: [m[Kinvalid use of ‘[01m[Kthis[m[K’ in non-member function
   79 |             std::chrono::duration<double>([01;31m[Kthis[m[K->publish_rate_),
      |                                           [01;31m[K^~~~[m[K
[01m[K/home/ubuntu/Robotics/ros2_ws/src/assignment1_2/src/setpoint_generator.cpp:80:43:[m[K [01;31m[Kerror: [m[K‘[01m[Kvoid SetpointGenerator::[01;32m[Kbrightness_tracking_callback[m[K()[m[K’ is private within this context
   80 |             std::bind(&SetpointGenerator::[01;31m[Kbrightness_tracking_callback[m[K, this)
      |                                           [01;31m[K^~~~~~~~~~~~~~~~~~~~~~~~~~~~[m[K
[01m[K/home/ubuntu/Robotics/ros2_ws/src/assignment1_2/include/setpoint_generator.hpp:59:14:[m[K [01;36m[Knote: [m[Kdeclared private here
   59 |         void [01;36m[Kbrightness_tracking_callback[m[K();
      |              [01;36m[K^~~~~~~~~~~~~~~~~~~~~~~~~~~~[m[K
[01m[K/home/ubuntu/Robotics/ros2_ws/src/assignment1_2/src/setpoint_generator.cpp:80:73:[m[K [01;31m[Kerror: [m[Kinvalid use of ‘[01m[Kthis[m[K’ in non-member function
   80 |             std::bind(&SetpointGenerator::brightness_tracking_callback, [01;31m[Kthis[m[K)
      |                                                                         [01;31m[K^~~~[m[K
[01m[K/home/ubuntu/Robotics/ros2_ws/src/assignment1_2/src/setpoint_generator.cpp:[m[K At global scope:
[01m[K/home/ubuntu/Robotics/ros2_ws/src/assignment1_2/src/setpoint_generator.cpp:122:6:[m[K [01;31m[Kerror: [m[K‘[01m[KSetPointGenerator[m[K’ has not been declared
  122 | void [01;31m[KSetPointGenerator[m[K::set_CoG_reference(geometry_msgs::msg::Pose::SharedPtr msg) {
      |      [01;31m[K^~~~~~~~~~~~~~~~~[m[K
[01m[K/home/ubuntu/Robotics/ros2_ws/src/assignment1_2/src/setpoint_generator.cpp:[m[K In function ‘[01m[Kvoid[01;32m[K set_CoG_reference[m[K(geometry_msgs::msg::Pose_<std::allocator<void> >::SharedPtr)[m[K’:
[01m[K/home/ubuntu/Robotics/ros2_ws/src/assignment1_2/src/setpoint_generator.cpp:123:5:[m[K [01;31m[Kerror: [m[Kinvalid use of ‘[01m[Kthis[m[K’ in non-member function
  123 |     [01;31m[Kthis[m[K->x_camera_reference_ = msg->position.x;
      |     [01;31m[K^~~~[m[K
[01m[K/home/ubuntu/Robotics/ros2_ws/src/assignment1_2/src/setpoint_generator.cpp:[m[K At global scope:
[01m[K/home/ubuntu/Robotics/ros2_ws/src/assignment1_2/src/setpoint_generator.cpp:126:6:[m[K [01;31m[Kerror: [m[K‘[01m[KSetPointGenerator[m[K’ has not been declared
  126 | void [01;31m[KSetPointGenerator[m[K::set_looking_at(geometry_msgs::msg::PointStamped::SharedPtr msg) {
      |      [01;31m[K^~~~~~~~~~~~~~~~~[m[K
[01m[K/home/ubuntu/Robotics/ros2_ws/src/assignment1_2/src/setpoint_generator.cpp:[m[K In function ‘[01m[Kvoid[01;32m[K set_looking_at[m[K(geometry_msgs::msg::PointStamped_<std::allocator<void> >::SharedPtr)[m[K’:
[01m[K/home/ubuntu/Robotics/ros2_ws/src/assignment1_2/src/setpoint_generator.cpp:127:5:[m[K [01;31m[Kerror: [m[Kinvalid use of ‘[01m[Kthis[m[K’ in non-member function
  127 |     [01;31m[Kthis[m[K->x_camera_current_ = msg->point.x;
      |     [01;31m[K^~~~[m[K
[01m[K/home/ubuntu/Robotics/ros2_ws/src/assignment1_2/src/setpoint_generator.cpp:[m[K At global scope:
[01m[K/home/ubuntu/Robotics/ros2_ws/src/assignment1_2/src/setpoint_generator.cpp:130:6:[m[K [01;31m[Kerror: [m[K‘[01m[KSetPointGenerator[m[K’ has not been declared
  130 | void [01;31m[KSetPointGenerator[m[K::brightness_tracking_callback() {
      |      [01;31m[K^~~~~~~~~~~~~~~~~[m[K
[01m[K/home/ubuntu/Robotics/ros2_ws/src/assignment1_2/src/setpoint_generator.cpp:[m[K In function ‘[01m[Kvoid[01;32m[K brightness_tracking_callback[m[K()[m[K’:
[01m[K/home/ubuntu/Robotics/ros2_ws/src/assignment1_2/src/setpoint_generator.cpp:132:16:[m[K [01;31m[Kerror: [m[Kinvalid use of ‘[01m[Kthis[m[K’ in non-member function
  132 |     double e = [01;31m[Kthis[m[K->x_camera_reference_ - this->x_camera_current_;
      |                [01;31m[K^~~~[m[K
[01m[K/home/ubuntu/Robotics/ros2_ws/src/assignment1_2/src/setpoint_generator.cpp:132:44:[m[K [01;31m[Kerror: [m[Kinvalid use of ‘[01m[Kthis[m[K’ in non-member function
  132 |     double e = this->x_camera_reference_ - [01;31m[Kthis[m[K->x_camera_current_;
      |                                            [01;31m[K^~~~[m[K
[01m[K/home/ubuntu/Robotics/ros2_ws/src/assignment1_2/src/setpoint_generator.cpp:133:29:[m[K [01;31m[Kerror: [m[Kinvalid use of ‘[01m[Kthis[m[K’ in non-member function
  133 |     double control_output = [01;31m[Kthis[m[K->proportional_gain_*e;
      |                             [01;31m[K^~~~[m[K
[01m[K/home/ubuntu/Robotics/ros2_ws/src/assignment1_2/src/setpoint_generator.cpp:144:5:[m[K [01;31m[Kerror: [m[Kinvalid use of ‘[01m[Kthis[m[K’ in non-member function
  144 |     [01;31m[Kthis[m[K->right_wheel_publisher_->publish(right_message);
      |     [01;31m[K^~~~[m[K
[01m[K/home/ubuntu/Robotics/ros2_ws/src/assignment1_2/src/setpoint_generator.cpp:145:5:[m[K [01;31m[Kerror: [m[Kinvalid use of ‘[01m[Kthis[m[K’ in non-member function
  145 |     [01;31m[Kthis[m[K->left_wheel_publisher_->publish(left_message);
      |     [01;31m[K^~~~[m[K
gmake[2]: *** [CMakeFiles/setpoint_generator.dir/build.make:76: CMakeFiles/setpoint_generator.dir/src/setpoint_generator.cpp.o] Error 1
gmake[1]: *** [CMakeFiles/Makefile2:137: CMakeFiles/setpoint_generator.dir/all] Error 2
gmake: *** [Makefile:146: all] Error 2
