[0.031s] Invoking command in '/home/ubuntu/Robotics/ros2_ws/build/assignment1_2': CMAKE_PREFIX_PATH=${CMAKE_PREFIX_PATH}:/opt/ros/jazzy /usr/bin/cmake --build /home/ubuntu/Robotics/ros2_ws/build/assignment1_2 -- -j12 -l12
[0.158s] [ 50%] [32mBuilding CXX object CMakeFiles/setpoint_generator.dir/src/setpoint_generator.cpp.o[0m
[3.028s] [01m[K/home/ubuntu/Robotics/ros2_ws/src/assignment1_2/src/setpoint_generator.cpp:58:6:[m[K [01;31m[Kerror: [m[K‘[01m[KSetPointGenerator[m[K’ has not been declared
[3.028s]    58 | void [01;31m[KSetPointGenerator[m[K::initialize_brightness_tracking() {
[3.028s]       |      [01;31m[K^~~~~~~~~~~~~~~~~[m[K
[3.028s] [01m[K/home/ubuntu/Robotics/ros2_ws/src/assignment1_2/src/setpoint_generator.cpp:[m[K In function ‘[01m[Kvoid[01;32m[K initialize_brightness_tracking[m[K()[m[K’:
[3.028s] [01m[K/home/ubuntu/Robotics/ros2_ws/src/assignment1_2/src/setpoint_generator.cpp:61:5:[m[K [01;31m[Kerror: [m[Kinvalid use of ‘[01m[Kthis[m[K’ in non-member function
[3.028s]    61 |     [01;31m[Kthis[m[K->camera_position_subscriber_ =
[3.028s]       |     [01;31m[K^~~~[m[K
[3.028s] [01m[K/home/ubuntu/Robotics/ros2_ws/src/assignment1_2/src/setpoint_generator.cpp:62:9:[m[K [01;31m[Kerror: [m[Kinvalid use of ‘[01m[Kthis[m[K’ in non-member function
[3.028s]    62 |         [01;31m[Kthis[m[K->create_subscription<geometry_msgs::msg::PoseStamped>(
[3.029s]       |         [01;31m[K^~~~[m[K
[3.029s] [01m[K/home/ubuntu/Robotics/ros2_ws/src/assignment1_2/src/setpoint_generator.cpp:62:66:[m[K [01;31m[Kerror: [m[Kexpected primary-expression before ‘[01m[K>[m[K’ token
[3.029s]    62 |         this->create_subscription<geometry_msgs::msg::PoseStamped[01;31m[K>[m[K(
[3.029s]       |                                                                  [01;31m[K^[m[K
[3.029s] [01m[K/home/ubuntu/Robotics/ros2_ws/src/assignment1_2/src/setpoint_generator.cpp:63:13:[m[K [01;35m[Kwarning: [m[Kleft operand of comma operator has no effect [[01;35m[K]8;;https://gcc.gnu.org/onlinedocs/gcc/Warning-Options.html#index-Wunused-value-Wunused-value]8;;[m[K]
[3.029s]    63 |             [01;35m[K"/output/camera_position"[m[K,
[3.029s]       |             [01;35m[K^~~~~~~~~~~~~~~~~~~~~~~~~[m[K
[3.029s] [01m[K/home/ubuntu/Robotics/ros2_ws/src/assignment1_2/src/setpoint_generator.cpp:65:43:[m[K [01;31m[Kerror: [m[K‘[01m[Kvoid SetpointGenerator::[01;32m[Kset_looking_at[m[K(geometry_msgs::msg::PoseStamped_<std::allocator<void> >::SharedPtr)[m[K’ is private within this context
[3.029s]    65 |             std::bind(&SetpointGenerator::[01;31m[Kset_looking_at[m[K, this, _1)
[3.029s]       |                                           [01;31m[K^~~~~~~~~~~~~~[m[K
[3.029s] In file included from [01m[K/home/ubuntu/Robotics/ros2_ws/src/assignment1_2/src/setpoint_generator.cpp:1[m[K:
[3.029s] [01m[K/home/ubuntu/Robotics/ros2_ws/src/assignment1_2/include/setpoint_generator.hpp:57:14:[m[K [01;36m[Knote: [m[Kdeclared private here
[3.029s]    57 |         void [01;36m[Kset_looking_at[m[K(geometry_msgs::msg::PoseStamped::SharedPtr msg);
[3.029s]       |              [01;36m[K^~~~~~~~~~~~~~[m[K
[3.030s] [01m[K/home/ubuntu/Robotics/ros2_ws/src/assignment1_2/src/setpoint_generator.cpp:65:59:[m[K [01;31m[Kerror: [m[Kinvalid use of ‘[01m[Kthis[m[K’ in non-member function
[3.030s]    65 |             std::bind(&SetpointGenerator::set_looking_at, [01;31m[Kthis[m[K, _1)
[3.030s]       |                                                           [01;31m[K^~~~[m[K
[3.030s] [01m[K/home/ubuntu/Robotics/ros2_ws/src/assignment1_2/src/setpoint_generator.cpp:69:5:[m[K [01;31m[Kerror: [m[Kinvalid use of ‘[01m[Kthis[m[K’ in non-member function
[3.030s]    69 |     [01;31m[Kthis[m[K->CoG_subscriber_ =
[3.030s]       |     [01;31m[K^~~~[m[K
[3.030s] [01m[K/home/ubuntu/Robotics/ros2_ws/src/assignment1_2/src/setpoint_generator.cpp:70:9:[m[K [01;31m[Kerror: [m[Kinvalid use of ‘[01m[Kthis[m[K’ in non-member function
[3.030s]    70 |         [01;31m[Kthis[m[K->create_subscription<geometry_msgs::msg::Pose>(
[3.030s]       |         [01;31m[K^~~~[m[K
[3.030s] [01m[K/home/ubuntu/Robotics/ros2_ws/src/assignment1_2/src/setpoint_generator.cpp:70:59:[m[K [01;31m[Kerror: [m[Kexpected primary-expression before ‘[01m[K>[m[K’ token
[3.030s]    70 |         this->create_subscription<geometry_msgs::msg::Pose[01;31m[K>[m[K(
[3.030s]       |                                                           [01;31m[K^[m[K
[3.031s] [01m[K/home/ubuntu/Robotics/ros2_ws/src/assignment1_2/src/setpoint_generator.cpp:71:13:[m[K [01;35m[Kwarning: [m[Kleft operand of comma operator has no effect [[01;35m[K]8;;https://gcc.gnu.org/onlinedocs/gcc/Warning-Options.html#index-Wunused-value-Wunused-value]8;;[m[K]
[3.031s]    71 |             [01;35m[K"CoG"[m[K,
[3.031s]       |             [01;35m[K^~~~~[m[K
[3.031s] [01m[K/home/ubuntu/Robotics/ros2_ws/src/assignment1_2/src/setpoint_generator.cpp:73:43:[m[K [01;31m[Kerror: [m[K‘[01m[Kvoid SetpointGenerator::[01;32m[Kset_CoG_reference[m[K(geometry_msgs::msg::Pose_<std::allocator<void> >::SharedPtr)[m[K’ is private within this context
[3.031s]    73 |             std::bind(&SetpointGenerator::[01;31m[Kset_CoG_reference[m[K, this, _1)
[3.031s]       |                                           [01;31m[K^~~~~~~~~~~~~~~~~[m[K
[3.031s] [01m[K/home/ubuntu/Robotics/ros2_ws/src/assignment1_2/include/setpoint_generator.hpp:58:14:[m[K [01;36m[Knote: [m[Kdeclared private here
[3.031s]    58 |         void [01;36m[Kset_CoG_reference[m[K(geometry_msgs::msg::Pose::SharedPtr msg);
[3.031s]       |              [01;36m[K^~~~~~~~~~~~~~~~~[m[K
[3.031s] [01m[K/home/ubuntu/Robotics/ros2_ws/src/assignment1_2/src/setpoint_generator.cpp:73:62:[m[K [01;31m[Kerror: [m[Kinvalid use of ‘[01m[Kthis[m[K’ in non-member function
[3.031s]    73 |             std::bind(&SetpointGenerator::set_CoG_reference, [01;31m[Kthis[m[K, _1)
[3.031s]       |                                                              [01;31m[K^~~~[m[K
[3.031s] [01m[K/home/ubuntu/Robotics/ros2_ws/src/assignment1_2/src/setpoint_generator.cpp:77:5:[m[K [01;31m[Kerror: [m[Kinvalid use of ‘[01m[Kthis[m[K’ in non-member function
[3.031s]    77 |     [01;31m[Kthis[m[K->brightness_tracking_publisher_ =
[3.032s]       |     [01;31m[K^~~~[m[K
[3.032s] [01m[K/home/ubuntu/Robotics/ros2_ws/src/assignment1_2/src/setpoint_generator.cpp:78:9:[m[K [01;31m[Kerror: [m[Kinvalid use of ‘[01m[Kthis[m[K’ in non-member function
[3.032s]    78 |         [01;31m[Kthis[m[K->create_publisher = this->create_wall_timer(
[3.032s]       |         [01;31m[K^~~~[m[K
[3.032s] [01m[K/home/ubuntu/Robotics/ros2_ws/src/assignment1_2/src/setpoint_generator.cpp:78:34:[m[K [01;31m[Kerror: [m[Kinvalid use of ‘[01m[Kthis[m[K’ in non-member function
[3.032s]    78 |         this->create_publisher = [01;31m[Kthis[m[K->create_wall_timer(
[3.032s]       |                                  [01;31m[K^~~~[m[K
[3.032s] [01m[K/home/ubuntu/Robotics/ros2_ws/src/assignment1_2/src/setpoint_generator.cpp:79:43:[m[K [01;31m[Kerror: [m[Kinvalid use of ‘[01m[Kthis[m[K’ in non-member function
[3.032s]    79 |             std::chrono::duration<double>([01;31m[Kthis[m[K->publish_rate_),
[3.032s]       |                                           [01;31m[K^~~~[m[K
[3.032s] [01m[K/home/ubuntu/Robotics/ros2_ws/src/assignment1_2/src/setpoint_generator.cpp:80:43:[m[K [01;31m[Kerror: [m[K‘[01m[Kvoid SetpointGenerator::[01;32m[Kbrightness_tracking_callback[m[K()[m[K’ is private within this context
[3.033s]    80 |             std::bind(&SetpointGenerator::[01;31m[Kbrightness_tracking_callback[m[K, this)
[3.033s]       |                                           [01;31m[K^~~~~~~~~~~~~~~~~~~~~~~~~~~~[m[K
[3.033s] [01m[K/home/ubuntu/Robotics/ros2_ws/src/assignment1_2/include/setpoint_generator.hpp:59:14:[m[K [01;36m[Knote: [m[Kdeclared private here
[3.033s]    59 |         void [01;36m[Kbrightness_tracking_callback[m[K();
[3.033s]       |              [01;36m[K^~~~~~~~~~~~~~~~~~~~~~~~~~~~[m[K
[3.033s] [01m[K/home/ubuntu/Robotics/ros2_ws/src/assignment1_2/src/setpoint_generator.cpp:80:73:[m[K [01;31m[Kerror: [m[Kinvalid use of ‘[01m[Kthis[m[K’ in non-member function
[3.033s]    80 |             std::bind(&SetpointGenerator::brightness_tracking_callback, [01;31m[Kthis[m[K)
[3.033s]       |                                                                         [01;31m[K^~~~[m[K
[3.033s] [01m[K/home/ubuntu/Robotics/ros2_ws/src/assignment1_2/src/setpoint_generator.cpp:[m[K At global scope:
[3.033s] [01m[K/home/ubuntu/Robotics/ros2_ws/src/assignment1_2/src/setpoint_generator.cpp:122:6:[m[K [01;31m[Kerror: [m[K‘[01m[KSetPointGenerator[m[K’ has not been declared
[3.033s]   122 | void [01;31m[KSetPointGenerator[m[K::set_CoG_reference(geometry_msgs::msg::Pose::SharedPtr msg) {
[3.033s]       |      [01;31m[K^~~~~~~~~~~~~~~~~[m[K
[3.034s] [01m[K/home/ubuntu/Robotics/ros2_ws/src/assignment1_2/src/setpoint_generator.cpp:[m[K In function ‘[01m[Kvoid[01;32m[K set_CoG_reference[m[K(geometry_msgs::msg::Pose_<std::allocator<void> >::SharedPtr)[m[K’:
[3.034s] [01m[K/home/ubuntu/Robotics/ros2_ws/src/assignment1_2/src/setpoint_generator.cpp:123:5:[m[K [01;31m[Kerror: [m[Kinvalid use of ‘[01m[Kthis[m[K’ in non-member function
[3.034s]   123 |     [01;31m[Kthis[m[K->x_camera_reference_ = msg->position.x;
[3.034s]       |     [01;31m[K^~~~[m[K
[3.034s] [01m[K/home/ubuntu/Robotics/ros2_ws/src/assignment1_2/src/setpoint_generator.cpp:[m[K At global scope:
[3.034s] [01m[K/home/ubuntu/Robotics/ros2_ws/src/assignment1_2/src/setpoint_generator.cpp:126:6:[m[K [01;31m[Kerror: [m[K‘[01m[KSetPointGenerator[m[K’ has not been declared
[3.034s]   126 | void [01;31m[KSetPointGenerator[m[K::set_looking_at(geometry_msgs::msg::PointStamped::SharedPtr msg) {
[3.034s]       |      [01;31m[K^~~~~~~~~~~~~~~~~[m[K
[3.035s] [01m[K/home/ubuntu/Robotics/ros2_ws/src/assignment1_2/src/setpoint_generator.cpp:[m[K In function ‘[01m[Kvoid[01;32m[K set_looking_at[m[K(geometry_msgs::msg::PointStamped_<std::allocator<void> >::SharedPtr)[m[K’:
[3.035s] [01m[K/home/ubuntu/Robotics/ros2_ws/src/assignment1_2/src/setpoint_generator.cpp:127:5:[m[K [01;31m[Kerror: [m[Kinvalid use of ‘[01m[Kthis[m[K’ in non-member function
[3.035s]   127 |     [01;31m[Kthis[m[K->x_camera_current_ = msg->point.x;
[3.035s]       |     [01;31m[K^~~~[m[K
[3.035s] [01m[K/home/ubuntu/Robotics/ros2_ws/src/assignment1_2/src/setpoint_generator.cpp:[m[K At global scope:
[3.035s] [01m[K/home/ubuntu/Robotics/ros2_ws/src/assignment1_2/src/setpoint_generator.cpp:130:6:[m[K [01;31m[Kerror: [m[K‘[01m[KSetPointGenerator[m[K’ has not been declared
[3.035s]   130 | void [01;31m[KSetPointGenerator[m[K::brightness_tracking_callback() {
[3.035s]       |      [01;31m[K^~~~~~~~~~~~~~~~~[m[K
[3.035s] [01m[K/home/ubuntu/Robotics/ros2_ws/src/assignment1_2/src/setpoint_generator.cpp:[m[K In function ‘[01m[Kvoid[01;32m[K brightness_tracking_callback[m[K()[m[K’:
[3.035s] [01m[K/home/ubuntu/Robotics/ros2_ws/src/assignment1_2/src/setpoint_generator.cpp:132:16:[m[K [01;31m[Kerror: [m[Kinvalid use of ‘[01m[Kthis[m[K’ in non-member function
[3.035s]   132 |     double e = [01;31m[Kthis[m[K->x_camera_reference_ - this->x_camera_current_;
[3.035s]       |                [01;31m[K^~~~[m[K
[3.035s] [01m[K/home/ubuntu/Robotics/ros2_ws/src/assignment1_2/src/setpoint_generator.cpp:132:44:[m[K [01;31m[Kerror: [m[Kinvalid use of ‘[01m[Kthis[m[K’ in non-member function
[3.035s]   132 |     double e = this->x_camera_reference_ - [01;31m[Kthis[m[K->x_camera_current_;
[3.036s]       |                                            [01;31m[K^~~~[m[K
[3.036s] [01m[K/home/ubuntu/Robotics/ros2_ws/src/assignment1_2/src/setpoint_generator.cpp:133:29:[m[K [01;31m[Kerror: [m[Kinvalid use of ‘[01m[Kthis[m[K’ in non-member function
[3.036s]   133 |     double control_output = [01;31m[Kthis[m[K->proportional_gain_*e;
[3.036s]       |                             [01;31m[K^~~~[m[K
[3.036s] [01m[K/home/ubuntu/Robotics/ros2_ws/src/assignment1_2/src/setpoint_generator.cpp:144:5:[m[K [01;31m[Kerror: [m[Kinvalid use of ‘[01m[Kthis[m[K’ in non-member function
[3.036s]   144 |     [01;31m[Kthis[m[K->right_wheel_publisher_->publish(right_message);
[3.036s]       |     [01;31m[K^~~~[m[K
[3.036s] [01m[K/home/ubuntu/Robotics/ros2_ws/src/assignment1_2/src/setpoint_generator.cpp:145:5:[m[K [01;31m[Kerror: [m[Kinvalid use of ‘[01m[Kthis[m[K’ in non-member function
[3.036s]   145 |     [01;31m[Kthis[m[K->left_wheel_publisher_->publish(left_message);
[3.036s]       |     [01;31m[K^~~~[m[K
[5.433s] gmake[2]: *** [CMakeFiles/setpoint_generator.dir/build.make:76: CMakeFiles/setpoint_generator.dir/src/setpoint_generator.cpp.o] Error 1
[5.434s] gmake[1]: *** [CMakeFiles/Makefile2:137: CMakeFiles/setpoint_generator.dir/all] Error 2
[5.434s] gmake: *** [Makefile:146: all] Error 2
[5.437s] Invoked command in '/home/ubuntu/Robotics/ros2_ws/build/assignment1_2' returned '2': CMAKE_PREFIX_PATH=${CMAKE_PREFIX_PATH}:/opt/ros/jazzy /usr/bin/cmake --build /home/ubuntu/Robotics/ros2_ws/build/assignment1_2 -- -j12 -l12
