[0.028s] Invoking command in '/home/ubuntu/Robotics/ros2_ws/build/cam2image_vm2ros': CMAKE_PREFIX_PATH=${CMAKE_PREFIX_PATH}:/opt/ros/jazzy /usr/bin/cmake --build /home/ubuntu/Robotics/ros2_ws/build/cam2image_vm2ros -- -j12 -l12
[0.118s] [ 40%] Built target cam2image
[0.144s] [100%] Built target cam2image_vm2ros
[0.172s] Invoked command in '/home/ubuntu/Robotics/ros2_ws/build/cam2image_vm2ros' returned '0': CMAKE_PREFIX_PATH=${CMAKE_PREFIX_PATH}:/opt/ros/jazzy /usr/bin/cmake --build /home/ubuntu/Robotics/ros2_ws/build/cam2image_vm2ros -- -j12 -l12
[0.175s] Invoking command in '/home/ubuntu/Robotics/ros2_ws/build/cam2image_vm2ros': CMAKE_PREFIX_PATH=${CMAKE_PREFIX_PATH}:/opt/ros/jazzy /usr/bin/cmake --install /home/ubuntu/Robotics/ros2_ws/build/cam2image_vm2ros
[0.189s] -- Install configuration: ""
[0.190s] -- Up-to-date: /home/ubuntu/Robotics/ros2_ws/install/cam2image_vm2ros/lib/cam2image_vm2ros/cam2image
[0.192s] -- Up-to-date: /home/ubuntu/Robotics/ros2_ws/install/cam2image_vm2ros/lib/libcam2image_vm2ros.so
[0.194s] -- Up-to-date: /home/ubuntu/Robotics/ros2_ws/install/cam2image_vm2ros/include/cam2image_vm2ros
[0.195s] -- Up-to-date: /home/ubuntu/Robotics/ros2_ws/install/cam2image_vm2ros/include/cam2image_vm2ros/cam2image.hpp:Zone.Identifier
[0.195s] -- Up-to-date: /home/ubuntu/Robotics/ros2_ws/install/cam2image_vm2ros/include/cam2image_vm2ros/visibility_control.h
[0.195s] -- Up-to-date: /home/ubuntu/Robotics/ros2_ws/install/cam2image_vm2ros/include/cam2image_vm2ros/base64.hpp:Zone.Identifier
[0.196s] -- Up-to-date: /home/ubuntu/Robotics/ros2_ws/install/cam2image_vm2ros/include/cam2image_vm2ros/visibility_control.h:Zone.Identifier
[0.196s] -- Up-to-date: /home/ubuntu/Robotics/ros2_ws/install/cam2image_vm2ros/include/cam2image_vm2ros/remote_capture.hpp
[0.197s] -- Up-to-date: /home/ubuntu/Robotics/ros2_ws/install/cam2image_vm2ros/include/cam2image_vm2ros/base64.hpp
[0.197s] -- Up-to-date: /home/ubuntu/Robotics/ros2_ws/install/cam2image_vm2ros/include/cam2image_vm2ros/cam2image.hpp
[0.198s] -- Up-to-date: /home/ubuntu/Robotics/ros2_ws/install/cam2image_vm2ros/include/cam2image_vm2ros/remote_capture.hpp:Zone.Identifier
[0.200s] -- Up-to-date: /home/ubuntu/Robotics/ros2_ws/install/cam2image_vm2ros/share/cam2image_vm2ros/environment/library_path.sh
[0.200s] -- Up-to-date: /home/ubuntu/Robotics/ros2_ws/install/cam2image_vm2ros/share/cam2image_vm2ros/environment/library_path.dsv
[0.201s] -- Up-to-date: /home/ubuntu/Robotics/ros2_ws/install/cam2image_vm2ros/share/ament_index/resource_index/package_run_dependencies/cam2image_vm2ros
[0.201s] -- Up-to-date: /home/ubuntu/Robotics/ros2_ws/install/cam2image_vm2ros/share/ament_index/resource_index/parent_prefix_path/cam2image_vm2ros
[0.201s] -- Up-to-date: /home/ubuntu/Robotics/ros2_ws/install/cam2image_vm2ros/share/cam2image_vm2ros/environment/ament_prefix_path.sh
[0.201s] -- Up-to-date: /home/ubuntu/Robotics/ros2_ws/install/cam2image_vm2ros/share/cam2image_vm2ros/environment/ament_prefix_path.dsv
[0.202s] -- Up-to-date: /home/ubuntu/Robotics/ros2_ws/install/cam2image_vm2ros/share/cam2image_vm2ros/environment/path.sh
[0.202s] -- Up-to-date: /home/ubuntu/Robotics/ros2_ws/install/cam2image_vm2ros/share/cam2image_vm2ros/environment/path.dsv
[0.202s] -- Up-to-date: /home/ubuntu/Robotics/ros2_ws/install/cam2image_vm2ros/share/cam2image_vm2ros/local_setup.bash
[0.203s] -- Up-to-date: /home/ubuntu/Robotics/ros2_ws/install/cam2image_vm2ros/share/cam2image_vm2ros/local_setup.sh
[0.203s] -- Up-to-date: /home/ubuntu/Robotics/ros2_ws/install/cam2image_vm2ros/share/cam2image_vm2ros/local_setup.zsh
[0.203s] -- Up-to-date: /home/ubuntu/Robotics/ros2_ws/install/cam2image_vm2ros/share/cam2image_vm2ros/local_setup.dsv
[0.203s] -- Installing: /home/ubuntu/Robotics/ros2_ws/install/cam2image_vm2ros/share/cam2image_vm2ros/package.dsv
[0.204s] -- Up-to-date: /home/ubuntu/Robotics/ros2_ws/install/cam2image_vm2ros/share/ament_index/resource_index/packages/cam2image_vm2ros
[0.204s] -- Up-to-date: /home/ubuntu/Robotics/ros2_ws/install/cam2image_vm2ros/share/ament_index/resource_index/rclcpp_components/cam2image_vm2ros
[0.207s] -- Up-to-date: /home/ubuntu/Robotics/ros2_ws/install/cam2image_vm2ros/share/cam2image_vm2ros/cmake/cam2image_vm2rosExport.cmake
[0.207s] -- Up-to-date: /home/ubuntu/Robotics/ros2_ws/install/cam2image_vm2ros/share/cam2image_vm2ros/cmake/cam2image_vm2rosExport-noconfig.cmake
[0.207s] -- Up-to-date: /home/ubuntu/Robotics/ros2_ws/install/cam2image_vm2ros/share/cam2image_vm2ros/cmake/ament_cmake_export_libraries-extras.cmake
[0.207s] -- Up-to-date: /home/ubuntu/Robotics/ros2_ws/install/cam2image_vm2ros/share/cam2image_vm2ros/cmake/ament_cmake_export_targets-extras.cmake
[0.208s] -- Up-to-date: /home/ubuntu/Robotics/ros2_ws/install/cam2image_vm2ros/share/cam2image_vm2ros/cmake/ament_cmake_export_dependencies-extras.cmake
[0.208s] -- Up-to-date: /home/ubuntu/Robotics/ros2_ws/install/cam2image_vm2ros/share/cam2image_vm2ros/cmake/cam2image_vm2rosConfig.cmake
[0.209s] -- Up-to-date: /home/ubuntu/Robotics/ros2_ws/install/cam2image_vm2ros/share/cam2image_vm2ros/cmake/cam2image_vm2rosConfig-version.cmake
[0.209s] -- Up-to-date: /home/ubuntu/Robotics/ros2_ws/install/cam2image_vm2ros/share/cam2image_vm2ros/package.xml
[0.234s] Invoked command in '/home/ubuntu/Robotics/ros2_ws/build/cam2image_vm2ros' returned '0': CMAKE_PREFIX_PATH=${CMAKE_PREFIX_PATH}:/opt/ros/jazzy /usr/bin/cmake --install /home/ubuntu/Robotics/ros2_ws/build/cam2image_vm2ros
