[0.045s] Invoking command in '/home/ubuntu/Robotics/ros2_ws/build/relbot_adapter': /usr/bin/cmake /home/ubuntu/Robotics/ros2_ws/src/relbot_adapter -DCMAKE_INSTALL_PREFIX=/home/ubuntu/Robotics/ros2_ws/install/relbot_adapter
[1.216s] -- The C compiler identification is GNU 13.3.0
[3.196s] -- The CXX compiler identification is GNU 13.3.0
[4.605s] -- Detecting C compiler ABI info
[5.149s] -- Detecting C compiler ABI info - done
[5.164s] -- Check for working C compiler: /usr/bin/cc - skipped
[5.164s] -- Detecting C compile features
[5.165s] -- Detecting C compile features - done
[5.338s] -- Detecting CXX compiler ABI info
[5.884s] -- Detecting CXX compiler ABI info - done
[5.898s] -- Check for working CXX compiler: /usr/bin/c++ - skipped
[5.899s] -- Detecting CXX compile features
[5.899s] -- Detecting CXX compile features - done
[7.472s] -- Configuring incomplete, errors occurred!
[7.472s] [31mCMake Error at CMakeLists.txt:9 (find_package):
[7.472s]   By not providing "Findament_cmake.cmake" in CMAKE_MODULE_PATH this project
[7.472s]   has asked CMake to find a package configuration file provided by
[7.472s]   "ament_cmake", but CMake did not find one.
[7.472s] 
[7.472s]   Could not find a package configuration file provided by "ament_cmake" with
[7.472s]   any of the following names:
[7.472s] 
[7.472s]     ament_cmakeConfig.cmake
[7.473s]     ament_cmake-config.cmake
[7.473s] 
[7.473s]   Add the installation prefix of "ament_cmake" to CMAKE_PREFIX_PATH or set
[7.473s]   "ament_cmake_DIR" to a directory containing one of the above files.  If
[7.474s]   "ament_cmake" provides a separate development package or SDK, be sure it
[7.474s]   has been installed.
[7.474s] 
[7.474s] [0m
[7.516s] Invoked command in '/home/ubuntu/Robotics/ros2_ws/build/relbot_adapter' returned '1': /usr/bin/cmake /home/ubuntu/Robotics/ros2_ws/src/relbot_adapter -DCMAKE_INSTALL_PREFIX=/home/ubuntu/Robotics/ros2_ws/install/relbot_adapter
