[0.052s] Invoking command in '/home/asdfr-33/ASDfR---Assignment3_ros_ws/build/cam2image_vm2ros': CMAKE_PREFIX_PATH=${CMAKE_PREFIX_PATH}:/opt/ros/humble /usr/bin/cmake /home/asdfr-33/ASDfR---Assignment3_ros_ws/src/cam2image_vm2ros -DCMAKE_INSTALL_PREFIX=/home/asdfr-33/ASDfR---Assignment3_ros_ws/install/cam2image_vm2ros
[0.370s] -- The C compiler identification is GNU 11.4.0
[0.643s] -- The CXX compiler identification is GNU 11.4.0
[0.690s] -- Detecting C compiler ABI info
[1.140s] -- Detecting C compiler ABI info - done
[1.161s] -- Check for working C compiler: /usr/bin/cc - skipped
[1.163s] -- Detecting C compile features
[1.164s] -- Detecting C compile features - done
[1.175s] -- Detecting CXX compiler ABI info
[1.513s] -- Detecting CXX compiler ABI info - done
[1.544s] -- Check for working CXX compiler: /usr/bin/c++ - skipped
[1.546s] -- Detecting CXX compile features
[1.547s] -- Detecting CXX compile features - done
[1.561s] -- Found ament_cmake: 1.3.11 (/opt/ros/humble/share/ament_cmake/cmake)
[2.308s] -- Found Python3: /usr/bin/python3 (found version "3.10.12") found components: Interpreter 
[2.762s] -- Found rclcpp: 16.0.11 (/opt/ros/humble/share/rclcpp/cmake)
[2.934s] -- Found rosidl_generator_c: 3.1.6 (/opt/ros/humble/share/rosidl_generator_c/cmake)
[2.955s] -- Found rosidl_adapter: 3.1.6 (/opt/ros/humble/share/rosidl_adapter/cmake)
[2.995s] -- Found rosidl_generator_cpp: 3.1.6 (/opt/ros/humble/share/rosidl_generator_cpp/cmake)
[3.048s] -- Using all available rosidl_typesupport_c: rosidl_typesupport_fastrtps_c;rosidl_typesupport_introspection_c
[3.125s] -- Using all available rosidl_typesupport_cpp: rosidl_typesupport_fastrtps_cpp;rosidl_typesupport_introspection_cpp
[3.322s] -- Found rmw_implementation_cmake: 6.1.2 (/opt/ros/humble/share/rmw_implementation_cmake/cmake)
[3.335s] -- Found rmw_fastrtps_cpp: 6.2.7 (/opt/ros/humble/share/rmw_fastrtps_cpp/cmake)
[3.643s] -- Found OpenSSL: /usr/lib/aarch64-linux-gnu/libcrypto.so (found version "3.0.2")  
[3.736s] -- Found FastRTPS: /opt/ros/humble/include  
[3.865s] -- Using RMW implementation 'rmw_fastrtps_cpp' as default
[3.932s] -- Looking for pthread.h
[4.295s] -- Looking for pthread.h - found
[4.302s] -- Performing Test CMAKE_HAVE_LIBC_PTHREAD
[5.022s] -- Performing Test CMAKE_HAVE_LIBC_PTHREAD - Success
[5.028s] -- Found Threads: TRUE  
[5.520s] -- Found rclcpp_components: 16.0.11 (/opt/ros/humble/share/rclcpp_components/cmake)
[5.627s] -- Found sensor_msgs: 4.2.4 (/opt/ros/humble/share/sensor_msgs/cmake)
[5.823s] -- Found cv_bridge: 3.2.1 (/opt/ros/humble/share/cv_bridge/cmake)
[5.874s] -- Found OpenCV: /usr (found version "4.5.4") found components: core highgui imgcodecs imgproc videoio 
[6.358s] -- Configuring done
[6.459s] -- Generating done
[6.504s] -- Build files have been written to: /home/asdfr-33/ASDfR---Assignment3_ros_ws/build/cam2image_vm2ros
[6.568s] Invoked command in '/home/asdfr-33/ASDfR---Assignment3_ros_ws/build/cam2image_vm2ros' returned '0': CMAKE_PREFIX_PATH=${CMAKE_PREFIX_PATH}:/opt/ros/humble /usr/bin/cmake /home/asdfr-33/ASDfR---Assignment3_ros_ws/src/cam2image_vm2ros -DCMAKE_INSTALL_PREFIX=/home/asdfr-33/ASDfR---Assignment3_ros_ws/install/cam2image_vm2ros
[6.571s] Invoking command in '/home/asdfr-33/ASDfR---Assignment3_ros_ws/build/cam2image_vm2ros': CMAKE_PREFIX_PATH=${CMAKE_PREFIX_PATH}:/opt/ros/humble /usr/bin/cmake --build /home/asdfr-33/ASDfR---Assignment3_ros_ws/build/cam2image_vm2ros -- -j3 -l3
[6.805s] [ 20%] [32mBuilding CXX object CMakeFiles/cam2image.dir/rclcpp_components/node_main_cam2image.cpp.o[0m
[6.847s] [ 40%] [32mBuilding CXX object CMakeFiles/cam2image_vm2ros.dir/src/cam2image.cpp.o[0m
[6.864s] [ 60%] [32mBuilding CXX object CMakeFiles/cam2image_vm2ros.dir/src/remote_capture.cpp.o[0m
[37.448s] [ 80%] [32m[1mLinking CXX executable cam2image[0m
[38.538s] [ 80%] Built target cam2image
[77.898s] [100%] [32m[1mLinking CXX shared library libcam2image_vm2ros.so[0m
[81.587s] [100%] Built target cam2image_vm2ros
