[0.027s] Invoking command in '/home/ubuntu/Robotics/ros2_ws/build/relbot_msgs': CMAKE_PREFIX_PATH=${CMAKE_PREFIX_PATH}:/opt/ros/jazzy /usr/bin/cmake /home/ubuntu/Robotics/ros2_ws/src/relbot_msgs -DCMAKE_INSTALL_PREFIX=/home/ubuntu/Robotics/ros2_ws/install/relbot_msgs
[1.289s] -- The C compiler identification is GNU 13.3.0
[4.288s] -- The CXX compiler identification is GNU 13.3.0
[5.798s] -- Detecting C compiler ABI info
[6.394s] -- Detecting C compiler ABI info - done
[6.403s] -- Check for working C compiler: /usr/bin/cc - skipped
[6.404s] -- Detecting C compile features
[6.407s] -- Detecting C compile features - done
[6.651s] -- Detecting CXX compiler ABI info
[7.211s] -- Detecting CXX compiler ABI info - done
[7.224s] -- Check for working CXX compiler: /usr/bin/c++ - skipped
[7.225s] -- Detecting CXX compile features
[7.225s] -- Detecting CXX compile features - done
[7.542s] -- Found ament_cmake: 2.5.5 (/opt/ros/jazzy/share/ament_cmake/cmake)
[7.774s] -- Found Python3: /usr/bin/python3 (found version "3.12.3") found components: Interpreter 
[8.079s] -- Found rosidl_default_generators: 1.6.0 (/opt/ros/jazzy/share/rosidl_default_generators/cmake)
[8.138s] -- Using all available rosidl_typesupport_c: rosidl_typesupport_fastrtps_c;rosidl_typesupport_introspection_c
[9.196s] -- Using all available rosidl_typesupport_cpp: rosidl_typesupport_fastrtps_cpp;rosidl_typesupport_introspection_cpp
[9.389s] -- Found rosidl_adapter: 4.6.7 (/opt/ros/jazzy/share/rosidl_adapter/cmake)
[9.414s] -- Found std_msgs: 5.3.6 (/opt/ros/jazzy/share/std_msgs/cmake)
[10.447s] -- Found ament_cmake_cppcheck: 0.17.4 (/opt/ros/jazzy/share/ament_cmake_cppcheck/cmake)
[10.459s] -- Found ament_cmake_cpplint: 0.17.4 (/opt/ros/jazzy/share/ament_cmake_cpplint/cmake)
[10.476s] -- Found ament_cmake_uncrustify: 0.17.4 (/opt/ros/jazzy/share/ament_cmake_uncrustify/cmake)
[10.493s] -- Found ament_cmake_ros: 0.12.0 (/opt/ros/jazzy/share/ament_cmake_ros/cmake)
[11.221s] -- Using all available rosidl_typesupport_c: rosidl_typesupport_fastrtps_c;rosidl_typesupport_introspection_c
[12.019s] -- Using all available rosidl_typesupport_cpp: rosidl_typesupport_fastrtps_cpp;rosidl_typesupport_introspection_cpp
[12.046s] -- Found python_cmake_module: 0.11.1 (/opt/ros/jazzy/share/python_cmake_module/cmake)
[12.253s] -- Found PythonExtra: /usr/bin/python3  
[14.425s] -- Found Python3: /usr/bin/python3 (found version "3.12.3") found components: Interpreter Development NumPy Development.Module Development.Embed 
[14.517s] -- Found ament_cmake_flake8: 0.17.4 (/opt/ros/jazzy/share/ament_cmake_flake8/cmake)
[14.526s] -- Found ament_cmake_pep257: 0.17.4 (/opt/ros/jazzy/share/ament_cmake_pep257/cmake)
[14.545s] -- Found ament_lint_auto: 0.17.4 (/opt/ros/jazzy/share/ament_lint_auto/cmake)
[14.666s] -- Added test 'lint_cmake' to check CMake code style
[14.668s] -- Added test 'xmllint' to check XML markup files
[14.676s] -- Configuring done (14.6s)
[14.807s] -- Generating done (0.1s)
[14.830s] -- Build files have been written to: /home/ubuntu/Robotics/ros2_ws/build/relbot_msgs
[14.848s] Invoked command in '/home/ubuntu/Robotics/ros2_ws/build/relbot_msgs' returned '0': CMAKE_PREFIX_PATH=${CMAKE_PREFIX_PATH}:/opt/ros/jazzy /usr/bin/cmake /home/ubuntu/Robotics/ros2_ws/src/relbot_msgs -DCMAKE_INSTALL_PREFIX=/home/ubuntu/Robotics/ros2_ws/install/relbot_msgs
[14.850s] Invoking command in '/home/ubuntu/Robotics/ros2_ws/build/relbot_msgs': CMAKE_PREFIX_PATH=${CMAKE_PREFIX_PATH}:/opt/ros/jazzy /usr/bin/cmake --build /home/ubuntu/Robotics/ros2_ws/build/relbot_msgs -- -j12 -l12
[14.920s] [  2%] [34m[1mGenerating type hashes for ROS interfaces[0m
[14.933s] [  2%] Built target ament_cmake_python_copy_relbot_msgs
[15.314s] running egg_info
[15.314s] creating relbot_msgs.egg-info
[15.341s] writing relbot_msgs.egg-info/PKG-INFO
[15.341s] writing dependency_links to relbot_msgs.egg-info/dependency_links.txt
[15.341s] writing top-level names to relbot_msgs.egg-info/top_level.txt
[15.341s] writing manifest file 'relbot_msgs.egg-info/SOURCES.txt'
[15.369s] [  2%] Built target relbot_msgs__rosidl_generator_type_description
[15.386s] [  4%] [34m[1mGenerating C code for ROS interfaces[0m
[15.401s] [  6%] [34m[1mGenerating C++ code for ROS interfaces[0m
[15.437s] reading manifest file 'relbot_msgs.egg-info/SOURCES.txt'
[15.438s] writing manifest file 'relbot_msgs.egg-info/SOURCES.txt'
[15.489s] [  6%] Built target ament_cmake_python_build_relbot_msgs_egg
[15.873s] [  6%] Built target relbot_msgs__cpp
[15.930s] [  9%] [32mBuilding C object CMakeFiles/relbot_msgs__rosidl_generator_c.dir/rosidl_generator_c/relbot_msgs/msg/detail/relbot_motors__functions.c.o[0m
[15.931s] [ 11%] [32mBuilding C object CMakeFiles/relbot_msgs__rosidl_generator_c.dir/rosidl_generator_c/relbot_msgs/msg/detail/relbot_motors_stamped__functions.c.o[0m
[15.932s] [ 13%] [32mBuilding C object CMakeFiles/relbot_msgs__rosidl_generator_c.dir/rosidl_generator_c/relbot_msgs/msg/detail/relbot_motors__description.c.o[0m
[15.933s] [ 15%] [32mBuilding C object CMakeFiles/relbot_msgs__rosidl_generator_c.dir/rosidl_generator_c/relbot_msgs/msg/detail/relbot_motors__type_support.c.o[0m
[15.934s] [ 18%] [32mBuilding C object CMakeFiles/relbot_msgs__rosidl_generator_c.dir/rosidl_generator_c/relbot_msgs/msg/detail/relbot_motors_stamped__description.c.o[0m
[15.937s] [ 20%] [32mBuilding C object CMakeFiles/relbot_msgs__rosidl_generator_c.dir/rosidl_generator_c/relbot_msgs/msg/detail/relbot_motors_stamped__type_support.c.o[0m
[16.366s] [ 22%] [32m[1mLinking C shared library librelbot_msgs__rosidl_generator_c.so[0m
[16.664s] [ 22%] Built target relbot_msgs__rosidl_generator_c
[16.686s] [ 27%] [34m[1mGenerating C type support for eProsima Fast-RTPS[0m
[16.686s] [ 27%] [34m[1mGenerating C++ type support dispatch for ROS interfaces[0m
[16.687s] [ 29%] [34m[1mGenerating C introspection for ROS interfaces[0m
[16.687s] [ 31%] [34m[1mGenerating C++ introspection for ROS interfaces[0m
[16.688s] [ 34%] [34m[1mGenerating C type support dispatch for ROS interfaces[0m
[16.688s] [ 36%] [34m[1mGenerating C++ type support for eProsima Fast-RTPS[0m
[17.638s] [ 38%] [32mBuilding CXX object CMakeFiles/relbot_msgs__rosidl_typesupport_cpp.dir/rosidl_typesupport_cpp/relbot_msgs/msg/relbot_motors_stamped__type_support.cpp.o[0m
[17.640s] [ 40%] [32mBuilding CXX object CMakeFiles/relbot_msgs__rosidl_typesupport_c.dir/rosidl_typesupport_c/relbot_msgs/msg/relbot_motors_stamped__type_support.cpp.o[0m
[17.641s] [ 43%] [32mBuilding CXX object CMakeFiles/relbot_msgs__rosidl_typesupport_c.dir/rosidl_typesupport_c/relbot_msgs/msg/relbot_motors__type_support.cpp.o[0m
[17.642s] [ 45%] [32mBuilding CXX object CMakeFiles/relbot_msgs__rosidl_typesupport_cpp.dir/rosidl_typesupport_cpp/relbot_msgs/msg/relbot_motors__type_support.cpp.o[0m
[17.746s] [ 47%] [32mBuilding C object CMakeFiles/relbot_msgs__rosidl_typesupport_introspection_c.dir/rosidl_typesupport_introspection_c/relbot_msgs/msg/detail/relbot_motors__type_support.c.o[0m
[17.749s] [ 50%] [32mBuilding C object CMakeFiles/relbot_msgs__rosidl_typesupport_introspection_c.dir/rosidl_typesupport_introspection_c/relbot_msgs/msg/detail/relbot_motors_stamped__type_support.c.o[0m
[17.781s] [ 52%] [32mBuilding CXX object CMakeFiles/relbot_msgs__rosidl_typesupport_introspection_cpp.dir/rosidl_typesupport_introspection_cpp/relbot_msgs/msg/detail/relbot_motors_stamped__type_support.cpp.o[0m
[17.781s] [ 54%] [32mBuilding CXX object CMakeFiles/relbot_msgs__rosidl_typesupport_introspection_cpp.dir/rosidl_typesupport_introspection_cpp/relbot_msgs/msg/detail/relbot_motors__type_support.cpp.o[0m
[17.836s] [ 56%] [32mBuilding CXX object CMakeFiles/relbot_msgs__rosidl_typesupport_fastrtps_c.dir/rosidl_typesupport_fastrtps_c/relbot_msgs/msg/detail/relbot_motors__type_support_c.cpp.o[0m
[17.837s] [ 59%] [32mBuilding CXX object CMakeFiles/relbot_msgs__rosidl_typesupport_fastrtps_c.dir/rosidl_typesupport_fastrtps_c/relbot_msgs/msg/detail/relbot_motors_stamped__type_support_c.cpp.o[0m
[17.852s] [ 63%] [32mBuilding CXX object CMakeFiles/relbot_msgs__rosidl_typesupport_fastrtps_cpp.dir/rosidl_typesupport_fastrtps_cpp/relbot_msgs/msg/detail/dds_fastrtps/relbot_motors_stamped__type_support.cpp.o[0m
[17.852s] [ 63%] [32mBuilding CXX object CMakeFiles/relbot_msgs__rosidl_typesupport_fastrtps_cpp.dir/rosidl_typesupport_fastrtps_cpp/relbot_msgs/msg/detail/dds_fastrtps/relbot_motors__type_support.cpp.o[0m
[17.868s] [ 65%] [32m[1mLinking C shared library librelbot_msgs__rosidl_typesupport_introspection_c.so[0m
[17.935s] [ 68%] [32m[1mLinking CXX shared library librelbot_msgs__rosidl_typesupport_c.so[0m
[18.279s] [ 68%] Built target relbot_msgs__rosidl_typesupport_introspection_c
[18.363s] [ 68%] Built target relbot_msgs__rosidl_typesupport_c
[18.970s] [ 70%] [32m[1mLinking CXX shared library librelbot_msgs__rosidl_typesupport_cpp.so[0m
[19.023s] [ 72%] [32m[1mLinking CXX shared library librelbot_msgs__rosidl_typesupport_introspection_cpp.so[0m
[19.346s] [ 72%] Built target relbot_msgs__rosidl_typesupport_cpp
[19.427s] [ 75%] [32m[1mLinking CXX shared library librelbot_msgs__rosidl_typesupport_fastrtps_c.so[0m
[19.434s] [ 77%] [32m[1mLinking CXX shared library librelbot_msgs__rosidl_typesupport_fastrtps_cpp.so[0m
[19.443s] [ 77%] Built target relbot_msgs__rosidl_typesupport_introspection_cpp
[19.708s] [ 77%] Built target relbot_msgs__rosidl_typesupport_fastrtps_c
[19.708s] [ 77%] Built target relbot_msgs__rosidl_typesupport_fastrtps_cpp
[19.739s] [ 77%] Built target relbot_msgs
[19.771s] [ 79%] [34m[1mGenerating Python code for ROS interfaces[0m
[20.225s] [ 79%] Built target relbot_msgs__py
[20.255s] [ 81%] [32mBuilding C object CMakeFiles/relbot_msgs__rosidl_generator_py.dir/rosidl_generator_py/relbot_msgs/msg/_relbot_motors_s.c.o[0m
[20.256s] [ 84%] [32mBuilding C object CMakeFiles/relbot_msgs__rosidl_generator_py.dir/rosidl_generator_py/relbot_msgs/msg/_relbot_motors_stamped_s.c.o[0m
[20.759s] [ 86%] [32m[1mLinking C shared library librelbot_msgs__rosidl_generator_py.so[0m
[21.058s] [ 86%] Built target relbot_msgs__rosidl_generator_py
[21.089s] [ 88%] [32mBuilding C object CMakeFiles/relbot_msgs_s__rosidl_typesupport_introspection_c.dir/rosidl_generator_py/relbot_msgs/_relbot_msgs_s.ep.rosidl_typesupport_introspection_c.c.o[0m
[21.089s] [ 90%] [32mBuilding C object CMakeFiles/relbot_msgs_s__rosidl_typesupport_c.dir/rosidl_generator_py/relbot_msgs/_relbot_msgs_s.ep.rosidl_typesupport_c.c.o[0m
[21.090s] [ 93%] [32mBuilding C object CMakeFiles/relbot_msgs_s__rosidl_typesupport_fastrtps_c.dir/rosidl_generator_py/relbot_msgs/_relbot_msgs_s.ep.rosidl_typesupport_fastrtps_c.c.o[0m
[21.289s] [ 95%] [32m[1mLinking C shared module rosidl_generator_py/relbot_msgs/relbot_msgs_s__rosidl_typesupport_c.so[0m
[21.303s] [ 97%] [32m[1mLinking C shared module rosidl_generator_py/relbot_msgs/relbot_msgs_s__rosidl_typesupport_introspection_c.so[0m
[21.322s] [100%] [32m[1mLinking C shared module rosidl_generator_py/relbot_msgs/relbot_msgs_s__rosidl_typesupport_fastrtps_c.so[0m
[21.494s] [100%] Built target relbot_msgs_s__rosidl_typesupport_c
[21.496s] [100%] Built target relbot_msgs_s__rosidl_typesupport_introspection_c
[21.568s] [100%] Built target relbot_msgs_s__rosidl_typesupport_fastrtps_c
[21.585s] Invoked command in '/home/ubuntu/Robotics/ros2_ws/build/relbot_msgs' returned '0': CMAKE_PREFIX_PATH=${CMAKE_PREFIX_PATH}:/opt/ros/jazzy /usr/bin/cmake --build /home/ubuntu/Robotics/ros2_ws/build/relbot_msgs -- -j12 -l12
[21.601s] Invoking command in '/home/ubuntu/Robotics/ros2_ws/build/relbot_msgs': CMAKE_PREFIX_PATH=${CMAKE_PREFIX_PATH}:/opt/ros/jazzy /usr/bin/cmake --install /home/ubuntu/Robotics/ros2_ws/build/relbot_msgs
[21.613s] -- Install configuration: ""
[21.614s] -- Installing: /home/ubuntu/Robotics/ros2_ws/install/relbot_msgs/share/ament_index/resource_index/rosidl_interfaces/relbot_msgs
[21.615s] -- Installing: /home/ubuntu/Robotics/ros2_ws/install/relbot_msgs/share/relbot_msgs/msg/RelbotMotors.json
[21.616s] -- Installing: /home/ubuntu/Robotics/ros2_ws/install/relbot_msgs/share/relbot_msgs/msg/RelbotMotorsStamped.json
[21.616s] -- Installing: /home/ubuntu/Robotics/ros2_ws/install/relbot_msgs/include/relbot_msgs/relbot_msgs
[21.617s] -- Installing: /home/ubuntu/Robotics/ros2_ws/install/relbot_msgs/include/relbot_msgs/relbot_msgs/msg
[21.617s] -- Installing: /home/ubuntu/Robotics/ros2_ws/install/relbot_msgs/include/relbot_msgs/relbot_msgs/msg/rosidl_generator_c__visibility_control.h
[21.617s] -- Installing: /home/ubuntu/Robotics/ros2_ws/install/relbot_msgs/include/relbot_msgs/relbot_msgs/msg/relbot_motors.h
[21.618s] -- Installing: /home/ubuntu/Robotics/ros2_ws/install/relbot_msgs/include/relbot_msgs/relbot_msgs/msg/relbot_motors_stamped.h
[21.618s] -- Installing: /home/ubuntu/Robotics/ros2_ws/install/relbot_msgs/include/relbot_msgs/relbot_msgs/msg/detail
[21.618s] -- Installing: /home/ubuntu/Robotics/ros2_ws/install/relbot_msgs/include/relbot_msgs/relbot_msgs/msg/detail/relbot_motors_stamped__struct.h
[21.618s] -- Installing: /home/ubuntu/Robotics/ros2_ws/install/relbot_msgs/include/relbot_msgs/relbot_msgs/msg/detail/relbot_motors_stamped__type_support.h
[21.618s] -- Installing: /home/ubuntu/Robotics/ros2_ws/install/relbot_msgs/include/relbot_msgs/relbot_msgs/msg/detail/relbot_motors__type_support.c
[21.619s] -- Installing: /home/ubuntu/Robotics/ros2_ws/install/relbot_msgs/include/relbot_msgs/relbot_msgs/msg/detail/relbot_motors_stamped__type_support.c
[21.619s] -- Installing: /home/ubuntu/Robotics/ros2_ws/install/relbot_msgs/include/relbot_msgs/relbot_msgs/msg/detail/relbot_motors__functions.c
[21.619s] -- Installing: /home/ubuntu/Robotics/ros2_ws/install/relbot_msgs/include/relbot_msgs/relbot_msgs/msg/detail/relbot_motors_stamped__functions.c
[21.620s] -- Installing: /home/ubuntu/Robotics/ros2_ws/install/relbot_msgs/include/relbot_msgs/relbot_msgs/msg/detail/relbot_motors_stamped__functions.h
[21.620s] -- Installing: /home/ubuntu/Robotics/ros2_ws/install/relbot_msgs/include/relbot_msgs/relbot_msgs/msg/detail/relbot_motors__struct.h
[21.620s] -- Installing: /home/ubuntu/Robotics/ros2_ws/install/relbot_msgs/include/relbot_msgs/relbot_msgs/msg/detail/relbot_motors_stamped__description.c
[21.620s] -- Installing: /home/ubuntu/Robotics/ros2_ws/install/relbot_msgs/include/relbot_msgs/relbot_msgs/msg/detail/relbot_motors__type_support.h
[21.621s] -- Installing: /home/ubuntu/Robotics/ros2_ws/install/relbot_msgs/include/relbot_msgs/relbot_msgs/msg/detail/relbot_motors__description.c
[21.621s] -- Installing: /home/ubuntu/Robotics/ros2_ws/install/relbot_msgs/include/relbot_msgs/relbot_msgs/msg/detail/relbot_motors__functions.h
[21.621s] -- Installing: /home/ubuntu/Robotics/ros2_ws/install/relbot_msgs/share/relbot_msgs/environment/library_path.sh
[21.621s] -- Installing: /home/ubuntu/Robotics/ros2_ws/install/relbot_msgs/share/relbot_msgs/environment/library_path.dsv
[21.621s] -- Installing: /home/ubuntu/Robotics/ros2_ws/install/relbot_msgs/lib/librelbot_msgs__rosidl_generator_c.so
[21.622s] -- Set non-toolchain portion of runtime path of "/home/ubuntu/Robotics/ros2_ws/install/relbot_msgs/lib/librelbot_msgs__rosidl_generator_c.so" to ""
[21.622s] -- Up-to-date: /home/ubuntu/Robotics/ros2_ws/install/relbot_msgs/include/relbot_msgs/relbot_msgs
[21.622s] -- Up-to-date: /home/ubuntu/Robotics/ros2_ws/install/relbot_msgs/include/relbot_msgs/relbot_msgs/msg
[21.623s] -- Installing: /home/ubuntu/Robotics/ros2_ws/install/relbot_msgs/include/relbot_msgs/relbot_msgs/msg/rosidl_typesupport_fastrtps_c__visibility_control.h
[21.623s] -- Up-to-date: /home/ubuntu/Robotics/ros2_ws/install/relbot_msgs/include/relbot_msgs/relbot_msgs/msg/detail
[21.623s] -- Installing: /home/ubuntu/Robotics/ros2_ws/install/relbot_msgs/include/relbot_msgs/relbot_msgs/msg/detail/relbot_motors__rosidl_typesupport_fastrtps_c.h
[21.624s] -- Installing: /home/ubuntu/Robotics/ros2_ws/install/relbot_msgs/include/relbot_msgs/relbot_msgs/msg/detail/relbot_motors_stamped__rosidl_typesupport_fastrtps_c.h
[21.625s] -- Installing: /home/ubuntu/Robotics/ros2_ws/install/relbot_msgs/lib/librelbot_msgs__rosidl_typesupport_fastrtps_c.so
[21.626s] -- Set non-toolchain portion of runtime path of "/home/ubuntu/Robotics/ros2_ws/install/relbot_msgs/lib/librelbot_msgs__rosidl_typesupport_fastrtps_c.so" to ""
[21.626s] -- Up-to-date: /home/ubuntu/Robotics/ros2_ws/install/relbot_msgs/include/relbot_msgs/relbot_msgs
[21.626s] -- Up-to-date: /home/ubuntu/Robotics/ros2_ws/install/relbot_msgs/include/relbot_msgs/relbot_msgs/msg
[21.626s] -- Installing: /home/ubuntu/Robotics/ros2_ws/install/relbot_msgs/include/relbot_msgs/relbot_msgs/msg/rosidl_typesupport_introspection_c__visibility_control.h
[21.627s] -- Up-to-date: /home/ubuntu/Robotics/ros2_ws/install/relbot_msgs/include/relbot_msgs/relbot_msgs/msg/detail
[21.627s] -- Installing: /home/ubuntu/Robotics/ros2_ws/install/relbot_msgs/include/relbot_msgs/relbot_msgs/msg/detail/relbot_motors__type_support.c
[21.627s] -- Installing: /home/ubuntu/Robotics/ros2_ws/install/relbot_msgs/include/relbot_msgs/relbot_msgs/msg/detail/relbot_motors_stamped__type_support.c
[21.627s] -- Installing: /home/ubuntu/Robotics/ros2_ws/install/relbot_msgs/include/relbot_msgs/relbot_msgs/msg/detail/relbot_motors__rosidl_typesupport_introspection_c.h
[21.627s] -- Installing: /home/ubuntu/Robotics/ros2_ws/install/relbot_msgs/include/relbot_msgs/relbot_msgs/msg/detail/relbot_motors_stamped__rosidl_typesupport_introspection_c.h
[21.627s] -- Installing: /home/ubuntu/Robotics/ros2_ws/install/relbot_msgs/lib/librelbot_msgs__rosidl_typesupport_introspection_c.so
[21.628s] -- Set non-toolchain portion of runtime path of "/home/ubuntu/Robotics/ros2_ws/install/relbot_msgs/lib/librelbot_msgs__rosidl_typesupport_introspection_c.so" to ""
[21.628s] -- Installing: /home/ubuntu/Robotics/ros2_ws/install/relbot_msgs/lib/librelbot_msgs__rosidl_typesupport_c.so
[21.628s] -- Set non-toolchain portion of runtime path of "/home/ubuntu/Robotics/ros2_ws/install/relbot_msgs/lib/librelbot_msgs__rosidl_typesupport_c.so" to ""
[21.629s] -- Up-to-date: /home/ubuntu/Robotics/ros2_ws/install/relbot_msgs/include/relbot_msgs/relbot_msgs
[21.629s] -- Up-to-date: /home/ubuntu/Robotics/ros2_ws/install/relbot_msgs/include/relbot_msgs/relbot_msgs/msg
[21.629s] -- Up-to-date: /home/ubuntu/Robotics/ros2_ws/install/relbot_msgs/include/relbot_msgs/relbot_msgs/msg/detail
[21.629s] -- Installing: /home/ubuntu/Robotics/ros2_ws/install/relbot_msgs/include/relbot_msgs/relbot_msgs/msg/detail/relbot_motors__builder.hpp
[21.629s] -- Installing: /home/ubuntu/Robotics/ros2_ws/install/relbot_msgs/include/relbot_msgs/relbot_msgs/msg/detail/relbot_motors_stamped__struct.hpp
[21.630s] -- Installing: /home/ubuntu/Robotics/ros2_ws/install/relbot_msgs/include/relbot_msgs/relbot_msgs/msg/detail/relbot_motors__type_support.hpp
[21.630s] -- Installing: /home/ubuntu/Robotics/ros2_ws/install/relbot_msgs/include/relbot_msgs/relbot_msgs/msg/detail/relbot_motors__traits.hpp
[21.631s] -- Installing: /home/ubuntu/Robotics/ros2_ws/install/relbot_msgs/include/relbot_msgs/relbot_msgs/msg/detail/relbot_motors_stamped__builder.hpp
[21.631s] -- Installing: /home/ubuntu/Robotics/ros2_ws/install/relbot_msgs/include/relbot_msgs/relbot_msgs/msg/detail/relbot_motors_stamped__traits.hpp
[21.631s] -- Installing: /home/ubuntu/Robotics/ros2_ws/install/relbot_msgs/include/relbot_msgs/relbot_msgs/msg/detail/relbot_motors__struct.hpp
[21.631s] -- Installing: /home/ubuntu/Robotics/ros2_ws/install/relbot_msgs/include/relbot_msgs/relbot_msgs/msg/detail/relbot_motors_stamped__type_support.hpp
[21.632s] -- Installing: /home/ubuntu/Robotics/ros2_ws/install/relbot_msgs/include/relbot_msgs/relbot_msgs/msg/rosidl_generator_cpp__visibility_control.hpp
[21.632s] -- Installing: /home/ubuntu/Robotics/ros2_ws/install/relbot_msgs/include/relbot_msgs/relbot_msgs/msg/relbot_motors.hpp
[21.632s] -- Installing: /home/ubuntu/Robotics/ros2_ws/install/relbot_msgs/include/relbot_msgs/relbot_msgs/msg/relbot_motors_stamped.hpp
[21.633s] -- Up-to-date: /home/ubuntu/Robotics/ros2_ws/install/relbot_msgs/include/relbot_msgs/relbot_msgs
[21.633s] -- Up-to-date: /home/ubuntu/Robotics/ros2_ws/install/relbot_msgs/include/relbot_msgs/relbot_msgs/msg
[21.633s] -- Installing: /home/ubuntu/Robotics/ros2_ws/install/relbot_msgs/include/relbot_msgs/relbot_msgs/msg/rosidl_typesupport_fastrtps_cpp__visibility_control.h
[21.633s] -- Up-to-date: /home/ubuntu/Robotics/ros2_ws/install/relbot_msgs/include/relbot_msgs/relbot_msgs/msg/detail
[21.633s] -- Installing: /home/ubuntu/Robotics/ros2_ws/install/relbot_msgs/include/relbot_msgs/relbot_msgs/msg/detail/dds_fastrtps
[21.633s] -- Installing: /home/ubuntu/Robotics/ros2_ws/install/relbot_msgs/include/relbot_msgs/relbot_msgs/msg/detail/relbot_motors_stamped__rosidl_typesupport_fastrtps_cpp.hpp
[21.634s] -- Installing: /home/ubuntu/Robotics/ros2_ws/install/relbot_msgs/include/relbot_msgs/relbot_msgs/msg/detail/relbot_motors__rosidl_typesupport_fastrtps_cpp.hpp
[21.634s] -- Installing: /home/ubuntu/Robotics/ros2_ws/install/relbot_msgs/lib/librelbot_msgs__rosidl_typesupport_fastrtps_cpp.so
[21.634s] -- Set non-toolchain portion of runtime path of "/home/ubuntu/Robotics/ros2_ws/install/relbot_msgs/lib/librelbot_msgs__rosidl_typesupport_fastrtps_cpp.so" to ""
[21.634s] -- Up-to-date: /home/ubuntu/Robotics/ros2_ws/install/relbot_msgs/include/relbot_msgs/relbot_msgs
[21.635s] -- Up-to-date: /home/ubuntu/Robotics/ros2_ws/install/relbot_msgs/include/relbot_msgs/relbot_msgs/msg
[21.635s] -- Up-to-date: /home/ubuntu/Robotics/ros2_ws/install/relbot_msgs/include/relbot_msgs/relbot_msgs/msg/detail
[21.635s] -- Installing: /home/ubuntu/Robotics/ros2_ws/install/relbot_msgs/include/relbot_msgs/relbot_msgs/msg/detail/relbot_motors__rosidl_typesupport_introspection_cpp.hpp
[21.635s] -- Installing: /home/ubuntu/Robotics/ros2_ws/install/relbot_msgs/include/relbot_msgs/relbot_msgs/msg/detail/relbot_motors_stamped__rosidl_typesupport_introspection_cpp.hpp
[21.636s] -- Installing: /home/ubuntu/Robotics/ros2_ws/install/relbot_msgs/include/relbot_msgs/relbot_msgs/msg/detail/relbot_motors_stamped__type_support.cpp
[21.636s] -- Installing: /home/ubuntu/Robotics/ros2_ws/install/relbot_msgs/include/relbot_msgs/relbot_msgs/msg/detail/relbot_motors__type_support.cpp
[21.636s] -- Installing: /home/ubuntu/Robotics/ros2_ws/install/relbot_msgs/lib/librelbot_msgs__rosidl_typesupport_introspection_cpp.so
[21.636s] -- Set non-toolchain portion of runtime path of "/home/ubuntu/Robotics/ros2_ws/install/relbot_msgs/lib/librelbot_msgs__rosidl_typesupport_introspection_cpp.so" to ""
[21.636s] -- Installing: /home/ubuntu/Robotics/ros2_ws/install/relbot_msgs/lib/librelbot_msgs__rosidl_typesupport_cpp.so
[21.637s] -- Set non-toolchain portion of runtime path of "/home/ubuntu/Robotics/ros2_ws/install/relbot_msgs/lib/librelbot_msgs__rosidl_typesupport_cpp.so" to ""
[21.637s] -- Installing: /home/ubuntu/Robotics/ros2_ws/install/relbot_msgs/share/relbot_msgs/environment/pythonpath.sh
[21.638s] -- Installing: /home/ubuntu/Robotics/ros2_ws/install/relbot_msgs/share/relbot_msgs/environment/pythonpath.dsv
[21.638s] -- Installing: /home/ubuntu/Robotics/ros2_ws/install/relbot_msgs/lib/python3.12/site-packages/relbot_msgs-2025.2.0-py3.12.egg-info
[21.639s] -- Installing: /home/ubuntu/Robotics/ros2_ws/install/relbot_msgs/lib/python3.12/site-packages/relbot_msgs-2025.2.0-py3.12.egg-info/top_level.txt
[21.640s] -- Installing: /home/ubuntu/Robotics/ros2_ws/install/relbot_msgs/lib/python3.12/site-packages/relbot_msgs-2025.2.0-py3.12.egg-info/dependency_links.txt
[21.640s] -- Installing: /home/ubuntu/Robotics/ros2_ws/install/relbot_msgs/lib/python3.12/site-packages/relbot_msgs-2025.2.0-py3.12.egg-info/SOURCES.txt
[21.640s] -- Installing: /home/ubuntu/Robotics/ros2_ws/install/relbot_msgs/lib/python3.12/site-packages/relbot_msgs-2025.2.0-py3.12.egg-info/PKG-INFO
[21.640s] -- Installing: /home/ubuntu/Robotics/ros2_ws/install/relbot_msgs/lib/python3.12/site-packages/relbot_msgs
[21.641s] -- Installing: /home/ubuntu/Robotics/ros2_ws/install/relbot_msgs/lib/python3.12/site-packages/relbot_msgs/_relbot_msgs_s.ep.rosidl_typesupport_c.c
[21.641s] -- Installing: /home/ubuntu/Robotics/ros2_ws/install/relbot_msgs/lib/python3.12/site-packages/relbot_msgs/msg
[21.642s] -- Installing: /home/ubuntu/Robotics/ros2_ws/install/relbot_msgs/lib/python3.12/site-packages/relbot_msgs/msg/_relbot_motors.py
[21.642s] -- Installing: /home/ubuntu/Robotics/ros2_ws/install/relbot_msgs/lib/python3.12/site-packages/relbot_msgs/msg/__init__.py
[21.643s] -- Installing: /home/ubuntu/Robotics/ros2_ws/install/relbot_msgs/lib/python3.12/site-packages/relbot_msgs/msg/_relbot_motors_stamped.py
[21.643s] -- Installing: /home/ubuntu/Robotics/ros2_ws/install/relbot_msgs/lib/python3.12/site-packages/relbot_msgs/msg/_relbot_motors_s.c
[21.643s] -- Installing: /home/ubuntu/Robotics/ros2_ws/install/relbot_msgs/lib/python3.12/site-packages/relbot_msgs/msg/_relbot_motors_stamped_s.c
[21.643s] -- Installing: /home/ubuntu/Robotics/ros2_ws/install/relbot_msgs/lib/python3.12/site-packages/relbot_msgs/__init__.py
[21.644s] -- Installing: /home/ubuntu/Robotics/ros2_ws/install/relbot_msgs/lib/python3.12/site-packages/relbot_msgs/_relbot_msgs_s.ep.rosidl_typesupport_fastrtps_c.c
[21.644s] -- Installing: /home/ubuntu/Robotics/ros2_ws/install/relbot_msgs/lib/python3.12/site-packages/relbot_msgs/relbot_msgs_s__rosidl_typesupport_c.so
[21.645s] -- Installing: /home/ubuntu/Robotics/ros2_ws/install/relbot_msgs/lib/python3.12/site-packages/relbot_msgs/_relbot_msgs_s.ep.rosidl_typesupport_introspection_c.c
[21.645s] -- Installing: /home/ubuntu/Robotics/ros2_ws/install/relbot_msgs/lib/python3.12/site-packages/relbot_msgs/relbot_msgs_s__rosidl_typesupport_fastrtps_c.so
[21.645s] -- Installing: /home/ubuntu/Robotics/ros2_ws/install/relbot_msgs/lib/python3.12/site-packages/relbot_msgs/relbot_msgs_s__rosidl_typesupport_introspection_c.so
[21.742s] Listing '/home/ubuntu/Robotics/ros2_ws/install/relbot_msgs/lib/python3.12/site-packages/relbot_msgs'...
[21.742s] Compiling '/home/ubuntu/Robotics/ros2_ws/install/relbot_msgs/lib/python3.12/site-packages/relbot_msgs/__init__.py'...
[21.743s] Listing '/home/ubuntu/Robotics/ros2_ws/install/relbot_msgs/lib/python3.12/site-packages/relbot_msgs/msg'...
[21.743s] Compiling '/home/ubuntu/Robotics/ros2_ws/install/relbot_msgs/lib/python3.12/site-packages/relbot_msgs/msg/__init__.py'...
[21.743s] Compiling '/home/ubuntu/Robotics/ros2_ws/install/relbot_msgs/lib/python3.12/site-packages/relbot_msgs/msg/_relbot_motors.py'...
[21.743s] Compiling '/home/ubuntu/Robotics/ros2_ws/install/relbot_msgs/lib/python3.12/site-packages/relbot_msgs/msg/_relbot_motors_stamped.py'...
[21.749s] -- Installing: /home/ubuntu/Robotics/ros2_ws/install/relbot_msgs/lib/python3.12/site-packages/relbot_msgs/relbot_msgs_s__rosidl_typesupport_fastrtps_c.so
[21.749s] -- Set non-toolchain portion of runtime path of "/home/ubuntu/Robotics/ros2_ws/install/relbot_msgs/lib/python3.12/site-packages/relbot_msgs/relbot_msgs_s__rosidl_typesupport_fastrtps_c.so" to ""
[21.750s] -- Installing: /home/ubuntu/Robotics/ros2_ws/install/relbot_msgs/lib/python3.12/site-packages/relbot_msgs/relbot_msgs_s__rosidl_typesupport_introspection_c.so
[21.750s] -- Set non-toolchain portion of runtime path of "/home/ubuntu/Robotics/ros2_ws/install/relbot_msgs/lib/python3.12/site-packages/relbot_msgs/relbot_msgs_s__rosidl_typesupport_introspection_c.so" to ""
[21.751s] -- Installing: /home/ubuntu/Robotics/ros2_ws/install/relbot_msgs/lib/python3.12/site-packages/relbot_msgs/relbot_msgs_s__rosidl_typesupport_c.so
[21.751s] -- Set non-toolchain portion of runtime path of "/home/ubuntu/Robotics/ros2_ws/install/relbot_msgs/lib/python3.12/site-packages/relbot_msgs/relbot_msgs_s__rosidl_typesupport_c.so" to ""
[21.751s] -- Installing: /home/ubuntu/Robotics/ros2_ws/install/relbot_msgs/lib/librelbot_msgs__rosidl_generator_py.so
[21.752s] -- Set non-toolchain portion of runtime path of "/home/ubuntu/Robotics/ros2_ws/install/relbot_msgs/lib/librelbot_msgs__rosidl_generator_py.so" to ""
[21.752s] -- Installing: /home/ubuntu/Robotics/ros2_ws/install/relbot_msgs/share/relbot_msgs/msg/RelbotMotors.idl
[21.752s] -- Installing: /home/ubuntu/Robotics/ros2_ws/install/relbot_msgs/share/relbot_msgs/msg/RelbotMotorsStamped.idl
[21.752s] -- Installing: /home/ubuntu/Robotics/ros2_ws/install/relbot_msgs/share/relbot_msgs/msg/RelbotMotors.msg
[21.753s] -- Installing: /home/ubuntu/Robotics/ros2_ws/install/relbot_msgs/share/relbot_msgs/msg/RelbotMotorsStamped.msg
[21.753s] -- Installing: /home/ubuntu/Robotics/ros2_ws/install/relbot_msgs/share/ament_index/resource_index/package_run_dependencies/relbot_msgs
[21.753s] -- Installing: /home/ubuntu/Robotics/ros2_ws/install/relbot_msgs/share/ament_index/resource_index/parent_prefix_path/relbot_msgs
[21.754s] -- Installing: /home/ubuntu/Robotics/ros2_ws/install/relbot_msgs/share/relbot_msgs/environment/ament_prefix_path.sh
[21.754s] -- Installing: /home/ubuntu/Robotics/ros2_ws/install/relbot_msgs/share/relbot_msgs/environment/ament_prefix_path.dsv
[21.754s] -- Installing: /home/ubuntu/Robotics/ros2_ws/install/relbot_msgs/share/relbot_msgs/environment/path.sh
[21.754s] -- Installing: /home/ubuntu/Robotics/ros2_ws/install/relbot_msgs/share/relbot_msgs/environment/path.dsv
[21.755s] -- Installing: /home/ubuntu/Robotics/ros2_ws/install/relbot_msgs/share/relbot_msgs/local_setup.bash
[21.755s] -- Installing: /home/ubuntu/Robotics/ros2_ws/install/relbot_msgs/share/relbot_msgs/local_setup.sh
[21.755s] -- Installing: /home/ubuntu/Robotics/ros2_ws/install/relbot_msgs/share/relbot_msgs/local_setup.zsh
[21.756s] -- Installing: /home/ubuntu/Robotics/ros2_ws/install/relbot_msgs/share/relbot_msgs/local_setup.dsv
[21.756s] -- Installing: /home/ubuntu/Robotics/ros2_ws/install/relbot_msgs/share/relbot_msgs/package.dsv
[21.757s] -- Installing: /home/ubuntu/Robotics/ros2_ws/install/relbot_msgs/share/ament_index/resource_index/packages/relbot_msgs
[21.758s] -- Installing: /home/ubuntu/Robotics/ros2_ws/install/relbot_msgs/share/relbot_msgs/cmake/export_relbot_msgs__rosidl_generator_cExport.cmake
[21.758s] -- Installing: /home/ubuntu/Robotics/ros2_ws/install/relbot_msgs/share/relbot_msgs/cmake/export_relbot_msgs__rosidl_generator_cExport-noconfig.cmake
[21.758s] -- Installing: /home/ubuntu/Robotics/ros2_ws/install/relbot_msgs/share/relbot_msgs/cmake/export_relbot_msgs__rosidl_typesupport_fastrtps_cExport.cmake
[21.759s] -- Installing: /home/ubuntu/Robotics/ros2_ws/install/relbot_msgs/share/relbot_msgs/cmake/export_relbot_msgs__rosidl_typesupport_fastrtps_cExport-noconfig.cmake
[21.759s] -- Installing: /home/ubuntu/Robotics/ros2_ws/install/relbot_msgs/share/relbot_msgs/cmake/relbot_msgs__rosidl_typesupport_introspection_cExport.cmake
[21.759s] -- Installing: /home/ubuntu/Robotics/ros2_ws/install/relbot_msgs/share/relbot_msgs/cmake/relbot_msgs__rosidl_typesupport_introspection_cExport-noconfig.cmake
[21.759s] -- Installing: /home/ubuntu/Robotics/ros2_ws/install/relbot_msgs/share/relbot_msgs/cmake/relbot_msgs__rosidl_typesupport_cExport.cmake
[21.760s] -- Installing: /home/ubuntu/Robotics/ros2_ws/install/relbot_msgs/share/relbot_msgs/cmake/relbot_msgs__rosidl_typesupport_cExport-noconfig.cmake
[21.760s] -- Installing: /home/ubuntu/Robotics/ros2_ws/install/relbot_msgs/share/relbot_msgs/cmake/export_relbot_msgs__rosidl_generator_cppExport.cmake
[21.760s] -- Installing: /home/ubuntu/Robotics/ros2_ws/install/relbot_msgs/share/relbot_msgs/cmake/export_relbot_msgs__rosidl_typesupport_fastrtps_cppExport.cmake
[21.760s] -- Installing: /home/ubuntu/Robotics/ros2_ws/install/relbot_msgs/share/relbot_msgs/cmake/export_relbot_msgs__rosidl_typesupport_fastrtps_cppExport-noconfig.cmake
[21.760s] -- Installing: /home/ubuntu/Robotics/ros2_ws/install/relbot_msgs/share/relbot_msgs/cmake/relbot_msgs__rosidl_typesupport_introspection_cppExport.cmake
[21.761s] -- Installing: /home/ubuntu/Robotics/ros2_ws/install/relbot_msgs/share/relbot_msgs/cmake/relbot_msgs__rosidl_typesupport_introspection_cppExport-noconfig.cmake
[21.761s] -- Installing: /home/ubuntu/Robotics/ros2_ws/install/relbot_msgs/share/relbot_msgs/cmake/relbot_msgs__rosidl_typesupport_cppExport.cmake
[21.761s] -- Installing: /home/ubuntu/Robotics/ros2_ws/install/relbot_msgs/share/relbot_msgs/cmake/relbot_msgs__rosidl_typesupport_cppExport-noconfig.cmake
[21.762s] -- Installing: /home/ubuntu/Robotics/ros2_ws/install/relbot_msgs/share/relbot_msgs/cmake/export_relbot_msgs__rosidl_generator_pyExport.cmake
[21.762s] -- Installing: /home/ubuntu/Robotics/ros2_ws/install/relbot_msgs/share/relbot_msgs/cmake/export_relbot_msgs__rosidl_generator_pyExport-noconfig.cmake
[21.762s] -- Installing: /home/ubuntu/Robotics/ros2_ws/install/relbot_msgs/share/relbot_msgs/cmake/rosidl_cmake-extras.cmake
[21.762s] -- Installing: /home/ubuntu/Robotics/ros2_ws/install/relbot_msgs/share/relbot_msgs/cmake/ament_cmake_export_dependencies-extras.cmake
[21.762s] -- Installing: /home/ubuntu/Robotics/ros2_ws/install/relbot_msgs/share/relbot_msgs/cmake/ament_cmake_export_include_directories-extras.cmake
[21.763s] -- Installing: /home/ubuntu/Robotics/ros2_ws/install/relbot_msgs/share/relbot_msgs/cmake/ament_cmake_export_libraries-extras.cmake
[21.763s] -- Installing: /home/ubuntu/Robotics/ros2_ws/install/relbot_msgs/share/relbot_msgs/cmake/ament_cmake_export_targets-extras.cmake
[21.763s] -- Installing: /home/ubuntu/Robotics/ros2_ws/install/relbot_msgs/share/relbot_msgs/cmake/rosidl_cmake_export_typesupport_targets-extras.cmake
[21.763s] -- Installing: /home/ubuntu/Robotics/ros2_ws/install/relbot_msgs/share/relbot_msgs/cmake/rosidl_cmake_export_typesupport_libraries-extras.cmake
[21.764s] -- Installing: /home/ubuntu/Robotics/ros2_ws/install/relbot_msgs/share/relbot_msgs/cmake/relbot_msgsConfig.cmake
[21.764s] -- Installing: /home/ubuntu/Robotics/ros2_ws/install/relbot_msgs/share/relbot_msgs/cmake/relbot_msgsConfig-version.cmake
[21.764s] -- Installing: /home/ubuntu/Robotics/ros2_ws/install/relbot_msgs/share/relbot_msgs/package.xml
[21.767s] Invoked command in '/home/ubuntu/Robotics/ros2_ws/build/relbot_msgs' returned '0': CMAKE_PREFIX_PATH=${CMAKE_PREFIX_PATH}:/opt/ros/jazzy /usr/bin/cmake --install /home/ubuntu/Robotics/ros2_ws/build/relbot_msgs
