[0.116s] Invoking command in '/home/asdfr-33/ASDfR---Assignment3_ros_ws/build/cam2image_vm2ros': CMAKE_PREFIX_PATH=${CMAKE_PREFIX_PATH}:/opt/ros/humble /usr/bin/cmake --build /home/asdfr-33/ASDfR---Assignment3_ros_ws/build/cam2image_vm2ros -- -j3 -l3
[0.468s] [35m[1mConsolidate compiler generated dependencies of target cam2image[0m
[0.488s] [35m[1mConsolidate compiler generated dependencies of target cam2image_vm2ros[0m
[1.038s] [ 40%] Built target cam2image
[4.869s] [100%] Built target cam2image_vm2ros
[4.988s] Invoked command in '/home/asdfr-33/ASDfR---Assignment3_ros_ws/build/cam2image_vm2ros' returned '0': CMAKE_PREFIX_PATH=${CMAKE_PREFIX_PATH}:/opt/ros/humble /usr/bin/cmake --build /home/asdfr-33/ASDfR---Assignment3_ros_ws/build/cam2image_vm2ros -- -j3 -l3
[4.997s] Invoking command in '/home/asdfr-33/ASDfR---Assignment3_ros_ws/build/cam2image_vm2ros': CMAKE_PREFIX_PATH=${CMAKE_PREFIX_PATH}:/opt/ros/humble /usr/bin/cmake --install /home/asdfr-33/ASDfR---Assignment3_ros_ws/build/cam2image_vm2ros
[5.069s] -- Install configuration: ""
[5.075s] -- Installing: /home/asdfr-33/ASDfR---Assignment3_ros_ws/install/cam2image_vm2ros/lib/cam2image_vm2ros/cam2image
[5.141s] -- Set runtime path of "/home/asdfr-33/ASDfR---Assignment3_ros_ws/install/cam2image_vm2ros/lib/cam2image_vm2ros/cam2image" to ""
[5.147s] -- Installing: /home/asdfr-33/ASDfR---Assignment3_ros_ws/install/cam2image_vm2ros/lib/libcam2image_vm2ros.so
[5.779s] -- Set runtime path of "/home/asdfr-33/ASDfR---Assignment3_ros_ws/install/cam2image_vm2ros/lib/libcam2image_vm2ros.so" to ""
[5.782s] -- Installing: /home/asdfr-33/ASDfR---Assignment3_ros_ws/install/cam2image_vm2ros/include/cam2image_vm2ros
[5.785s] -- Installing: /home/asdfr-33/ASDfR---Assignment3_ros_ws/install/cam2image_vm2ros/include/cam2image_vm2ros/remote_capture.hpp:Zone.Identifier
[5.788s] -- Installing: /home/asdfr-33/ASDfR---Assignment3_ros_ws/install/cam2image_vm2ros/include/cam2image_vm2ros/visibility_control.h:Zone.Identifier
[5.792s] -- Installing: /home/asdfr-33/ASDfR---Assignment3_ros_ws/install/cam2image_vm2ros/include/cam2image_vm2ros/cam2image.hpp:Zone.Identifier
[5.796s] -- Installing: /home/asdfr-33/ASDfR---Assignment3_ros_ws/install/cam2image_vm2ros/include/cam2image_vm2ros/base64.hpp:Zone.Identifier
[5.799s] -- Installing: /home/asdfr-33/ASDfR---Assignment3_ros_ws/install/cam2image_vm2ros/include/cam2image_vm2ros/remote_capture.hpp
[5.803s] -- Installing: /home/asdfr-33/ASDfR---Assignment3_ros_ws/install/cam2image_vm2ros/include/cam2image_vm2ros/base64.hpp
[5.808s] -- Installing: /home/asdfr-33/ASDfR---Assignment3_ros_ws/install/cam2image_vm2ros/include/cam2image_vm2ros/cam2image.hpp
[5.814s] -- Installing: /home/asdfr-33/ASDfR---Assignment3_ros_ws/install/cam2image_vm2ros/include/cam2image_vm2ros/visibility_control.h
[5.819s] -- Installing: /home/asdfr-33/ASDfR---Assignment3_ros_ws/install/cam2image_vm2ros/share/cam2image_vm2ros/environment/library_path.sh
[5.823s] -- Installing: /home/asdfr-33/ASDfR---Assignment3_ros_ws/install/cam2image_vm2ros/share/cam2image_vm2ros/environment/library_path.dsv
[5.828s] -- Installing: /home/asdfr-33/ASDfR---Assignment3_ros_ws/install/cam2image_vm2ros/share/ament_index/resource_index/package_run_dependencies/cam2image_vm2ros
[5.831s] -- Installing: /home/asdfr-33/ASDfR---Assignment3_ros_ws/install/cam2image_vm2ros/share/ament_index/resource_index/parent_prefix_path/cam2image_vm2ros
[5.835s] -- Installing: /home/asdfr-33/ASDfR---Assignment3_ros_ws/install/cam2image_vm2ros/share/cam2image_vm2ros/environment/ament_prefix_path.sh
[5.839s] -- Installing: /home/asdfr-33/ASDfR---Assignment3_ros_ws/install/cam2image_vm2ros/share/cam2image_vm2ros/environment/ament_prefix_path.dsv
[5.843s] -- Installing: /home/asdfr-33/ASDfR---Assignment3_ros_ws/install/cam2image_vm2ros/share/cam2image_vm2ros/environment/path.sh
[5.846s] -- Installing: /home/asdfr-33/ASDfR---Assignment3_ros_ws/install/cam2image_vm2ros/share/cam2image_vm2ros/environment/path.dsv
[5.850s] -- Installing: /home/asdfr-33/ASDfR---Assignment3_ros_ws/install/cam2image_vm2ros/share/cam2image_vm2ros/local_setup.bash
[5.854s] -- Installing: /home/asdfr-33/ASDfR---Assignment3_ros_ws/install/cam2image_vm2ros/share/cam2image_vm2ros/local_setup.sh
[5.859s] -- Installing: /home/asdfr-33/ASDfR---Assignment3_ros_ws/install/cam2image_vm2ros/share/cam2image_vm2ros/local_setup.zsh
[5.862s] -- Installing: /home/asdfr-33/ASDfR---Assignment3_ros_ws/install/cam2image_vm2ros/share/cam2image_vm2ros/local_setup.dsv
[5.866s] -- Installing: /home/asdfr-33/ASDfR---Assignment3_ros_ws/install/cam2image_vm2ros/share/cam2image_vm2ros/package.dsv
[5.871s] -- Installing: /home/asdfr-33/ASDfR---Assignment3_ros_ws/install/cam2image_vm2ros/share/ament_index/resource_index/packages/cam2image_vm2ros
[5.875s] -- Installing: /home/asdfr-33/ASDfR---Assignment3_ros_ws/install/cam2image_vm2ros/share/ament_index/resource_index/rclcpp_components/cam2image_vm2ros
[5.880s] -- Installing: /home/asdfr-33/ASDfR---Assignment3_ros_ws/install/cam2image_vm2ros/share/cam2image_vm2ros/cmake/cam2image_vm2rosExport.cmake
[5.884s] -- Installing: /home/asdfr-33/ASDfR---Assignment3_ros_ws/install/cam2image_vm2ros/share/cam2image_vm2ros/cmake/cam2image_vm2rosExport-noconfig.cmake
[5.889s] -- Installing: /home/asdfr-33/ASDfR---Assignment3_ros_ws/install/cam2image_vm2ros/share/cam2image_vm2ros/cmake/ament_cmake_export_libraries-extras.cmake
[5.894s] -- Installing: /home/asdfr-33/ASDfR---Assignment3_ros_ws/install/cam2image_vm2ros/share/cam2image_vm2ros/cmake/ament_cmake_export_targets-extras.cmake
[5.898s] -- Installing: /home/asdfr-33/ASDfR---Assignment3_ros_ws/install/cam2image_vm2ros/share/cam2image_vm2ros/cmake/ament_cmake_export_dependencies-extras.cmake
[5.902s] -- Installing: /home/asdfr-33/ASDfR---Assignment3_ros_ws/install/cam2image_vm2ros/share/cam2image_vm2ros/cmake/cam2image_vm2rosConfig.cmake
[5.906s] -- Installing: /home/asdfr-33/ASDfR---Assignment3_ros_ws/install/cam2image_vm2ros/share/cam2image_vm2ros/cmake/cam2image_vm2rosConfig-version.cmake
[5.911s] -- Installing: /home/asdfr-33/ASDfR---Assignment3_ros_ws/install/cam2image_vm2ros/share/cam2image_vm2ros/package.xml
[5.924s] Invoked command in '/home/asdfr-33/ASDfR---Assignment3_ros_ws/build/cam2image_vm2ros' returned '0': CMAKE_PREFIX_PATH=${CMAKE_PREFIX_PATH}:/opt/ros/humble /usr/bin/cmake --install /home/asdfr-33/ASDfR---Assignment3_ros_ws/build/cam2image_vm2ros
