[ 50%] [32mBuilding CXX object CMakeFiles/setpoint_generator.dir/src/setpoint_generator.cpp.o[0m
[01m[K/home/ubuntu/Robotics/ros2_ws/src/assignment1_2/src/setpoint_generator.cpp:[m[K In constructor ‘[01m[KSetpointGenerator::[01;32m[KSetpointGenerator[m[K()[m[K’:
[01m[K/home/ubuntu/Robotics/ros2_ws/src/assignment1_2/src/setpoint_generator.cpp:6:10:[m[K [01;31m[Kerror: [m[Krequest for member ‘[01m[Komega_right_wheel_[m[K’ in ‘[01m[K(SetpointGenerator*)this[m[K’, which is of pointer type ‘[01m[KSetpointGenerator*[m[K’ (maybe you meant to use ‘[01m[K->[m[K’ ?)
    6 |     this.[01;31m[Komega_right_wheel_[m[K = 3;
      |          [01;31m[K^~~~~~~~~~~~~~~~~~[m[K
[01m[K/home/ubuntu/Robotics/ros2_ws/src/assignment1_2/src/setpoint_generator.cpp:7:10:[m[K [01;31m[Kerror: [m[Krequest for member ‘[01m[Komega_left_wheel_[m[K’ in ‘[01m[K(SetpointGenerator*)this[m[K’, which is of pointer type ‘[01m[KSetpointGenerator*[m[K’ (maybe you meant to use ‘[01m[K->[m[K’ ?)
    7 |     this.[01;31m[Komega_left_wheel_[m[K = 3;
      |          [01;31m[K^~~~~~~~~~~~~~~~~[m[K
[01m[K/home/ubuntu/Robotics/ros2_ws/src/assignment1_2/src/setpoint_generator.cpp:[m[K In member function ‘[01m[Kdouble SetpointGenerator::[01;32m[Kget_right_wheel_control[m[K(double) const[m[K’:
[01m[K/home/ubuntu/Robotics/ros2_ws/src/assignment1_2/src/setpoint_generator.cpp:26:26:[m[K [01;31m[Kerror: [m[Krequest for member ‘[01m[Komega_right_wheel_[m[K’ in ‘[01m[K(const SetpointGenerator*)this[m[K’, which is of pointer type ‘[01m[Kconst SetpointGenerator*[m[K’ (maybe you meant to use ‘[01m[K->[m[K’ ?)
   26 |     return std::sin(this.[01;31m[Komega_right_wheel_[m[K * t);
      |                          [01;31m[K^~~~~~~~~~~~~~~~~~[m[K
[01m[K/home/ubuntu/Robotics/ros2_ws/src/assignment1_2/src/setpoint_generator.cpp:[m[K In member function ‘[01m[Kdouble SetpointGenerator::[01;32m[Kget_left_wheel_control[m[K(double) const[m[K’:
[01m[K/home/ubuntu/Robotics/ros2_ws/src/assignment1_2/src/setpoint_generator.cpp:30:26:[m[K [01;31m[Kerror: [m[Krequest for member ‘[01m[Komega_left_wheel_[m[K’ in ‘[01m[K(const SetpointGenerator*)this[m[K’, which is of pointer type ‘[01m[Kconst SetpointGenerator*[m[K’ (maybe you meant to use ‘[01m[K->[m[K’ ?)
   30 |     return std::sin(this.[01;31m[Komega_left_wheel_[m[K * t);
      |                          [01;31m[K^~~~~~~~~~~~~~~~~[m[K
[01m[K/home/ubuntu/Robotics/ros2_ws/src/assignment1_2/src/setpoint_generator.cpp:[m[K At global scope:
[01m[K/home/ubuntu/Robotics/ros2_ws/src/assignment1_2/src/setpoint_generator.cpp:33:6:[m[K [01;31m[Kerror: [m[Kno declaration matches ‘[01m[Kvoid SetpointGenerator::[01;32m[Ksend_control_output[m[K(geometry_msgs::msg::PoseStamped_<std::allocator<void> >::SharedPtr)[m[K’
   33 | void [01;31m[KSetpointGenerator[m[K::send_control_output(geometry_msgs::msg::PoseStamped::SharedPtr msg) {
      |      [01;31m[K^~~~~~~~~~~~~~~~~[m[K
[01m[K/home/ubuntu/Robotics/ros2_ws/src/assignment1_2/src/setpoint_generator.cpp:33:6:[m[K [01;36m[Knote: [m[Kno functions named ‘[01m[Kvoid SetpointGenerator::[01;32m[Ksend_control_output[m[K(geometry_msgs::msg::PoseStamped_<std::allocator<void> >::SharedPtr)[m[K’
In file included from [01m[K/home/ubuntu/Robotics/ros2_ws/src/assignment1_2/src/setpoint_generator.cpp:1[m[K:
[01m[K/home/ubuntu/Robotics/ros2_ws/src/assignment1_2/include/setpoint_generator.hpp:17:7:[m[K [01;36m[Knote: [m[K‘[01m[Kclass SetpointGenerator[m[K’ defined here
   17 | class [01;36m[KSetpointGenerator[m[K : public rclcpp::Node
      |       [01;36m[K^~~~~~~~~~~~~~~~~[m[K
gmake[2]: *** [CMakeFiles/setpoint_generator.dir/build.make:76: CMakeFiles/setpoint_generator.dir/src/setpoint_generator.cpp.o] Error 1
gmake[1]: *** [CMakeFiles/Makefile2:137: CMakeFiles/setpoint_generator.dir/all] Error 2
gmake: *** [Makefile:146: all] Error 2
