[0.285s] DEBUG:colcon:Command line arguments: ['/usr/bin/colcon', 'build']
[0.285s] DEBUG:colcon:Parsed command line arguments: Namespace(log_base=None, log_level=None, verb_name='build', build_base='build', install_base='install', merge_install=False, symlink_install=False, test_result_base=None, continue_on_error=False, executor='parallel', parallel_workers=12, event_handlers=None, ignore_user_meta=False, metas=['./colcon.meta'], base_paths=['.'], packages_ignore=None, packages_ignore_regex=None, paths=None, packages_up_to=None, packages_up_to_regex=None, packages_above=None, packages_above_and_dependencies=None, packages_above_depth=None, packages_select_by_dep=None, packages_skip_by_dep=None, packages_skip_up_to=None, packages_select_build_failed=False, packages_skip_build_finished=False, packages_select_test_failures=False, packages_skip_test_passed=False, packages_select=None, packages_skip=None, packages_select_regex=None, packages_skip_regex=None, packages_start=None, packages_end=None, allow_overriding=[], cmake_args=None, cmake_target=None, cmake_target_skip_unavailable=False, cmake_clean_cache=False, cmake_clean_first=False, cmake_force_configure=False, ament_cmake_args=None, catkin_cmake_args=None, catkin_skip_building_tests=False, mixin_files=None, mixin=None, verb_parser=<colcon_mixin.mixin.mixin_argument.MixinArgumentDecorator object at 0x71a8c0470c80>, verb_extension=<colcon_core.verb.build.BuildVerb object at 0x71a8c0470500>, main=<bound method BuildVerb.main of <colcon_core.verb.build.BuildVerb object at 0x71a8c0470500>>, mixin_verb=('build',))
[0.323s] Level 1:colcon.colcon_core.package_discovery:discover_packages(colcon_meta) check parameters
[0.323s] Level 1:colcon.colcon_core.package_discovery:discover_packages(recursive) check parameters
[0.323s] Level 1:colcon.colcon_core.package_discovery:discover_packages(ignore) check parameters
[0.323s] Level 1:colcon.colcon_core.package_discovery:discover_packages(path) check parameters
[0.323s] Level 1:colcon.colcon_core.package_discovery:discover_packages(colcon_meta) discover
[0.323s] Level 1:colcon.colcon_core.package_discovery:discover_packages(recursive) discover
[0.324s] INFO:colcon.colcon_core.package_discovery:Crawling recursively for packages in '/home/ubuntu/Robotics/ros2_ws'
[0.324s] Level 1:colcon.colcon_core.package_identification:_identify(.) by extensions ['ignore', 'ignore_ament_install']
[0.324s] Level 1:colcon.colcon_core.package_identification:_identify(.) by extension 'ignore'
[0.324s] Level 1:colcon.colcon_core.package_identification:_identify(.) by extension 'ignore_ament_install'
[0.324s] Level 1:colcon.colcon_core.package_identification:_identify(.) by extensions ['colcon_pkg']
[0.324s] Level 1:colcon.colcon_core.package_identification:_identify(.) by extension 'colcon_pkg'
[0.324s] Level 1:colcon.colcon_core.package_identification:_identify(.) by extensions ['colcon_meta']
[0.324s] Level 1:colcon.colcon_core.package_identification:_identify(.) by extension 'colcon_meta'
[0.324s] Level 1:colcon.colcon_core.package_identification:_identify(.) by extensions ['ros']
[0.324s] Level 1:colcon.colcon_core.package_identification:_identify(.) by extension 'ros'
[0.350s] Level 1:colcon.colcon_core.package_identification:_identify(.) by extensions ['cmake', 'python']
[0.350s] Level 1:colcon.colcon_core.package_identification:_identify(.) by extension 'cmake'
[0.350s] Level 1:colcon.colcon_core.package_identification:_identify(.) by extension 'python'
[0.350s] Level 1:colcon.colcon_core.package_identification:_identify(.) by extensions ['python_setup_py']
[0.350s] Level 1:colcon.colcon_core.package_identification:_identify(.) by extension 'python_setup_py'
[0.351s] Level 1:colcon.colcon_core.package_identification:_identify(build) by extensions ['ignore', 'ignore_ament_install']
[0.351s] Level 1:colcon.colcon_core.package_identification:_identify(build) by extension 'ignore'
[0.351s] Level 1:colcon.colcon_core.package_identification:_identify(build) ignored
[0.351s] Level 1:colcon.colcon_core.package_identification:_identify(install) by extensions ['ignore', 'ignore_ament_install']
[0.351s] Level 1:colcon.colcon_core.package_identification:_identify(install) by extension 'ignore'
[0.351s] Level 1:colcon.colcon_core.package_identification:_identify(install) ignored
[0.351s] Level 1:colcon.colcon_core.package_identification:_identify(launch) by extensions ['ignore', 'ignore_ament_install']
[0.351s] Level 1:colcon.colcon_core.package_identification:_identify(launch) by extension 'ignore'
[0.351s] Level 1:colcon.colcon_core.package_identification:_identify(launch) by extension 'ignore_ament_install'
[0.352s] Level 1:colcon.colcon_core.package_identification:_identify(launch) by extensions ['colcon_pkg']
[0.352s] Level 1:colcon.colcon_core.package_identification:_identify(launch) by extension 'colcon_pkg'
[0.352s] Level 1:colcon.colcon_core.package_identification:_identify(launch) by extensions ['colcon_meta']
[0.352s] Level 1:colcon.colcon_core.package_identification:_identify(launch) by extension 'colcon_meta'
[0.352s] Level 1:colcon.colcon_core.package_identification:_identify(launch) by extensions ['ros']
[0.352s] Level 1:colcon.colcon_core.package_identification:_identify(launch) by extension 'ros'
[0.352s] Level 1:colcon.colcon_core.package_identification:_identify(launch) by extensions ['cmake', 'python']
[0.352s] Level 1:colcon.colcon_core.package_identification:_identify(launch) by extension 'cmake'
[0.352s] Level 1:colcon.colcon_core.package_identification:_identify(launch) by extension 'python'
[0.352s] Level 1:colcon.colcon_core.package_identification:_identify(launch) by extensions ['python_setup_py']
[0.352s] Level 1:colcon.colcon_core.package_identification:_identify(launch) by extension 'python_setup_py'
[0.352s] Level 1:colcon.colcon_core.package_identification:_identify(launch/__pycache__) by extensions ['ignore', 'ignore_ament_install']
[0.352s] Level 1:colcon.colcon_core.package_identification:_identify(launch/__pycache__) by extension 'ignore'
[0.352s] Level 1:colcon.colcon_core.package_identification:_identify(launch/__pycache__) by extension 'ignore_ament_install'
[0.352s] Level 1:colcon.colcon_core.package_identification:_identify(launch/__pycache__) by extensions ['colcon_pkg']
[0.352s] Level 1:colcon.colcon_core.package_identification:_identify(launch/__pycache__) by extension 'colcon_pkg'
[0.353s] Level 1:colcon.colcon_core.package_identification:_identify(launch/__pycache__) by extensions ['colcon_meta']
[0.353s] Level 1:colcon.colcon_core.package_identification:_identify(launch/__pycache__) by extension 'colcon_meta'
[0.353s] Level 1:colcon.colcon_core.package_identification:_identify(launch/__pycache__) by extensions ['ros']
[0.353s] Level 1:colcon.colcon_core.package_identification:_identify(launch/__pycache__) by extension 'ros'
[0.353s] Level 1:colcon.colcon_core.package_identification:_identify(launch/__pycache__) by extensions ['cmake', 'python']
[0.353s] Level 1:colcon.colcon_core.package_identification:_identify(launch/__pycache__) by extension 'cmake'
[0.353s] Level 1:colcon.colcon_core.package_identification:_identify(launch/__pycache__) by extension 'python'
[0.353s] Level 1:colcon.colcon_core.package_identification:_identify(launch/__pycache__) by extensions ['python_setup_py']
[0.353s] Level 1:colcon.colcon_core.package_identification:_identify(launch/__pycache__) by extension 'python_setup_py'
[0.353s] Level 1:colcon.colcon_core.package_identification:_identify(log) by extensions ['ignore', 'ignore_ament_install']
[0.353s] Level 1:colcon.colcon_core.package_identification:_identify(log) by extension 'ignore'
[0.353s] Level 1:colcon.colcon_core.package_identification:_identify(log) ignored
[0.353s] Level 1:colcon.colcon_core.package_identification:_identify(src) by extensions ['ignore', 'ignore_ament_install']
[0.354s] Level 1:colcon.colcon_core.package_identification:_identify(src) by extension 'ignore'
[0.354s] Level 1:colcon.colcon_core.package_identification:_identify(src) by extension 'ignore_ament_install'
[0.354s] Level 1:colcon.colcon_core.package_identification:_identify(src) by extensions ['colcon_pkg']
[0.354s] Level 1:colcon.colcon_core.package_identification:_identify(src) by extension 'colcon_pkg'
[0.354s] Level 1:colcon.colcon_core.package_identification:_identify(src) by extensions ['colcon_meta']
[0.354s] Level 1:colcon.colcon_core.package_identification:_identify(src) by extension 'colcon_meta'
[0.354s] Level 1:colcon.colcon_core.package_identification:_identify(src) by extensions ['ros']
[0.354s] Level 1:colcon.colcon_core.package_identification:_identify(src) by extension 'ros'
[0.354s] Level 1:colcon.colcon_core.package_identification:_identify(src) by extensions ['cmake', 'python']
[0.354s] Level 1:colcon.colcon_core.package_identification:_identify(src) by extension 'cmake'
[0.354s] Level 1:colcon.colcon_core.package_identification:_identify(src) by extension 'python'
[0.354s] Level 1:colcon.colcon_core.package_identification:_identify(src) by extensions ['python_setup_py']
[0.354s] Level 1:colcon.colcon_core.package_identification:_identify(src) by extension 'python_setup_py'
[0.354s] Level 1:colcon.colcon_core.package_identification:_identify(src/assignment1_1) by extensions ['ignore', 'ignore_ament_install']
[0.354s] Level 1:colcon.colcon_core.package_identification:_identify(src/assignment1_1) by extension 'ignore'
[0.355s] Level 1:colcon.colcon_core.package_identification:_identify(src/assignment1_1) by extension 'ignore_ament_install'
[0.355s] Level 1:colcon.colcon_core.package_identification:_identify(src/assignment1_1) by extensions ['colcon_pkg']
[0.355s] Level 1:colcon.colcon_core.package_identification:_identify(src/assignment1_1) by extension 'colcon_pkg'
[0.355s] Level 1:colcon.colcon_core.package_identification:_identify(src/assignment1_1) by extensions ['colcon_meta']
[0.355s] Level 1:colcon.colcon_core.package_identification:_identify(src/assignment1_1) by extension 'colcon_meta'
[0.355s] Level 1:colcon.colcon_core.package_identification:_identify(src/assignment1_1) by extensions ['ros']
[0.355s] Level 1:colcon.colcon_core.package_identification:_identify(src/assignment1_1) by extension 'ros'
[0.357s] DEBUG:colcon.colcon_core.package_identification:Package 'src/assignment1_1' with type 'ros.ament_cmake' and name 'assignment1_1'
[0.357s] Level 1:colcon.colcon_core.package_identification:_identify(src/assignment1_2) by extensions ['ignore', 'ignore_ament_install']
[0.357s] Level 1:colcon.colcon_core.package_identification:_identify(src/assignment1_2) by extension 'ignore'
[0.357s] Level 1:colcon.colcon_core.package_identification:_identify(src/assignment1_2) by extension 'ignore_ament_install'
[0.357s] Level 1:colcon.colcon_core.package_identification:_identify(src/assignment1_2) by extensions ['colcon_pkg']
[0.357s] Level 1:colcon.colcon_core.package_identification:_identify(src/assignment1_2) by extension 'colcon_pkg'
[0.357s] Level 1:colcon.colcon_core.package_identification:_identify(src/assignment1_2) by extensions ['colcon_meta']
[0.358s] Level 1:colcon.colcon_core.package_identification:_identify(src/assignment1_2) by extension 'colcon_meta'
[0.358s] Level 1:colcon.colcon_core.package_identification:_identify(src/assignment1_2) by extensions ['ros']
[0.358s] Level 1:colcon.colcon_core.package_identification:_identify(src/assignment1_2) by extension 'ros'
[0.358s] DEBUG:colcon.colcon_core.package_identification:Package 'src/assignment1_2' with type 'ros.ament_cmake' and name 'assignment1_2'
[0.358s] Level 1:colcon.colcon_core.package_identification:_identify(src/cam2image_vm2ros) by extensions ['ignore', 'ignore_ament_install']
[0.358s] Level 1:colcon.colcon_core.package_identification:_identify(src/cam2image_vm2ros) by extension 'ignore'
[0.359s] Level 1:colcon.colcon_core.package_identification:_identify(src/cam2image_vm2ros) by extension 'ignore_ament_install'
[0.359s] Level 1:colcon.colcon_core.package_identification:_identify(src/cam2image_vm2ros) by extensions ['colcon_pkg']
[0.359s] Level 1:colcon.colcon_core.package_identification:_identify(src/cam2image_vm2ros) by extension 'colcon_pkg'
[0.359s] Level 1:colcon.colcon_core.package_identification:_identify(src/cam2image_vm2ros) by extensions ['colcon_meta']
[0.359s] Level 1:colcon.colcon_core.package_identification:_identify(src/cam2image_vm2ros) by extension 'colcon_meta'
[0.359s] Level 1:colcon.colcon_core.package_identification:_identify(src/cam2image_vm2ros) by extensions ['ros']
[0.359s] Level 1:colcon.colcon_core.package_identification:_identify(src/cam2image_vm2ros) by extension 'ros'
[0.359s] DEBUG:colcon.colcon_core.package_identification:Package 'src/cam2image_vm2ros' with type 'ros.ament_cmake' and name 'cam2image_vm2ros'
[0.360s] Level 1:colcon.colcon_core.package_identification:_identify(src/cpp_pubsub) by extensions ['ignore', 'ignore_ament_install']
[0.360s] Level 1:colcon.colcon_core.package_identification:_identify(src/cpp_pubsub) by extension 'ignore'
[0.360s] Level 1:colcon.colcon_core.package_identification:_identify(src/cpp_pubsub) by extension 'ignore_ament_install'
[0.360s] Level 1:colcon.colcon_core.package_identification:_identify(src/cpp_pubsub) by extensions ['colcon_pkg']
[0.360s] Level 1:colcon.colcon_core.package_identification:_identify(src/cpp_pubsub) by extension 'colcon_pkg'
[0.360s] Level 1:colcon.colcon_core.package_identification:_identify(src/cpp_pubsub) by extensions ['colcon_meta']
[0.360s] Level 1:colcon.colcon_core.package_identification:_identify(src/cpp_pubsub) by extension 'colcon_meta'
[0.360s] Level 1:colcon.colcon_core.package_identification:_identify(src/cpp_pubsub) by extensions ['ros']
[0.360s] Level 1:colcon.colcon_core.package_identification:_identify(src/cpp_pubsub) by extension 'ros'
[0.360s] DEBUG:colcon.colcon_core.package_identification:Package 'src/cpp_pubsub' with type 'ros.ament_cmake' and name 'cpp_pubsub'
[0.361s] Level 1:colcon.colcon_core.package_identification:_identify(src/relbot_adapter) by extensions ['ignore', 'ignore_ament_install']
[0.361s] Level 1:colcon.colcon_core.package_identification:_identify(src/relbot_adapter) by extension 'ignore'
[0.361s] Level 1:colcon.colcon_core.package_identification:_identify(src/relbot_adapter) by extension 'ignore_ament_install'
[0.361s] Level 1:colcon.colcon_core.package_identification:_identify(src/relbot_adapter) by extensions ['colcon_pkg']
[0.361s] Level 1:colcon.colcon_core.package_identification:_identify(src/relbot_adapter) by extension 'colcon_pkg'
[0.361s] Level 1:colcon.colcon_core.package_identification:_identify(src/relbot_adapter) by extensions ['colcon_meta']
[0.361s] Level 1:colcon.colcon_core.package_identification:_identify(src/relbot_adapter) by extension 'colcon_meta'
[0.361s] Level 1:colcon.colcon_core.package_identification:_identify(src/relbot_adapter) by extensions ['ros']
[0.361s] Level 1:colcon.colcon_core.package_identification:_identify(src/relbot_adapter) by extension 'ros'
[0.361s] DEBUG:colcon.colcon_core.package_identification:Package 'src/relbot_adapter' with type 'ros.ament_cmake' and name 'relbot_adapter'
[0.362s] Level 1:colcon.colcon_core.package_identification:_identify(src/relbot_msgs) by extensions ['ignore', 'ignore_ament_install']
[0.362s] Level 1:colcon.colcon_core.package_identification:_identify(src/relbot_msgs) by extension 'ignore'
[0.362s] Level 1:colcon.colcon_core.package_identification:_identify(src/relbot_msgs) by extension 'ignore_ament_install'
[0.362s] Level 1:colcon.colcon_core.package_identification:_identify(src/relbot_msgs) by extensions ['colcon_pkg']
[0.362s] Level 1:colcon.colcon_core.package_identification:_identify(src/relbot_msgs) by extension 'colcon_pkg'
[0.362s] Level 1:colcon.colcon_core.package_identification:_identify(src/relbot_msgs) by extensions ['colcon_meta']
[0.362s] Level 1:colcon.colcon_core.package_identification:_identify(src/relbot_msgs) by extension 'colcon_meta'
[0.362s] Level 1:colcon.colcon_core.package_identification:_identify(src/relbot_msgs) by extensions ['ros']
[0.362s] Level 1:colcon.colcon_core.package_identification:_identify(src/relbot_msgs) by extension 'ros'
[0.363s] DEBUG:colcon.colcon_core.package_identification:Package 'src/relbot_msgs' with type 'ros.ament_cmake' and name 'relbot_msgs'
[0.363s] Level 1:colcon.colcon_core.package_identification:_identify(src/relbot_simulator) by extensions ['ignore', 'ignore_ament_install']
[0.363s] Level 1:colcon.colcon_core.package_identification:_identify(src/relbot_simulator) by extension 'ignore'
[0.363s] Level 1:colcon.colcon_core.package_identification:_identify(src/relbot_simulator) by extension 'ignore_ament_install'
[0.363s] Level 1:colcon.colcon_core.package_identification:_identify(src/relbot_simulator) by extensions ['colcon_pkg']
[0.363s] Level 1:colcon.colcon_core.package_identification:_identify(src/relbot_simulator) by extension 'colcon_pkg'
[0.363s] Level 1:colcon.colcon_core.package_identification:_identify(src/relbot_simulator) by extensions ['colcon_meta']
[0.363s] Level 1:colcon.colcon_core.package_identification:_identify(src/relbot_simulator) by extension 'colcon_meta'
[0.363s] Level 1:colcon.colcon_core.package_identification:_identify(src/relbot_simulator) by extensions ['ros']
[0.363s] Level 1:colcon.colcon_core.package_identification:_identify(src/relbot_simulator) by extension 'ros'
[0.364s] DEBUG:colcon.colcon_core.package_identification:Package 'src/relbot_simulator' with type 'ros.ament_cmake' and name 'relbot_simulator'
[0.364s] Level 1:colcon.colcon_core.package_discovery:discover_packages(recursive) using defaults
[0.364s] Level 1:colcon.colcon_core.package_discovery:discover_packages(ignore) discover
[0.364s] Level 1:colcon.colcon_core.package_discovery:discover_packages(ignore) using defaults
[0.364s] Level 1:colcon.colcon_core.package_discovery:discover_packages(path) discover
[0.364s] Level 1:colcon.colcon_core.package_discovery:discover_packages(path) using defaults
[0.383s] Level 1:colcon.colcon_core.package_discovery:discover_packages(prefix_path) check parameters
[0.383s] Level 1:colcon.colcon_core.package_discovery:discover_packages(prefix_path) discover
[0.386s] DEBUG:colcon.colcon_installed_package_information.package_discovery:Found 7 installed packages in /home/ubuntu/Robotics/ros2_ws/install
[0.387s] DEBUG:colcon.colcon_installed_package_information.package_discovery:Found 286 installed packages in /opt/ros/jazzy
[0.388s] Level 1:colcon.colcon_core.package_discovery:discover_packages(prefix_path) using defaults
[0.436s] Level 5:colcon.colcon_core.verb:set package 'assignment1_1' build argument 'cmake_args' from command line to 'None'
[0.436s] Level 5:colcon.colcon_core.verb:set package 'assignment1_1' build argument 'cmake_target' from command line to 'None'
[0.436s] Level 5:colcon.colcon_core.verb:set package 'assignment1_1' build argument 'cmake_target_skip_unavailable' from command line to 'False'
[0.436s] Level 5:colcon.colcon_core.verb:set package 'assignment1_1' build argument 'cmake_clean_cache' from command line to 'False'
[0.436s] Level 5:colcon.colcon_core.verb:set package 'assignment1_1' build argument 'cmake_clean_first' from command line to 'False'
[0.436s] Level 5:colcon.colcon_core.verb:set package 'assignment1_1' build argument 'cmake_force_configure' from command line to 'False'
[0.436s] Level 5:colcon.colcon_core.verb:set package 'assignment1_1' build argument 'ament_cmake_args' from command line to 'None'
[0.436s] Level 5:colcon.colcon_core.verb:set package 'assignment1_1' build argument 'catkin_cmake_args' from command line to 'None'
[0.436s] Level 5:colcon.colcon_core.verb:set package 'assignment1_1' build argument 'catkin_skip_building_tests' from command line to 'False'
[0.436s] DEBUG:colcon.colcon_core.verb:Building package 'assignment1_1' with the following arguments: {'ament_cmake_args': None, 'build_base': '/home/ubuntu/Robotics/ros2_ws/build/assignment1_1', 'catkin_cmake_args': None, 'catkin_skip_building_tests': False, 'cmake_args': None, 'cmake_clean_cache': False, 'cmake_clean_first': False, 'cmake_force_configure': False, 'cmake_target': None, 'cmake_target_skip_unavailable': False, 'install_base': '/home/ubuntu/Robotics/ros2_ws/install/assignment1_1', 'merge_install': False, 'path': '/home/ubuntu/Robotics/ros2_ws/src/assignment1_1', 'symlink_install': False, 'test_result_base': None}
[0.436s] Level 5:colcon.colcon_core.verb:set package 'assignment1_2' build argument 'cmake_args' from command line to 'None'
[0.436s] Level 5:colcon.colcon_core.verb:set package 'assignment1_2' build argument 'cmake_target' from command line to 'None'
[0.436s] Level 5:colcon.colcon_core.verb:set package 'assignment1_2' build argument 'cmake_target_skip_unavailable' from command line to 'False'
[0.436s] Level 5:colcon.colcon_core.verb:set package 'assignment1_2' build argument 'cmake_clean_cache' from command line to 'False'
[0.436s] Level 5:colcon.colcon_core.verb:set package 'assignment1_2' build argument 'cmake_clean_first' from command line to 'False'
[0.437s] Level 5:colcon.colcon_core.verb:set package 'assignment1_2' build argument 'cmake_force_configure' from command line to 'False'
[0.437s] Level 5:colcon.colcon_core.verb:set package 'assignment1_2' build argument 'ament_cmake_args' from command line to 'None'
[0.437s] Level 5:colcon.colcon_core.verb:set package 'assignment1_2' build argument 'catkin_cmake_args' from command line to 'None'
[0.437s] Level 5:colcon.colcon_core.verb:set package 'assignment1_2' build argument 'catkin_skip_building_tests' from command line to 'False'
[0.437s] DEBUG:colcon.colcon_core.verb:Building package 'assignment1_2' with the following arguments: {'ament_cmake_args': None, 'build_base': '/home/ubuntu/Robotics/ros2_ws/build/assignment1_2', 'catkin_cmake_args': None, 'catkin_skip_building_tests': False, 'cmake_args': None, 'cmake_clean_cache': False, 'cmake_clean_first': False, 'cmake_force_configure': False, 'cmake_target': None, 'cmake_target_skip_unavailable': False, 'install_base': '/home/ubuntu/Robotics/ros2_ws/install/assignment1_2', 'merge_install': False, 'path': '/home/ubuntu/Robotics/ros2_ws/src/assignment1_2', 'symlink_install': False, 'test_result_base': None}
[0.437s] Level 5:colcon.colcon_core.verb:set package 'cam2image_vm2ros' build argument 'cmake_args' from command line to 'None'
[0.437s] Level 5:colcon.colcon_core.verb:set package 'cam2image_vm2ros' build argument 'cmake_target' from command line to 'None'
[0.437s] Level 5:colcon.colcon_core.verb:set package 'cam2image_vm2ros' build argument 'cmake_target_skip_unavailable' from command line to 'False'
[0.437s] Level 5:colcon.colcon_core.verb:set package 'cam2image_vm2ros' build argument 'cmake_clean_cache' from command line to 'False'
[0.437s] Level 5:colcon.colcon_core.verb:set package 'cam2image_vm2ros' build argument 'cmake_clean_first' from command line to 'False'
[0.437s] Level 5:colcon.colcon_core.verb:set package 'cam2image_vm2ros' build argument 'cmake_force_configure' from command line to 'False'
[0.437s] Level 5:colcon.colcon_core.verb:set package 'cam2image_vm2ros' build argument 'ament_cmake_args' from command line to 'None'
[0.437s] Level 5:colcon.colcon_core.verb:set package 'cam2image_vm2ros' build argument 'catkin_cmake_args' from command line to 'None'
[0.437s] Level 5:colcon.colcon_core.verb:set package 'cam2image_vm2ros' build argument 'catkin_skip_building_tests' from command line to 'False'
[0.437s] DEBUG:colcon.colcon_core.verb:Building package 'cam2image_vm2ros' with the following arguments: {'ament_cmake_args': None, 'build_base': '/home/ubuntu/Robotics/ros2_ws/build/cam2image_vm2ros', 'catkin_cmake_args': None, 'catkin_skip_building_tests': False, 'cmake_args': None, 'cmake_clean_cache': False, 'cmake_clean_first': False, 'cmake_force_configure': False, 'cmake_target': None, 'cmake_target_skip_unavailable': False, 'install_base': '/home/ubuntu/Robotics/ros2_ws/install/cam2image_vm2ros', 'merge_install': False, 'path': '/home/ubuntu/Robotics/ros2_ws/src/cam2image_vm2ros', 'symlink_install': False, 'test_result_base': None}
[0.437s] Level 5:colcon.colcon_core.verb:set package 'cpp_pubsub' build argument 'cmake_args' from command line to 'None'
[0.438s] Level 5:colcon.colcon_core.verb:set package 'cpp_pubsub' build argument 'cmake_target' from command line to 'None'
[0.438s] Level 5:colcon.colcon_core.verb:set package 'cpp_pubsub' build argument 'cmake_target_skip_unavailable' from command line to 'False'
[0.438s] Level 5:colcon.colcon_core.verb:set package 'cpp_pubsub' build argument 'cmake_clean_cache' from command line to 'False'
[0.438s] Level 5:colcon.colcon_core.verb:set package 'cpp_pubsub' build argument 'cmake_clean_first' from command line to 'False'
[0.438s] Level 5:colcon.colcon_core.verb:set package 'cpp_pubsub' build argument 'cmake_force_configure' from command line to 'False'
[0.438s] Level 5:colcon.colcon_core.verb:set package 'cpp_pubsub' build argument 'ament_cmake_args' from command line to 'None'
[0.438s] Level 5:colcon.colcon_core.verb:set package 'cpp_pubsub' build argument 'catkin_cmake_args' from command line to 'None'
[0.438s] Level 5:colcon.colcon_core.verb:set package 'cpp_pubsub' build argument 'catkin_skip_building_tests' from command line to 'False'
[0.438s] DEBUG:colcon.colcon_core.verb:Building package 'cpp_pubsub' with the following arguments: {'ament_cmake_args': None, 'build_base': '/home/ubuntu/Robotics/ros2_ws/build/cpp_pubsub', 'catkin_cmake_args': None, 'catkin_skip_building_tests': False, 'cmake_args': None, 'cmake_clean_cache': False, 'cmake_clean_first': False, 'cmake_force_configure': False, 'cmake_target': None, 'cmake_target_skip_unavailable': False, 'install_base': '/home/ubuntu/Robotics/ros2_ws/install/cpp_pubsub', 'merge_install': False, 'path': '/home/ubuntu/Robotics/ros2_ws/src/cpp_pubsub', 'symlink_install': False, 'test_result_base': None}
[0.438s] Level 5:colcon.colcon_core.verb:set package 'relbot_adapter' build argument 'cmake_args' from command line to 'None'
[0.438s] Level 5:colcon.colcon_core.verb:set package 'relbot_adapter' build argument 'cmake_target' from command line to 'None'
[0.438s] Level 5:colcon.colcon_core.verb:set package 'relbot_adapter' build argument 'cmake_target_skip_unavailable' from command line to 'False'
[0.438s] Level 5:colcon.colcon_core.verb:set package 'relbot_adapter' build argument 'cmake_clean_cache' from command line to 'False'
[0.438s] Level 5:colcon.colcon_core.verb:set package 'relbot_adapter' build argument 'cmake_clean_first' from command line to 'False'
[0.438s] Level 5:colcon.colcon_core.verb:set package 'relbot_adapter' build argument 'cmake_force_configure' from command line to 'False'
[0.438s] Level 5:colcon.colcon_core.verb:set package 'relbot_adapter' build argument 'ament_cmake_args' from command line to 'None'
[0.438s] Level 5:colcon.colcon_core.verb:set package 'relbot_adapter' build argument 'catkin_cmake_args' from command line to 'None'
[0.438s] Level 5:colcon.colcon_core.verb:set package 'relbot_adapter' build argument 'catkin_skip_building_tests' from command line to 'False'
[0.438s] DEBUG:colcon.colcon_core.verb:Building package 'relbot_adapter' with the following arguments: {'ament_cmake_args': None, 'build_base': '/home/ubuntu/Robotics/ros2_ws/build/relbot_adapter', 'catkin_cmake_args': None, 'catkin_skip_building_tests': False, 'cmake_args': None, 'cmake_clean_cache': False, 'cmake_clean_first': False, 'cmake_force_configure': False, 'cmake_target': None, 'cmake_target_skip_unavailable': False, 'install_base': '/home/ubuntu/Robotics/ros2_ws/install/relbot_adapter', 'merge_install': False, 'path': '/home/ubuntu/Robotics/ros2_ws/src/relbot_adapter', 'symlink_install': False, 'test_result_base': None}
[0.438s] Level 5:colcon.colcon_core.verb:set package 'relbot_msgs' build argument 'cmake_args' from command line to 'None'
[0.439s] Level 5:colcon.colcon_core.verb:set package 'relbot_msgs' build argument 'cmake_target' from command line to 'None'
[0.439s] Level 5:colcon.colcon_core.verb:set package 'relbot_msgs' build argument 'cmake_target_skip_unavailable' from command line to 'False'
[0.439s] Level 5:colcon.colcon_core.verb:set package 'relbot_msgs' build argument 'cmake_clean_cache' from command line to 'False'
[0.439s] Level 5:colcon.colcon_core.verb:set package 'relbot_msgs' build argument 'cmake_clean_first' from command line to 'False'
[0.439s] Level 5:colcon.colcon_core.verb:set package 'relbot_msgs' build argument 'cmake_force_configure' from command line to 'False'
[0.439s] Level 5:colcon.colcon_core.verb:set package 'relbot_msgs' build argument 'ament_cmake_args' from command line to 'None'
[0.439s] Level 5:colcon.colcon_core.verb:set package 'relbot_msgs' build argument 'catkin_cmake_args' from command line to 'None'
[0.439s] Level 5:colcon.colcon_core.verb:set package 'relbot_msgs' build argument 'catkin_skip_building_tests' from command line to 'False'
[0.439s] DEBUG:colcon.colcon_core.verb:Building package 'relbot_msgs' with the following arguments: {'ament_cmake_args': None, 'build_base': '/home/ubuntu/Robotics/ros2_ws/build/relbot_msgs', 'catkin_cmake_args': None, 'catkin_skip_building_tests': False, 'cmake_args': None, 'cmake_clean_cache': False, 'cmake_clean_first': False, 'cmake_force_configure': False, 'cmake_target': None, 'cmake_target_skip_unavailable': False, 'install_base': '/home/ubuntu/Robotics/ros2_ws/install/relbot_msgs', 'merge_install': False, 'path': '/home/ubuntu/Robotics/ros2_ws/src/relbot_msgs', 'symlink_install': False, 'test_result_base': None}
[0.439s] Level 5:colcon.colcon_core.verb:set package 'relbot_simulator' build argument 'cmake_args' from command line to 'None'
[0.439s] Level 5:colcon.colcon_core.verb:set package 'relbot_simulator' build argument 'cmake_target' from command line to 'None'
[0.439s] Level 5:colcon.colcon_core.verb:set package 'relbot_simulator' build argument 'cmake_target_skip_unavailable' from command line to 'False'
[0.439s] Level 5:colcon.colcon_core.verb:set package 'relbot_simulator' build argument 'cmake_clean_cache' from command line to 'False'
[0.439s] Level 5:colcon.colcon_core.verb:set package 'relbot_simulator' build argument 'cmake_clean_first' from command line to 'False'
[0.439s] Level 5:colcon.colcon_core.verb:set package 'relbot_simulator' build argument 'cmake_force_configure' from command line to 'False'
[0.439s] Level 5:colcon.colcon_core.verb:set package 'relbot_simulator' build argument 'ament_cmake_args' from command line to 'None'
[0.439s] Level 5:colcon.colcon_core.verb:set package 'relbot_simulator' build argument 'catkin_cmake_args' from command line to 'None'
[0.439s] Level 5:colcon.colcon_core.verb:set package 'relbot_simulator' build argument 'catkin_skip_building_tests' from command line to 'False'
[0.439s] DEBUG:colcon.colcon_core.verb:Building package 'relbot_simulator' with the following arguments: {'ament_cmake_args': None, 'build_base': '/home/ubuntu/Robotics/ros2_ws/build/relbot_simulator', 'catkin_cmake_args': None, 'catkin_skip_building_tests': False, 'cmake_args': None, 'cmake_clean_cache': False, 'cmake_clean_first': False, 'cmake_force_configure': False, 'cmake_target': None, 'cmake_target_skip_unavailable': False, 'install_base': '/home/ubuntu/Robotics/ros2_ws/install/relbot_simulator', 'merge_install': False, 'path': '/home/ubuntu/Robotics/ros2_ws/src/relbot_simulator', 'symlink_install': False, 'test_result_base': None}
[0.439s] INFO:colcon.colcon_core.executor:Executing jobs using 'parallel' executor
[0.440s] DEBUG:colcon.colcon_parallel_executor.executor.parallel:run_until_complete
[0.441s] INFO:colcon.colcon_ros.task.ament_cmake.build:Building ROS package in '/home/ubuntu/Robotics/ros2_ws/src/relbot_msgs' with build type 'ament_cmake'
[0.441s] INFO:colcon.colcon_cmake.task.cmake.build:Building CMake package in '/home/ubuntu/Robotics/ros2_ws/src/relbot_msgs'
[0.444s] INFO:colcon.colcon_core.plugin_system:Skipping extension 'colcon_core.shell.bat': Not used on non-Windows systems
[0.444s] INFO:colcon.colcon_core.shell:Skip shell extension 'powershell' for command environment: Not usable outside of PowerShell
[0.444s] DEBUG:colcon.colcon_core.shell:Skip shell extension 'dsv' for command environment
[0.546s] INFO:colcon.colcon_ros.task.ament_cmake.build:Building ROS package in '/home/ubuntu/Robotics/ros2_ws/src/assignment1_1' with build type 'ament_cmake'
[0.546s] INFO:colcon.colcon_cmake.task.cmake.build:Building CMake package in '/home/ubuntu/Robotics/ros2_ws/src/assignment1_1'
[0.547s] INFO:colcon.colcon_core.shell:Skip shell extension 'powershell' for command environment: Not usable outside of PowerShell
[0.547s] DEBUG:colcon.colcon_core.shell:Skip shell extension 'dsv' for command environment
[0.552s] INFO:colcon.colcon_ros.task.ament_cmake.build:Building ROS package in '/home/ubuntu/Robotics/ros2_ws/src/assignment1_2' with build type 'ament_cmake'
[0.552s] INFO:colcon.colcon_cmake.task.cmake.build:Building CMake package in '/home/ubuntu/Robotics/ros2_ws/src/assignment1_2'
[0.552s] INFO:colcon.colcon_core.shell:Skip shell extension 'powershell' for command environment: Not usable outside of PowerShell
[0.553s] DEBUG:colcon.colcon_core.shell:Skip shell extension 'dsv' for command environment
[0.557s] INFO:colcon.colcon_ros.task.ament_cmake.build:Building ROS package in '/home/ubuntu/Robotics/ros2_ws/src/cam2image_vm2ros' with build type 'ament_cmake'
[0.557s] INFO:colcon.colcon_cmake.task.cmake.build:Building CMake package in '/home/ubuntu/Robotics/ros2_ws/src/cam2image_vm2ros'
[0.557s] INFO:colcon.colcon_core.shell:Skip shell extension 'powershell' for command environment: Not usable outside of PowerShell
[0.558s] DEBUG:colcon.colcon_core.shell:Skip shell extension 'dsv' for command environment
[0.594s] INFO:colcon.colcon_ros.task.ament_cmake.build:Building ROS package in '/home/ubuntu/Robotics/ros2_ws/src/cpp_pubsub' with build type 'ament_cmake'
[0.595s] INFO:colcon.colcon_cmake.task.cmake.build:Building CMake package in '/home/ubuntu/Robotics/ros2_ws/src/cpp_pubsub'
[0.595s] INFO:colcon.colcon_core.shell:Skip shell extension 'powershell' for command environment: Not usable outside of PowerShell
[0.595s] DEBUG:colcon.colcon_core.shell:Skip shell extension 'dsv' for command environment
[0.599s] INFO:colcon.colcon_ros.task.ament_cmake.build:Building ROS package in '/home/ubuntu/Robotics/ros2_ws/src/relbot_adapter' with build type 'ament_cmake'
[0.599s] INFO:colcon.colcon_cmake.task.cmake.build:Building CMake package in '/home/ubuntu/Robotics/ros2_ws/src/relbot_adapter'
[0.600s] INFO:colcon.colcon_core.shell:Skip shell extension 'powershell' for command environment: Not usable outside of PowerShell
[0.600s] DEBUG:colcon.colcon_core.shell:Skip shell extension 'dsv' for command environment
[0.709s] DEBUG:colcon.colcon_core.event_handler.log_command:Invoking command in '/home/ubuntu/Robotics/ros2_ws/build/relbot_msgs': CMAKE_PREFIX_PATH=${CMAKE_PREFIX_PATH}:/opt/ros/jazzy /usr/bin/cmake --build /home/ubuntu/Robotics/ros2_ws/build/relbot_msgs -- -j12 -l12
[0.770s] DEBUG:colcon.colcon_core.event_handler.log_command:Invoking command in '/home/ubuntu/Robotics/ros2_ws/build/assignment1_1': CMAKE_PREFIX_PATH=${CMAKE_PREFIX_PATH}:/opt/ros/jazzy /usr/bin/cmake --build /home/ubuntu/Robotics/ros2_ws/build/assignment1_1 -- -j12 -l12
[0.773s] DEBUG:colcon.colcon_core.event_handler.log_command:Invoking command in '/home/ubuntu/Robotics/ros2_ws/build/assignment1_2': CMAKE_PREFIX_PATH=${CMAKE_PREFIX_PATH}:/opt/ros/jazzy /usr/bin/cmake --build /home/ubuntu/Robotics/ros2_ws/build/assignment1_2 -- -j12 -l12
[0.798s] DEBUG:colcon.colcon_core.event_handler.log_command:Invoking command in '/home/ubuntu/Robotics/ros2_ws/build/cam2image_vm2ros': CMAKE_PREFIX_PATH=${CMAKE_PREFIX_PATH}:/opt/ros/jazzy /usr/bin/cmake --build /home/ubuntu/Robotics/ros2_ws/build/cam2image_vm2ros -- -j12 -l12
[0.811s] DEBUG:colcon.colcon_core.event_handler.log_command:Invoking command in '/home/ubuntu/Robotics/ros2_ws/build/cpp_pubsub': CMAKE_PREFIX_PATH=${CMAKE_PREFIX_PATH}:/opt/ros/jazzy /usr/bin/cmake --build /home/ubuntu/Robotics/ros2_ws/build/cpp_pubsub -- -j12 -l12
[0.860s] DEBUG:colcon.colcon_core.event_handler.log_command:Invoking command in '/home/ubuntu/Robotics/ros2_ws/build/relbot_adapter': CMAKE_PREFIX_PATH=${CMAKE_PREFIX_PATH}:/opt/ros/jazzy /usr/bin/cmake --build /home/ubuntu/Robotics/ros2_ws/build/relbot_adapter -- -j12 -l12
[0.865s] DEBUG:colcon.colcon_core.event_handler.log_command:Invoked command in '/home/ubuntu/Robotics/ros2_ws/build/assignment1_2' returned '0': CMAKE_PREFIX_PATH=${CMAKE_PREFIX_PATH}:/opt/ros/jazzy /usr/bin/cmake --build /home/ubuntu/Robotics/ros2_ws/build/assignment1_2 -- -j12 -l12
[0.876s] DEBUG:colcon.colcon_core.event_handler.log_command:Invoking command in '/home/ubuntu/Robotics/ros2_ws/build/assignment1_2': CMAKE_PREFIX_PATH=${CMAKE_PREFIX_PATH}:/opt/ros/jazzy /usr/bin/cmake --install /home/ubuntu/Robotics/ros2_ws/build/assignment1_2
[0.890s] Level 1:colcon.colcon_core.environment:create_environment_scripts_only(assignment1_2)
[0.891s] DEBUG:colcon.colcon_core.event_handler.log_command:Invoked command in '/home/ubuntu/Robotics/ros2_ws/build/assignment1_2' returned '0': CMAKE_PREFIX_PATH=${CMAKE_PREFIX_PATH}:/opt/ros/jazzy /usr/bin/cmake --install /home/ubuntu/Robotics/ros2_ws/build/assignment1_2
[0.893s] Level 1:colcon.colcon_core.environment:checking '/home/ubuntu/Robotics/ros2_ws/install/assignment1_2' for CMake module files
[0.893s] Level 1:colcon.colcon_core.environment:checking '/home/ubuntu/Robotics/ros2_ws/install/assignment1_2' for CMake config files
[0.894s] Level 1:colcon.colcon_core.shell:create_environment_hook('assignment1_2', 'cmake_prefix_path')
[0.894s] INFO:colcon.colcon_core.shell:Creating environment hook '/home/ubuntu/Robotics/ros2_ws/install/assignment1_2/share/assignment1_2/hook/cmake_prefix_path.ps1'
[0.895s] INFO:colcon.colcon_core.shell:Creating environment descriptor '/home/ubuntu/Robotics/ros2_ws/install/assignment1_2/share/assignment1_2/hook/cmake_prefix_path.dsv'
[0.895s] INFO:colcon.colcon_core.shell:Creating environment hook '/home/ubuntu/Robotics/ros2_ws/install/assignment1_2/share/assignment1_2/hook/cmake_prefix_path.sh'
[0.896s] Level 1:colcon.colcon_core.environment:checking '/home/ubuntu/Robotics/ros2_ws/install/assignment1_2/lib'
[0.896s] Level 1:colcon.colcon_core.environment:checking '/home/ubuntu/Robotics/ros2_ws/install/assignment1_2/bin'
[0.896s] Level 1:colcon.colcon_core.environment:checking '/home/ubuntu/Robotics/ros2_ws/install/assignment1_2/lib/pkgconfig/assignment1_2.pc'
[0.897s] Level 1:colcon.colcon_core.environment:checking '/home/ubuntu/Robotics/ros2_ws/install/assignment1_2/lib/python3.12/site-packages'
[0.897s] Level 1:colcon.colcon_core.environment:checking '/home/ubuntu/Robotics/ros2_ws/install/assignment1_2/bin'
[0.897s] INFO:colcon.colcon_core.shell:Creating package script '/home/ubuntu/Robotics/ros2_ws/install/assignment1_2/share/assignment1_2/package.ps1'
[0.898s] INFO:colcon.colcon_core.shell:Creating package descriptor '/home/ubuntu/Robotics/ros2_ws/install/assignment1_2/share/assignment1_2/package.dsv'
[0.899s] INFO:colcon.colcon_core.shell:Creating package script '/home/ubuntu/Robotics/ros2_ws/install/assignment1_2/share/assignment1_2/package.sh'
[0.899s] INFO:colcon.colcon_core.shell:Creating package script '/home/ubuntu/Robotics/ros2_ws/install/assignment1_2/share/assignment1_2/package.bash'
[0.900s] INFO:colcon.colcon_core.shell:Creating package script '/home/ubuntu/Robotics/ros2_ws/install/assignment1_2/share/assignment1_2/package.zsh'
[0.901s] Level 1:colcon.colcon_core.environment:create_file_with_runtime_dependencies(/home/ubuntu/Robotics/ros2_ws/install/assignment1_2/share/colcon-core/packages/assignment1_2)
[0.901s] Level 1:colcon.colcon_core.environment:create_environment_scripts_only(assignment1_2)
[0.901s] Level 1:colcon.colcon_core.environment:checking '/home/ubuntu/Robotics/ros2_ws/install/assignment1_2' for CMake module files
[0.902s] Level 1:colcon.colcon_core.environment:checking '/home/ubuntu/Robotics/ros2_ws/install/assignment1_2' for CMake config files
[0.902s] Level 1:colcon.colcon_core.shell:create_environment_hook('assignment1_2', 'cmake_prefix_path')
[0.902s] INFO:colcon.colcon_core.shell:Creating environment hook '/home/ubuntu/Robotics/ros2_ws/install/assignment1_2/share/assignment1_2/hook/cmake_prefix_path.ps1'
[0.903s] INFO:colcon.colcon_core.shell:Creating environment descriptor '/home/ubuntu/Robotics/ros2_ws/install/assignment1_2/share/assignment1_2/hook/cmake_prefix_path.dsv'
[0.903s] INFO:colcon.colcon_core.shell:Creating environment hook '/home/ubuntu/Robotics/ros2_ws/install/assignment1_2/share/assignment1_2/hook/cmake_prefix_path.sh'
[0.904s] Level 1:colcon.colcon_core.environment:checking '/home/ubuntu/Robotics/ros2_ws/install/assignment1_2/lib'
[0.904s] Level 1:colcon.colcon_core.environment:checking '/home/ubuntu/Robotics/ros2_ws/install/assignment1_2/bin'
[0.904s] Level 1:colcon.colcon_core.environment:checking '/home/ubuntu/Robotics/ros2_ws/install/assignment1_2/lib/pkgconfig/assignment1_2.pc'
[0.904s] Level 1:colcon.colcon_core.environment:checking '/home/ubuntu/Robotics/ros2_ws/install/assignment1_2/lib/python3.12/site-packages'
[0.904s] Level 1:colcon.colcon_core.environment:checking '/home/ubuntu/Robotics/ros2_ws/install/assignment1_2/bin'
[0.905s] INFO:colcon.colcon_core.shell:Creating package script '/home/ubuntu/Robotics/ros2_ws/install/assignment1_2/share/assignment1_2/package.ps1'
[0.905s] INFO:colcon.colcon_core.shell:Creating package descriptor '/home/ubuntu/Robotics/ros2_ws/install/assignment1_2/share/assignment1_2/package.dsv'
[0.906s] INFO:colcon.colcon_core.shell:Creating package script '/home/ubuntu/Robotics/ros2_ws/install/assignment1_2/share/assignment1_2/package.sh'
[0.906s] INFO:colcon.colcon_core.shell:Creating package script '/home/ubuntu/Robotics/ros2_ws/install/assignment1_2/share/assignment1_2/package.bash'
[0.907s] INFO:colcon.colcon_core.shell:Creating package script '/home/ubuntu/Robotics/ros2_ws/install/assignment1_2/share/assignment1_2/package.zsh'
[0.907s] Level 1:colcon.colcon_core.environment:create_file_with_runtime_dependencies(/home/ubuntu/Robotics/ros2_ws/install/assignment1_2/share/colcon-core/packages/assignment1_2)
[0.956s] DEBUG:colcon.colcon_core.event_handler.log_command:Invoked command in '/home/ubuntu/Robotics/ros2_ws/build/cpp_pubsub' returned '0': CMAKE_PREFIX_PATH=${CMAKE_PREFIX_PATH}:/opt/ros/jazzy /usr/bin/cmake --build /home/ubuntu/Robotics/ros2_ws/build/cpp_pubsub -- -j12 -l12
[0.969s] DEBUG:colcon.colcon_core.event_handler.log_command:Invoking command in '/home/ubuntu/Robotics/ros2_ws/build/cpp_pubsub': CMAKE_PREFIX_PATH=${CMAKE_PREFIX_PATH}:/opt/ros/jazzy /usr/bin/cmake --install /home/ubuntu/Robotics/ros2_ws/build/cpp_pubsub
[1.000s] Level 1:colcon.colcon_core.environment:create_environment_scripts_only(cpp_pubsub)
[1.000s] DEBUG:colcon.colcon_core.event_handler.log_command:Invoked command in '/home/ubuntu/Robotics/ros2_ws/build/cpp_pubsub' returned '0': CMAKE_PREFIX_PATH=${CMAKE_PREFIX_PATH}:/opt/ros/jazzy /usr/bin/cmake --install /home/ubuntu/Robotics/ros2_ws/build/cpp_pubsub
[1.001s] Level 1:colcon.colcon_core.environment:checking '/home/ubuntu/Robotics/ros2_ws/install/cpp_pubsub' for CMake module files
[1.044s] Level 1:colcon.colcon_core.environment:checking '/home/ubuntu/Robotics/ros2_ws/install/cpp_pubsub' for CMake config files
[1.081s] Level 1:colcon.colcon_core.shell:create_environment_hook('cpp_pubsub', 'cmake_prefix_path')
[1.081s] INFO:colcon.colcon_core.shell:Creating environment hook '/home/ubuntu/Robotics/ros2_ws/install/cpp_pubsub/share/cpp_pubsub/hook/cmake_prefix_path.ps1'
[1.082s] INFO:colcon.colcon_core.shell:Creating environment descriptor '/home/ubuntu/Robotics/ros2_ws/install/cpp_pubsub/share/cpp_pubsub/hook/cmake_prefix_path.dsv'
[1.082s] INFO:colcon.colcon_core.shell:Creating environment hook '/home/ubuntu/Robotics/ros2_ws/install/cpp_pubsub/share/cpp_pubsub/hook/cmake_prefix_path.sh'
[1.083s] Level 1:colcon.colcon_core.environment:checking '/home/ubuntu/Robotics/ros2_ws/install/cpp_pubsub/bin'
[1.083s] Level 1:colcon.colcon_core.environment:checking '/home/ubuntu/Robotics/ros2_ws/install/cpp_pubsub/lib/pkgconfig/cpp_pubsub.pc'
[1.083s] Level 1:colcon.colcon_core.environment:checking '/home/ubuntu/Robotics/ros2_ws/install/cpp_pubsub/lib/python3.12/site-packages'
[1.083s] Level 1:colcon.colcon_core.environment:checking '/home/ubuntu/Robotics/ros2_ws/install/cpp_pubsub/bin'
[1.083s] INFO:colcon.colcon_core.shell:Creating package script '/home/ubuntu/Robotics/ros2_ws/install/cpp_pubsub/share/cpp_pubsub/package.ps1'
[1.084s] INFO:colcon.colcon_core.shell:Creating package descriptor '/home/ubuntu/Robotics/ros2_ws/install/cpp_pubsub/share/cpp_pubsub/package.dsv'
[1.084s] INFO:colcon.colcon_core.shell:Creating package script '/home/ubuntu/Robotics/ros2_ws/install/cpp_pubsub/share/cpp_pubsub/package.sh'
[1.085s] INFO:colcon.colcon_core.shell:Creating package script '/home/ubuntu/Robotics/ros2_ws/install/cpp_pubsub/share/cpp_pubsub/package.bash'
[1.085s] INFO:colcon.colcon_core.shell:Creating package script '/home/ubuntu/Robotics/ros2_ws/install/cpp_pubsub/share/cpp_pubsub/package.zsh'
[1.086s] Level 1:colcon.colcon_core.environment:create_file_with_runtime_dependencies(/home/ubuntu/Robotics/ros2_ws/install/cpp_pubsub/share/colcon-core/packages/cpp_pubsub)
[1.086s] Level 1:colcon.colcon_core.environment:create_environment_scripts_only(cpp_pubsub)
[1.086s] Level 1:colcon.colcon_core.environment:checking '/home/ubuntu/Robotics/ros2_ws/install/cpp_pubsub' for CMake module files
[1.087s] Level 1:colcon.colcon_core.environment:checking '/home/ubuntu/Robotics/ros2_ws/install/cpp_pubsub' for CMake config files
[1.087s] Level 1:colcon.colcon_core.shell:create_environment_hook('cpp_pubsub', 'cmake_prefix_path')
[1.087s] INFO:colcon.colcon_core.shell:Creating environment hook '/home/ubuntu/Robotics/ros2_ws/install/cpp_pubsub/share/cpp_pubsub/hook/cmake_prefix_path.ps1'
[1.090s] INFO:colcon.colcon_core.shell:Creating environment descriptor '/home/ubuntu/Robotics/ros2_ws/install/cpp_pubsub/share/cpp_pubsub/hook/cmake_prefix_path.dsv'
[1.090s] INFO:colcon.colcon_core.shell:Creating environment hook '/home/ubuntu/Robotics/ros2_ws/install/cpp_pubsub/share/cpp_pubsub/hook/cmake_prefix_path.sh'
[1.091s] Level 1:colcon.colcon_core.environment:checking '/home/ubuntu/Robotics/ros2_ws/install/cpp_pubsub/bin'
[1.091s] Level 1:colcon.colcon_core.environment:checking '/home/ubuntu/Robotics/ros2_ws/install/cpp_pubsub/lib/pkgconfig/cpp_pubsub.pc'
[1.091s] Level 1:colcon.colcon_core.environment:checking '/home/ubuntu/Robotics/ros2_ws/install/cpp_pubsub/lib/python3.12/site-packages'
[1.092s] Level 1:colcon.colcon_core.environment:checking '/home/ubuntu/Robotics/ros2_ws/install/cpp_pubsub/bin'
[1.092s] INFO:colcon.colcon_core.shell:Creating package script '/home/ubuntu/Robotics/ros2_ws/install/cpp_pubsub/share/cpp_pubsub/package.ps1'
[1.092s] INFO:colcon.colcon_core.shell:Creating package descriptor '/home/ubuntu/Robotics/ros2_ws/install/cpp_pubsub/share/cpp_pubsub/package.dsv'
[1.093s] INFO:colcon.colcon_core.shell:Creating package script '/home/ubuntu/Robotics/ros2_ws/install/cpp_pubsub/share/cpp_pubsub/package.sh'
[1.093s] INFO:colcon.colcon_core.shell:Creating package script '/home/ubuntu/Robotics/ros2_ws/install/cpp_pubsub/share/cpp_pubsub/package.bash'
[1.094s] INFO:colcon.colcon_core.shell:Creating package script '/home/ubuntu/Robotics/ros2_ws/install/cpp_pubsub/share/cpp_pubsub/package.zsh'
[1.094s] Level 1:colcon.colcon_core.environment:create_file_with_runtime_dependencies(/home/ubuntu/Robotics/ros2_ws/install/cpp_pubsub/share/colcon-core/packages/cpp_pubsub)
[1.173s] DEBUG:colcon.colcon_core.event_handler.log_command:Invoked command in '/home/ubuntu/Robotics/ros2_ws/build/relbot_adapter' returned '0': CMAKE_PREFIX_PATH=${CMAKE_PREFIX_PATH}:/opt/ros/jazzy /usr/bin/cmake --build /home/ubuntu/Robotics/ros2_ws/build/relbot_adapter -- -j12 -l12
[1.179s] DEBUG:colcon.colcon_core.event_handler.log_command:Invoking command in '/home/ubuntu/Robotics/ros2_ws/build/relbot_adapter': CMAKE_PREFIX_PATH=${CMAKE_PREFIX_PATH}:/opt/ros/jazzy /usr/bin/cmake --install /home/ubuntu/Robotics/ros2_ws/build/relbot_adapter
[1.236s] Level 1:colcon.colcon_core.environment:create_environment_scripts_only(relbot_adapter)
[1.236s] DEBUG:colcon.colcon_core.event_handler.log_command:Invoked command in '/home/ubuntu/Robotics/ros2_ws/build/relbot_adapter' returned '0': CMAKE_PREFIX_PATH=${CMAKE_PREFIX_PATH}:/opt/ros/jazzy /usr/bin/cmake --install /home/ubuntu/Robotics/ros2_ws/build/relbot_adapter
[1.236s] Level 1:colcon.colcon_core.environment:checking '/home/ubuntu/Robotics/ros2_ws/install/relbot_adapter' for CMake module files
[1.314s] Level 1:colcon.colcon_core.environment:checking '/home/ubuntu/Robotics/ros2_ws/install/relbot_adapter' for CMake config files
[1.334s] Level 1:colcon.colcon_core.shell:create_environment_hook('relbot_adapter', 'cmake_prefix_path')
[1.335s] INFO:colcon.colcon_core.shell:Creating environment hook '/home/ubuntu/Robotics/ros2_ws/install/relbot_adapter/share/relbot_adapter/hook/cmake_prefix_path.ps1'
[1.335s] INFO:colcon.colcon_core.shell:Creating environment descriptor '/home/ubuntu/Robotics/ros2_ws/install/relbot_adapter/share/relbot_adapter/hook/cmake_prefix_path.dsv'
[1.336s] INFO:colcon.colcon_core.shell:Creating environment hook '/home/ubuntu/Robotics/ros2_ws/install/relbot_adapter/share/relbot_adapter/hook/cmake_prefix_path.sh'
[1.336s] Level 1:colcon.colcon_core.environment:checking '/home/ubuntu/Robotics/ros2_ws/install/relbot_adapter/lib'
[1.337s] Level 1:colcon.colcon_core.environment:checking '/home/ubuntu/Robotics/ros2_ws/install/relbot_adapter/bin'
[1.337s] Level 1:colcon.colcon_core.environment:checking '/home/ubuntu/Robotics/ros2_ws/install/relbot_adapter/lib/pkgconfig/relbot_adapter.pc'
[1.337s] Level 1:colcon.colcon_core.environment:checking '/home/ubuntu/Robotics/ros2_ws/install/relbot_adapter/lib/python3.12/site-packages'
[1.338s] Level 1:colcon.colcon_core.environment:checking '/home/ubuntu/Robotics/ros2_ws/install/relbot_adapter/bin'
[1.338s] INFO:colcon.colcon_core.shell:Creating package script '/home/ubuntu/Robotics/ros2_ws/install/relbot_adapter/share/relbot_adapter/package.ps1'
[1.338s] INFO:colcon.colcon_core.shell:Creating package descriptor '/home/ubuntu/Robotics/ros2_ws/install/relbot_adapter/share/relbot_adapter/package.dsv'
[1.339s] INFO:colcon.colcon_core.shell:Creating package script '/home/ubuntu/Robotics/ros2_ws/install/relbot_adapter/share/relbot_adapter/package.sh'
[1.339s] INFO:colcon.colcon_core.shell:Creating package script '/home/ubuntu/Robotics/ros2_ws/install/relbot_adapter/share/relbot_adapter/package.bash'
[1.340s] INFO:colcon.colcon_core.shell:Creating package script '/home/ubuntu/Robotics/ros2_ws/install/relbot_adapter/share/relbot_adapter/package.zsh'
[1.340s] Level 1:colcon.colcon_core.environment:create_file_with_runtime_dependencies(/home/ubuntu/Robotics/ros2_ws/install/relbot_adapter/share/colcon-core/packages/relbot_adapter)
[1.341s] Level 1:colcon.colcon_core.environment:create_environment_scripts_only(relbot_adapter)
[1.341s] Level 1:colcon.colcon_core.environment:checking '/home/ubuntu/Robotics/ros2_ws/install/relbot_adapter' for CMake module files
[1.341s] Level 1:colcon.colcon_core.environment:checking '/home/ubuntu/Robotics/ros2_ws/install/relbot_adapter' for CMake config files
[1.342s] Level 1:colcon.colcon_core.shell:create_environment_hook('relbot_adapter', 'cmake_prefix_path')
[1.342s] INFO:colcon.colcon_core.shell:Creating environment hook '/home/ubuntu/Robotics/ros2_ws/install/relbot_adapter/share/relbot_adapter/hook/cmake_prefix_path.ps1'
[1.342s] INFO:colcon.colcon_core.shell:Creating environment descriptor '/home/ubuntu/Robotics/ros2_ws/install/relbot_adapter/share/relbot_adapter/hook/cmake_prefix_path.dsv'
[1.343s] INFO:colcon.colcon_core.shell:Creating environment hook '/home/ubuntu/Robotics/ros2_ws/install/relbot_adapter/share/relbot_adapter/hook/cmake_prefix_path.sh'
[1.344s] Level 1:colcon.colcon_core.environment:checking '/home/ubuntu/Robotics/ros2_ws/install/relbot_adapter/lib'
[1.344s] Level 1:colcon.colcon_core.environment:checking '/home/ubuntu/Robotics/ros2_ws/install/relbot_adapter/bin'
[1.344s] Level 1:colcon.colcon_core.environment:checking '/home/ubuntu/Robotics/ros2_ws/install/relbot_adapter/lib/pkgconfig/relbot_adapter.pc'
[1.344s] Level 1:colcon.colcon_core.environment:checking '/home/ubuntu/Robotics/ros2_ws/install/relbot_adapter/lib/python3.12/site-packages'
[1.345s] Level 1:colcon.colcon_core.environment:checking '/home/ubuntu/Robotics/ros2_ws/install/relbot_adapter/bin'
[1.345s] INFO:colcon.colcon_core.shell:Creating package script '/home/ubuntu/Robotics/ros2_ws/install/relbot_adapter/share/relbot_adapter/package.ps1'
[1.346s] INFO:colcon.colcon_core.shell:Creating package descriptor '/home/ubuntu/Robotics/ros2_ws/install/relbot_adapter/share/relbot_adapter/package.dsv'
[1.346s] INFO:colcon.colcon_core.shell:Creating package script '/home/ubuntu/Robotics/ros2_ws/install/relbot_adapter/share/relbot_adapter/package.sh'
[1.347s] INFO:colcon.colcon_core.shell:Creating package script '/home/ubuntu/Robotics/ros2_ws/install/relbot_adapter/share/relbot_adapter/package.bash'
[1.347s] INFO:colcon.colcon_core.shell:Creating package script '/home/ubuntu/Robotics/ros2_ws/install/relbot_adapter/share/relbot_adapter/package.zsh'
[1.348s] Level 1:colcon.colcon_core.environment:create_file_with_runtime_dependencies(/home/ubuntu/Robotics/ros2_ws/install/relbot_adapter/share/colcon-core/packages/relbot_adapter)
[2.223s] DEBUG:colcon.colcon_core.event_handler.log_command:Invoked command in '/home/ubuntu/Robotics/ros2_ws/build/relbot_msgs' returned '0': CMAKE_PREFIX_PATH=${CMAKE_PREFIX_PATH}:/opt/ros/jazzy /usr/bin/cmake --build /home/ubuntu/Robotics/ros2_ws/build/relbot_msgs -- -j12 -l12
[2.240s] DEBUG:colcon.colcon_core.event_handler.log_command:Invoking command in '/home/ubuntu/Robotics/ros2_ws/build/relbot_msgs': CMAKE_PREFIX_PATH=${CMAKE_PREFIX_PATH}:/opt/ros/jazzy /usr/bin/cmake --install /home/ubuntu/Robotics/ros2_ws/build/relbot_msgs
[2.499s] Level 1:colcon.colcon_core.environment:create_environment_scripts_only(relbot_msgs)
[2.500s] DEBUG:colcon.colcon_core.event_handler.log_command:Invoked command in '/home/ubuntu/Robotics/ros2_ws/build/relbot_msgs' returned '0': CMAKE_PREFIX_PATH=${CMAKE_PREFIX_PATH}:/opt/ros/jazzy /usr/bin/cmake --install /home/ubuntu/Robotics/ros2_ws/build/relbot_msgs
[2.500s] Level 1:colcon.colcon_core.environment:checking '/home/ubuntu/Robotics/ros2_ws/install/relbot_msgs' for CMake module files
[2.509s] Level 1:colcon.colcon_core.environment:checking '/home/ubuntu/Robotics/ros2_ws/install/relbot_msgs' for CMake config files
[2.520s] Level 1:colcon.colcon_core.shell:create_environment_hook('relbot_msgs', 'cmake_prefix_path')
[2.521s] INFO:colcon.colcon_core.shell:Creating environment hook '/home/ubuntu/Robotics/ros2_ws/install/relbot_msgs/share/relbot_msgs/hook/cmake_prefix_path.ps1'
[2.521s] INFO:colcon.colcon_core.shell:Creating environment descriptor '/home/ubuntu/Robotics/ros2_ws/install/relbot_msgs/share/relbot_msgs/hook/cmake_prefix_path.dsv'
[2.522s] INFO:colcon.colcon_core.shell:Creating environment hook '/home/ubuntu/Robotics/ros2_ws/install/relbot_msgs/share/relbot_msgs/hook/cmake_prefix_path.sh'
[2.522s] Level 1:colcon.colcon_core.environment:checking '/home/ubuntu/Robotics/ros2_ws/install/relbot_msgs/lib'
[2.523s] Level 1:colcon.colcon_core.shell:create_environment_hook('relbot_msgs', 'ld_library_path_lib')
[2.523s] INFO:colcon.colcon_core.shell:Creating environment hook '/home/ubuntu/Robotics/ros2_ws/install/relbot_msgs/share/relbot_msgs/hook/ld_library_path_lib.ps1'
[2.523s] INFO:colcon.colcon_core.shell:Creating environment descriptor '/home/ubuntu/Robotics/ros2_ws/install/relbot_msgs/share/relbot_msgs/hook/ld_library_path_lib.dsv'
[2.524s] INFO:colcon.colcon_core.shell:Creating environment hook '/home/ubuntu/Robotics/ros2_ws/install/relbot_msgs/share/relbot_msgs/hook/ld_library_path_lib.sh'
[2.524s] Level 1:colcon.colcon_core.environment:checking '/home/ubuntu/Robotics/ros2_ws/install/relbot_msgs/bin'
[2.524s] Level 1:colcon.colcon_core.environment:checking '/home/ubuntu/Robotics/ros2_ws/install/relbot_msgs/lib/pkgconfig/relbot_msgs.pc'
[2.525s] Level 1:colcon.colcon_core.environment:checking '/home/ubuntu/Robotics/ros2_ws/install/relbot_msgs/lib/python3.12/site-packages'
[2.525s] Level 1:colcon.colcon_core.shell:create_environment_hook('relbot_msgs', 'pythonpath')
[2.525s] INFO:colcon.colcon_core.shell:Creating environment hook '/home/ubuntu/Robotics/ros2_ws/install/relbot_msgs/share/relbot_msgs/hook/pythonpath.ps1'
[2.525s] INFO:colcon.colcon_core.shell:Creating environment descriptor '/home/ubuntu/Robotics/ros2_ws/install/relbot_msgs/share/relbot_msgs/hook/pythonpath.dsv'
[2.526s] INFO:colcon.colcon_core.shell:Creating environment hook '/home/ubuntu/Robotics/ros2_ws/install/relbot_msgs/share/relbot_msgs/hook/pythonpath.sh'
[2.527s] Level 1:colcon.colcon_core.environment:checking '/home/ubuntu/Robotics/ros2_ws/install/relbot_msgs/bin'
[2.527s] INFO:colcon.colcon_core.shell:Creating package script '/home/ubuntu/Robotics/ros2_ws/install/relbot_msgs/share/relbot_msgs/package.ps1'
[2.528s] INFO:colcon.colcon_core.shell:Creating package descriptor '/home/ubuntu/Robotics/ros2_ws/install/relbot_msgs/share/relbot_msgs/package.dsv'
[2.528s] INFO:colcon.colcon_core.shell:Creating package script '/home/ubuntu/Robotics/ros2_ws/install/relbot_msgs/share/relbot_msgs/package.sh'
[2.529s] INFO:colcon.colcon_core.shell:Creating package script '/home/ubuntu/Robotics/ros2_ws/install/relbot_msgs/share/relbot_msgs/package.bash'
[2.529s] INFO:colcon.colcon_core.shell:Creating package script '/home/ubuntu/Robotics/ros2_ws/install/relbot_msgs/share/relbot_msgs/package.zsh'
[2.529s] Level 1:colcon.colcon_core.environment:create_file_with_runtime_dependencies(/home/ubuntu/Robotics/ros2_ws/install/relbot_msgs/share/colcon-core/packages/relbot_msgs)
[2.530s] Level 1:colcon.colcon_core.environment:create_environment_scripts_only(relbot_msgs)
[2.530s] Level 1:colcon.colcon_core.environment:checking '/home/ubuntu/Robotics/ros2_ws/install/relbot_msgs' for CMake module files
[2.531s] Level 1:colcon.colcon_core.environment:checking '/home/ubuntu/Robotics/ros2_ws/install/relbot_msgs' for CMake config files
[2.531s] Level 1:colcon.colcon_core.shell:create_environment_hook('relbot_msgs', 'cmake_prefix_path')
[2.531s] INFO:colcon.colcon_core.shell:Creating environment hook '/home/ubuntu/Robotics/ros2_ws/install/relbot_msgs/share/relbot_msgs/hook/cmake_prefix_path.ps1'
[2.532s] INFO:colcon.colcon_core.shell:Creating environment descriptor '/home/ubuntu/Robotics/ros2_ws/install/relbot_msgs/share/relbot_msgs/hook/cmake_prefix_path.dsv'
[2.532s] INFO:colcon.colcon_core.shell:Creating environment hook '/home/ubuntu/Robotics/ros2_ws/install/relbot_msgs/share/relbot_msgs/hook/cmake_prefix_path.sh'
[2.533s] Level 1:colcon.colcon_core.environment:checking '/home/ubuntu/Robotics/ros2_ws/install/relbot_msgs/lib'
[2.533s] Level 1:colcon.colcon_core.shell:create_environment_hook('relbot_msgs', 'ld_library_path_lib')
[2.533s] INFO:colcon.colcon_core.shell:Creating environment hook '/home/ubuntu/Robotics/ros2_ws/install/relbot_msgs/share/relbot_msgs/hook/ld_library_path_lib.ps1'
[2.533s] INFO:colcon.colcon_core.shell:Creating environment descriptor '/home/ubuntu/Robotics/ros2_ws/install/relbot_msgs/share/relbot_msgs/hook/ld_library_path_lib.dsv'
[2.534s] INFO:colcon.colcon_core.shell:Creating environment hook '/home/ubuntu/Robotics/ros2_ws/install/relbot_msgs/share/relbot_msgs/hook/ld_library_path_lib.sh'
[2.534s] Level 1:colcon.colcon_core.environment:checking '/home/ubuntu/Robotics/ros2_ws/install/relbot_msgs/bin'
[2.534s] Level 1:colcon.colcon_core.environment:checking '/home/ubuntu/Robotics/ros2_ws/install/relbot_msgs/lib/pkgconfig/relbot_msgs.pc'
[2.534s] Level 1:colcon.colcon_core.environment:checking '/home/ubuntu/Robotics/ros2_ws/install/relbot_msgs/lib/python3.12/site-packages'
[2.535s] Level 1:colcon.colcon_core.shell:create_environment_hook('relbot_msgs', 'pythonpath')
[2.535s] INFO:colcon.colcon_core.shell:Creating environment hook '/home/ubuntu/Robotics/ros2_ws/install/relbot_msgs/share/relbot_msgs/hook/pythonpath.ps1'
[2.535s] INFO:colcon.colcon_core.shell:Creating environment descriptor '/home/ubuntu/Robotics/ros2_ws/install/relbot_msgs/share/relbot_msgs/hook/pythonpath.dsv'
[2.535s] INFO:colcon.colcon_core.shell:Creating environment hook '/home/ubuntu/Robotics/ros2_ws/install/relbot_msgs/share/relbot_msgs/hook/pythonpath.sh'
[2.536s] Level 1:colcon.colcon_core.environment:checking '/home/ubuntu/Robotics/ros2_ws/install/relbot_msgs/bin'
[2.536s] INFO:colcon.colcon_core.shell:Creating package script '/home/ubuntu/Robotics/ros2_ws/install/relbot_msgs/share/relbot_msgs/package.ps1'
[2.537s] INFO:colcon.colcon_core.shell:Creating package descriptor '/home/ubuntu/Robotics/ros2_ws/install/relbot_msgs/share/relbot_msgs/package.dsv'
[2.537s] INFO:colcon.colcon_core.shell:Creating package script '/home/ubuntu/Robotics/ros2_ws/install/relbot_msgs/share/relbot_msgs/package.sh'
[2.538s] INFO:colcon.colcon_core.shell:Creating package script '/home/ubuntu/Robotics/ros2_ws/install/relbot_msgs/share/relbot_msgs/package.bash'
[2.538s] INFO:colcon.colcon_core.shell:Creating package script '/home/ubuntu/Robotics/ros2_ws/install/relbot_msgs/share/relbot_msgs/package.zsh'
[2.539s] Level 1:colcon.colcon_core.environment:create_file_with_runtime_dependencies(/home/ubuntu/Robotics/ros2_ws/install/relbot_msgs/share/colcon-core/packages/relbot_msgs)
[2.540s] INFO:colcon.colcon_ros.task.ament_cmake.build:Building ROS package in '/home/ubuntu/Robotics/ros2_ws/src/relbot_simulator' with build type 'ament_cmake'
[2.540s] INFO:colcon.colcon_cmake.task.cmake.build:Building CMake package in '/home/ubuntu/Robotics/ros2_ws/src/relbot_simulator'
[2.540s] INFO:colcon.colcon_core.shell:Skip shell extension 'powershell' for command environment: Not usable outside of PowerShell
[2.540s] DEBUG:colcon.colcon_core.shell:Skip shell extension 'dsv' for command environment
[2.765s] DEBUG:colcon.colcon_core.event_handler.log_command:Invoking command in '/home/ubuntu/Robotics/ros2_ws/build/relbot_simulator': CMAKE_PREFIX_PATH=/home/ubuntu/Robotics/ros2_ws/install/relbot_msgs:/home/ubuntu/Robotics/ros2_ws/install/relbot_simulator:/home/ubuntu/Robotics/ros2_ws/install/relbot_adapter:/home/ubuntu/Robotics/ros2_ws/install/cpp_pubsub:/home/ubuntu/Robotics/ros2_ws/install/cam2image_vm2ros:/home/ubuntu/Robotics/ros2_ws/install/assignment1_2:/home/ubuntu/Robotics/ros2_ws/install/assignment1_1:/opt/ros/jazzy/opt/gz_math_vendor:/opt/ros/jazzy/opt/gz_utils_vendor:/opt/ros/jazzy/opt/gz_cmake_vendor:/opt/ros/jazzy /usr/bin/cmake --build /home/ubuntu/Robotics/ros2_ws/build/relbot_simulator -- -j12 -l12
[3.013s] DEBUG:colcon.colcon_core.event_handler.log_command:Invoked command in '/home/ubuntu/Robotics/ros2_ws/build/relbot_simulator' returned '0': CMAKE_PREFIX_PATH=/home/ubuntu/Robotics/ros2_ws/install/relbot_msgs:/home/ubuntu/Robotics/ros2_ws/install/relbot_simulator:/home/ubuntu/Robotics/ros2_ws/install/relbot_adapter:/home/ubuntu/Robotics/ros2_ws/install/cpp_pubsub:/home/ubuntu/Robotics/ros2_ws/install/cam2image_vm2ros:/home/ubuntu/Robotics/ros2_ws/install/assignment1_2:/home/ubuntu/Robotics/ros2_ws/install/assignment1_1:/opt/ros/jazzy/opt/gz_math_vendor:/opt/ros/jazzy/opt/gz_utils_vendor:/opt/ros/jazzy/opt/gz_cmake_vendor:/opt/ros/jazzy /usr/bin/cmake --build /home/ubuntu/Robotics/ros2_ws/build/relbot_simulator -- -j12 -l12
[3.016s] DEBUG:colcon.colcon_core.event_handler.log_command:Invoking command in '/home/ubuntu/Robotics/ros2_ws/build/relbot_simulator': CMAKE_PREFIX_PATH=/home/ubuntu/Robotics/ros2_ws/install/relbot_msgs:/home/ubuntu/Robotics/ros2_ws/install/relbot_simulator:/home/ubuntu/Robotics/ros2_ws/install/relbot_adapter:/home/ubuntu/Robotics/ros2_ws/install/cpp_pubsub:/home/ubuntu/Robotics/ros2_ws/install/cam2image_vm2ros:/home/ubuntu/Robotics/ros2_ws/install/assignment1_2:/home/ubuntu/Robotics/ros2_ws/install/assignment1_1:/opt/ros/jazzy/opt/gz_math_vendor:/opt/ros/jazzy/opt/gz_utils_vendor:/opt/ros/jazzy/opt/gz_cmake_vendor:/opt/ros/jazzy /usr/bin/cmake --install /home/ubuntu/Robotics/ros2_ws/build/relbot_simulator
[3.046s] Level 1:colcon.colcon_core.environment:create_environment_scripts_only(relbot_simulator)
[3.046s] Level 1:colcon.colcon_core.environment:checking '/home/ubuntu/Robotics/ros2_ws/install/relbot_simulator' for CMake module files
[3.047s] DEBUG:colcon.colcon_core.event_handler.log_command:Invoked command in '/home/ubuntu/Robotics/ros2_ws/build/relbot_simulator' returned '0': CMAKE_PREFIX_PATH=/home/ubuntu/Robotics/ros2_ws/install/relbot_msgs:/home/ubuntu/Robotics/ros2_ws/install/relbot_simulator:/home/ubuntu/Robotics/ros2_ws/install/relbot_adapter:/home/ubuntu/Robotics/ros2_ws/install/cpp_pubsub:/home/ubuntu/Robotics/ros2_ws/install/cam2image_vm2ros:/home/ubuntu/Robotics/ros2_ws/install/assignment1_2:/home/ubuntu/Robotics/ros2_ws/install/assignment1_1:/opt/ros/jazzy/opt/gz_math_vendor:/opt/ros/jazzy/opt/gz_utils_vendor:/opt/ros/jazzy/opt/gz_cmake_vendor:/opt/ros/jazzy /usr/bin/cmake --install /home/ubuntu/Robotics/ros2_ws/build/relbot_simulator
[3.060s] Level 1:colcon.colcon_core.environment:checking '/home/ubuntu/Robotics/ros2_ws/install/relbot_simulator' for CMake config files
[3.063s] Level 1:colcon.colcon_core.shell:create_environment_hook('relbot_simulator', 'cmake_prefix_path')
[3.063s] INFO:colcon.colcon_core.shell:Creating environment hook '/home/ubuntu/Robotics/ros2_ws/install/relbot_simulator/share/relbot_simulator/hook/cmake_prefix_path.ps1'
[3.064s] INFO:colcon.colcon_core.shell:Creating environment descriptor '/home/ubuntu/Robotics/ros2_ws/install/relbot_simulator/share/relbot_simulator/hook/cmake_prefix_path.dsv'
[3.064s] INFO:colcon.colcon_core.shell:Creating environment hook '/home/ubuntu/Robotics/ros2_ws/install/relbot_simulator/share/relbot_simulator/hook/cmake_prefix_path.sh'
[3.065s] Level 1:colcon.colcon_core.environment:checking '/home/ubuntu/Robotics/ros2_ws/install/relbot_simulator/lib'
[3.065s] Level 1:colcon.colcon_core.environment:checking '/home/ubuntu/Robotics/ros2_ws/install/relbot_simulator/bin'
[3.065s] Level 1:colcon.colcon_core.environment:checking '/home/ubuntu/Robotics/ros2_ws/install/relbot_simulator/lib/pkgconfig/relbot_simulator.pc'
[3.065s] Level 1:colcon.colcon_core.environment:checking '/home/ubuntu/Robotics/ros2_ws/install/relbot_simulator/lib/python3.12/site-packages'
[3.066s] Level 1:colcon.colcon_core.environment:checking '/home/ubuntu/Robotics/ros2_ws/install/relbot_simulator/bin'
[3.066s] INFO:colcon.colcon_core.shell:Creating package script '/home/ubuntu/Robotics/ros2_ws/install/relbot_simulator/share/relbot_simulator/package.ps1'
[3.066s] INFO:colcon.colcon_core.shell:Creating package descriptor '/home/ubuntu/Robotics/ros2_ws/install/relbot_simulator/share/relbot_simulator/package.dsv'
[3.067s] INFO:colcon.colcon_core.shell:Creating package script '/home/ubuntu/Robotics/ros2_ws/install/relbot_simulator/share/relbot_simulator/package.sh'
[3.067s] INFO:colcon.colcon_core.shell:Creating package script '/home/ubuntu/Robotics/ros2_ws/install/relbot_simulator/share/relbot_simulator/package.bash'
[3.068s] INFO:colcon.colcon_core.shell:Creating package script '/home/ubuntu/Robotics/ros2_ws/install/relbot_simulator/share/relbot_simulator/package.zsh'
[3.068s] Level 1:colcon.colcon_core.environment:create_file_with_runtime_dependencies(/home/ubuntu/Robotics/ros2_ws/install/relbot_simulator/share/colcon-core/packages/relbot_simulator)
[3.068s] Level 1:colcon.colcon_core.environment:create_environment_scripts_only(relbot_simulator)
[3.069s] Level 1:colcon.colcon_core.environment:checking '/home/ubuntu/Robotics/ros2_ws/install/relbot_simulator' for CMake module files
[3.069s] Level 1:colcon.colcon_core.environment:checking '/home/ubuntu/Robotics/ros2_ws/install/relbot_simulator' for CMake config files
[3.070s] Level 1:colcon.colcon_core.shell:create_environment_hook('relbot_simulator', 'cmake_prefix_path')
[3.070s] INFO:colcon.colcon_core.shell:Creating environment hook '/home/ubuntu/Robotics/ros2_ws/install/relbot_simulator/share/relbot_simulator/hook/cmake_prefix_path.ps1'
[3.070s] INFO:colcon.colcon_core.shell:Creating environment descriptor '/home/ubuntu/Robotics/ros2_ws/install/relbot_simulator/share/relbot_simulator/hook/cmake_prefix_path.dsv'
[3.071s] INFO:colcon.colcon_core.shell:Creating environment hook '/home/ubuntu/Robotics/ros2_ws/install/relbot_simulator/share/relbot_simulator/hook/cmake_prefix_path.sh'
[3.071s] Level 1:colcon.colcon_core.environment:checking '/home/ubuntu/Robotics/ros2_ws/install/relbot_simulator/lib'
[3.072s] Level 1:colcon.colcon_core.environment:checking '/home/ubuntu/Robotics/ros2_ws/install/relbot_simulator/bin'
[3.072s] Level 1:colcon.colcon_core.environment:checking '/home/ubuntu/Robotics/ros2_ws/install/relbot_simulator/lib/pkgconfig/relbot_simulator.pc'
[3.072s] Level 1:colcon.colcon_core.environment:checking '/home/ubuntu/Robotics/ros2_ws/install/relbot_simulator/lib/python3.12/site-packages'
[3.072s] Level 1:colcon.colcon_core.environment:checking '/home/ubuntu/Robotics/ros2_ws/install/relbot_simulator/bin'
[3.073s] INFO:colcon.colcon_core.shell:Creating package script '/home/ubuntu/Robotics/ros2_ws/install/relbot_simulator/share/relbot_simulator/package.ps1'
[3.073s] INFO:colcon.colcon_core.shell:Creating package descriptor '/home/ubuntu/Robotics/ros2_ws/install/relbot_simulator/share/relbot_simulator/package.dsv'
[3.074s] INFO:colcon.colcon_core.shell:Creating package script '/home/ubuntu/Robotics/ros2_ws/install/relbot_simulator/share/relbot_simulator/package.sh'
[3.074s] INFO:colcon.colcon_core.shell:Creating package script '/home/ubuntu/Robotics/ros2_ws/install/relbot_simulator/share/relbot_simulator/package.bash'
[3.075s] INFO:colcon.colcon_core.shell:Creating package script '/home/ubuntu/Robotics/ros2_ws/install/relbot_simulator/share/relbot_simulator/package.zsh'
[3.075s] Level 1:colcon.colcon_core.environment:create_file_with_runtime_dependencies(/home/ubuntu/Robotics/ros2_ws/install/relbot_simulator/share/colcon-core/packages/relbot_simulator)
[5.575s] DEBUG:colcon.colcon_core.event_handler.log_command:Invoked command in '/home/ubuntu/Robotics/ros2_ws/build/cam2image_vm2ros' returned '0': CMAKE_PREFIX_PATH=${CMAKE_PREFIX_PATH}:/opt/ros/jazzy /usr/bin/cmake --build /home/ubuntu/Robotics/ros2_ws/build/cam2image_vm2ros -- -j12 -l12
[5.577s] DEBUG:colcon.colcon_core.event_handler.log_command:Invoking command in '/home/ubuntu/Robotics/ros2_ws/build/cam2image_vm2ros': CMAKE_PREFIX_PATH=${CMAKE_PREFIX_PATH}:/opt/ros/jazzy /usr/bin/cmake --install /home/ubuntu/Robotics/ros2_ws/build/cam2image_vm2ros
[5.639s] Level 1:colcon.colcon_core.environment:create_environment_scripts_only(cam2image_vm2ros)
[5.640s] Level 1:colcon.colcon_core.environment:checking '/home/ubuntu/Robotics/ros2_ws/install/cam2image_vm2ros' for CMake module files
[5.640s] DEBUG:colcon.colcon_core.event_handler.log_command:Invoked command in '/home/ubuntu/Robotics/ros2_ws/build/cam2image_vm2ros' returned '0': CMAKE_PREFIX_PATH=${CMAKE_PREFIX_PATH}:/opt/ros/jazzy /usr/bin/cmake --install /home/ubuntu/Robotics/ros2_ws/build/cam2image_vm2ros
[5.642s] Level 1:colcon.colcon_core.environment:checking '/home/ubuntu/Robotics/ros2_ws/install/cam2image_vm2ros' for CMake config files
[5.643s] Level 1:colcon.colcon_core.shell:create_environment_hook('cam2image_vm2ros', 'cmake_prefix_path')
[5.644s] INFO:colcon.colcon_core.shell:Creating environment hook '/home/ubuntu/Robotics/ros2_ws/install/cam2image_vm2ros/share/cam2image_vm2ros/hook/cmake_prefix_path.ps1'
[5.644s] INFO:colcon.colcon_core.shell:Creating environment descriptor '/home/ubuntu/Robotics/ros2_ws/install/cam2image_vm2ros/share/cam2image_vm2ros/hook/cmake_prefix_path.dsv'
[5.645s] INFO:colcon.colcon_core.shell:Creating environment hook '/home/ubuntu/Robotics/ros2_ws/install/cam2image_vm2ros/share/cam2image_vm2ros/hook/cmake_prefix_path.sh'
[5.645s] Level 1:colcon.colcon_core.environment:checking '/home/ubuntu/Robotics/ros2_ws/install/cam2image_vm2ros/lib'
[5.645s] Level 1:colcon.colcon_core.shell:create_environment_hook('cam2image_vm2ros', 'ld_library_path_lib')
[5.646s] INFO:colcon.colcon_core.shell:Creating environment hook '/home/ubuntu/Robotics/ros2_ws/install/cam2image_vm2ros/share/cam2image_vm2ros/hook/ld_library_path_lib.ps1'
[5.646s] INFO:colcon.colcon_core.shell:Creating environment descriptor '/home/ubuntu/Robotics/ros2_ws/install/cam2image_vm2ros/share/cam2image_vm2ros/hook/ld_library_path_lib.dsv'
[5.646s] INFO:colcon.colcon_core.shell:Creating environment hook '/home/ubuntu/Robotics/ros2_ws/install/cam2image_vm2ros/share/cam2image_vm2ros/hook/ld_library_path_lib.sh'
[5.647s] Level 1:colcon.colcon_core.environment:checking '/home/ubuntu/Robotics/ros2_ws/install/cam2image_vm2ros/bin'
[5.647s] Level 1:colcon.colcon_core.environment:checking '/home/ubuntu/Robotics/ros2_ws/install/cam2image_vm2ros/lib/pkgconfig/cam2image_vm2ros.pc'
[5.647s] Level 1:colcon.colcon_core.environment:checking '/home/ubuntu/Robotics/ros2_ws/install/cam2image_vm2ros/lib/python3.12/site-packages'
[5.648s] Level 1:colcon.colcon_core.environment:checking '/home/ubuntu/Robotics/ros2_ws/install/cam2image_vm2ros/bin'
[5.648s] INFO:colcon.colcon_core.shell:Creating package script '/home/ubuntu/Robotics/ros2_ws/install/cam2image_vm2ros/share/cam2image_vm2ros/package.ps1'
[5.648s] INFO:colcon.colcon_core.shell:Creating package descriptor '/home/ubuntu/Robotics/ros2_ws/install/cam2image_vm2ros/share/cam2image_vm2ros/package.dsv'
[5.649s] INFO:colcon.colcon_core.shell:Creating package script '/home/ubuntu/Robotics/ros2_ws/install/cam2image_vm2ros/share/cam2image_vm2ros/package.sh'
[5.649s] INFO:colcon.colcon_core.shell:Creating package script '/home/ubuntu/Robotics/ros2_ws/install/cam2image_vm2ros/share/cam2image_vm2ros/package.bash'
[5.650s] INFO:colcon.colcon_core.shell:Creating package script '/home/ubuntu/Robotics/ros2_ws/install/cam2image_vm2ros/share/cam2image_vm2ros/package.zsh'
[5.650s] Level 1:colcon.colcon_core.environment:create_file_with_runtime_dependencies(/home/ubuntu/Robotics/ros2_ws/install/cam2image_vm2ros/share/colcon-core/packages/cam2image_vm2ros)
[5.650s] Level 1:colcon.colcon_core.environment:create_environment_scripts_only(cam2image_vm2ros)
[5.651s] Level 1:colcon.colcon_core.environment:checking '/home/ubuntu/Robotics/ros2_ws/install/cam2image_vm2ros' for CMake module files
[5.651s] Level 1:colcon.colcon_core.environment:checking '/home/ubuntu/Robotics/ros2_ws/install/cam2image_vm2ros' for CMake config files
[5.651s] Level 1:colcon.colcon_core.shell:create_environment_hook('cam2image_vm2ros', 'cmake_prefix_path')
[5.652s] INFO:colcon.colcon_core.shell:Creating environment hook '/home/ubuntu/Robotics/ros2_ws/install/cam2image_vm2ros/share/cam2image_vm2ros/hook/cmake_prefix_path.ps1'
[5.652s] INFO:colcon.colcon_core.shell:Creating environment descriptor '/home/ubuntu/Robotics/ros2_ws/install/cam2image_vm2ros/share/cam2image_vm2ros/hook/cmake_prefix_path.dsv'
[5.652s] INFO:colcon.colcon_core.shell:Creating environment hook '/home/ubuntu/Robotics/ros2_ws/install/cam2image_vm2ros/share/cam2image_vm2ros/hook/cmake_prefix_path.sh'
[5.653s] Level 1:colcon.colcon_core.environment:checking '/home/ubuntu/Robotics/ros2_ws/install/cam2image_vm2ros/lib'
[5.653s] Level 1:colcon.colcon_core.shell:create_environment_hook('cam2image_vm2ros', 'ld_library_path_lib')
[5.653s] INFO:colcon.colcon_core.shell:Creating environment hook '/home/ubuntu/Robotics/ros2_ws/install/cam2image_vm2ros/share/cam2image_vm2ros/hook/ld_library_path_lib.ps1'
[5.654s] INFO:colcon.colcon_core.shell:Creating environment descriptor '/home/ubuntu/Robotics/ros2_ws/install/cam2image_vm2ros/share/cam2image_vm2ros/hook/ld_library_path_lib.dsv'
[5.654s] INFO:colcon.colcon_core.shell:Creating environment hook '/home/ubuntu/Robotics/ros2_ws/install/cam2image_vm2ros/share/cam2image_vm2ros/hook/ld_library_path_lib.sh'
[5.655s] Level 1:colcon.colcon_core.environment:checking '/home/ubuntu/Robotics/ros2_ws/install/cam2image_vm2ros/bin'
[5.655s] Level 1:colcon.colcon_core.environment:checking '/home/ubuntu/Robotics/ros2_ws/install/cam2image_vm2ros/lib/pkgconfig/cam2image_vm2ros.pc'
[5.655s] Level 1:colcon.colcon_core.environment:checking '/home/ubuntu/Robotics/ros2_ws/install/cam2image_vm2ros/lib/python3.12/site-packages'
[5.655s] Level 1:colcon.colcon_core.environment:checking '/home/ubuntu/Robotics/ros2_ws/install/cam2image_vm2ros/bin'
[5.656s] INFO:colcon.colcon_core.shell:Creating package script '/home/ubuntu/Robotics/ros2_ws/install/cam2image_vm2ros/share/cam2image_vm2ros/package.ps1'
[5.656s] INFO:colcon.colcon_core.shell:Creating package descriptor '/home/ubuntu/Robotics/ros2_ws/install/cam2image_vm2ros/share/cam2image_vm2ros/package.dsv'
[5.657s] INFO:colcon.colcon_core.shell:Creating package script '/home/ubuntu/Robotics/ros2_ws/install/cam2image_vm2ros/share/cam2image_vm2ros/package.sh'
[5.657s] INFO:colcon.colcon_core.shell:Creating package script '/home/ubuntu/Robotics/ros2_ws/install/cam2image_vm2ros/share/cam2image_vm2ros/package.bash'
[5.658s] INFO:colcon.colcon_core.shell:Creating package script '/home/ubuntu/Robotics/ros2_ws/install/cam2image_vm2ros/share/cam2image_vm2ros/package.zsh'
[5.661s] Level 1:colcon.colcon_core.environment:create_file_with_runtime_dependencies(/home/ubuntu/Robotics/ros2_ws/install/cam2image_vm2ros/share/colcon-core/packages/cam2image_vm2ros)
[18.099s] DEBUG:colcon.colcon_core.event_handler.log_command:Invoked command in '/home/ubuntu/Robotics/ros2_ws/build/assignment1_1' returned '0': CMAKE_PREFIX_PATH=${CMAKE_PREFIX_PATH}:/opt/ros/jazzy /usr/bin/cmake --build /home/ubuntu/Robotics/ros2_ws/build/assignment1_1 -- -j12 -l12
[18.175s] DEBUG:colcon.colcon_core.event_handler.log_command:Invoking command in '/home/ubuntu/Robotics/ros2_ws/build/assignment1_1': CMAKE_PREFIX_PATH=${CMAKE_PREFIX_PATH}:/opt/ros/jazzy /usr/bin/cmake --install /home/ubuntu/Robotics/ros2_ws/build/assignment1_1
[18.295s] Level 1:colcon.colcon_core.environment:create_environment_scripts_only(assignment1_1)
[18.295s] Level 1:colcon.colcon_core.environment:checking '/home/ubuntu/Robotics/ros2_ws/install/assignment1_1' for CMake module files
[18.296s] DEBUG:colcon.colcon_core.event_handler.log_command:Invoked command in '/home/ubuntu/Robotics/ros2_ws/build/assignment1_1' returned '0': CMAKE_PREFIX_PATH=${CMAKE_PREFIX_PATH}:/opt/ros/jazzy /usr/bin/cmake --install /home/ubuntu/Robotics/ros2_ws/build/assignment1_1
[18.297s] Level 1:colcon.colcon_core.environment:checking '/home/ubuntu/Robotics/ros2_ws/install/assignment1_1' for CMake config files
[18.298s] Level 1:colcon.colcon_core.shell:create_environment_hook('assignment1_1', 'cmake_prefix_path')
[18.298s] INFO:colcon.colcon_core.shell:Creating environment hook '/home/ubuntu/Robotics/ros2_ws/install/assignment1_1/share/assignment1_1/hook/cmake_prefix_path.ps1'
[18.299s] INFO:colcon.colcon_core.shell:Creating environment descriptor '/home/ubuntu/Robotics/ros2_ws/install/assignment1_1/share/assignment1_1/hook/cmake_prefix_path.dsv'
[18.299s] INFO:colcon.colcon_core.shell:Creating environment hook '/home/ubuntu/Robotics/ros2_ws/install/assignment1_1/share/assignment1_1/hook/cmake_prefix_path.sh'
[18.300s] Level 1:colcon.colcon_core.environment:checking '/home/ubuntu/Robotics/ros2_ws/install/assignment1_1/lib'
[18.300s] Level 1:colcon.colcon_core.environment:checking '/home/ubuntu/Robotics/ros2_ws/install/assignment1_1/bin'
[18.300s] Level 1:colcon.colcon_core.environment:checking '/home/ubuntu/Robotics/ros2_ws/install/assignment1_1/lib/pkgconfig/assignment1_1.pc'
[18.300s] Level 1:colcon.colcon_core.environment:checking '/home/ubuntu/Robotics/ros2_ws/install/assignment1_1/lib/python3.12/site-packages'
[18.301s] Level 1:colcon.colcon_core.environment:checking '/home/ubuntu/Robotics/ros2_ws/install/assignment1_1/bin'
[18.301s] INFO:colcon.colcon_core.shell:Creating package script '/home/ubuntu/Robotics/ros2_ws/install/assignment1_1/share/assignment1_1/package.ps1'
[18.302s] INFO:colcon.colcon_core.shell:Creating package descriptor '/home/ubuntu/Robotics/ros2_ws/install/assignment1_1/share/assignment1_1/package.dsv'
[18.302s] INFO:colcon.colcon_core.shell:Creating package script '/home/ubuntu/Robotics/ros2_ws/install/assignment1_1/share/assignment1_1/package.sh'
[18.303s] INFO:colcon.colcon_core.shell:Creating package script '/home/ubuntu/Robotics/ros2_ws/install/assignment1_1/share/assignment1_1/package.bash'
[18.303s] INFO:colcon.colcon_core.shell:Creating package script '/home/ubuntu/Robotics/ros2_ws/install/assignment1_1/share/assignment1_1/package.zsh'
[18.303s] Level 1:colcon.colcon_core.environment:create_file_with_runtime_dependencies(/home/ubuntu/Robotics/ros2_ws/install/assignment1_1/share/colcon-core/packages/assignment1_1)
[18.304s] Level 1:colcon.colcon_core.environment:create_environment_scripts_only(assignment1_1)
[18.304s] Level 1:colcon.colcon_core.environment:checking '/home/ubuntu/Robotics/ros2_ws/install/assignment1_1' for CMake module files
[18.305s] Level 1:colcon.colcon_core.environment:checking '/home/ubuntu/Robotics/ros2_ws/install/assignment1_1' for CMake config files
[18.305s] Level 1:colcon.colcon_core.shell:create_environment_hook('assignment1_1', 'cmake_prefix_path')
[18.305s] INFO:colcon.colcon_core.shell:Creating environment hook '/home/ubuntu/Robotics/ros2_ws/install/assignment1_1/share/assignment1_1/hook/cmake_prefix_path.ps1'
[18.306s] INFO:colcon.colcon_core.shell:Creating environment descriptor '/home/ubuntu/Robotics/ros2_ws/install/assignment1_1/share/assignment1_1/hook/cmake_prefix_path.dsv'
[18.306s] INFO:colcon.colcon_core.shell:Creating environment hook '/home/ubuntu/Robotics/ros2_ws/install/assignment1_1/share/assignment1_1/hook/cmake_prefix_path.sh'
[18.307s] Level 1:colcon.colcon_core.environment:checking '/home/ubuntu/Robotics/ros2_ws/install/assignment1_1/lib'
[18.307s] Level 1:colcon.colcon_core.environment:checking '/home/ubuntu/Robotics/ros2_ws/install/assignment1_1/bin'
[18.307s] Level 1:colcon.colcon_core.environment:checking '/home/ubuntu/Robotics/ros2_ws/install/assignment1_1/lib/pkgconfig/assignment1_1.pc'
[18.307s] Level 1:colcon.colcon_core.environment:checking '/home/ubuntu/Robotics/ros2_ws/install/assignment1_1/lib/python3.12/site-packages'
[18.307s] Level 1:colcon.colcon_core.environment:checking '/home/ubuntu/Robotics/ros2_ws/install/assignment1_1/bin'
[18.308s] INFO:colcon.colcon_core.shell:Creating package script '/home/ubuntu/Robotics/ros2_ws/install/assignment1_1/share/assignment1_1/package.ps1'
[18.308s] INFO:colcon.colcon_core.shell:Creating package descriptor '/home/ubuntu/Robotics/ros2_ws/install/assignment1_1/share/assignment1_1/package.dsv'
[18.309s] INFO:colcon.colcon_core.shell:Creating package script '/home/ubuntu/Robotics/ros2_ws/install/assignment1_1/share/assignment1_1/package.sh'
[18.309s] INFO:colcon.colcon_core.shell:Creating package script '/home/ubuntu/Robotics/ros2_ws/install/assignment1_1/share/assignment1_1/package.bash'
[18.310s] INFO:colcon.colcon_core.shell:Creating package script '/home/ubuntu/Robotics/ros2_ws/install/assignment1_1/share/assignment1_1/package.zsh'
[18.310s] Level 1:colcon.colcon_core.environment:create_file_with_runtime_dependencies(/home/ubuntu/Robotics/ros2_ws/install/assignment1_1/share/colcon-core/packages/assignment1_1)
[18.310s] DEBUG:colcon.colcon_parallel_executor.executor.parallel:closing loop
[18.311s] DEBUG:colcon.colcon_parallel_executor.executor.parallel:loop closed
[18.311s] DEBUG:colcon.colcon_parallel_executor.executor.parallel:run_until_complete finished with '0'
[18.311s] DEBUG:colcon.colcon_core.event_reactor:joining thread
[18.402s] INFO:colcon.colcon_core.plugin_system:Skipping extension 'colcon_notification.desktop_notification.notify_send': Could not find 'notify-send'
[18.403s] INFO:colcon.colcon_core.plugin_system:Skipping extension 'colcon_notification.desktop_notification.terminal_notifier': Not used on non-Darwin systems
[18.403s] INFO:colcon.colcon_core.plugin_system:Skipping extension 'colcon_notification.desktop_notification.win32': Not used on non-Windows systems
[18.403s] INFO:colcon.colcon_notification.desktop_notification:Sending desktop notification using 'notify2'
[18.404s] DEBUG:colcon.colcon_notification.desktop_notification.notify2:Failed to initialize notify2: org.freedesktop.DBus.Error.ServiceUnknown: The name org.freedesktop.Notifications was not provided by any .service files
[18.404s] DEBUG:colcon.colcon_core.event_reactor:joined thread
[18.405s] INFO:colcon.colcon_core.shell:Creating prefix script '/home/ubuntu/Robotics/ros2_ws/install/local_setup.ps1'
[18.406s] INFO:colcon.colcon_core.shell:Creating prefix util module '/home/ubuntu/Robotics/ros2_ws/install/_local_setup_util_ps1.py'
[18.407s] INFO:colcon.colcon_core.shell:Creating prefix chain script '/home/ubuntu/Robotics/ros2_ws/install/setup.ps1'
[18.408s] INFO:colcon.colcon_core.shell:Creating prefix script '/home/ubuntu/Robotics/ros2_ws/install/local_setup.sh'
[18.408s] INFO:colcon.colcon_core.shell:Creating prefix util module '/home/ubuntu/Robotics/ros2_ws/install/_local_setup_util_sh.py'
[18.409s] INFO:colcon.colcon_core.shell:Creating prefix chain script '/home/ubuntu/Robotics/ros2_ws/install/setup.sh'
[18.410s] INFO:colcon.colcon_core.shell:Creating prefix script '/home/ubuntu/Robotics/ros2_ws/install/local_setup.bash'
[18.410s] INFO:colcon.colcon_core.shell:Creating prefix chain script '/home/ubuntu/Robotics/ros2_ws/install/setup.bash'
[18.412s] INFO:colcon.colcon_core.shell:Creating prefix script '/home/ubuntu/Robotics/ros2_ws/install/local_setup.zsh'
[18.412s] INFO:colcon.colcon_core.shell:Creating prefix chain script '/home/ubuntu/Robotics/ros2_ws/install/setup.zsh'
