[0.042s] Invoking command in '/home/ubuntu/Robotics/ros2_ws/build/image_tools': /usr/bin/cmake /home/ubuntu/Robotics/ros2_ws/src/image_tools -DCMAKE_INSTALL_PREFIX=/home/ubuntu/Robotics/ros2_ws/install/image_tools
[1.223s] -- The C compiler identification is GNU 13.3.0
[3.188s] -- The CXX compiler identification is GNU 13.3.0
[4.679s] -- Detecting C compiler ABI info
[5.188s] -- Detecting C compiler ABI info - done
[5.204s] -- Check for working C compiler: /usr/bin/cc - skipped
[5.205s] -- Detecting C compile features
[5.205s] -- Detecting C compile features - done
[5.373s] -- Detecting CXX compiler ABI info
[5.925s] -- Detecting CXX compiler ABI info - done
[5.939s] -- Check for working CXX compiler: /usr/bin/c++ - skipped
[5.939s] -- Detecting CXX compile features
[5.940s] -- Detecting CXX compile features - done
[7.494s] [31mCMake Error at CMakeLists.txt:14 (find_package):
[7.494s]   By not providing "Findament_cmake.cmake" in CMAKE_MODULE_PATH this project
[7.495s]   has asked CMake to find a package configuration file provided by
[7.495s]   "ament_cmake", but CMake did not find one.
[7.495s] 
[7.495s]   Could not find a package configuration file provided by "ament_cmake" with
[7.496s]   any of the following names:
[7.496s] 
[7.496s]     ament_cmakeConfig.cmake
[7.496s]     ament_cmake-config.cmake
[7.497s] 
[7.497s]   Add the installation prefix of "ament_cmake" to CMAKE_PREFIX_PATH or set
[7.497s]   "ament_cmake_DIR" to a directory containing one of the above files.  If
[7.497s]   "ament_cmake" provides a separate development package or SDK, be sure it
[7.498s]   has been installed.
[7.498s] 
[7.498s] [0m
[7.498s] -- Configuring incomplete, errors occurred!
[7.525s] Invoked command in '/home/ubuntu/Robotics/ros2_ws/build/image_tools' returned '1': /usr/bin/cmake /home/ubuntu/Robotics/ros2_ws/src/image_tools -DCMAKE_INSTALL_PREFIX=/home/ubuntu/Robotics/ros2_ws/install/image_tools
