[0.110s] Invoking command in '/home/ubuntu/Robotics/ros2_ws/build/cam2image_vm2ros': CMAKE_PREFIX_PATH=${CMAKE_PREFIX_PATH}:/opt/ros/jazzy /usr/bin/cmake --build /home/ubuntu/Robotics/ros2_ws/build/cam2image_vm2ros -- -j12 -l12
[0.936s] -- Found ament_cmake: 2.5.5 (/opt/ros/jazzy/share/ament_cmake/cmake)
[1.381s] -- Found rclcpp: 28.1.16 (/opt/ros/jazzy/share/rclcpp/cmake)
[1.952s] -- Found rosidl_generator_c: 4.6.7 (/opt/ros/jazzy/share/rosidl_generator_c/cmake)
[2.013s] -- Found rosidl_generator_cpp: 4.6.7 (/opt/ros/jazzy/share/rosidl_generator_cpp/cmake)
[2.062s] -- Using all available rosidl_typesupport_c: rosidl_typesupport_fastrtps_c;rosidl_typesupport_introspection_c
[2.138s] -- Using all available rosidl_typesupport_cpp: rosidl_typesupport_fastrtps_cpp;rosidl_typesupport_introspection_cpp
[2.391s] -- Found rmw_implementation_cmake: 7.3.3 (/opt/ros/jazzy/share/rmw_implementation_cmake/cmake)
[2.407s] -- Found rmw_fastrtps_cpp: 8.4.3 (/opt/ros/jazzy/share/rmw_fastrtps_cpp/cmake)
[2.936s] -- Using RMW implementation 'rmw_fastrtps_cpp' as default
[3.426s] -- Found rclcpp_components: 28.1.16 (/opt/ros/jazzy/share/rclcpp_components/cmake)
[3.556s] -- Found sensor_msgs: 5.3.6 (/opt/ros/jazzy/share/sensor_msgs/cmake)
[3.731s] -- Found cv_bridge: 4.1.0 (/opt/ros/jazzy/share/cv_bridge/cmake)
[3.988s] -- Configuring done (3.2s)
[4.141s] -- Generating done (0.1s)
[4.164s] -- Build files have been written to: /home/ubuntu/Robotics/ros2_ws/build/cam2image_vm2ros
[4.295s] [ 11%] [32mBuilding CXX object CMakeFiles/brightness_receiver.dir/src/brightness_receiver.cpp.o[0m
[4.297s] [ 22%] [32mBuilding CXX object CMakeFiles/image_brightness.dir/src/image_brightness.cpp.o[0m
[4.310s] [ 44%] Built target cam2image
[4.360s] [ 77%] Built target cam2image_vm2ros
[8.641s] [01m[K/home/ubuntu/Robotics/ros2_ws/src/cam2image_vm2ros/src/brightness_receiver.cpp:14:5:[m[K [01;31m[Kerror: [m[KISO C++ forbids declaration of ‘[01m[KBrightnessReceiver[m[K’ with no type [[01;31m[K]8;;https://gcc.gnu.org/onlinedocs/gcc/Warning-Options.html#index-fpermissive-fpermissive]8;;[m[K]
[8.641s]    14 |     [01;31m[KBrightnessReceiver[m[K() : Node("brightness_receiver")
[8.641s]       |     [01;31m[K^~~~~~~~~~~~~~~~~~[m[K
[8.679s] [01m[K/home/ubuntu/Robotics/ros2_ws/src/cam2image_vm2ros/src/brightness_receiver.cpp:[m[K In member function ‘[01m[Kint ImageBrightness::[01;32m[KBrightnessReceiver[m[K()[m[K’:
[8.679s] [01m[K/home/ubuntu/Robotics/ros2_ws/src/cam2image_vm2ros/src/brightness_receiver.cpp:14:28:[m[K [01;31m[Kerror: [m[Konly constructors take member initializers
[8.679s]    14 |     BrightnessReceiver() : [01;31m[KNode[m[K("brightness_receiver")
[8.679s]       |                            [01;31m[K^~~~[m[K
[8.690s] [01m[K/home/ubuntu/Robotics/ros2_ws/src/cam2image_vm2ros/src/brightness_receiver.cpp:22:5:[m[K [01;35m[Kwarning: [m[Kno return statement in function returning non-void [[01;35m[K]8;;https://gcc.gnu.org/onlinedocs/gcc/Warning-Options.html#index-Wreturn-type-Wreturn-type]8;;[m[K]
[8.690s]    22 |     [01;35m[K}[m[K
[8.690s]       |     [01;35m[K^[m[K
[9.666s] In file included from [01m[K/usr/include/c++/13/bits/alloc_traits.h:33[m[K,
[9.666s]                  from [01m[K/usr/include/c++/13/ext/alloc_traits.h:34[m[K,
[9.666s]                  from [01m[K/usr/include/c++/13/bits/basic_string.h:39[m[K,
[9.666s]                  from [01m[K/usr/include/c++/13/string:54[m[K,
[9.666s]                  from [01m[K/home/ubuntu/Robotics/ros2_ws/src/cam2image_vm2ros/src/brightness_receiver.cpp:1[m[K:
[9.667s] /usr/include/c++/13/bits/stl_construct.h: In instantiation of ‘[01m[Kvoid std::[01;32m[K_Construct[m[K(_Tp*, _Args&& ...) [35m[K[with _Tp = ImageBrightness; _Args = {}][m[K[m[K’:
[9.667s] [01m[K/usr/include/c++/13/bits/alloc_traits.h:661:19:[m[K   required from ‘[01m[Kstatic void std::allocator_traits<std::allocator<void> >::[01;32m[Kconstruct[m[K(allocator_type&, _Up*, _Args&& ...) [35m[K[with _Up = ImageBrightness; _Args = {}; allocator_type = std::allocator<void>][m[K[m[K’
[9.667s] [01m[K/usr/include/c++/13/bits/shared_ptr_base.h:604:39:[m[K   required from ‘[01m[Kstd::_Sp_counted_ptr_inplace<_Tp, _Alloc, _Lp>::[01;32m[K_Sp_counted_ptr_inplace[m[K(_Alloc, _Args&& ...) [35m[K[with _Args = {}; _Tp = ImageBrightness; _Alloc = std::allocator<void>; __gnu_cxx::_Lock_policy _Lp = __gnu_cxx::_S_atomic][m[K[m[K’
[9.667s] [01m[K/usr/include/c++/13/bits/shared_ptr_base.h:971:16:[m[K   required from ‘[01m[Kstd::__shared_count<_Lp>::[01;32m[K__shared_count[m[K(_Tp*&, std::_Sp_alloc_shared_tag<_Alloc>, _Args&& ...) [35m[K[with _Tp = ImageBrightness; _Alloc = std::allocator<void>; _Args = {}; __gnu_cxx::_Lock_policy _Lp = __gnu_cxx::_S_atomic][m[K[m[K’
[9.667s] [01m[K/usr/include/c++/13/bits/shared_ptr_base.h:1712:14:[m[K   required from ‘[01m[Kstd::__shared_ptr<_Tp, _Lp>::[01;32m[K__shared_ptr[m[K(std::_Sp_alloc_shared_tag<_Tp>, _Args&& ...) [35m[K[with _Alloc = std::allocator<void>; _Args = {}; _Tp = ImageBrightness; __gnu_cxx::_Lock_policy _Lp = __gnu_cxx::_S_atomic][m[K[m[K’
[9.667s] [01m[K/usr/include/c++/13/bits/shared_ptr.h:464:59:[m[K   required from ‘[01m[Kstd::shared_ptr<_Tp>::[01;32m[Kshared_ptr[m[K(std::_Sp_alloc_shared_tag<_Tp>, _Args&& ...) [35m[K[with _Alloc = std::allocator<void>; _Args = {}; _Tp = ImageBrightness][m[K[m[K’
[9.667s] [01m[K/usr/include/c++/13/bits/shared_ptr.h:1009:14:[m[K   required from ‘[01m[Kstd::shared_ptr<typename std::enable_if<(! std::is_array< <template-parameter-1-1> >::value), _Tp>::type> std::[01;32m[Kmake_shared[m[K(_Args&& ...) [35m[K[with _Tp = ImageBrightness; _Args = {}; typename enable_if<(! is_array< <template-parameter-1-1> >::value), _Tp>::type = ImageBrightness][m[K[m[K’
[9.668s] [01m[K/home/ubuntu/Robotics/ros2_ws/src/cam2image_vm2ros/src/brightness_receiver.cpp:40:49:[m[K   required from here
[9.668s] [01m[K/usr/include/c++/13/bits/stl_construct.h:119:7:[m[K [01;31m[Kerror: [m[Kuse of deleted function ‘[01m[KImageBrightness::[01;32m[KImageBrightness[m[K()[m[K’
[9.668s]   119 |       [01;31m[K::new((void*)__p) _Tp(std::forward<_Args>(__args)...)[m[K;
[9.668s]       |       [01;31m[K^~~~~~~~~~~~~~~~~~~~~~~~~~~~~~~~~~~~~~~~~~~~~~~~~~~~~[m[K
[9.668s] [01m[K/home/ubuntu/Robotics/ros2_ws/src/cam2image_vm2ros/src/brightness_receiver.cpp:10:7:[m[K [01;36m[Knote: [m[K‘[01m[KImageBrightness::[01;32m[KImageBrightness[m[K()[m[K’ is implicitly deleted because the default definition would be ill-formed:
[9.668s]    10 | class [01;36m[KImageBrightness[m[K : public rclcpp::Node
[9.668s]       |       [01;36m[K^~~~~~~~~~~~~~~[m[K
[9.668s] [01m[K/home/ubuntu/Robotics/ros2_ws/src/cam2image_vm2ros/src/brightness_receiver.cpp:10:7:[m[K [01;31m[Kerror: [m[Kno matching function for call to ‘[01m[Krclcpp::Node::Node()[m[K’
[9.668s] In file included from [01m[K/opt/ros/jazzy/include/rclcpp/rclcpp/executors/single_threaded_executor.hpp:28[m[K,
[9.668s]                  from [01m[K/opt/ros/jazzy/include/rclcpp/rclcpp/executors.hpp:22[m[K,
[9.668s]                  from [01m[K/opt/ros/jazzy/include/rclcpp/rclcpp/rclcpp.hpp:172[m[K,
[9.668s]                  from [01m[K/home/ubuntu/Robotics/ros2_ws/src/cam2image_vm2ros/src/brightness_receiver.cpp:4[m[K:
[9.669s] [01m[K/opt/ros/jazzy/include/rclcpp/rclcpp/node.hpp:1629:3:[m[K [01;36m[Knote: [m[Kcandidate: ‘[01m[Krclcpp::Node::[01;32m[KNode[m[K(const rclcpp::Node&, const std::string&)[m[K’
[9.669s]  1629 |   [01;36m[KNode[m[K(
[9.669s]       |   [01;36m[K^~~~[m[K
[9.669s] [01m[K/opt/ros/jazzy/include/rclcpp/rclcpp/node.hpp:1629:3:[m[K [01;36m[Knote: [m[K  candidate expects 2 arguments, 0 provided
[9.669s] [01m[K/opt/ros/jazzy/include/rclcpp/rclcpp/node.hpp:103:12:[m[K [01;36m[Knote: [m[Kcandidate: ‘[01m[Krclcpp::Node::[01;32m[KNode[m[K(const std::string&, const std::string&, const rclcpp::NodeOptions&)[m[K’
[9.669s]   103 |   explicit [01;36m[KNode[m[K(
[9.669s]       |            [01;36m[K^~~~[m[K
[9.669s] [01m[K/opt/ros/jazzy/include/rclcpp/rclcpp/node.hpp:103:12:[m[K [01;36m[Knote: [m[K  candidate expects 3 arguments, 0 provided
[9.670s] [01m[K/opt/ros/jazzy/include/rclcpp/rclcpp/node.hpp:91:12:[m[K [01;36m[Knote: [m[Kcandidate: ‘[01m[Krclcpp::Node::[01;32m[KNode[m[K(const std::string&, const rclcpp::NodeOptions&)[m[K’
[9.670s]    91 |   explicit [01;36m[KNode[m[K(
[9.670s]       |            [01;36m[K^~~~[m[K
[9.670s] [01m[K/opt/ros/jazzy/include/rclcpp/rclcpp/node.hpp:91:12:[m[K [01;36m[Knote: [m[K  candidate expects 2 arguments, 0 provided
[11.104s] gmake[2]: *** [CMakeFiles/brightness_receiver.dir/build.make:76: CMakeFiles/brightness_receiver.dir/src/brightness_receiver.cpp.o] Error 1
[11.104s] gmake[1]: *** [CMakeFiles/Makefile2:221: CMakeFiles/brightness_receiver.dir/all] Error 2
[11.104s] gmake[1]: *** Waiting for unfinished jobs....
[17.100s] [ 88%] [32m[1mLinking CXX executable image_brightness[0m
[19.962s] [ 88%] Built target image_brightness
[19.964s] gmake: *** [Makefile:146: all] Error 2
[19.967s] Invoked command in '/home/ubuntu/Robotics/ros2_ws/build/cam2image_vm2ros' returned '2': CMAKE_PREFIX_PATH=${CMAKE_PREFIX_PATH}:/opt/ros/jazzy /usr/bin/cmake --build /home/ubuntu/Robotics/ros2_ws/build/cam2image_vm2ros -- -j12 -l12
