[ 50%] [32mBuilding CXX object CMakeFiles/setpoint_generator.dir/src/setpoint_generator.cpp.o[0m
[01m[K/home/ubuntu/Robotics/ros2_ws/src/assignment1_2/src/setpoint_generator.cpp:[m[K In member function ‘[01m[Kvoid SetpointGenerator::[01;32m[Kinitialize_brightness_tracking[m[K()[m[K’:
[01m[K/home/ubuntu/Robotics/ros2_ws/src/assignment1_2/src/setpoint_generator.cpp:66:9:[m[K [01;31m[Kerror: [m[Kno match for ‘[01m[Koperator=[m[K’ (operand types are ‘[01m[Krclcpp::Subscription<geometry_msgs::msg::PointStamped_<std::allocator<void> > >::SharedPtr[m[K’ {aka ‘[01m[Kstd::shared_ptr<rclcpp::Subscription<geometry_msgs::msg::PointStamped_<std::allocator<void> > > >[m[K’} and ‘[01m[Kstd::shared_ptr<rclcpp::Subscription<geometry_msgs::msg::PoseStamped_<std::allocator<void> > > >[m[K’)
   66 |         [01;31m[K)[m[K;
      |         [01;31m[K^[m[K
In file included from [01m[K/usr/include/c++/13/memory:80[m[K,
                 from [01m[K/opt/ros/jazzy/include/geometry_msgs/geometry_msgs/msg/detail/pose_stamped__struct.hpp:14[m[K,
                 from [01m[K/opt/ros/jazzy/include/geometry_msgs/geometry_msgs/msg/pose_stamped.hpp:7[m[K,
                 from [01m[K/home/ubuntu/Robotics/ros2_ws/src/assignment1_2/include/setpoint_generator.hpp:9[m[K,
                 from [01m[K/home/ubuntu/Robotics/ros2_ws/src/assignment1_2/src/setpoint_generator.cpp:1[m[K:
[01m[K/usr/include/c++/13/bits/shared_ptr.h:418:9:[m[K [01;36m[Knote: [m[Kcandidate: ‘[01m[Ktemplate<class _Yp> std::shared_ptr<_Tp>::_Assignable<const std::shared_ptr<_Yp>&> std::shared_ptr<_Tp>::[01;32m[Koperator=[m[K(const std::shared_ptr<_Yp>&) [35m[K[with _Tp = rclcpp::Subscription<geometry_msgs::msg::PointStamped_<std::allocator<void> > >][m[K[m[K’
  418 |         [01;36m[Koperator[m[K=(const shared_ptr<_Yp>& __r) noexcept
      |         [01;36m[K^~~~~~~~[m[K
[01m[K/usr/include/c++/13/bits/shared_ptr.h:418:9:[m[K [01;36m[Knote: [m[K  template argument deduction/substitution failed:
/usr/include/c++/13/bits/shared_ptr.h: In substitution of ‘[01m[Ktemplate<class _Tp> template<class _Arg> using std::shared_ptr<_Tp>::_Assignable = typename std::enable_if<std::is_assignable<std::__shared_ptr<_Tp>&, _Arg>::value, std::shared_ptr<_Tp>&>::type [35m[K[with _Arg = const std::shared_ptr<rclcpp::Subscription<geometry_msgs::msg::PoseStamped_<std::allocator<void> > > >&; _Tp = rclcpp::Subscription<geometry_msgs::msg::PointStamped_<std::allocator<void> > >][m[K[m[K’:
[01m[K/usr/include/c++/13/bits/shared_ptr.h:418:2:[m[K   required by substitution of ‘[01m[Ktemplate<class _Yp> std::shared_ptr<rclcpp::Subscription<geometry_msgs::msg::PointStamped_<std::allocator<void> > > >::_Assignable<const std::shared_ptr<_Tp>&> std::shared_ptr<rclcpp::Subscription<geometry_msgs::msg::PointStamped_<std::allocator<void> > > >::[01;32m[Koperator=[m[K(const std::shared_ptr<_Tp>&) [35m[K[with _Yp = rclcpp::Subscription<geometry_msgs::msg::PoseStamped_<std::allocator<void> > >][m[K[m[K’
[01m[K/home/ubuntu/Robotics/ros2_ws/src/assignment1_2/src/setpoint_generator.cpp:66:9:[m[K   required from here
[01m[K/usr/include/c++/13/bits/shared_ptr.h:183:15:[m[K [01;31m[Kerror: [m[Kno type named ‘[01m[Ktype[m[K’ in ‘[01m[Kstruct std::enable_if<false, std::shared_ptr<rclcpp::Subscription<geometry_msgs::msg::PointStamped_<std::allocator<void> > > >&>[m[K’
  183 |         using [01;31m[K_Assignable[m[K = typename enable_if<
      |               [01;31m[K^~~~~~~~~~~[m[K
[01m[K/usr/include/c++/13/bits/shared_ptr.h:429:9:[m[K [01;36m[Knote: [m[Kcandidate: ‘[01m[Ktemplate<class _Yp> std::shared_ptr<_Tp>::_Assignable<std::auto_ptr<_Up> > std::shared_ptr<_Tp>::[01;32m[Koperator=[m[K(std::auto_ptr<_Up>&&) [35m[K[with _Tp = rclcpp::Subscription<geometry_msgs::msg::PointStamped_<std::allocator<void> > >][m[K[m[K’
  429 |         [01;36m[Koperator[m[K=(auto_ptr<_Yp>&& __r)
      |         [01;36m[K^~~~~~~~[m[K
[01m[K/usr/include/c++/13/bits/shared_ptr.h:429:9:[m[K [01;36m[Knote: [m[K  template argument deduction/substitution failed:
[01m[K/home/ubuntu/Robotics/ros2_ws/src/assignment1_2/src/setpoint_generator.cpp:66:9:[m[K [01;36m[Knote: [m[K  ‘[01m[Kstd::shared_ptr<rclcpp::Subscription<geometry_msgs::msg::PoseStamped_<std::allocator<void> > > >[m[K’ is not derived from ‘[01m[Kstd::auto_ptr<_Up>[m[K’
   66 |         [01;36m[K)[m[K;
      |         [01;36m[K^[m[K
[01m[K/usr/include/c++/13/bits/shared_ptr.h:446:9:[m[K [01;36m[Knote: [m[Kcandidate: ‘[01m[Ktemplate<class _Yp> std::shared_ptr<_Tp>::_Assignable<std::shared_ptr<_Yp> > std::shared_ptr<_Tp>::[01;32m[Koperator=[m[K(std::shared_ptr<_Yp>&&) [35m[K[with _Tp = rclcpp::Subscription<geometry_msgs::msg::PointStamped_<std::allocator<void> > >][m[K[m[K’
  446 |         [01;36m[Koperator[m[K=(shared_ptr<_Yp>&& __r) noexcept
      |         [01;36m[K^~~~~~~~[m[K
[01m[K/usr/include/c++/13/bits/shared_ptr.h:446:9:[m[K [01;36m[Knote: [m[K  template argument deduction/substitution failed:
/usr/include/c++/13/bits/shared_ptr.h: In substitution of ‘[01m[Ktemplate<class _Tp> template<class _Arg> using std::shared_ptr<_Tp>::_Assignable = typename std::enable_if<std::is_assignable<std::__shared_ptr<_Tp>&, _Arg>::value, std::shared_ptr<_Tp>&>::type [35m[K[with _Arg = std::shared_ptr<rclcpp::Subscription<geometry_msgs::msg::PoseStamped_<std::allocator<void> > > >; _Tp = rclcpp::Subscription<geometry_msgs::msg::PointStamped_<std::allocator<void> > >][m[K[m[K’:
[01m[K/usr/include/c++/13/bits/shared_ptr.h:446:2:[m[K   required by substitution of ‘[01m[Ktemplate<class _Yp> std::shared_ptr<rclcpp::Subscription<geometry_msgs::msg::PointStamped_<std::allocator<void> > > >::_Assignable<std::shared_ptr<_Tp> > std::shared_ptr<rclcpp::Subscription<geometry_msgs::msg::PointStamped_<std::allocator<void> > > >::[01;32m[Koperator=[m[K(std::shared_ptr<_Tp>&&) [35m[K[with _Yp = rclcpp::Subscription<geometry_msgs::msg::PoseStamped_<std::allocator<void> > >][m[K[m[K’
[01m[K/home/ubuntu/Robotics/ros2_ws/src/assignment1_2/src/setpoint_generator.cpp:66:9:[m[K   required from here
[01m[K/usr/include/c++/13/bits/shared_ptr.h:183:15:[m[K [01;31m[Kerror: [m[Kno type named ‘[01m[Ktype[m[K’ in ‘[01m[Kstruct std::enable_if<false, std::shared_ptr<rclcpp::Subscription<geometry_msgs::msg::PointStamped_<std::allocator<void> > > >&>[m[K’
  183 |         using [01;31m[K_Assignable[m[K = typename enable_if<
      |               [01;31m[K^~~~~~~~~~~[m[K
[01m[K/usr/include/c++/13/bits/shared_ptr.h:454:9:[m[K [01;36m[Knote: [m[Kcandidate: ‘[01m[Ktemplate<class _Yp, class _Del> std::shared_ptr<_Tp>::_Assignable<std::unique_ptr<_Up, _Ep> > std::shared_ptr<_Tp>::[01;32m[Koperator=[m[K(std::unique_ptr<_Up, _Ep>&&) [35m[K[with _Del = _Yp; _Tp = rclcpp::Subscription<geometry_msgs::msg::PointStamped_<std::allocator<void> > >][m[K[m[K’
  454 |         [01;36m[Koperator[m[K=(unique_ptr<_Yp, _Del>&& __r)
      |         [01;36m[K^~~~~~~~[m[K
[01m[K/usr/include/c++/13/bits/shared_ptr.h:454:9:[m[K [01;36m[Knote: [m[K  template argument deduction/substitution failed:
[01m[K/home/ubuntu/Robotics/ros2_ws/src/assignment1_2/src/setpoint_generator.cpp:66:9:[m[K [01;36m[Knote: [m[K  ‘[01m[Kstd::shared_ptr<rclcpp::Subscription<geometry_msgs::msg::PoseStamped_<std::allocator<void> > > >[m[K’ is not derived from ‘[01m[Kstd::unique_ptr<_Tp, _Dp>[m[K’
   66 |         [01;36m[K)[m[K;
      |         [01;36m[K^[m[K
[01m[K/usr/include/c++/13/bits/shared_ptr.h:414:19:[m[K [01;36m[Knote: [m[Kcandidate: ‘[01m[Kstd::shared_ptr<_Tp>& std::shared_ptr<_Tp>::[01;32m[Koperator=[m[K(const std::shared_ptr<_Tp>&) [35m[K[with _Tp = rclcpp::Subscription<geometry_msgs::msg::PointStamped_<std::allocator<void> > >][m[K[m[K’
  414 |       shared_ptr& [01;36m[Koperator[m[K=(const shared_ptr&) noexcept = default;
      |                   [01;36m[K^~~~~~~~[m[K
[01m[K/usr/include/c++/13/bits/shared_ptr.h:414:29:[m[K [01;36m[Knote: [m[K  no known conversion for argument 1 from ‘[01m[Kstd::shared_ptr<rclcpp::Subscription<geometry_msgs::msg::PoseStamped_<std::allocator<void> > > >[m[K’ to ‘[01m[Kconst std::shared_ptr<rclcpp::Subscription<geometry_msgs::msg::PointStamped_<std::allocator<void> > > >&[m[K’
  414 |       shared_ptr& operator=([01;36m[Kconst shared_ptr&[m[K) noexcept = default;
      |                             [01;36m[K^~~~~~~~~~~~~~~~~[m[K
[01m[K/usr/include/c++/13/bits/shared_ptr.h:438:7:[m[K [01;36m[Knote: [m[Kcandidate: ‘[01m[Kstd::shared_ptr<_Tp>& std::shared_ptr<_Tp>::[01;32m[Koperator=[m[K(std::shared_ptr<_Tp>&&) [35m[K[with _Tp = rclcpp::Subscription<geometry_msgs::msg::PointStamped_<std::allocator<void> > >][m[K[m[K’
  438 |       [01;36m[Koperator[m[K=(shared_ptr&& __r) noexcept
      |       [01;36m[K^~~~~~~~[m[K
[01m[K/usr/include/c++/13/bits/shared_ptr.h:438:30:[m[K [01;36m[Knote: [m[K  no known conversion for argument 1 from ‘[01m[Kstd::shared_ptr<rclcpp::Subscription<geometry_msgs::msg::PoseStamped_<std::allocator<void> > > >[m[K’ to ‘[01m[Kstd::shared_ptr<rclcpp::Subscription<geometry_msgs::msg::PointStamped_<std::allocator<void> > > >&&[m[K’
  438 |       operator=([01;36m[Kshared_ptr&& __r[m[K) noexcept
      |                 [01;36m[K~~~~~~~~~~~~~^~~[m[K
[01m[K/home/ubuntu/Robotics/ros2_ws/src/assignment1_2/src/setpoint_generator.cpp:[m[K In member function ‘[01m[Kvoid SetpointGenerator::[01;32m[Kset_looking_at[m[K(geometry_msgs::msg::PoseStamped_<std::allocator<void> >::SharedPtr)[m[K’:
[01m[K/home/ubuntu/Robotics/ros2_ws/src/assignment1_2/src/setpoint_generator.cpp:127:36:[m[K [01;31m[Kerror: [m[K‘[01m[Kusing std::__shared_ptr_access<geometry_msgs::msg::PoseStamped_<std::allocator<void> >, __gnu_cxx::_S_atomic, false, false>::element_type = struct geometry_msgs::msg::PoseStamped_<std::allocator<void> >[m[K’ {aka ‘[01m[Kstruct geometry_msgs::msg::PoseStamped_<std::allocator<void> >[m[K’} has no member named ‘[01m[Kpoint[m[K’
  127 |     this->x_camera_current_ = msg->[01;31m[Kpoint[m[K.x;
      |                                    [01;31m[K^~~~~[m[K
gmake[2]: *** [CMakeFiles/setpoint_generator.dir/build.make:76: CMakeFiles/setpoint_generator.dir/src/setpoint_generator.cpp.o] Error 1
gmake[1]: *** [CMakeFiles/Makefile2:137: CMakeFiles/setpoint_generator.dir/all] Error 2
gmake: *** [Makefile:146: all] Error 2
