[0.112s] Invoking command in '/home/ubuntu/Robotics/ros2_ws/build/cam2image_vm2ros': CMAKE_PREFIX_PATH=${CMAKE_PREFIX_PATH}:/opt/ros/jazzy /usr/bin/cmake --build /home/ubuntu/Robotics/ros2_ws/build/cam2image_vm2ros -- -j12 -l12
[0.983s] [ 28%] Built target cam2image
[1.008s] [ 42%] [32mBuilding CXX object CMakeFiles/talker_listener_node.dir/src/image_brightness.cpp.o[0m
[1.021s] [ 85%] Built target cam2image_vm2ros
[5.553s] [01m[K/home/ubuntu/Robotics/ros2_ws/src/cam2image_vm2ros/src/image_brightness.cpp:[m[K In lambda function:
[5.554s] [01m[K/home/ubuntu/Robotics/ros2_ws/src/cam2image_vm2ros/src/image_brightness.cpp:14:51:[m[K [01;35m[Kwarning: [m[Kunused parameter ‘[01m[Kimg[m[K’ [[01;35m[K]8;;https://gcc.gnu.org/onlinedocs/gcc/Warning-Options.html#index-Wunused-parameter-Wunused-parameter]8;;[m[K]
[5.554s]    14 |         [this]([01;35m[Ksensor_msgs::msg::Image::UniquePtr img[m[K) -> void {
[5.554s]       |                [01;35m[K~~~~~~~~~~~~~~~~~~~~~~~~~~~~~~~~~~~^~~[m[K
[5.565s] [01m[K/home/ubuntu/Robotics/ros2_ws/src/cam2image_vm2ros/src/image_brightness.cpp:[m[K In constructor ‘[01m[KImageBrightness::[01;32m[KImageBrightness[m[K()[m[K’:
[5.565s] [01m[K/home/ubuntu/Robotics/ros2_ws/src/cam2image_vm2ros/src/image_brightness.cpp:23:81:[m[K [01;31m[Kerror: [m[Kno match for ‘[01m[Koperator=[m[K’ (operand types are ‘[01m[Krclcpp::Publisher<std_msgs::msg::String_<std::allocator<void> > >::SharedPtr[m[K’ {aka ‘[01m[Kstd::shared_ptr<rclcpp::Publisher<std_msgs::msg::String_<std::allocator<void> > > >[m[K’} and ‘[01m[Kstd::shared_ptr<rclcpp::Publisher<sensor_msgs::msg::Image_<std::allocator<void> >, std::allocator<void> > >[m[K’)
[5.565s]    23 |             this->create_publisher<sensor_msgs::msg::Image>("brightness_out", 10[01;31m[K)[m[K;
[5.565s]       |                                                                                 [01;31m[K^[m[K
[5.568s] In file included from [01m[K/usr/include/c++/13/memory:80[m[K,
[5.568s]                  from [01m[K/opt/ros/jazzy/include/rclcpp/rclcpp/rclcpp.hpp:169[m[K,
[5.568s]                  from [01m[K/home/ubuntu/Robotics/ros2_ws/src/cam2image_vm2ros/src/image_brightness.cpp:1[m[K:
[5.568s] [01m[K/usr/include/c++/13/bits/shared_ptr.h:418:9:[m[K [01;36m[Knote: [m[Kcandidate: ‘[01m[Ktemplate<class _Yp> std::shared_ptr<_Tp>::_Assignable<const std::shared_ptr<_Yp>&> std::shared_ptr<_Tp>::[01;32m[Koperator=[m[K(const std::shared_ptr<_Yp>&) [35m[K[with _Tp = rclcpp::Publisher<std_msgs::msg::String_<std::allocator<void> > >][m[K[m[K’
[5.568s]   418 |         [01;36m[Koperator[m[K=(const shared_ptr<_Yp>& __r) noexcept
[5.568s]       |         [01;36m[K^~~~~~~~[m[K
[5.611s] [01m[K/usr/include/c++/13/bits/shared_ptr.h:418:9:[m[K [01;36m[Knote: [m[K  template argument deduction/substitution failed:
[5.611s] /usr/include/c++/13/bits/shared_ptr.h: In substitution of ‘[01m[Ktemplate<class _Tp> template<class _Arg> using std::shared_ptr<_Tp>::_Assignable = typename std::enable_if<std::is_assignable<std::__shared_ptr<_Tp>&, _Arg>::value, std::shared_ptr<_Tp>&>::type [35m[K[with _Arg = const std::shared_ptr<rclcpp::Publisher<sensor_msgs::msg::Image_<std::allocator<void> >, std::allocator<void> > >&; _Tp = rclcpp::Publisher<std_msgs::msg::String_<std::allocator<void> > >][m[K[m[K’:
[5.611s] [01m[K/usr/include/c++/13/bits/shared_ptr.h:418:2:[m[K   required by substitution of ‘[01m[Ktemplate<class _Yp> std::shared_ptr<rclcpp::Publisher<std_msgs::msg::String_<std::allocator<void> > > >::_Assignable<const std::shared_ptr<_Tp>&> std::shared_ptr<rclcpp::Publisher<std_msgs::msg::String_<std::allocator<void> > > >::[01;32m[Koperator=[m[K(const std::shared_ptr<_Tp>&) [35m[K[with _Yp = rclcpp::Publisher<sensor_msgs::msg::Image_<std::allocator<void> >, std::allocator<void> >][m[K[m[K’
[5.612s] [01m[K/home/ubuntu/Robotics/ros2_ws/src/cam2image_vm2ros/src/image_brightness.cpp:23:81:[m[K   required from here
[5.612s] [01m[K/usr/include/c++/13/bits/shared_ptr.h:183:15:[m[K [01;31m[Kerror: [m[Kno type named ‘[01m[Ktype[m[K’ in ‘[01m[Kstruct std::enable_if<false, std::shared_ptr<rclcpp::Publisher<std_msgs::msg::String_<std::allocator<void> > > >&>[m[K’
[5.612s]   183 |         using [01;31m[K_Assignable[m[K = typename enable_if<
[5.612s]       |               [01;31m[K^~~~~~~~~~~[m[K
[5.612s] [01m[K/usr/include/c++/13/bits/shared_ptr.h:429:9:[m[K [01;36m[Knote: [m[Kcandidate: ‘[01m[Ktemplate<class _Yp> std::shared_ptr<_Tp>::_Assignable<std::auto_ptr<_Up> > std::shared_ptr<_Tp>::[01;32m[Koperator=[m[K(std::auto_ptr<_Up>&&) [35m[K[with _Tp = rclcpp::Publisher<std_msgs::msg::String_<std::allocator<void> > >][m[K[m[K’
[5.612s]   429 |         [01;36m[Koperator[m[K=(auto_ptr<_Yp>&& __r)
[5.612s]       |         [01;36m[K^~~~~~~~[m[K
[5.612s] [01m[K/usr/include/c++/13/bits/shared_ptr.h:429:9:[m[K [01;36m[Knote: [m[K  template argument deduction/substitution failed:
[5.612s] [01m[K/home/ubuntu/Robotics/ros2_ws/src/cam2image_vm2ros/src/image_brightness.cpp:23:81:[m[K [01;36m[Knote: [m[K  ‘[01m[Kstd::shared_ptr<rclcpp::Publisher<sensor_msgs::msg::Image_<std::allocator<void> >, std::allocator<void> > >[m[K’ is not derived from ‘[01m[Kstd::auto_ptr<_Up>[m[K’
[5.613s]    23 |             this->create_publisher<sensor_msgs::msg::Image>("brightness_out", 10[01;36m[K)[m[K;
[5.613s]       |                                                                                 [01;36m[K^[m[K
[5.613s] [01m[K/usr/include/c++/13/bits/shared_ptr.h:446:9:[m[K [01;36m[Knote: [m[Kcandidate: ‘[01m[Ktemplate<class _Yp> std::shared_ptr<_Tp>::_Assignable<std::shared_ptr<_Yp> > std::shared_ptr<_Tp>::[01;32m[Koperator=[m[K(std::shared_ptr<_Yp>&&) [35m[K[with _Tp = rclcpp::Publisher<std_msgs::msg::String_<std::allocator<void> > >][m[K[m[K’
[5.613s]   446 |         [01;36m[Koperator[m[K=(shared_ptr<_Yp>&& __r) noexcept
[5.613s]       |         [01;36m[K^~~~~~~~[m[K
[5.613s] [01m[K/usr/include/c++/13/bits/shared_ptr.h:446:9:[m[K [01;36m[Knote: [m[K  template argument deduction/substitution failed:
[5.613s] /usr/include/c++/13/bits/shared_ptr.h: In substitution of ‘[01m[Ktemplate<class _Tp> template<class _Arg> using std::shared_ptr<_Tp>::_Assignable = typename std::enable_if<std::is_assignable<std::__shared_ptr<_Tp>&, _Arg>::value, std::shared_ptr<_Tp>&>::type [35m[K[with _Arg = std::shared_ptr<rclcpp::Publisher<sensor_msgs::msg::Image_<std::allocator<void> >, std::allocator<void> > >; _Tp = rclcpp::Publisher<std_msgs::msg::String_<std::allocator<void> > >][m[K[m[K’:
[5.613s] [01m[K/usr/include/c++/13/bits/shared_ptr.h:446:2:[m[K   required by substitution of ‘[01m[Ktemplate<class _Yp> std::shared_ptr<rclcpp::Publisher<std_msgs::msg::String_<std::allocator<void> > > >::_Assignable<std::shared_ptr<_Tp> > std::shared_ptr<rclcpp::Publisher<std_msgs::msg::String_<std::allocator<void> > > >::[01;32m[Koperator=[m[K(std::shared_ptr<_Tp>&&) [35m[K[with _Yp = rclcpp::Publisher<sensor_msgs::msg::Image_<std::allocator<void> >, std::allocator<void> >][m[K[m[K’
[5.613s] [01m[K/home/ubuntu/Robotics/ros2_ws/src/cam2image_vm2ros/src/image_brightness.cpp:23:81:[m[K   required from here
[5.613s] [01m[K/usr/include/c++/13/bits/shared_ptr.h:183:15:[m[K [01;31m[Kerror: [m[Kno type named ‘[01m[Ktype[m[K’ in ‘[01m[Kstruct std::enable_if<false, std::shared_ptr<rclcpp::Publisher<std_msgs::msg::String_<std::allocator<void> > > >&>[m[K’
[5.613s]   183 |         using [01;31m[K_Assignable[m[K = typename enable_if<
[5.613s]       |               [01;31m[K^~~~~~~~~~~[m[K
[5.613s] [01m[K/usr/include/c++/13/bits/shared_ptr.h:454:9:[m[K [01;36m[Knote: [m[Kcandidate: ‘[01m[Ktemplate<class _Yp, class _Del> std::shared_ptr<_Tp>::_Assignable<std::unique_ptr<_Up, _Ep> > std::shared_ptr<_Tp>::[01;32m[Koperator=[m[K(std::unique_ptr<_Up, _Ep>&&) [35m[K[with _Del = _Yp; _Tp = rclcpp::Publisher<std_msgs::msg::String_<std::allocator<void> > >][m[K[m[K’
[5.613s]   454 |         [01;36m[Koperator[m[K=(unique_ptr<_Yp, _Del>&& __r)
[5.613s]       |         [01;36m[K^~~~~~~~[m[K
[5.614s] [01m[K/usr/include/c++/13/bits/shared_ptr.h:454:9:[m[K [01;36m[Knote: [m[K  template argument deduction/substitution failed:
[5.614s] [01m[K/home/ubuntu/Robotics/ros2_ws/src/cam2image_vm2ros/src/image_brightness.cpp:23:81:[m[K [01;36m[Knote: [m[K  ‘[01m[Kstd::shared_ptr<rclcpp::Publisher<sensor_msgs::msg::Image_<std::allocator<void> >, std::allocator<void> > >[m[K’ is not derived from ‘[01m[Kstd::unique_ptr<_Tp, _Dp>[m[K’
[5.614s]    23 |             this->create_publisher<sensor_msgs::msg::Image>("brightness_out", 10[01;36m[K)[m[K;
[5.614s]       |                                                                                 [01;36m[K^[m[K
[5.614s] [01m[K/usr/include/c++/13/bits/shared_ptr.h:414:19:[m[K [01;36m[Knote: [m[Kcandidate: ‘[01m[Kstd::shared_ptr<_Tp>& std::shared_ptr<_Tp>::[01;32m[Koperator=[m[K(const std::shared_ptr<_Tp>&) [35m[K[with _Tp = rclcpp::Publisher<std_msgs::msg::String_<std::allocator<void> > >][m[K[m[K’
[5.614s]   414 |       shared_ptr& [01;36m[Koperator[m[K=(const shared_ptr&) noexcept = default;
[5.614s]       |                   [01;36m[K^~~~~~~~[m[K
[5.614s] [01m[K/usr/include/c++/13/bits/shared_ptr.h:414:29:[m[K [01;36m[Knote: [m[K  no known conversion for argument 1 from ‘[01m[Kstd::shared_ptr<rclcpp::Publisher<sensor_msgs::msg::Image_<std::allocator<void> >, std::allocator<void> > >[m[K’ to ‘[01m[Kconst std::shared_ptr<rclcpp::Publisher<std_msgs::msg::String_<std::allocator<void> > > >&[m[K’
[5.614s]   414 |       shared_ptr& operator=([01;36m[Kconst shared_ptr&[m[K) noexcept = default;
[5.614s]       |                             [01;36m[K^~~~~~~~~~~~~~~~~[m[K
[5.614s] [01m[K/usr/include/c++/13/bits/shared_ptr.h:438:7:[m[K [01;36m[Knote: [m[Kcandidate: ‘[01m[Kstd::shared_ptr<_Tp>& std::shared_ptr<_Tp>::[01;32m[Koperator=[m[K(std::shared_ptr<_Tp>&&) [35m[K[with _Tp = rclcpp::Publisher<std_msgs::msg::String_<std::allocator<void> > >][m[K[m[K’
[5.614s]   438 |       [01;36m[Koperator[m[K=(shared_ptr&& __r) noexcept
[5.614s]       |       [01;36m[K^~~~~~~~[m[K
[5.614s] [01m[K/usr/include/c++/13/bits/shared_ptr.h:438:30:[m[K [01;36m[Knote: [m[K  no known conversion for argument 1 from ‘[01m[Kstd::shared_ptr<rclcpp::Publisher<sensor_msgs::msg::Image_<std::allocator<void> >, std::allocator<void> > >[m[K’ to ‘[01m[Kstd::shared_ptr<rclcpp::Publisher<std_msgs::msg::String_<std::allocator<void> > > >&&[m[K’
[5.614s]   438 |       operator=([01;36m[Kshared_ptr&& __r[m[K) noexcept
[5.615s]       |                 [01;36m[K~~~~~~~~~~~~~^~~[m[K
[5.615s] [01m[K/home/ubuntu/Robotics/ros2_ws/src/cam2image_vm2ros/src/image_brightness.cpp:[m[K In lambda function:
[5.615s] [01m[K/home/ubuntu/Robotics/ros2_ws/src/cam2image_vm2ros/src/image_brightness.cpp:27:52:[m[K [01;31m[Kerror: [m[Kno match for ‘[01m[Koperator=[m[K’ (operand types are ‘[01m[Kstd_msgs::msg::String_<std::allocator<void> >::_data_type[m[K’ {aka ‘[01m[Kstd::__cxx11::basic_string<char>[m[K’} and ‘[01m[Kstd_msgs::msg::String[m[K’ {aka ‘[01m[Kstd_msgs::msg::String_<std::allocator<void> >[m[K’})
[5.615s]    27 |                 message.data = this->getBrightness([01;31m[K)[m[K;
[5.615s]       |                                                    [01;31m[K^[m[K
[5.615s] In file included from [01m[K/usr/include/c++/13/string:54[m[K,
[5.615s]                  from [01m[K/opt/ros/jazzy/include/rclcpp/rclcpp/copy_all_parameter_values.hpp:18[m[K,
[5.615s]                  from [01m[K/opt/ros/jazzy/include/rclcpp/rclcpp/rclcpp.hpp:171[m[K:
[5.615s] [01m[K/usr/include/c++/13/bits/basic_string.h:936:8:[m[K [01;36m[Knote: [m[Kcandidate: ‘[01m[Ktemplate<class _Tp> std::__cxx11::basic_string<_CharT, _Traits, _Alloc>::_If_sv<_Tp, std::__cxx11::basic_string<_CharT, _Traits, _Alloc>&> std::__cxx11::basic_string<_CharT, _Traits, _Alloc>::[01;32m[Koperator=[m[K(const _Tp&) [35m[K[with _CharT = char; _Traits = std::char_traits<char>; _Alloc = std::allocator<char>][m[K[m[K’
[5.615s]   936 |        [01;36m[Koperator[m[K=(const _Tp& __svt)
[5.615s]       |        [01;36m[K^~~~~~~~[m[K
[5.615s] [01m[K/usr/include/c++/13/bits/basic_string.h:936:8:[m[K [01;36m[Knote: [m[K  template argument deduction/substitution failed:
[5.615s] In file included from [01m[K/usr/include/c++/13/bits/move.h:37[m[K,
[5.615s]                  from [01m[K/usr/include/c++/13/bits/new_allocator.h:36[m[K,
[5.616s]                  from [01m[K/usr/include/x86_64-linux-gnu/c++/13/bits/c++allocator.h:33[m[K,
[5.616s]                  from [01m[K/usr/include/c++/13/bits/allocator.h:46[m[K,
[5.616s]                  from [01m[K/usr/include/c++/13/memory:65[m[K:
[5.616s] /usr/include/c++/13/type_traits: In substitution of ‘[01m[Ktemplate<bool _Cond, class _Tp> using std::enable_if_t = typename std::enable_if::type [35m[K[with bool _Cond = false; _Tp = std::__cxx11::basic_string<char>&][m[K[m[K’:
[5.616s] [01m[K/usr/include/c++/13/bits/basic_string.h:144:8:[m[K   required by substitution of ‘[01m[Ktemplate<class _CharT, class _Traits, class _Alloc> template<class _Tp, class _Res> using std::__cxx11::basic_string<_CharT, _Traits, _Alloc>::_If_sv = std::enable_if_t<std::__and_<std::is_convertible<const _Tp&, std::basic_string_view<_CharT, _Traits> >, std::__not_<std::is_convertible<const _Tp*, const std::__cxx11::basic_string<_CharT, _Traits, _Alloc>*> >, std::__not_<std::is_convertible<const _Tp&, const _CharT*> > >::value, _Res> [35m[K[with _Tp = std_msgs::msg::String_<std::allocator<void> >; _Res = std::__cxx11::basic_string<char>&; _CharT = char; _Traits = std::char_traits<char>; _Alloc = std::allocator<char>][m[K[m[K’
[5.616s] [01m[K/usr/include/c++/13/bits/basic_string.h:936:8:[m[K   required by substitution of ‘[01m[Ktemplate<class _Tp> std::__cxx11::basic_string<char>::_If_sv<_Tp, std::__cxx11::basic_string<char>&> std::__cxx11::basic_string<char>::[01;32m[Koperator=[m[K(const _Tp&) [35m[K[with _Tp = std_msgs::msg::String_<std::allocator<void> >][m[K[m[K’
[5.616s] [01m[K/home/ubuntu/Robotics/ros2_ws/src/cam2image_vm2ros/src/image_brightness.cpp:27:52:[m[K   required from here
[5.616s] [01m[K/usr/include/c++/13/type_traits:2610:11:[m[K [01;31m[Kerror: [m[Kno type named ‘[01m[Ktype[m[K’ in ‘[01m[Kstruct std::enable_if<false, std::__cxx11::basic_string<char>&>[m[K’
[5.616s]  2610 |     using [01;31m[Kenable_if_t[m[K = typename enable_if<_Cond, _Tp>::type;
[5.616s]       |           [01;31m[K^~~~~~~~~~~[m[K
[5.616s] [01m[K/usr/include/c++/13/bits/basic_string.h:812:7:[m[K [01;36m[Knote: [m[Kcandidate: ‘[01m[Kstd::__cxx11::basic_string<_CharT, _Traits, _Alloc>& std::__cxx11::basic_string<_CharT, _Traits, _Alloc>::[01;32m[Koperator=[m[K(const std::__cxx11::basic_string<_CharT, _Traits, _Alloc>&) [35m[K[with _CharT = char; _Traits = std::char_traits<char>; _Alloc = std::allocator<char>][m[K[m[K’
[5.616s]   812 |       [01;36m[Koperator[m[K=(const basic_string& __str)
[5.616s]       |       [01;36m[K^~~~~~~~[m[K
[5.616s] [01m[K/usr/include/c++/13/bits/basic_string.h:812:37:[m[K [01;36m[Knote: [m[K  no known conversion for argument 1 from ‘[01m[Kstd_msgs::msg::String[m[K’ {aka ‘[01m[Kstd_msgs::msg::String_<std::allocator<void> >[m[K’} to ‘[01m[Kconst std::__cxx11::basic_string<char>&[m[K’
[5.616s]   812 |       operator=([01;36m[Kconst basic_string& __str[m[K)
[5.617s]       |                 [01;36m[K~~~~~~~~~~~~~~~~~~~~^~~~~[m[K
[5.617s] [01m[K/usr/include/c++/13/bits/basic_string.h:823:7:[m[K [01;36m[Knote: [m[Kcandidate: ‘[01m[Kstd::__cxx11::basic_string<_CharT, _Traits, _Alloc>& std::__cxx11::basic_string<_CharT, _Traits, _Alloc>::[01;32m[Koperator=[m[K(const _CharT*) [35m[K[with _CharT = char; _Traits = std::char_traits<char>; _Alloc = std::allocator<char>][m[K[m[K’
[5.617s]   823 |       [01;36m[Koperator[m[K=(const _CharT* __s)
[5.617s]       |       [01;36m[K^~~~~~~~[m[K
[5.617s] [01m[K/usr/include/c++/13/bits/basic_string.h:823:31:[m[K [01;36m[Knote: [m[K  no known conversion for argument 1 from ‘[01m[Kstd_msgs::msg::String[m[K’ {aka ‘[01m[Kstd_msgs::msg::String_<std::allocator<void> >[m[K’} to ‘[01m[Kconst char*[m[K’
[5.617s]   823 |       operator=([01;36m[Kconst _CharT* __s[m[K)
[5.617s]       |                 [01;36m[K~~~~~~~~~~~~~~^~~[m[K
[5.617s] [01m[K/usr/include/c++/13/bits/basic_string.h:835:7:[m[K [01;36m[Knote: [m[Kcandidate: ‘[01m[Kstd::__cxx11::basic_string<_CharT, _Traits, _Alloc>& std::__cxx11::basic_string<_CharT, _Traits, _Alloc>::[01;32m[Koperator=[m[K(_CharT) [35m[K[with _CharT = char; _Traits = std::char_traits<char>; _Alloc = std::allocator<char>][m[K[m[K’
[5.617s]   835 |       [01;36m[Koperator[m[K=(_CharT __c)
[5.617s]       |       [01;36m[K^~~~~~~~[m[K
[5.617s] [01m[K/usr/include/c++/13/bits/basic_string.h:835:24:[m[K [01;36m[Knote: [m[K  no known conversion for argument 1 from ‘[01m[Kstd_msgs::msg::String[m[K’ {aka ‘[01m[Kstd_msgs::msg::String_<std::allocator<void> >[m[K’} to ‘[01m[Kchar[m[K’
[5.617s]   835 |       operator=([01;36m[K_CharT __c[m[K)
[5.617s]       |                 [01;36m[K~~~~~~~^~~[m[K
[5.617s] [01m[K/usr/include/c++/13/bits/basic_string.h:853:7:[m[K [01;36m[Knote: [m[Kcandidate: ‘[01m[Kstd::__cxx11::basic_string<_CharT, _Traits, _Alloc>& std::__cxx11::basic_string<_CharT, _Traits, _Alloc>::[01;32m[Koperator=[m[K(std::__cxx11::basic_string<_CharT, _Traits, _Alloc>&&) [35m[K[with _CharT = char; _Traits = std::char_traits<char>; _Alloc = std::allocator<char>][m[K[m[K’
[5.618s]   853 |       [01;36m[Koperator[m[K=(basic_string&& __str)
[5.618s]       |       [01;36m[K^~~~~~~~[m[K
[5.618s] [01m[K/usr/include/c++/13/bits/basic_string.h:853:32:[m[K [01;36m[Knote: [m[K  no known conversion for argument 1 from ‘[01m[Kstd_msgs::msg::String[m[K’ {aka ‘[01m[Kstd_msgs::msg::String_<std::allocator<void> >[m[K’} to ‘[01m[Kstd::__cxx11::basic_string<char>&&[m[K’
[5.618s]   853 |       operator=([01;36m[Kbasic_string&& __str[m[K)
[5.618s]       |                 [01;36m[K~~~~~~~~~~~~~~~^~~~~[m[K
[5.618s] [01m[K/usr/include/c++/13/bits/basic_string.h:921:7:[m[K [01;36m[Knote: [m[Kcandidate: ‘[01m[Kstd::__cxx11::basic_string<_CharT, _Traits, _Alloc>& std::__cxx11::basic_string<_CharT, _Traits, _Alloc>::[01;32m[Koperator=[m[K(std::initializer_list<_Tp>) [35m[K[with _CharT = char; _Traits = std::char_traits<char>; _Alloc = std::allocator<char>][m[K[m[K’
[5.618s]   921 |       [01;36m[Koperator[m[K=(initializer_list<_CharT> __l)
[5.618s]       |       [01;36m[K^~~~~~~~[m[K
[5.618s] [01m[K/usr/include/c++/13/bits/basic_string.h:921:42:[m[K [01;36m[Knote: [m[K  no known conversion for argument 1 from ‘[01m[Kstd_msgs::msg::String[m[K’ {aka ‘[01m[Kstd_msgs::msg::String_<std::allocator<void> >[m[K’} to ‘[01m[Kstd::initializer_list<char>[m[K’
[5.618s]   921 |       operator=([01;36m[Kinitializer_list<_CharT> __l[m[K)
[5.618s]       |                 [01;36m[K~~~~~~~~~~~~~~~~~~~~~~~~~^~~[m[K
[5.618s] [01m[K/home/ubuntu/Robotics/ros2_ws/src/cam2image_vm2ros/src/image_brightness.cpp:29:23:[m[K [01;31m[Kerror: [m[K‘[01m[Kclass ImageBrightness[m[K’ has no member named ‘[01m[Kpublisher[m[K’; did you mean ‘[01m[Kpublisher_[m[K’?
[5.619s]    29 |                 this->[01;31m[Kpublisher[m[K.publish(message);
[5.619s]       |                       [01;31m[K^~~~~~~~~[m[K
[5.619s]       |                       [32m[Kpublisher_[m[K
[5.619s] [01m[K/home/ubuntu/Robotics/ros2_ws/src/cam2image_vm2ros/src/image_brightness.cpp:[m[K In constructor ‘[01m[KImageBrightness::[01;32m[KImageBrightness[m[K()[m[K’:
[5.619s] [01m[K/home/ubuntu/Robotics/ros2_ws/src/cam2image_vm2ros/src/image_brightness.cpp:31:42:[m[K [01;31m[Kerror: [m[Kunable to find numeric literal operator ‘[01m[Koperator""ms[m[K’
[5.619s]    31 |         timer_ = this->create_wall_timer([01;31m[K500ms[m[K, timer_callback);
[5.619s]       |                                          [01;31m[K^~~~~[m[K
[5.619s] [01m[K/home/ubuntu/Robotics/ros2_ws/src/cam2image_vm2ros/src/image_brightness.cpp:[m[K In member function ‘[01m[Kstd_msgs::msg::String ImageBrightness::[01;32m[KgetBrightness[m[K()[m[K’:
[5.619s] [01m[K/home/ubuntu/Robotics/ros2_ws/src/cam2image_vm2ros/src/image_brightness.cpp:44:16:[m[K [01;31m[Kerror: [m[K‘[01m[Kto_string[m[K’ was not declared in this scope
[5.619s]    44 |         return [01;31m[Kto_string[m[K(16);
[5.619s]       |                [01;31m[K^~~~~~~~~[m[K
[5.620s] [01m[K/home/ubuntu/Robotics/ros2_ws/src/cam2image_vm2ros/src/image_brightness.cpp:44:16:[m[K [01;36m[Knote: [m[Ksuggested alternatives:
[5.620s] [01m[K/usr/include/c++/13/bits/basic_string.h:4261:3:[m[K [01;36m[Knote: [m[K  ‘[01m[Kstd::__cxx11::to_string[m[K’
[5.620s]  4261 |   [01;36m[Kto_string[m[K(long double __val)
[5.621s]       |   [01;36m[K^~~~~~~~~[m[K
[5.621s] In file included from [01m[K/opt/ros/jazzy/include/rclcpp/rclcpp/executor.hpp:41[m[K,
[5.621s]                  from [01m[K/opt/ros/jazzy/include/rclcpp/rclcpp/executors/multi_threaded_executor.hpp:25[m[K,
[5.621s]                  from [01m[K/opt/ros/jazzy/include/rclcpp/rclcpp/executors.hpp:21[m[K,
[5.621s]                  from [01m[K/opt/ros/jazzy/include/rclcpp/rclcpp/rclcpp.hpp:172[m[K:
[5.621s] [01m[K/opt/ros/jazzy/include/rclcpp/rclcpp/future_return_code.hpp:43:1:[m[K [01;36m[Knote: [m[K  ‘[01m[Krclcpp::to_string[m[K’
[5.621s]    43 | [01;36m[Kto_string[m[K(const FutureReturnCode & future_return_code);
[5.621s]       | [01;36m[K^~~~~~~~~[m[K
[8.267s] gmake[2]: *** [CMakeFiles/talker_listener_node.dir/build.make:76: CMakeFiles/talker_listener_node.dir/src/image_brightness.cpp.o] Error 1
[8.268s] gmake[1]: *** [CMakeFiles/Makefile2:193: CMakeFiles/talker_listener_node.dir/all] Error 2
[8.268s] gmake: *** [Makefile:146: all] Error 2
[8.271s] Invoked command in '/home/ubuntu/Robotics/ros2_ws/build/cam2image_vm2ros' returned '2': CMAKE_PREFIX_PATH=${CMAKE_PREFIX_PATH}:/opt/ros/jazzy /usr/bin/cmake --build /home/ubuntu/Robotics/ros2_ws/build/cam2image_vm2ros -- -j12 -l12
