[0.250s] Invoking command in '/home/ubuntu/Robotics/ros2_ws/build/relbot_simulator': CMAKE_PREFIX_PATH=${CMAKE_PREFIX_PATH}:/opt/ros/jazzy /usr/bin/cmake /home/ubuntu/Robotics/ros2_ws/src/relbot_simulator -DCMAKE_INSTALL_PREFIX=/home/ubuntu/Robotics/ros2_ws/install/relbot_simulator
[1.093s] -- The C compiler identification is GNU 13.3.0
[2.969s] -- The CXX compiler identification is GNU 13.3.0
[4.063s] -- Detecting C compiler ABI info
[4.479s] -- Detecting C compiler ABI info - done
[4.490s] -- Check for working C compiler: /usr/bin/cc - skipped
[4.491s] -- Detecting C compile features
[4.512s] -- Detecting C compile features - done
[4.651s] -- Detecting CXX compiler ABI info
[5.085s] -- Detecting CXX compiler ABI info - done
[5.095s] -- Check for working CXX compiler: /usr/bin/c++ - skipped
[5.095s] -- Detecting CXX compile features
[5.095s] -- Detecting CXX compile features - done
[5.098s] -- Found ament_cmake: 2.5.5 (/opt/ros/jazzy/share/ament_cmake/cmake)
[5.257s] -- Found Python3: /usr/bin/python3 (found version "3.12.3") found components: Interpreter 
[5.382s] -- Found rclcpp: 28.1.16 (/opt/ros/jazzy/share/rclcpp/cmake)
[5.689s] -- Found rosidl_generator_c: 4.6.7 (/opt/ros/jazzy/share/rosidl_generator_c/cmake)
[5.705s] -- Found rosidl_generator_cpp: 4.6.7 (/opt/ros/jazzy/share/rosidl_generator_cpp/cmake)
[5.722s] -- Using all available rosidl_typesupport_c: rosidl_typesupport_fastrtps_c;rosidl_typesupport_introspection_c
[5.741s] -- Using all available rosidl_typesupport_cpp: rosidl_typesupport_fastrtps_cpp;rosidl_typesupport_introspection_cpp
[5.837s] -- Found rmw_implementation_cmake: 7.3.3 (/opt/ros/jazzy/share/rmw_implementation_cmake/cmake)
[5.842s] -- Found rmw_fastrtps_cpp: 8.4.3 (/opt/ros/jazzy/share/rmw_fastrtps_cpp/cmake)
[5.941s] -- Found OpenSSL: /usr/lib/x86_64-linux-gnu/libcrypto.so (found version "3.0.13")  
[6.195s] -- Found FastRTPS: /opt/ros/jazzy/include (Required is at least version "2.13") 
[6.359s] -- Using RMW implementation 'rmw_fastrtps_cpp' as default
[6.628s] -- Found geometry_msgs: 5.3.6 (/opt/ros/jazzy/share/geometry_msgs/cmake)
[6.673s] -- Found sensor_msgs: 5.3.6 (/opt/ros/jazzy/share/sensor_msgs/cmake)
[6.704s] -- Found relbot_msgs: 2025.2.0 (/home/ubuntu/Robotics/ros2_ws/install/relbot_msgs/share/relbot_msgs/cmake)
[6.731s] -- Found OpenCV: /usr (found version "4.6.0") found components: core highgui imgcodecs imgproc videoio 
[6.733s] -- Found cv_bridge: 4.1.0 (/opt/ros/jazzy/share/cv_bridge/cmake)
[6.741s] -- Found ament_lint_auto: 0.17.4 (/opt/ros/jazzy/share/ament_lint_auto/cmake)
[7.087s] -- Added test 'copyright' to check source files copyright and LICENSE
[7.091s] -- Added test 'cppcheck' to perform static code analysis on C / C++ code
[7.091s] -- Configured cppcheck include dirs: /home/ubuntu/Robotics/ros2_ws/src/relbot_simulator/include;/home/ubuntu/Robotics/ros2_ws/src/relbot_simulator/common;$<BUILD_INTERFACE:/home/ubuntu/Robotics/ros2_ws/src/relbot_simulator/include>;$<BUILD_INTERFACE:/home/ubuntu/Robotics/ros2_ws/src/relbot_simulator/common>
[7.091s] -- Configured cppcheck exclude dirs and/or files: 
[7.094s] -- Added test 'cpplint' to check C / C++ code against the Google style
[7.094s] -- Configured cpplint exclude dirs and/or files: 
[7.095s] -- Added test 'lint_cmake' to check CMake code style
[7.098s] -- Added test 'uncrustify' to check C / C++ code style
[7.098s] -- Configured uncrustify additional arguments: 
[7.099s] -- Added test 'xmllint' to check XML markup files
[7.101s] -- Configuring done (6.8s)
[7.119s] -- Generating done (0.0s)
[7.124s] -- Build files have been written to: /home/ubuntu/Robotics/ros2_ws/build/relbot_simulator
