[0.194s] Invoking command in '/home/ubuntu/Robotics/ros2_ws/build/cpp_pubsub': CMAKE_PREFIX_PATH=${CMAKE_PREFIX_PATH}:/opt/ros/jazzy /usr/bin/cmake --build /home/ubuntu/Robotics/ros2_ws/build/cpp_pubsub -- -j12 -l12
[1.019s] Invoked command in '/home/ubuntu/Robotics/ros2_ws/build/cpp_pubsub' returned '0': CMAKE_PREFIX_PATH=${CMAKE_PREFIX_PATH}:/opt/ros/jazzy /usr/bin/cmake --build /home/ubuntu/Robotics/ros2_ws/build/cpp_pubsub -- -j12 -l12
[1.045s] Invoking command in '/home/ubuntu/Robotics/ros2_ws/build/cpp_pubsub': CMAKE_PREFIX_PATH=${CMAKE_PREFIX_PATH}:/opt/ros/jazzy /usr/bin/cmake --install /home/ubuntu/Robotics/ros2_ws/build/cpp_pubsub
[1.055s] -- Install configuration: ""
[1.056s] -- Up-to-date: /home/ubuntu/Robotics/ros2_ws/install/cpp_pubsub/share/ament_index/resource_index/package_run_dependencies/cpp_pubsub
[1.056s] -- Up-to-date: /home/ubuntu/Robotics/ros2_ws/install/cpp_pubsub/share/ament_index/resource_index/parent_prefix_path/cpp_pubsub
[1.057s] -- Up-to-date: /home/ubuntu/Robotics/ros2_ws/install/cpp_pubsub/share/cpp_pubsub/environment/ament_prefix_path.sh
[1.057s] -- Up-to-date: /home/ubuntu/Robotics/ros2_ws/install/cpp_pubsub/share/cpp_pubsub/environment/ament_prefix_path.dsv
[1.057s] -- Up-to-date: /home/ubuntu/Robotics/ros2_ws/install/cpp_pubsub/share/cpp_pubsub/environment/path.sh
[1.057s] -- Up-to-date: /home/ubuntu/Robotics/ros2_ws/install/cpp_pubsub/share/cpp_pubsub/environment/path.dsv
[1.057s] -- Up-to-date: /home/ubuntu/Robotics/ros2_ws/install/cpp_pubsub/share/cpp_pubsub/local_setup.bash
[1.057s] -- Up-to-date: /home/ubuntu/Robotics/ros2_ws/install/cpp_pubsub/share/cpp_pubsub/local_setup.sh
[1.057s] -- Up-to-date: /home/ubuntu/Robotics/ros2_ws/install/cpp_pubsub/share/cpp_pubsub/local_setup.zsh
[1.057s] -- Up-to-date: /home/ubuntu/Robotics/ros2_ws/install/cpp_pubsub/share/cpp_pubsub/local_setup.dsv
[1.057s] -- Installing: /home/ubuntu/Robotics/ros2_ws/install/cpp_pubsub/share/cpp_pubsub/package.dsv
[1.074s] -- Up-to-date: /home/ubuntu/Robotics/ros2_ws/install/cpp_pubsub/share/ament_index/resource_index/packages/cpp_pubsub
[1.074s] -- Up-to-date: /home/ubuntu/Robotics/ros2_ws/install/cpp_pubsub/share/cpp_pubsub/cmake/cpp_pubsubConfig.cmake
[1.074s] -- Up-to-date: /home/ubuntu/Robotics/ros2_ws/install/cpp_pubsub/share/cpp_pubsub/cmake/cpp_pubsubConfig-version.cmake
[1.074s] -- Up-to-date: /home/ubuntu/Robotics/ros2_ws/install/cpp_pubsub/share/cpp_pubsub/package.xml
[1.096s] Invoked command in '/home/ubuntu/Robotics/ros2_ws/build/cpp_pubsub' returned '0': CMAKE_PREFIX_PATH=${CMAKE_PREFIX_PATH}:/opt/ros/jazzy /usr/bin/cmake --install /home/ubuntu/Robotics/ros2_ws/build/cpp_pubsub
