[0.174s] Invoking command in '/home/ubuntu/Robotics/ros2_ws/build/relbot_simulator': CMAKE_PREFIX_PATH=${CMAKE_PREFIX_PATH}:/opt/ros/jazzy /usr/bin/cmake --build /home/ubuntu/Robotics/ros2_ws/build/relbot_simulator -- -j12 -l12
[0.239s] [ 11%] [32mBuilding CXX object CMakeFiles/relbot_simulator.dir/src/relbot_simulator.cpp.o[0m
[0.240s] [ 22%] [32mBuilding CXX object CMakeFiles/relbot_simulator.dir/common/MotionProfiles.cpp.o[0m
[0.241s] [ 33%] [32mBuilding CXX object CMakeFiles/relbot_simulator.dir/common/xxinverse.cpp.o[0m
[0.241s] [ 44%] [32mBuilding CXX object CMakeFiles/relbot_simulator.dir/src/Plant.cpp.o[0m
[0.243s] [ 55%] [32mBuilding CXX object CMakeFiles/relbot_simulator.dir/common/EulerAngles.cpp.o[0m
[0.244s] [ 66%] [32mBuilding CXX object CMakeFiles/relbot_simulator.dir/common/xxfuncs.cpp.o[0m
[0.244s] [ 77%] [32mBuilding CXX object CMakeFiles/relbot_simulator.dir/common/xxinteg.cpp.o[0m
[0.245s] [ 88%] [32mBuilding CXX object CMakeFiles/relbot_simulator.dir/common/xxmatrix.cpp.o[0m
[16.860s] [100%] [32m[1mLinking CXX executable relbot_simulator[0m
[18.865s] [100%] Built target relbot_simulator
[18.881s] Invoked command in '/home/ubuntu/Robotics/ros2_ws/build/relbot_simulator' returned '0': CMAKE_PREFIX_PATH=${CMAKE_PREFIX_PATH}:/opt/ros/jazzy /usr/bin/cmake --build /home/ubuntu/Robotics/ros2_ws/build/relbot_simulator -- -j12 -l12
[18.883s] Invoking command in '/home/ubuntu/Robotics/ros2_ws/build/relbot_simulator': CMAKE_PREFIX_PATH=${CMAKE_PREFIX_PATH}:/opt/ros/jazzy /usr/bin/cmake --install /home/ubuntu/Robotics/ros2_ws/build/relbot_simulator
[18.893s] -- Install configuration: ""
[18.894s] -- Installing: /home/ubuntu/Robotics/ros2_ws/install/relbot_simulator/lib/relbot_simulator/relbot_simulator
[18.906s] -- Set non-toolchain portion of runtime path of "/home/ubuntu/Robotics/ros2_ws/install/relbot_simulator/lib/relbot_simulator/relbot_simulator" to ""
[18.906s] -- Installing: /home/ubuntu/Robotics/ros2_ws/install/relbot_simulator/include
[18.906s] -- Installing: /home/ubuntu/Robotics/ros2_ws/install/relbot_simulator/include/xxfuncs.cpp
[18.906s] -- Installing: /home/ubuntu/Robotics/ros2_ws/install/relbot_simulator/include/xxinverse.h
[19.037s] -- Installing: /home/ubuntu/Robotics/ros2_ws/install/relbot_simulator/include/xxmatrix.h
[19.037s] -- Installing: /home/ubuntu/Robotics/ros2_ws/install/relbot_simulator/include/xxinteg.h
[19.037s] -- Installing: /home/ubuntu/Robotics/ros2_ws/install/relbot_simulator/include/xxtypes.h
[19.038s] -- Installing: /home/ubuntu/Robotics/ros2_ws/install/relbot_simulator/include/xxmodel.h
[19.038s] -- Installing: /home/ubuntu/Robotics/ros2_ws/install/relbot_simulator/include/xxinverse.cpp
[19.038s] -- Installing: /home/ubuntu/Robotics/ros2_ws/install/relbot_simulator/include/xxmatrix.cpp
[19.038s] -- Installing: /home/ubuntu/Robotics/ros2_ws/install/relbot_simulator/include/EulerAngles.cpp
[19.038s] -- Installing: /home/ubuntu/Robotics/ros2_ws/install/relbot_simulator/include/MotionProfiles.h
[19.078s] -- Installing: /home/ubuntu/Robotics/ros2_ws/install/relbot_simulator/include/xxinteg.cpp
[19.078s] -- Installing: /home/ubuntu/Robotics/ros2_ws/install/relbot_simulator/include/xxfuncs.h
[19.078s] -- Installing: /home/ubuntu/Robotics/ros2_ws/install/relbot_simulator/include/EulerAngles.h
[19.231s] -- Installing: /home/ubuntu/Robotics/ros2_ws/install/relbot_simulator/include/MotionProfiles.cpp
[19.232s] -- Installing: /home/ubuntu/Robotics/ros2_ws/install/relbot_simulator/share/ament_index/resource_index/package_run_dependencies/relbot_simulator
[19.233s] -- Installing: /home/ubuntu/Robotics/ros2_ws/install/relbot_simulator/share/ament_index/resource_index/parent_prefix_path/relbot_simulator
[19.233s] -- Installing: /home/ubuntu/Robotics/ros2_ws/install/relbot_simulator/share/relbot_simulator/environment/ament_prefix_path.sh
[19.234s] -- Installing: /home/ubuntu/Robotics/ros2_ws/install/relbot_simulator/share/relbot_simulator/environment/ament_prefix_path.dsv
[19.234s] -- Installing: /home/ubuntu/Robotics/ros2_ws/install/relbot_simulator/share/relbot_simulator/environment/path.sh
[19.234s] -- Installing: /home/ubuntu/Robotics/ros2_ws/install/relbot_simulator/share/relbot_simulator/environment/path.dsv
[19.234s] -- Installing: /home/ubuntu/Robotics/ros2_ws/install/relbot_simulator/share/relbot_simulator/local_setup.bash
[19.234s] -- Installing: /home/ubuntu/Robotics/ros2_ws/install/relbot_simulator/share/relbot_simulator/local_setup.sh
[19.235s] -- Installing: /home/ubuntu/Robotics/ros2_ws/install/relbot_simulator/share/relbot_simulator/local_setup.zsh
[19.235s] -- Installing: /home/ubuntu/Robotics/ros2_ws/install/relbot_simulator/share/relbot_simulator/local_setup.dsv
[19.235s] -- Installing: /home/ubuntu/Robotics/ros2_ws/install/relbot_simulator/share/relbot_simulator/package.dsv
[19.235s] -- Installing: /home/ubuntu/Robotics/ros2_ws/install/relbot_simulator/share/ament_index/resource_index/packages/relbot_simulator
[19.236s] -- Installing: /home/ubuntu/Robotics/ros2_ws/install/relbot_simulator/share/relbot_simulator/cmake/relbot_simulatorConfig.cmake
[19.236s] -- Installing: /home/ubuntu/Robotics/ros2_ws/install/relbot_simulator/share/relbot_simulator/cmake/relbot_simulatorConfig-version.cmake
[19.236s] -- Installing: /home/ubuntu/Robotics/ros2_ws/install/relbot_simulator/share/relbot_simulator/package.xml
[19.239s] Invoked command in '/home/ubuntu/Robotics/ros2_ws/build/relbot_simulator' returned '0': CMAKE_PREFIX_PATH=${CMAKE_PREFIX_PATH}:/opt/ros/jazzy /usr/bin/cmake --install /home/ubuntu/Robotics/ros2_ws/build/relbot_simulator
