[0.038s] Invoking command in '/home/ubuntu/Robotics/ros2_ws/build/assignment3_1': /usr/bin/cmake /home/ubuntu/Robotics/ros2_ws/src/assignment3_1 -DCMAKE_INSTALL_PREFIX=/home/ubuntu/Robotics/ros2_ws/install/assignment3_1
[1.223s] -- The C compiler identification is GNU 13.3.0
[3.206s] -- The CXX compiler identification is GNU 13.3.0
[4.435s] -- Detecting C compiler ABI info
[5.060s] -- Detecting C compiler ABI info - done
[5.085s] -- Check for working C compiler: /usr/bin/cc - skipped
[5.085s] -- Detecting C compile features
[5.087s] -- Detecting C compile features - done
[5.231s] -- Detecting CXX compiler ABI info
[5.773s] -- Detecting CXX compiler ABI info - done
[5.797s] -- Check for working CXX compiler: /usr/bin/c++ - skipped
[5.798s] -- Detecting CXX compile features
[5.799s] -- Detecting CXX compile features - done
[7.477s] [31mCMake Error at CMakeLists.txt:9 (find_package):
[7.477s]   By not providing "Findament_cmake.cmake" in CMAKE_MODULE_PATH this project
[7.477s]   has asked CMake to find a package configuration file provided by
[7.477s]   "ament_cmake", but CMake did not find one.
[7.478s] 
[7.478s]   Could not find a package configuration file provided by "ament_cmake" with
[7.478s]   any of the following names:
[7.478s] 
[7.479s]     ament_cmakeConfig.cmake
[7.479s]     ament_cmake-config.cmake
[7.479s] 
[7.479s]   Add the installation prefix of "ament_cmake" to CMAKE_PREFIX_PATH or set
[7.479s]   "ament_cmake_DIR" to a directory containing one of the above files.  If
[7.480s]   "ament_cmake" provides a separate development package or SDK, be sure it
[7.480s]   has been installed.
[7.480s] 
[7.480s] [0m
[7.498s] -- Configuring incomplete, errors occurred!
[7.532s] Invoked command in '/home/ubuntu/Robotics/ros2_ws/build/assignment3_1' returned '1': /usr/bin/cmake /home/ubuntu/Robotics/ros2_ws/src/assignment3_1 -DCMAKE_INSTALL_PREFIX=/home/ubuntu/Robotics/ros2_ws/install/assignment3_1
