[0.169s] Invoking command in '/home/ubuntu/Robotics/ros2_ws/build/relbot_adapter': CMAKE_PREFIX_PATH=${CMAKE_PREFIX_PATH}:/opt/ros/jazzy /usr/bin/cmake --build /home/ubuntu/Robotics/ros2_ws/build/relbot_adapter -- -j12 -l12
[1.303s] [100%] Built target relbot_adapter
[1.427s] Invoked command in '/home/ubuntu/Robotics/ros2_ws/build/relbot_adapter' returned '0': CMAKE_PREFIX_PATH=${CMAKE_PREFIX_PATH}:/opt/ros/jazzy /usr/bin/cmake --build /home/ubuntu/Robotics/ros2_ws/build/relbot_adapter -- -j12 -l12
[1.537s] Invoking command in '/home/ubuntu/Robotics/ros2_ws/build/relbot_adapter': CMAKE_PREFIX_PATH=${CMAKE_PREFIX_PATH}:/opt/ros/jazzy /usr/bin/cmake --install /home/ubuntu/Robotics/ros2_ws/build/relbot_adapter
[1.548s] -- Install configuration: ""
[1.637s] -- Up-to-date: /home/ubuntu/Robotics/ros2_ws/install/relbot_adapter/lib/relbot_adapter/relbot_adapter
[1.637s] -- Up-to-date: /home/ubuntu/Robotics/ros2_ws/install/relbot_adapter/share/ament_index/resource_index/package_run_dependencies/relbot_adapter
[1.637s] -- Up-to-date: /home/ubuntu/Robotics/ros2_ws/install/relbot_adapter/share/ament_index/resource_index/parent_prefix_path/relbot_adapter
[1.638s] -- Up-to-date: /home/ubuntu/Robotics/ros2_ws/install/relbot_adapter/share/relbot_adapter/environment/ament_prefix_path.sh
[1.638s] -- Up-to-date: /home/ubuntu/Robotics/ros2_ws/install/relbot_adapter/share/relbot_adapter/environment/ament_prefix_path.dsv
[1.639s] -- Up-to-date: /home/ubuntu/Robotics/ros2_ws/install/relbot_adapter/share/relbot_adapter/environment/path.sh
[1.640s] -- Up-to-date: /home/ubuntu/Robotics/ros2_ws/install/relbot_adapter/share/relbot_adapter/environment/path.dsv
[1.640s] -- Up-to-date: /home/ubuntu/Robotics/ros2_ws/install/relbot_adapter/share/relbot_adapter/local_setup.bash
[1.641s] -- Up-to-date: /home/ubuntu/Robotics/ros2_ws/install/relbot_adapter/share/relbot_adapter/local_setup.sh
[1.641s] -- Up-to-date: /home/ubuntu/Robotics/ros2_ws/install/relbot_adapter/share/relbot_adapter/local_setup.zsh
[1.642s] -- Up-to-date: /home/ubuntu/Robotics/ros2_ws/install/relbot_adapter/share/relbot_adapter/local_setup.dsv
[1.643s] -- Installing: /home/ubuntu/Robotics/ros2_ws/install/relbot_adapter/share/relbot_adapter/package.dsv
[1.702s] -- Up-to-date: /home/ubuntu/Robotics/ros2_ws/install/relbot_adapter/share/ament_index/resource_index/packages/relbot_adapter
[1.703s] -- Up-to-date: /home/ubuntu/Robotics/ros2_ws/install/relbot_adapter/share/relbot_adapter/cmake/relbot_adapterConfig.cmake
[1.703s] -- Up-to-date: /home/ubuntu/Robotics/ros2_ws/install/relbot_adapter/share/relbot_adapter/cmake/relbot_adapterConfig-version.cmake
[1.703s] -- Up-to-date: /home/ubuntu/Robotics/ros2_ws/install/relbot_adapter/share/relbot_adapter/package.xml
[1.705s] Invoked command in '/home/ubuntu/Robotics/ros2_ws/build/relbot_adapter' returned '0': CMAKE_PREFIX_PATH=${CMAKE_PREFIX_PATH}:/opt/ros/jazzy /usr/bin/cmake --install /home/ubuntu/Robotics/ros2_ws/build/relbot_adapter
