[0.028s] Invoking command in '/home/ubuntu/Robotics/ros2_ws/build/cpp_pubsub': CMAKE_PREFIX_PATH=${CMAKE_PREFIX_PATH}:/opt/ros/jazzy /usr/bin/cmake --build /home/ubuntu/Robotics/ros2_ws/build/cpp_pubsub -- -j12 -l12
[0.076s] Invoked command in '/home/ubuntu/Robotics/ros2_ws/build/cpp_pubsub' returned '0': CMAKE_PREFIX_PATH=${CMAKE_PREFIX_PATH}:/opt/ros/jazzy /usr/bin/cmake --build /home/ubuntu/Robotics/ros2_ws/build/cpp_pubsub -- -j12 -l12
[0.095s] Invoking command in '/home/ubuntu/Robotics/ros2_ws/build/cpp_pubsub': CMAKE_PREFIX_PATH=${CMAKE_PREFIX_PATH}:/opt/ros/jazzy /usr/bin/cmake --install /home/ubuntu/Robotics/ros2_ws/build/cpp_pubsub
[0.115s] -- Install configuration: ""
[0.116s] -- Up-to-date: /home/ubuntu/Robotics/ros2_ws/install/cpp_pubsub/share/ament_index/resource_index/package_run_dependencies/cpp_pubsub
[0.116s] -- Up-to-date: /home/ubuntu/Robotics/ros2_ws/install/cpp_pubsub/share/ament_index/resource_index/parent_prefix_path/cpp_pubsub
[0.117s] -- Up-to-date: /home/ubuntu/Robotics/ros2_ws/install/cpp_pubsub/share/cpp_pubsub/environment/ament_prefix_path.sh
[0.118s] -- Up-to-date: /home/ubuntu/Robotics/ros2_ws/install/cpp_pubsub/share/cpp_pubsub/environment/ament_prefix_path.dsv
[0.118s] -- Up-to-date: /home/ubuntu/Robotics/ros2_ws/install/cpp_pubsub/share/cpp_pubsub/environment/path.sh
[0.118s] -- Up-to-date: /home/ubuntu/Robotics/ros2_ws/install/cpp_pubsub/share/cpp_pubsub/environment/path.dsv
[0.119s] -- Up-to-date: /home/ubuntu/Robotics/ros2_ws/install/cpp_pubsub/share/cpp_pubsub/local_setup.bash
[0.119s] -- Up-to-date: /home/ubuntu/Robotics/ros2_ws/install/cpp_pubsub/share/cpp_pubsub/local_setup.sh
[0.119s] -- Up-to-date: /home/ubuntu/Robotics/ros2_ws/install/cpp_pubsub/share/cpp_pubsub/local_setup.zsh
[0.120s] -- Up-to-date: /home/ubuntu/Robotics/ros2_ws/install/cpp_pubsub/share/cpp_pubsub/local_setup.dsv
[0.121s] -- Installing: /home/ubuntu/Robotics/ros2_ws/install/cpp_pubsub/share/cpp_pubsub/package.dsv
[0.122s] -- Up-to-date: /home/ubuntu/Robotics/ros2_ws/install/cpp_pubsub/share/ament_index/resource_index/packages/cpp_pubsub
[0.122s] -- Up-to-date: /home/ubuntu/Robotics/ros2_ws/install/cpp_pubsub/share/cpp_pubsub/cmake/cpp_pubsubConfig.cmake
[0.122s] -- Up-to-date: /home/ubuntu/Robotics/ros2_ws/install/cpp_pubsub/share/cpp_pubsub/cmake/cpp_pubsubConfig-version.cmake
[0.123s] -- Up-to-date: /home/ubuntu/Robotics/ros2_ws/install/cpp_pubsub/share/cpp_pubsub/package.xml
[0.124s] Invoked command in '/home/ubuntu/Robotics/ros2_ws/build/cpp_pubsub' returned '0': CMAKE_PREFIX_PATH=${CMAKE_PREFIX_PATH}:/opt/ros/jazzy /usr/bin/cmake --install /home/ubuntu/Robotics/ros2_ws/build/cpp_pubsub
