[ 50%] [32mBuilding CXX object CMakeFiles/object_tracker.dir/src/object_tracker.cpp.o[0m
[100%] [32m[1mLinking CXX executable object_tracker[0m
[100%] Built target object_tracker
-- Install configuration: ""
-- Installing: /home/ubuntu/Robotics/ros2_ws/install/object_tracker/lib/object_tracker/object_tracker
-- Set non-toolchain portion of runtime path of "/home/ubuntu/Robotics/ros2_ws/install/object_tracker/lib/object_tracker/object_tracker" to ""
-- Installing: /home/ubuntu/Robotics/ros2_ws/install/object_tracker/include/
-- Installing: /home/ubuntu/Robotics/ros2_ws/install/object_tracker/include//object_tracker.hpp
-- Installing: /home/ubuntu/Robotics/ros2_ws/install/object_tracker/share/ament_index/resource_index/package_run_dependencies/object_tracker
-- Installing: /home/ubuntu/Robotics/ros2_ws/install/object_tracker/share/ament_index/resource_index/parent_prefix_path/object_tracker
-- Installing: /home/ubuntu/Robotics/ros2_ws/install/object_tracker/share/object_tracker/environment/ament_prefix_path.sh
-- Installing: /home/ubuntu/Robotics/ros2_ws/install/object_tracker/share/object_tracker/environment/ament_prefix_path.dsv
-- Installing: /home/ubuntu/Robotics/ros2_ws/install/object_tracker/share/object_tracker/environment/path.sh
-- Installing: /home/ubuntu/Robotics/ros2_ws/install/object_tracker/share/object_tracker/environment/path.dsv
-- Installing: /home/ubuntu/Robotics/ros2_ws/install/object_tracker/share/object_tracker/local_setup.bash
-- Installing: /home/ubuntu/Robotics/ros2_ws/install/object_tracker/share/object_tracker/local_setup.sh
-- Installing: /home/ubuntu/Robotics/ros2_ws/install/object_tracker/share/object_tracker/local_setup.zsh
-- Installing: /home/ubuntu/Robotics/ros2_ws/install/object_tracker/share/object_tracker/local_setup.dsv
-- Installing: /home/ubuntu/Robotics/ros2_ws/install/object_tracker/share/object_tracker/package.dsv
-- Installing: /home/ubuntu/Robotics/ros2_ws/install/object_tracker/share/ament_index/resource_index/packages/object_tracker
-- Installing: /home/ubuntu/Robotics/ros2_ws/install/object_tracker/share/object_tracker/cmake/object_trackerConfig.cmake
-- Installing: /home/ubuntu/Robotics/ros2_ws/install/object_tracker/share/object_tracker/cmake/object_trackerConfig-version.cmake
-- Installing: /home/ubuntu/Robotics/ros2_ws/install/object_tracker/share/object_tracker/package.xml
