[ 50%] [32mBuilding CXX object CMakeFiles/object_tracker.dir/src/object_tracker.cpp.o[0m
[01m[K/home/ubuntu/Robotics/ros2_ws/src/object_tracker/src/object_tracker.cpp:[m[K In function ‘[01m[Kint[01;32m[K main[m[K(int, char**)[m[K’:
[01m[K/home/ubuntu/Robotics/ros2_ws/src/object_tracker/src/object_tracker.cpp:83:21:[m[K [01;35m[Kwarning: [m[Kcomparison of integer expressions of different signedness: ‘[01m[Kint[m[K’ and ‘[01m[Kstd::vector<int>::size_type[m[K’ {aka ‘[01m[Klong unsigned int[m[K’} [[01;35m[K]8;;https://gcc.gnu.org/onlinedocs/gcc/Warning-Options.html#index-Wsign-compare-Wsign-compare]8;;[m[K]
   83 |   for (int i = 0; [01;35m[Ki < trackedCoGs.size()[m[K; i++) {
      |                   [01;35m[K~~^~~~~~~~~~~~~~~~~~~~[m[K
[01m[K/home/ubuntu/Robotics/ros2_ws/src/object_tracker/src/object_tracker.cpp:87:10:[m[K [01;35m[Kwarning: [m[Kcomparison of integer expressions of different signedness: ‘[01m[Kint[m[K’ and ‘[01m[Kstd::vector<int>::size_type[m[K’ {aka ‘[01m[Klong unsigned int[m[K’} [[01;35m[K]8;;https://gcc.gnu.org/onlinedocs/gcc/Warning-Options.html#index-Wsign-compare-Wsign-compare]8;;[m[K]
   87 |     if([01;35m[Ki == trackedCoGs.size()-1[m[K) continue;
      |        [01;35m[K~~^~~~~~~~~~~~~~~~~~~~~~~[m[K
[100%] [32m[1mLinking CXX executable object_tracker[0m
[100%] Built target object_tracker
-- Install configuration: ""
-- Installing: /home/ubuntu/Robotics/ros2_ws/install/object_tracker/lib/object_tracker/object_tracker
-- Set non-toolchain portion of runtime path of "/home/ubuntu/Robotics/ros2_ws/install/object_tracker/lib/object_tracker/object_tracker" to ""
-- Installing: /home/ubuntu/Robotics/ros2_ws/install/object_tracker/include/
-- Installing: /home/ubuntu/Robotics/ros2_ws/install/object_tracker/include//object_tracker.hpp
-- Installing: /home/ubuntu/Robotics/ros2_ws/install/object_tracker/share/ament_index/resource_index/package_run_dependencies/object_tracker
-- Installing: /home/ubuntu/Robotics/ros2_ws/install/object_tracker/share/ament_index/resource_index/parent_prefix_path/object_tracker
-- Installing: /home/ubuntu/Robotics/ros2_ws/install/object_tracker/share/object_tracker/environment/ament_prefix_path.sh
-- Installing: /home/ubuntu/Robotics/ros2_ws/install/object_tracker/share/object_tracker/environment/ament_prefix_path.dsv
-- Installing: /home/ubuntu/Robotics/ros2_ws/install/object_tracker/share/object_tracker/environment/path.sh
-- Installing: /home/ubuntu/Robotics/ros2_ws/install/object_tracker/share/object_tracker/environment/path.dsv
-- Installing: /home/ubuntu/Robotics/ros2_ws/install/object_tracker/share/object_tracker/local_setup.bash
-- Installing: /home/ubuntu/Robotics/ros2_ws/install/object_tracker/share/object_tracker/local_setup.sh
-- Installing: /home/ubuntu/Robotics/ros2_ws/install/object_tracker/share/object_tracker/local_setup.zsh
-- Installing: /home/ubuntu/Robotics/ros2_ws/install/object_tracker/share/object_tracker/local_setup.dsv
-- Installing: /home/ubuntu/Robotics/ros2_ws/install/object_tracker/share/object_tracker/package.dsv
-- Installing: /home/ubuntu/Robotics/ros2_ws/install/object_tracker/share/ament_index/resource_index/packages/object_tracker
-- Installing: /home/ubuntu/Robotics/ros2_ws/install/object_tracker/share/object_tracker/cmake/object_trackerConfig.cmake
-- Installing: /home/ubuntu/Robotics/ros2_ws/install/object_tracker/share/object_tracker/cmake/object_trackerConfig-version.cmake
-- Installing: /home/ubuntu/Robotics/ros2_ws/install/object_tracker/share/object_tracker/package.xml
