[0.010s] Invoking command in '/home/ubuntu/Robotics/ros2_ws/build/cam2image_vm2ros': CMAKE_PREFIX_PATH=${CMAKE_PREFIX_PATH}:/opt/ros/jazzy /usr/bin/cmake --build /home/ubuntu/Robotics/ros2_ws/build/cam2image_vm2ros -- -j12 -l12
[0.082s] [ 22%] Built target image_brightness
[0.083s] [ 44%] Built target cam2image
[0.092s] [ 88%] Built target cam2image_vm2ros
[0.092s] [ 77%] [32mBuilding CXX object CMakeFiles/brightness_receiver.dir/src/brightness_receiver.cpp.o[0m
[3.045s] [01m[K/home/ubuntu/Robotics/ros2_ws/src/cam2image_vm2ros/src/brightness_receiver.cpp:[m[K In function ‘[01m[Kint[01;32m[K main[m[K(int, char**)[m[K’:
[3.045s] [01m[K/home/ubuntu/Robotics/ros2_ws/src/cam2image_vm2ros/src/brightness_receiver.cpp:40:33:[m[K [01;31m[Kerror: [m[K‘[01m[KImageBrightness[m[K’ was not declared in this scope
[3.045s]    40 |   rclcpp::spin(std::make_shared<[01;31m[KImageBrightness[m[K>());
[3.045s]       |                                 [01;31m[K^~~~~~~~~~~~~~~[m[K
[3.045s] [01m[K/home/ubuntu/Robotics/ros2_ws/src/cam2image_vm2ros/src/brightness_receiver.cpp:40:49:[m[K [01;31m[Kerror: [m[Kno matching function for call to ‘[01m[Kmake_shared<<expression error> >()[m[K’
[3.045s]    40 |   rclcpp::spin([01;31m[Kstd::make_shared<ImageBrightness>()[m[K);
[3.045s]       |                [01;31m[K~~~~~~~~~~~~~~~~~~~~~~~~~~~~~~~~~^~[m[K
[3.045s] In file included from [01m[K/usr/include/c++/13/memory:80[m[K,
[3.046s]                  from [01m[K/home/ubuntu/Robotics/ros2_ws/src/cam2image_vm2ros/src/brightness_receiver.cpp:2[m[K:
[3.046s] [01m[K/usr/include/c++/13/bits/shared_ptr.h:1005:5:[m[K [01;36m[Knote: [m[Kcandidate: ‘[01m[Ktemplate<class _Tp, class ... _Args> std::shared_ptr<typename std::enable_if<(! std::is_array< <template-parameter-1-1> >::value), _Tp>::type> std::[01;32m[Kmake_shared[m[K(_Args&& ...)[m[K’
[3.046s]  1005 |     [01;36m[Kmake_shared[m[K(_Args&&... __args)
[3.046s]       |     [01;36m[K^~~~~~~~~~~[m[K
[3.046s] [01m[K/usr/include/c++/13/bits/shared_ptr.h:1005:5:[m[K [01;36m[Knote: [m[K  template argument deduction/substitution failed:
[3.046s] [01m[K/home/ubuntu/Robotics/ros2_ws/src/cam2image_vm2ros/src/brightness_receiver.cpp:40:49:[m[K [01;31m[Kerror: [m[Ktemplate argument 1 is invalid
[3.046s]    40 |   rclcpp::spin([01;31m[Kstd::make_shared<ImageBrightness>()[m[K);
[3.046s]       |                [01;31m[K~~~~~~~~~~~~~~~~~~~~~~~~~~~~~~~~~^~[m[K
[5.205s] gmake[2]: *** [CMakeFiles/brightness_receiver.dir/build.make:76: CMakeFiles/brightness_receiver.dir/src/brightness_receiver.cpp.o] Error 1
[5.206s] gmake[1]: *** [CMakeFiles/Makefile2:221: CMakeFiles/brightness_receiver.dir/all] Error 2
[5.206s] gmake: *** [Makefile:146: all] Error 2
[5.209s] Invoked command in '/home/ubuntu/Robotics/ros2_ws/build/cam2image_vm2ros' returned '2': CMAKE_PREFIX_PATH=${CMAKE_PREFIX_PATH}:/opt/ros/jazzy /usr/bin/cmake --build /home/ubuntu/Robotics/ros2_ws/build/cam2image_vm2ros -- -j12 -l12
