[0.130s] Invoking command in '/home/asdfr-33/ASDfR---Assignment3_ros_ws/build/image_tools': CMAKE_PREFIX_PATH=${CMAKE_PREFIX_PATH}:/opt/ros/humble /usr/bin/cmake /home/asdfr-33/ASDfR---Assignment3_ros_ws/src/image_tools -DCMAKE_INSTALL_PREFIX=/home/asdfr-33/ASDfR---Assignment3_ros_ws/install/image_tools
[0.792s] -- The C compiler identification is GNU 11.4.0
[1.100s] -- The CXX compiler identification is GNU 11.4.0
[1.157s] -- Detecting C compiler ABI info
[1.882s] -- Detecting C compiler ABI info - done
[1.950s] -- Check for working C compiler: /usr/bin/cc - skipped
[1.951s] -- Detecting C compile features
[1.952s] -- Detecting C compile features - done
[1.984s] -- Detecting CXX compiler ABI info
[2.825s] -- Detecting CXX compiler ABI info - done
[2.935s] -- Check for working CXX compiler: /usr/bin/c++ - skipped
[2.937s] -- Detecting CXX compile features
[2.953s] -- Detecting CXX compile features - done
[2.963s] -- Found ament_cmake: 1.3.11 (/opt/ros/humble/share/ament_cmake/cmake)
[4.886s] -- Found Python3: /usr/bin/python3 (found version "3.10.12") found components: Interpreter 
[5.547s] -- Found rclcpp: 16.0.11 (/opt/ros/humble/share/rclcpp/cmake)
[5.751s] -- Found rosidl_generator_c: 3.1.6 (/opt/ros/humble/share/rosidl_generator_c/cmake)
[5.793s] -- Found rosidl_adapter: 3.1.6 (/opt/ros/humble/share/rosidl_adapter/cmake)
[5.859s] -- Found rosidl_generator_cpp: 3.1.6 (/opt/ros/humble/share/rosidl_generator_cpp/cmake)
[5.926s] -- Using all available rosidl_typesupport_c: rosidl_typesupport_fastrtps_c;rosidl_typesupport_introspection_c
[6.026s] -- Using all available rosidl_typesupport_cpp: rosidl_typesupport_fastrtps_cpp;rosidl_typesupport_introspection_cpp
[6.243s] -- Found rmw_implementation_cmake: 6.1.2 (/opt/ros/humble/share/rmw_implementation_cmake/cmake)
[6.255s] -- Found rmw_fastrtps_cpp: 6.2.7 (/opt/ros/humble/share/rmw_fastrtps_cpp/cmake)
[7.013s] -- Found OpenSSL: /usr/lib/aarch64-linux-gnu/libcrypto.so (found version "3.0.2")  
[7.124s] -- Found FastRTPS: /opt/ros/humble/include  
[7.370s] -- Using RMW implementation 'rmw_fastrtps_cpp' as default
[7.453s] -- Looking for pthread.h
[8.271s] -- Looking for pthread.h - found
[8.278s] -- Performing Test CMAKE_HAVE_LIBC_PTHREAD
[9.055s] -- Performing Test CMAKE_HAVE_LIBC_PTHREAD - Success
[9.062s] -- Found Threads: TRUE  
[9.580s] -- Found rclcpp_components: 16.0.11 (/opt/ros/humble/share/rclcpp_components/cmake)
[9.833s] -- Found sensor_msgs: 4.2.4 (/opt/ros/humble/share/sensor_msgs/cmake)
[10.170s] -- Found cv_bridge: 3.2.1 (/opt/ros/humble/share/cv_bridge/cmake)
[10.270s] -- Found OpenCV: /usr (found version "4.5.4") found components: core highgui imgcodecs imgproc videoio 
[11.239s] -- Configuring done
[11.433s] -- Generating done
[11.522s] -- Build files have been written to: /home/asdfr-33/ASDfR---Assignment3_ros_ws/build/image_tools
[11.636s] Invoked command in '/home/asdfr-33/ASDfR---Assignment3_ros_ws/build/image_tools' returned '0': CMAKE_PREFIX_PATH=${CMAKE_PREFIX_PATH}:/opt/ros/humble /usr/bin/cmake /home/asdfr-33/ASDfR---Assignment3_ros_ws/src/image_tools -DCMAKE_INSTALL_PREFIX=/home/asdfr-33/ASDfR---Assignment3_ros_ws/install/image_tools
[11.646s] Invoking command in '/home/asdfr-33/ASDfR---Assignment3_ros_ws/build/image_tools': CMAKE_PREFIX_PATH=${CMAKE_PREFIX_PATH}:/opt/ros/humble /usr/bin/cmake --build /home/asdfr-33/ASDfR---Assignment3_ros_ws/build/image_tools -- -j3 -l3
[11.992s] [ 20%] [32mBuilding CXX object CMakeFiles/cam2image.dir/rclcpp_components/node_main_cam2image.cpp.o[0m
[12.009s] [ 60%] [32mBuilding CXX object CMakeFiles/image_tools.dir/src/cam2image.cpp.o[0m
[12.013s] [ 60%] [32mBuilding CXX object CMakeFiles/image_tools.dir/src/remote_capture.cpp.o[0m
[56.754s] [ 80%] [32m[1mLinking CXX executable cam2image[0m
[57.956s] [ 80%] Built target cam2image
[119.198s] [100%] [32m[1mLinking CXX shared library libimage_tools.so[0m
[124.212s] [100%] Built target image_tools
[124.257s] Invoked command in '/home/asdfr-33/ASDfR---Assignment3_ros_ws/build/image_tools' returned '0': CMAKE_PREFIX_PATH=${CMAKE_PREFIX_PATH}:/opt/ros/humble /usr/bin/cmake --build /home/asdfr-33/ASDfR---Assignment3_ros_ws/build/image_tools -- -j3 -l3
[124.261s] Invoking command in '/home/asdfr-33/ASDfR---Assignment3_ros_ws/build/image_tools': CMAKE_PREFIX_PATH=${CMAKE_PREFIX_PATH}:/opt/ros/humble /usr/bin/cmake --install /home/asdfr-33/ASDfR---Assignment3_ros_ws/build/image_tools
[124.291s] -- Install configuration: ""
[124.293s] -- Installing: /home/asdfr-33/ASDfR---Assignment3_ros_ws/install/image_tools/lib/image_tools/cam2image
[124.307s] -- Set runtime path of "/home/asdfr-33/ASDfR---Assignment3_ros_ws/install/image_tools/lib/image_tools/cam2image" to ""
[124.309s] -- Installing: /home/asdfr-33/ASDfR---Assignment3_ros_ws/install/image_tools/lib/libimage_tools.so
[124.642s] -- Set runtime path of "/home/asdfr-33/ASDfR---Assignment3_ros_ws/install/image_tools/lib/libimage_tools.so" to ""
[124.645s] -- Installing: /home/asdfr-33/ASDfR---Assignment3_ros_ws/install/image_tools/include/image_tools
[124.647s] -- Installing: /home/asdfr-33/ASDfR---Assignment3_ros_ws/install/image_tools/include/image_tools/remote_capture.hpp
[124.650s] -- Installing: /home/asdfr-33/ASDfR---Assignment3_ros_ws/install/image_tools/include/image_tools/base64.hpp
[124.653s] -- Installing: /home/asdfr-33/ASDfR---Assignment3_ros_ws/install/image_tools/include/image_tools/cam2image.hpp
[124.656s] -- Installing: /home/asdfr-33/ASDfR---Assignment3_ros_ws/install/image_tools/include/image_tools/visibility_control.h
[124.660s] -- Installing: /home/asdfr-33/ASDfR---Assignment3_ros_ws/install/image_tools/share/image_tools/environment/library_path.sh
[124.663s] -- Installing: /home/asdfr-33/ASDfR---Assignment3_ros_ws/install/image_tools/share/image_tools/environment/library_path.dsv
[124.668s] -- Installing: /home/asdfr-33/ASDfR---Assignment3_ros_ws/install/image_tools/share/ament_index/resource_index/package_run_dependencies/image_tools
[124.673s] -- Installing: /home/asdfr-33/ASDfR---Assignment3_ros_ws/install/image_tools/share/ament_index/resource_index/parent_prefix_path/image_tools
[124.676s] -- Installing: /home/asdfr-33/ASDfR---Assignment3_ros_ws/install/image_tools/share/image_tools/environment/ament_prefix_path.sh
[124.683s] -- Installing: /home/asdfr-33/ASDfR---Assignment3_ros_ws/install/image_tools/share/image_tools/environment/ament_prefix_path.dsv
[124.686s] -- Installing: /home/asdfr-33/ASDfR---Assignment3_ros_ws/install/image_tools/share/image_tools/environment/path.sh
[124.689s] -- Installing: /home/asdfr-33/ASDfR---Assignment3_ros_ws/install/image_tools/share/image_tools/environment/path.dsv
[124.692s] -- Installing: /home/asdfr-33/ASDfR---Assignment3_ros_ws/install/image_tools/share/image_tools/local_setup.bash
[124.695s] -- Installing: /home/asdfr-33/ASDfR---Assignment3_ros_ws/install/image_tools/share/image_tools/local_setup.sh
[124.698s] -- Installing: /home/asdfr-33/ASDfR---Assignment3_ros_ws/install/image_tools/share/image_tools/local_setup.zsh
[124.702s] -- Installing: /home/asdfr-33/ASDfR---Assignment3_ros_ws/install/image_tools/share/image_tools/local_setup.dsv
[124.705s] -- Installing: /home/asdfr-33/ASDfR---Assignment3_ros_ws/install/image_tools/share/image_tools/package.dsv
[124.708s] -- Installing: /home/asdfr-33/ASDfR---Assignment3_ros_ws/install/image_tools/share/ament_index/resource_index/packages/image_tools
[124.712s] -- Installing: /home/asdfr-33/ASDfR---Assignment3_ros_ws/install/image_tools/share/ament_index/resource_index/rclcpp_components/image_tools
[124.715s] -- Installing: /home/asdfr-33/ASDfR---Assignment3_ros_ws/install/image_tools/share/image_tools/cmake/image_toolsExport.cmake
[124.718s] -- Installing: /home/asdfr-33/ASDfR---Assignment3_ros_ws/install/image_tools/share/image_tools/cmake/image_toolsExport-noconfig.cmake
[124.721s] -- Installing: /home/asdfr-33/ASDfR---Assignment3_ros_ws/install/image_tools/share/image_tools/cmake/ament_cmake_export_libraries-extras.cmake
[124.724s] -- Installing: /home/asdfr-33/ASDfR---Assignment3_ros_ws/install/image_tools/share/image_tools/cmake/ament_cmake_export_targets-extras.cmake
[124.728s] -- Installing: /home/asdfr-33/ASDfR---Assignment3_ros_ws/install/image_tools/share/image_tools/cmake/ament_cmake_export_dependencies-extras.cmake
[124.731s] -- Installing: /home/asdfr-33/ASDfR---Assignment3_ros_ws/install/image_tools/share/image_tools/cmake/image_toolsConfig.cmake
[124.734s] -- Installing: /home/asdfr-33/ASDfR---Assignment3_ros_ws/install/image_tools/share/image_tools/cmake/image_toolsConfig-version.cmake
[124.737s] -- Installing: /home/asdfr-33/ASDfR---Assignment3_ros_ws/install/image_tools/share/image_tools/package.xml
[124.756s] Invoked command in '/home/asdfr-33/ASDfR---Assignment3_ros_ws/build/image_tools' returned '0': CMAKE_PREFIX_PATH=${CMAKE_PREFIX_PATH}:/opt/ros/humble /usr/bin/cmake --install /home/asdfr-33/ASDfR---Assignment3_ros_ws/build/image_tools
