[35m[1mConsolidate compiler generated dependencies of target setpoint_generator[0m
[100%] Built target setpoint_generator
-- Install configuration: ""
-- Installing: /home/asdfr-33/ASDfR---Assignment3_ros_ws/install/assignment1_2/lib/assignment1_2/setpoint_generator
-- Set runtime path of "/home/asdfr-33/ASDfR---Assignment3_ros_ws/install/assignment1_2/lib/assignment1_2/setpoint_generator" to ""
-- Installing: /home/asdfr-33/ASDfR---Assignment3_ros_ws/install/assignment1_2/include/
-- Installing: /home/asdfr-33/ASDfR---Assignment3_ros_ws/install/assignment1_2/include//setpoint_generator.hpp
-- Installing: /home/asdfr-33/ASDfR---Assignment3_ros_ws/install/assignment1_2/share/ament_index/resource_index/package_run_dependencies/assignment1_2
-- Installing: /home/asdfr-33/ASDfR---Assignment3_ros_ws/install/assignment1_2/share/ament_index/resource_index/parent_prefix_path/assignment1_2
-- Installing: /home/asdfr-33/ASDfR---Assignment3_ros_ws/install/assignment1_2/share/assignment1_2/environment/ament_prefix_path.sh
-- Installing: /home/asdfr-33/ASDfR---Assignment3_ros_ws/install/assignment1_2/share/assignment1_2/environment/ament_prefix_path.dsv
-- Installing: /home/asdfr-33/ASDfR---Assignment3_ros_ws/install/assignment1_2/share/assignment1_2/environment/path.sh
-- Installing: /home/asdfr-33/ASDfR---Assignment3_ros_ws/install/assignment1_2/share/assignment1_2/environment/path.dsv
-- Installing: /home/asdfr-33/ASDfR---Assignment3_ros_ws/install/assignment1_2/share/assignment1_2/local_setup.bash
-- Installing: /home/asdfr-33/ASDfR---Assignment3_ros_ws/install/assignment1_2/share/assignment1_2/local_setup.sh
-- Installing: /home/asdfr-33/ASDfR---Assignment3_ros_ws/install/assignment1_2/share/assignment1_2/local_setup.zsh
-- Installing: /home/asdfr-33/ASDfR---Assignment3_ros_ws/install/assignment1_2/share/assignment1_2/local_setup.dsv
-- Installing: /home/asdfr-33/ASDfR---Assignment3_ros_ws/install/assignment1_2/share/assignment1_2/package.dsv
-- Installing: /home/asdfr-33/ASDfR---Assignment3_ros_ws/install/assignment1_2/share/ament_index/resource_index/packages/assignment1_2
-- Installing: /home/asdfr-33/ASDfR---Assignment3_ros_ws/install/assignment1_2/share/assignment1_2/cmake/assignment1_2Config.cmake
-- Installing: /home/asdfr-33/ASDfR---Assignment3_ros_ws/install/assignment1_2/share/assignment1_2/cmake/assignment1_2Config-version.cmake
-- Installing: /home/asdfr-33/ASDfR---Assignment3_ros_ws/install/assignment1_2/share/assignment1_2/package.xml
