[0.072s] Invoking command in '/home/asdfr-33/ASDfR---Assignment3_ros_ws/build/assignment1_2': CMAKE_PREFIX_PATH=${CMAKE_PREFIX_PATH}:/opt/ros/humble /usr/bin/cmake --build /home/asdfr-33/ASDfR---Assignment3_ros_ws/build/assignment1_2 -- -j3 -l3
[0.296s] [35m[1mConsolidate compiler generated dependencies of target setpoint_generator[0m
[1.421s] [100%] Built target setpoint_generator
[1.563s] Invoked command in '/home/asdfr-33/ASDfR---Assignment3_ros_ws/build/assignment1_2' returned '0': CMAKE_PREFIX_PATH=${CMAKE_PREFIX_PATH}:/opt/ros/humble /usr/bin/cmake --build /home/asdfr-33/ASDfR---Assignment3_ros_ws/build/assignment1_2 -- -j3 -l3
[1.641s] Invoking command in '/home/asdfr-33/ASDfR---Assignment3_ros_ws/build/assignment1_2': CMAKE_PREFIX_PATH=${CMAKE_PREFIX_PATH}:/opt/ros/humble /usr/bin/cmake --install /home/asdfr-33/ASDfR---Assignment3_ros_ws/build/assignment1_2
[1.686s] -- Install configuration: ""
[1.691s] -- Installing: /home/asdfr-33/ASDfR---Assignment3_ros_ws/install/assignment1_2/lib/assignment1_2/setpoint_generator
[2.235s] -- Set runtime path of "/home/asdfr-33/ASDfR---Assignment3_ros_ws/install/assignment1_2/lib/assignment1_2/setpoint_generator" to ""
[2.239s] -- Installing: /home/asdfr-33/ASDfR---Assignment3_ros_ws/install/assignment1_2/include/
[2.243s] -- Installing: /home/asdfr-33/ASDfR---Assignment3_ros_ws/install/assignment1_2/include//setpoint_generator.hpp
[2.254s] -- Installing: /home/asdfr-33/ASDfR---Assignment3_ros_ws/install/assignment1_2/share/ament_index/resource_index/package_run_dependencies/assignment1_2
[2.263s] -- Installing: /home/asdfr-33/ASDfR---Assignment3_ros_ws/install/assignment1_2/share/ament_index/resource_index/parent_prefix_path/assignment1_2
[2.271s] -- Installing: /home/asdfr-33/ASDfR---Assignment3_ros_ws/install/assignment1_2/share/assignment1_2/environment/ament_prefix_path.sh
[2.276s] -- Installing: /home/asdfr-33/ASDfR---Assignment3_ros_ws/install/assignment1_2/share/assignment1_2/environment/ament_prefix_path.dsv
[2.282s] -- Installing: /home/asdfr-33/ASDfR---Assignment3_ros_ws/install/assignment1_2/share/assignment1_2/environment/path.sh
[2.287s] -- Installing: /home/asdfr-33/ASDfR---Assignment3_ros_ws/install/assignment1_2/share/assignment1_2/environment/path.dsv
[2.292s] -- Installing: /home/asdfr-33/ASDfR---Assignment3_ros_ws/install/assignment1_2/share/assignment1_2/local_setup.bash
[2.300s] -- Installing: /home/asdfr-33/ASDfR---Assignment3_ros_ws/install/assignment1_2/share/assignment1_2/local_setup.sh
[2.311s] -- Installing: /home/asdfr-33/ASDfR---Assignment3_ros_ws/install/assignment1_2/share/assignment1_2/local_setup.zsh
[2.321s] -- Installing: /home/asdfr-33/ASDfR---Assignment3_ros_ws/install/assignment1_2/share/assignment1_2/local_setup.dsv
[2.329s] -- Installing: /home/asdfr-33/ASDfR---Assignment3_ros_ws/install/assignment1_2/share/assignment1_2/package.dsv
[2.338s] -- Installing: /home/asdfr-33/ASDfR---Assignment3_ros_ws/install/assignment1_2/share/ament_index/resource_index/packages/assignment1_2
[2.346s] -- Installing: /home/asdfr-33/ASDfR---Assignment3_ros_ws/install/assignment1_2/share/assignment1_2/cmake/assignment1_2Config.cmake
[2.355s] -- Installing: /home/asdfr-33/ASDfR---Assignment3_ros_ws/install/assignment1_2/share/assignment1_2/cmake/assignment1_2Config-version.cmake
[2.363s] -- Installing: /home/asdfr-33/ASDfR---Assignment3_ros_ws/install/assignment1_2/share/assignment1_2/package.xml
