[0.029s] Invoking command in '/home/ubuntu/Robotics/ros2_ws/build/cam2image_vm2ros': CMAKE_PREFIX_PATH=${CMAKE_PREFIX_PATH}:/opt/ros/jazzy /usr/bin/cmake --build /home/ubuntu/Robotics/ros2_ws/build/cam2image_vm2ros -- -j12 -l12
[0.148s] [ 40%] Built target cam2image
[0.176s] [100%] Built target cam2image_vm2ros
[0.220s] Invoked command in '/home/ubuntu/Robotics/ros2_ws/build/cam2image_vm2ros' returned '0': CMAKE_PREFIX_PATH=${CMAKE_PREFIX_PATH}:/opt/ros/jazzy /usr/bin/cmake --build /home/ubuntu/Robotics/ros2_ws/build/cam2image_vm2ros -- -j12 -l12
[0.222s] Invoking command in '/home/ubuntu/Robotics/ros2_ws/build/cam2image_vm2ros': CMAKE_PREFIX_PATH=${CMAKE_PREFIX_PATH}:/opt/ros/jazzy /usr/bin/cmake --install /home/ubuntu/Robotics/ros2_ws/build/cam2image_vm2ros
[0.248s] -- Install configuration: ""
[0.248s] -- Up-to-date: /home/ubuntu/Robotics/ros2_ws/install/cam2image_vm2ros/lib/cam2image_vm2ros/cam2image
[0.248s] -- Up-to-date: /home/ubuntu/Robotics/ros2_ws/install/cam2image_vm2ros/lib/libcam2image_vm2ros.so
[0.249s] -- Up-to-date: /home/ubuntu/Robotics/ros2_ws/install/cam2image_vm2ros/include/cam2image_vm2ros
[0.251s] -- Up-to-date: /home/ubuntu/Robotics/ros2_ws/install/cam2image_vm2ros/include/cam2image_vm2ros/cam2image.hpp:Zone.Identifier
[0.251s] -- Up-to-date: /home/ubuntu/Robotics/ros2_ws/install/cam2image_vm2ros/include/cam2image_vm2ros/visibility_control.h
[0.251s] -- Up-to-date: /home/ubuntu/Robotics/ros2_ws/install/cam2image_vm2ros/include/cam2image_vm2ros/base64.hpp:Zone.Identifier
[0.252s] -- Up-to-date: /home/ubuntu/Robotics/ros2_ws/install/cam2image_vm2ros/include/cam2image_vm2ros/visibility_control.h:Zone.Identifier
[0.252s] -- Up-to-date: /home/ubuntu/Robotics/ros2_ws/install/cam2image_vm2ros/include/cam2image_vm2ros/remote_capture.hpp
[0.252s] -- Up-to-date: /home/ubuntu/Robotics/ros2_ws/install/cam2image_vm2ros/include/cam2image_vm2ros/base64.hpp
[0.253s] -- Up-to-date: /home/ubuntu/Robotics/ros2_ws/install/cam2image_vm2ros/include/cam2image_vm2ros/cam2image.hpp
[0.253s] -- Up-to-date: /home/ubuntu/Robotics/ros2_ws/install/cam2image_vm2ros/include/cam2image_vm2ros/remote_capture.hpp:Zone.Identifier
[0.254s] -- Up-to-date: /home/ubuntu/Robotics/ros2_ws/install/cam2image_vm2ros/share/cam2image_vm2ros/environment/library_path.sh
[0.255s] -- Up-to-date: /home/ubuntu/Robotics/ros2_ws/install/cam2image_vm2ros/share/cam2image_vm2ros/environment/library_path.dsv
[0.255s] -- Up-to-date: /home/ubuntu/Robotics/ros2_ws/install/cam2image_vm2ros/share/ament_index/resource_index/package_run_dependencies/cam2image_vm2ros
[0.256s] -- Up-to-date: /home/ubuntu/Robotics/ros2_ws/install/cam2image_vm2ros/share/ament_index/resource_index/parent_prefix_path/cam2image_vm2ros
[0.256s] -- Up-to-date: /home/ubuntu/Robotics/ros2_ws/install/cam2image_vm2ros/share/cam2image_vm2ros/environment/ament_prefix_path.sh
[0.256s] -- Up-to-date: /home/ubuntu/Robotics/ros2_ws/install/cam2image_vm2ros/share/cam2image_vm2ros/environment/ament_prefix_path.dsv
[0.257s] -- Up-to-date: /home/ubuntu/Robotics/ros2_ws/install/cam2image_vm2ros/share/cam2image_vm2ros/environment/path.sh
[0.257s] -- Up-to-date: /home/ubuntu/Robotics/ros2_ws/install/cam2image_vm2ros/share/cam2image_vm2ros/environment/path.dsv
[0.257s] -- Up-to-date: /home/ubuntu/Robotics/ros2_ws/install/cam2image_vm2ros/share/cam2image_vm2ros/local_setup.bash
[0.258s] -- Up-to-date: /home/ubuntu/Robotics/ros2_ws/install/cam2image_vm2ros/share/cam2image_vm2ros/local_setup.sh
[0.258s] -- Up-to-date: /home/ubuntu/Robotics/ros2_ws/install/cam2image_vm2ros/share/cam2image_vm2ros/local_setup.zsh
[0.259s] -- Up-to-date: /home/ubuntu/Robotics/ros2_ws/install/cam2image_vm2ros/share/cam2image_vm2ros/local_setup.dsv
[0.259s] -- Installing: /home/ubuntu/Robotics/ros2_ws/install/cam2image_vm2ros/share/cam2image_vm2ros/package.dsv
[0.259s] -- Up-to-date: /home/ubuntu/Robotics/ros2_ws/install/cam2image_vm2ros/share/ament_index/resource_index/packages/cam2image_vm2ros
[0.260s] -- Up-to-date: /home/ubuntu/Robotics/ros2_ws/install/cam2image_vm2ros/share/ament_index/resource_index/rclcpp_components/cam2image_vm2ros
[0.260s] -- Up-to-date: /home/ubuntu/Robotics/ros2_ws/install/cam2image_vm2ros/share/cam2image_vm2ros/cmake/cam2image_vm2rosExport.cmake
[0.260s] -- Up-to-date: /home/ubuntu/Robotics/ros2_ws/install/cam2image_vm2ros/share/cam2image_vm2ros/cmake/cam2image_vm2rosExport-noconfig.cmake
[0.261s] -- Up-to-date: /home/ubuntu/Robotics/ros2_ws/install/cam2image_vm2ros/share/cam2image_vm2ros/cmake/ament_cmake_export_libraries-extras.cmake
[0.261s] -- Up-to-date: /home/ubuntu/Robotics/ros2_ws/install/cam2image_vm2ros/share/cam2image_vm2ros/cmake/ament_cmake_export_targets-extras.cmake
[0.262s] -- Up-to-date: /home/ubuntu/Robotics/ros2_ws/install/cam2image_vm2ros/share/cam2image_vm2ros/cmake/ament_cmake_export_dependencies-extras.cmake
[0.262s] -- Up-to-date: /home/ubuntu/Robotics/ros2_ws/install/cam2image_vm2ros/share/cam2image_vm2ros/cmake/cam2image_vm2rosConfig.cmake
[0.262s] -- Up-to-date: /home/ubuntu/Robotics/ros2_ws/install/cam2image_vm2ros/share/cam2image_vm2ros/cmake/cam2image_vm2rosConfig-version.cmake
[0.263s] -- Up-to-date: /home/ubuntu/Robotics/ros2_ws/install/cam2image_vm2ros/share/cam2image_vm2ros/package.xml
[0.327s] Invoked command in '/home/ubuntu/Robotics/ros2_ws/build/cam2image_vm2ros' returned '0': CMAKE_PREFIX_PATH=${CMAKE_PREFIX_PATH}:/opt/ros/jazzy /usr/bin/cmake --install /home/ubuntu/Robotics/ros2_ws/build/cam2image_vm2ros
