[01m[K/home/ubuntu/Robotics/ros2_ws/src/cam2image_vm2ros/src/image_brightness.cpp:58:2:[m[K [01;31m[Kerror: [m[Kexpected ‘[01m[K}[m[K’ at end of input
   58 | }
      |  [01;31m[K^[m[K
[01m[K/home/ubuntu/Robotics/ros2_ws/src/cam2image_vm2ros/src/image_brightness.cpp:12:1:[m[K [01;36m[Knote: [m[Kto match this ‘[01m[K{[m[K’
   12 | [01;36m[K{[m[K
      | [01;36m[K^[m[K
[01m[K/home/ubuntu/Robotics/ros2_ws/src/cam2image_vm2ros/src/image_brightness.cpp:[m[K In constructor ‘[01m[KImageBrightness::[01;32m[KImageBrightness[m[K()[m[K’:
[01m[K/home/ubuntu/Robotics/ros2_ws/src/cam2image_vm2ros/src/image_brightness.cpp:18:9:[m[K [01;31m[Kerror: [m[K‘[01m[Kpublisher_[m[K’ was not declared in this scope; did you mean ‘[01m[Krmw_publisher_t[m[K’?
   18 |         [01;31m[Kpublisher_[m[K =
      |         [01;31m[K^~~~~~~~~~[m[K
      |         [32m[Krmw_publisher_t[m[K
[01m[K/home/ubuntu/Robotics/ros2_ws/src/cam2image_vm2ros/src/image_brightness.cpp:22:9:[m[K [01;31m[Kerror: [m[K‘[01m[Ksubscription_[m[K’ was not declared in this scope; did you mean ‘[01m[Krmw_subscription_t[m[K’?
   22 |         [01;31m[Ksubscription_[m[K =
      |         [01;31m[K^~~~~~~~~~~~~[m[K
      |         [32m[Krmw_subscription_t[m[K
[01m[K/home/ubuntu/Robotics/ros2_ws/src/cam2image_vm2ros/src/image_brightness.cpp:23:77:[m[K [01;31m[Kerror: [m[K‘[01m[Ktopic_callback[m[K’ was not declared in this scope
   23 |             this->create_subscription<sensor_msgs::msg::Image>("Image", 10, [01;31m[Ktopic_callback[m[K);
      |                                                                             [01;31m[K^~~~~~~~~~~~~~[m[K
[01m[K/home/ubuntu/Robotics/ros2_ws/src/cam2image_vm2ros/src/image_brightness.cpp:26:5:[m[K [01;31m[Kerror: [m[Kexpected primary-expression before ‘[01m[Kprivate[m[K’
   26 |     [01;31m[Kprivate[m[K:
      |     [01;31m[K^~~~~~~[m[K
[01m[K/home/ubuntu/Robotics/ros2_ws/src/cam2image_vm2ros/src/image_brightness.cpp:32:31:[m[K [01;35m[Kwarning: [m[Kempty parentheses were disambiguated as a function declaration [[01;35m[K]8;;https://gcc.gnu.org/onlinedocs/gcc/Warning-Options.html#index-Wvexing-parse-Wvexing-parse]8;;[m[K]
   32 |     std::string get_brightness[01;35m[K()[m[K {
      |                               [01;35m[K^~[m[K
[01m[K/home/ubuntu/Robotics/ros2_ws/src/cam2image_vm2ros/src/image_brightness.cpp:32:31:[m[K [01;36m[Knote: [m[Kremove parentheses to default-initialize a variable
   32 |     std::string get_brightness[01;36m[K()[m[K {
      |                               [01;36m[K^~[m[K
      |                               [31m[K--[m[K
[01m[K/home/ubuntu/Robotics/ros2_ws/src/cam2image_vm2ros/src/image_brightness.cpp:32:34:[m[K [01;31m[Kerror: [m[Ka function-definition is not allowed here before ‘[01m[K{[m[K’ token
   32 |     std::string get_brightness() [01;31m[K{[m[K
      |                                  [01;31m[K^[m[K
[01m[K/home/ubuntu/Robotics/ros2_ws/src/cam2image_vm2ros/src/image_brightness.cpp:39:65:[m[K [01;31m[Kerror: [m[Ka function-definition is not allowed here before ‘[01m[K{[m[K’ token
   39 |     void topic_callback(sensor_msgs::msg::Image::SharedPtr img) [01;31m[K{[m[K
      |                                                                 [01;31m[K^[m[K
[01m[K/home/ubuntu/Robotics/ros2_ws/src/cam2image_vm2ros/src/image_brightness.cpp:[m[K At global scope:
[01m[K/home/ubuntu/Robotics/ros2_ws/src/cam2image_vm2ros/src/image_brightness.cpp:58:2:[m[K [01;31m[Kerror: [m[Kexpected unqualified-id at end of input
   58 | }
      |  [01;31m[K^[m[K
gmake[2]: *** [CMakeFiles/talker_listener_node.dir/build.make:76: CMakeFiles/talker_listener_node.dir/src/image_brightness.cpp.o] Error 1
gmake[1]: *** [CMakeFiles/Makefile2:193: CMakeFiles/talker_listener_node.dir/all] Error 2
gmake: *** [Makefile:146: all] Error 2
