[0.034s] Invoking command in '/home/ubuntu/Robotics/ros2_ws/build/assignment1_2': CMAKE_PREFIX_PATH=${CMAKE_PREFIX_PATH}:/opt/ros/jazzy /usr/bin/cmake --build /home/ubuntu/Robotics/ros2_ws/build/assignment1_2 -- -j12 -l12
[0.149s] [ 50%] [32mBuilding CXX object CMakeFiles/setpoint_generator.dir/src/setpoint_generator.cpp.o[0m
[8.792s] [100%] [32m[1mLinking CXX executable setpoint_generator[0m
[9.280s] [100%] Built target setpoint_generator
[9.296s] Invoked command in '/home/ubuntu/Robotics/ros2_ws/build/assignment1_2' returned '0': CMAKE_PREFIX_PATH=${CMAKE_PREFIX_PATH}:/opt/ros/jazzy /usr/bin/cmake --build /home/ubuntu/Robotics/ros2_ws/build/assignment1_2 -- -j12 -l12
[9.296s] Invoking command in '/home/ubuntu/Robotics/ros2_ws/build/assignment1_2': CMAKE_PREFIX_PATH=${CMAKE_PREFIX_PATH}:/opt/ros/jazzy /usr/bin/cmake --install /home/ubuntu/Robotics/ros2_ws/build/assignment1_2
[9.306s] -- Install configuration: ""
[9.306s] -- Installing: /home/ubuntu/Robotics/ros2_ws/install/assignment1_2/lib/assignment1_2/setpoint_generator
[9.315s] -- Set non-toolchain portion of runtime path of "/home/ubuntu/Robotics/ros2_ws/install/assignment1_2/lib/assignment1_2/setpoint_generator" to ""
[9.316s] -- Up-to-date: /home/ubuntu/Robotics/ros2_ws/install/assignment1_2/include/
[9.316s] -- Installing: /home/ubuntu/Robotics/ros2_ws/install/assignment1_2/include//setpoint_generator.hpp
[9.316s] -- Up-to-date: /home/ubuntu/Robotics/ros2_ws/install/assignment1_2/share/ament_index/resource_index/package_run_dependencies/assignment1_2
[9.316s] -- Up-to-date: /home/ubuntu/Robotics/ros2_ws/install/assignment1_2/share/ament_index/resource_index/parent_prefix_path/assignment1_2
[9.317s] -- Up-to-date: /home/ubuntu/Robotics/ros2_ws/install/assignment1_2/share/assignment1_2/environment/ament_prefix_path.sh
[9.317s] -- Up-to-date: /home/ubuntu/Robotics/ros2_ws/install/assignment1_2/share/assignment1_2/environment/ament_prefix_path.dsv
[9.317s] -- Up-to-date: /home/ubuntu/Robotics/ros2_ws/install/assignment1_2/share/assignment1_2/environment/path.sh
[9.317s] -- Up-to-date: /home/ubuntu/Robotics/ros2_ws/install/assignment1_2/share/assignment1_2/environment/path.dsv
[9.318s] -- Up-to-date: /home/ubuntu/Robotics/ros2_ws/install/assignment1_2/share/assignment1_2/local_setup.bash
[9.318s] -- Up-to-date: /home/ubuntu/Robotics/ros2_ws/install/assignment1_2/share/assignment1_2/local_setup.sh
[9.318s] -- Up-to-date: /home/ubuntu/Robotics/ros2_ws/install/assignment1_2/share/assignment1_2/local_setup.zsh
[9.318s] -- Up-to-date: /home/ubuntu/Robotics/ros2_ws/install/assignment1_2/share/assignment1_2/local_setup.dsv
[9.318s] -- Installing: /home/ubuntu/Robotics/ros2_ws/install/assignment1_2/share/assignment1_2/package.dsv
[9.318s] -- Up-to-date: /home/ubuntu/Robotics/ros2_ws/install/assignment1_2/share/ament_index/resource_index/packages/assignment1_2
[9.318s] -- Up-to-date: /home/ubuntu/Robotics/ros2_ws/install/assignment1_2/share/assignment1_2/cmake/assignment1_2Config.cmake
[9.319s] -- Up-to-date: /home/ubuntu/Robotics/ros2_ws/install/assignment1_2/share/assignment1_2/cmake/assignment1_2Config-version.cmake
[9.319s] -- Up-to-date: /home/ubuntu/Robotics/ros2_ws/install/assignment1_2/share/assignment1_2/package.xml
[9.320s] Invoked command in '/home/ubuntu/Robotics/ros2_ws/build/assignment1_2' returned '0': CMAKE_PREFIX_PATH=${CMAKE_PREFIX_PATH}:/opt/ros/jazzy /usr/bin/cmake --install /home/ubuntu/Robotics/ros2_ws/build/assignment1_2
