[ 16%] [32mBuilding CXX object CMakeFiles/object_position_indicator.dir/src/object_position_indicator.cpp.o[0m
[ 33%] [32mBuilding CXX object CMakeFiles/image_brightness.dir/src/image_brightness.cpp.o[0m
[ 50%] [32mBuilding CXX object CMakeFiles/brightness_receiver.dir/src/brightness_receiver.cpp.o[0m
[ 66%] [32m[1mLinking CXX executable brightness_receiver[0m
[ 66%] Built target brightness_receiver
[ 83%] [32m[1mLinking CXX executable image_brightness[0m
[ 83%] Built target image_brightness
[100%] [32m[1mLinking CXX executable object_position_indicator[0m
[100%] Built target object_position_indicator
-- Install configuration: ""
-- Installing: /home/asdfr-33/ASDfR---Assignment3_ros_ws/install/assignment1_1/lib/assignment1_1/image_brightness
-- Set runtime path of "/home/asdfr-33/ASDfR---Assignment3_ros_ws/install/assignment1_1/lib/assignment1_1/image_brightness" to ""
-- Installing: /home/asdfr-33/ASDfR---Assignment3_ros_ws/install/assignment1_1/lib/assignment1_1/brightness_receiver
-- Set runtime path of "/home/asdfr-33/ASDfR---Assignment3_ros_ws/install/assignment1_1/lib/assignment1_1/brightness_receiver" to ""
-- Installing: /home/asdfr-33/ASDfR---Assignment3_ros_ws/install/assignment1_1/lib/assignment1_1/object_position_indicator
-- Set runtime path of "/home/asdfr-33/ASDfR---Assignment3_ros_ws/install/assignment1_1/lib/assignment1_1/object_position_indicator" to ""
-- Installing: /home/asdfr-33/ASDfR---Assignment3_ros_ws/install/assignment1_1/share/ament_index/resource_index/package_run_dependencies/assignment1_1
-- Installing: /home/asdfr-33/ASDfR---Assignment3_ros_ws/install/assignment1_1/share/ament_index/resource_index/parent_prefix_path/assignment1_1
-- Installing: /home/asdfr-33/ASDfR---Assignment3_ros_ws/install/assignment1_1/share/assignment1_1/environment/ament_prefix_path.sh
-- Installing: /home/asdfr-33/ASDfR---Assignment3_ros_ws/install/assignment1_1/share/assignment1_1/environment/ament_prefix_path.dsv
-- Installing: /home/asdfr-33/ASDfR---Assignment3_ros_ws/install/assignment1_1/share/assignment1_1/environment/path.sh
-- Installing: /home/asdfr-33/ASDfR---Assignment3_ros_ws/install/assignment1_1/share/assignment1_1/environment/path.dsv
-- Installing: /home/asdfr-33/ASDfR---Assignment3_ros_ws/install/assignment1_1/share/assignment1_1/local_setup.bash
-- Installing: /home/asdfr-33/ASDfR---Assignment3_ros_ws/install/assignment1_1/share/assignment1_1/local_setup.sh
-- Installing: /home/asdfr-33/ASDfR---Assignment3_ros_ws/install/assignment1_1/share/assignment1_1/local_setup.zsh
-- Installing: /home/asdfr-33/ASDfR---Assignment3_ros_ws/install/assignment1_1/share/assignment1_1/local_setup.dsv
-- Installing: /home/asdfr-33/ASDfR---Assignment3_ros_ws/install/assignment1_1/share/assignment1_1/package.dsv
-- Installing: /home/asdfr-33/ASDfR---Assignment3_ros_ws/install/assignment1_1/share/ament_index/resource_index/packages/assignment1_1
-- Installing: /home/asdfr-33/ASDfR---Assignment3_ros_ws/install/assignment1_1/share/assignment1_1/cmake/assignment1_1Config.cmake
-- Installing: /home/asdfr-33/ASDfR---Assignment3_ros_ws/install/assignment1_1/share/assignment1_1/cmake/assignment1_1Config-version.cmake
-- Installing: /home/asdfr-33/ASDfR---Assignment3_ros_ws/install/assignment1_1/share/assignment1_1/package.xml
