[0.013s] Invoking command in '/home/ubuntu/Robotics/ros2_ws/build/assignment1_2': CMAKE_PREFIX_PATH=${CMAKE_PREFIX_PATH}:/opt/ros/jazzy /usr/bin/cmake /home/ubuntu/Robotics/ros2_ws/src/assignment1_2 -DCMAKE_INSTALL_PREFIX=/home/ubuntu/Robotics/ros2_ws/install/assignment1_2
[0.030s] -- Found ament_cmake: 2.5.5 (/opt/ros/jazzy/share/ament_cmake/cmake)
[0.257s] -- Found rclcpp: 28.1.16 (/opt/ros/jazzy/share/rclcpp/cmake)
[0.527s] -- Found rosidl_generator_c: 4.6.7 (/opt/ros/jazzy/share/rosidl_generator_c/cmake)
[0.537s] -- Found rosidl_generator_cpp: 4.6.7 (/opt/ros/jazzy/share/rosidl_generator_cpp/cmake)
[0.549s] -- Using all available rosidl_typesupport_c: rosidl_typesupport_fastrtps_c;rosidl_typesupport_introspection_c
[0.563s] -- Using all available rosidl_typesupport_cpp: rosidl_typesupport_fastrtps_cpp;rosidl_typesupport_introspection_cpp
[0.630s] -- Found rmw_implementation_cmake: 7.3.3 (/opt/ros/jazzy/share/rmw_implementation_cmake/cmake)
[0.631s] -- Found rmw_fastrtps_cpp: 8.4.3 (/opt/ros/jazzy/share/rmw_fastrtps_cpp/cmake)
[1.004s] -- Using RMW implementation 'rmw_fastrtps_cpp' as default
[1.296s] -- Found example_interfaces: 0.12.0 (/opt/ros/jazzy/share/example_interfaces/cmake)
[1.352s] -- Found geometry_msgs: 5.3.6 (/opt/ros/jazzy/share/geometry_msgs/cmake)
[1.421s] -- Found ament_lint_auto: 0.17.4 (/opt/ros/jazzy/share/ament_lint_auto/cmake)
[1.640s] -- Added test 'cppcheck' to perform static code analysis on C / C++ code
[1.640s] -- Configured cppcheck include dirs: 
[1.640s] -- Configured cppcheck exclude dirs and/or files: 
[1.645s] -- Added test 'lint_cmake' to check CMake code style
[1.648s] -- Added test 'uncrustify' to check C / C++ code style
[1.648s] -- Configured uncrustify additional arguments: 
[1.650s] -- Added test 'xmllint' to check XML markup files
[1.654s] -- Configuring done (1.6s)
[1.692s] -- Generating done (0.0s)
[1.696s] -- Build files have been written to: /home/ubuntu/Robotics/ros2_ws/build/assignment1_2
[1.706s] Invoked command in '/home/ubuntu/Robotics/ros2_ws/build/assignment1_2' returned '0': CMAKE_PREFIX_PATH=${CMAKE_PREFIX_PATH}:/opt/ros/jazzy /usr/bin/cmake /home/ubuntu/Robotics/ros2_ws/src/assignment1_2 -DCMAKE_INSTALL_PREFIX=/home/ubuntu/Robotics/ros2_ws/install/assignment1_2
[1.707s] Invoking command in '/home/ubuntu/Robotics/ros2_ws/build/assignment1_2': CMAKE_PREFIX_PATH=${CMAKE_PREFIX_PATH}:/opt/ros/jazzy /usr/bin/cmake --build /home/ubuntu/Robotics/ros2_ws/build/assignment1_2 -- -j12 -l12
[1.767s] [ 50%] [32mBuilding CXX object CMakeFiles/setpoint_generator.dir/src/setpoint_generator.cpp.o[0m
[1.948s] [01m[K/home/ubuntu/Robotics/ros2_ws/src/assignment1_2/src/setpoint_generator.cpp:1:10:[m[K [01;31m[Kfatal error: [m[Ksetpoint_generator.hpp: No such file or directory
[1.948s]     1 | #include [01;31m[K"setpoint_generator.hpp"[m[K
[1.948s]       |          [01;31m[K^~~~~~~~~~~~~~~~~~~~~~~~[m[K
[1.948s] compilation terminated.
[1.950s] gmake[2]: *** [CMakeFiles/setpoint_generator.dir/build.make:76: CMakeFiles/setpoint_generator.dir/src/setpoint_generator.cpp.o] Error 1
[1.951s] gmake[1]: *** [CMakeFiles/Makefile2:137: CMakeFiles/setpoint_generator.dir/all] Error 2
[1.951s] gmake: *** [Makefile:146: all] Error 2
[1.954s] Invoked command in '/home/ubuntu/Robotics/ros2_ws/build/assignment1_2' returned '2': CMAKE_PREFIX_PATH=${CMAKE_PREFIX_PATH}:/opt/ros/jazzy /usr/bin/cmake --build /home/ubuntu/Robotics/ros2_ws/build/assignment1_2 -- -j12 -l12
