[0.010s] Invoking command in '/home/ubuntu/Robotics/ros2_ws/build/cam2image_vm2ros': CMAKE_PREFIX_PATH=${CMAKE_PREFIX_PATH}:/opt/ros/jazzy /usr/bin/cmake --build /home/ubuntu/Robotics/ros2_ws/build/cam2image_vm2ros -- -j12 -l12
[0.041s] -- Found ament_cmake: 2.5.5 (/opt/ros/jazzy/share/ament_cmake/cmake)
[0.262s] -- Found rclcpp: 28.1.16 (/opt/ros/jazzy/share/rclcpp/cmake)
[0.530s] -- Found rosidl_generator_c: 4.6.7 (/opt/ros/jazzy/share/rosidl_generator_c/cmake)
[0.541s] -- Found rosidl_generator_cpp: 4.6.7 (/opt/ros/jazzy/share/rosidl_generator_cpp/cmake)
[0.555s] -- Using all available rosidl_typesupport_c: rosidl_typesupport_fastrtps_c;rosidl_typesupport_introspection_c
[0.571s] -- Using all available rosidl_typesupport_cpp: rosidl_typesupport_fastrtps_cpp;rosidl_typesupport_introspection_cpp
[0.656s] -- Found rmw_implementation_cmake: 7.3.3 (/opt/ros/jazzy/share/rmw_implementation_cmake/cmake)
[0.658s] -- Found rmw_fastrtps_cpp: 8.4.3 (/opt/ros/jazzy/share/rmw_fastrtps_cpp/cmake)
[1.040s] -- Using RMW implementation 'rmw_fastrtps_cpp' as default
[1.346s] -- Found rclcpp_components: 28.1.16 (/opt/ros/jazzy/share/rclcpp_components/cmake)
[1.386s] -- Found sensor_msgs: 5.3.6 (/opt/ros/jazzy/share/sensor_msgs/cmake)
[1.460s] -- Found cv_bridge: 4.1.0 (/opt/ros/jazzy/share/cv_bridge/cmake)
[3.726s] [31mCMake Error at CMakeLists.txt:21 (find_package):
[3.726s]   By not providing "Findchrono.cmake" in CMAKE_MODULE_PATH this project has
[3.726s]   asked CMake to find a package configuration file provided by "chrono", but
[3.726s]   CMake did not find one.
[3.726s] 
[3.726s]   Could not find a package configuration file provided by "chrono" with any
[3.726s]   of the following names:
[3.726s] 
[3.726s]     chronoConfig.cmake
[3.727s]     chrono-config.cmake
[3.727s] 
[3.727s]   Add the installation prefix of "chrono" to CMAKE_PREFIX_PATH or set
[3.727s]   "chrono_DIR" to a directory containing one of the above files.  If "chrono"
[3.727s]   provides a separate development package or SDK, be sure it has been
[3.727s]   installed.
[3.727s] 
[3.727s] [0m
[3.727s] -- Configuring incomplete, errors occurred!
[3.775s] gmake: *** [Makefile:376: cmake_check_build_system] Error 1
[3.778s] Invoked command in '/home/ubuntu/Robotics/ros2_ws/build/cam2image_vm2ros' returned '2': CMAKE_PREFIX_PATH=${CMAKE_PREFIX_PATH}:/opt/ros/jazzy /usr/bin/cmake --build /home/ubuntu/Robotics/ros2_ws/build/cam2image_vm2ros -- -j12 -l12
