[0.013s] Invoking command in '/home/ubuntu/Robotics/ros2_ws/build/cam2image_vm2ros': CMAKE_PREFIX_PATH=${CMAKE_PREFIX_PATH}:/opt/ros/jazzy /usr/bin/cmake --build /home/ubuntu/Robotics/ros2_ws/build/cam2image_vm2ros -- -j12 -l12
[0.039s] -- Found ament_cmake: 2.5.5 (/opt/ros/jazzy/share/ament_cmake/cmake)
[0.268s] -- Found rclcpp: 28.1.16 (/opt/ros/jazzy/share/rclcpp/cmake)
[0.546s] -- Found rosidl_generator_c: 4.6.7 (/opt/ros/jazzy/share/rosidl_generator_c/cmake)
[0.557s] -- Found rosidl_generator_cpp: 4.6.7 (/opt/ros/jazzy/share/rosidl_generator_cpp/cmake)
[0.571s] -- Using all available rosidl_typesupport_c: rosidl_typesupport_fastrtps_c;rosidl_typesupport_introspection_c
[0.585s] -- Using all available rosidl_typesupport_cpp: rosidl_typesupport_fastrtps_cpp;rosidl_typesupport_introspection_cpp
[0.646s] -- Found rmw_implementation_cmake: 7.3.3 (/opt/ros/jazzy/share/rmw_implementation_cmake/cmake)
[0.648s] -- Found rmw_fastrtps_cpp: 8.4.3 (/opt/ros/jazzy/share/rmw_fastrtps_cpp/cmake)
[1.030s] -- Using RMW implementation 'rmw_fastrtps_cpp' as default
[1.374s] -- Found rclcpp_components: 28.1.16 (/opt/ros/jazzy/share/rclcpp_components/cmake)
[1.413s] -- Found sensor_msgs: 5.3.6 (/opt/ros/jazzy/share/sensor_msgs/cmake)
[1.493s] -- Found cv_bridge: 4.1.0 (/opt/ros/jazzy/share/cv_bridge/cmake)
[1.617s] -- Configuring done (1.6s)
[1.907s] -- Generating done (0.3s)
[1.919s] -- Build files have been written to: /home/ubuntu/Robotics/ros2_ws/build/cam2image_vm2ros
[1.969s] [  9%] [32mBuilding CXX object CMakeFiles/object_position_indicator.dir/src/object_position_indicator.cpp.o[0m
[1.999s] [ 45%] Built target cam2image
[1.999s] [ 36%] Built target brightness_receiver
[2.020s] [ 54%] [32mBuilding CXX object CMakeFiles/image_brightness.dir/src/image_brightness.cpp.o[0m
[2.072s] [ 81%] Built target cam2image_vm2ros
[4.372s] [01m[K/home/ubuntu/Robotics/ros2_ws/src/cam2image_vm2ros/src/object_position_indicator.cpp:7:10:[m[K [01;31m[Kfatal error: [m[Kgeometry_msgs/msg/Pose2D.hpp: No such file or directory
[4.372s]     7 | #include [01;31m[K"geometry_msgs/msg/Pose2D.hpp"[m[K
[4.372s]       |          [01;31m[K^~~~~~~~~~~~~~~~~~~~~~~~~~~~~~[m[K
[4.372s] compilation terminated.
[4.399s] gmake[2]: *** [CMakeFiles/object_position_indicator.dir/build.make:76: CMakeFiles/object_position_indicator.dir/src/object_position_indicator.cpp.o] Error 1
[4.399s] gmake[1]: *** [CMakeFiles/Makefile2:249: CMakeFiles/object_position_indicator.dir/all] Error 2
[4.399s] gmake[1]: *** Waiting for unfinished jobs....
[17.531s] [ 90%] [32m[1mLinking CXX executable image_brightness[0m
[20.355s] [ 90%] Built target image_brightness
[20.357s] gmake: *** [Makefile:146: all] Error 2
[20.360s] Invoked command in '/home/ubuntu/Robotics/ros2_ws/build/cam2image_vm2ros' returned '2': CMAKE_PREFIX_PATH=${CMAKE_PREFIX_PATH}:/opt/ros/jazzy /usr/bin/cmake --build /home/ubuntu/Robotics/ros2_ws/build/cam2image_vm2ros -- -j12 -l12
