[0.013s] Invoking command in '/home/ubuntu/Robotics/ros2_ws/build/assignment1_2': CMAKE_PREFIX_PATH=${CMAKE_PREFIX_PATH}:/opt/ros/jazzy /usr/bin/cmake /home/ubuntu/Robotics/ros2_ws/src/assignment1_2 -DCMAKE_INSTALL_PREFIX=/home/ubuntu/Robotics/ros2_ws/install/assignment1_2
[0.026s] -- Found ament_cmake: 2.5.5 (/opt/ros/jazzy/share/ament_cmake/cmake)
[0.372s] -- Found rclcpp: 28.1.16 (/opt/ros/jazzy/share/rclcpp/cmake)
[1.174s] -- Found rosidl_generator_c: 4.6.7 (/opt/ros/jazzy/share/rosidl_generator_c/cmake)
[1.232s] -- Found rosidl_generator_cpp: 4.6.7 (/opt/ros/jazzy/share/rosidl_generator_cpp/cmake)
[1.407s] -- Using all available rosidl_typesupport_c: rosidl_typesupport_fastrtps_c;rosidl_typesupport_introspection_c
[1.513s] -- Using all available rosidl_typesupport_cpp: rosidl_typesupport_fastrtps_cpp;rosidl_typesupport_introspection_cpp
[1.837s] -- Found rmw_implementation_cmake: 7.3.3 (/opt/ros/jazzy/share/rmw_implementation_cmake/cmake)
[1.850s] -- Found rmw_fastrtps_cpp: 8.4.3 (/opt/ros/jazzy/share/rmw_fastrtps_cpp/cmake)
[2.230s] -- Found OpenSSL: /usr/lib/x86_64-linux-gnu/libcrypto.so (found version "3.0.13")  
[2.551s] -- Found FastRTPS: /opt/ros/jazzy/include (Required is at least version "2.13") 
[2.745s] -- Using RMW implementation 'rmw_fastrtps_cpp' as default
[5.454s] [33mCMake Warning at CMakeLists.txt:11 (find_package):
[5.454s]   By not providing "Findexample_msgs.cmake" in CMAKE_MODULE_PATH this project
[5.454s]   has asked CMake to find a package configuration file provided by
[5.454s]   "example_msgs", but CMake did not find one.
[5.454s] 
[5.454s]   Could not find a package configuration file provided by "example_msgs" with
[5.455s]   any of the following names:
[5.455s] 
[5.455s]     example_msgsConfig.cmake
[5.455s]     example_msgs-config.cmake
[5.455s] 
[5.455s]   Add the installation prefix of "example_msgs" to CMAKE_PREFIX_PATH or set
[5.455s]   "example_msgs_DIR" to a directory containing one of the above files.  If
[5.455s]   "example_msgs" provides a separate development package or SDK, be sure it
[5.455s]   has been installed.
[5.455s] 
[5.455s] [0m
[5.688s] -- Found geometry_msgs: 5.3.6 (/opt/ros/jazzy/share/geometry_msgs/cmake)
[5.800s] [31mCMake Error at /opt/ros/jazzy/share/ament_cmake_target_dependencies/cmake/ament_target_dependencies.cmake:77 (message):
[5.800s]   ament_target_dependencies() the passed package name 'example_msgs' was not
[5.800s]   found before
[5.800s] Call Stack (most recent call first):
[5.800s]   CMakeLists.txt:19 (ament_target_dependencies)
[5.800s] 
[5.800s] [0m
[5.800s] -- Configuring incomplete, errors occurred!
[5.808s] Invoked command in '/home/ubuntu/Robotics/ros2_ws/build/assignment1_2' returned '1': CMAKE_PREFIX_PATH=${CMAKE_PREFIX_PATH}:/opt/ros/jazzy /usr/bin/cmake /home/ubuntu/Robotics/ros2_ws/src/assignment1_2 -DCMAKE_INSTALL_PREFIX=/home/ubuntu/Robotics/ros2_ws/install/assignment1_2
