[0.035s] Invoking command in '/home/ubuntu/Robotics/ros2_ws/build/assignment1_1': /usr/bin/cmake /home/ubuntu/Robotics/ros2_ws/src/assignment1_1 -DCMAKE_INSTALL_PREFIX=/home/ubuntu/Robotics/ros2_ws/install/assignment1_1
[1.233s] -- The C compiler identification is GNU 13.3.0
[3.206s] -- The CXX compiler identification is GNU 13.3.0
[4.441s] -- Detecting C compiler ABI info
[5.064s] -- Detecting C compiler ABI info - done
[5.085s] -- Check for working C compiler: /usr/bin/cc - skipped
[5.087s] -- Detecting C compile features
[5.089s] -- Detecting C compile features - done
[5.237s] -- Detecting CXX compiler ABI info
[5.781s] -- Detecting CXX compiler ABI info - done
[5.806s] -- Check for working CXX compiler: /usr/bin/c++ - skipped
[5.807s] -- Detecting CXX compile features
[5.808s] -- Detecting CXX compile features - done
[7.486s] -- Configuring incomplete, errors occurred!
[7.499s] [31mCMake Error at CMakeLists.txt:9 (find_package):
[7.499s]   By not providing "Findament_cmake.cmake" in CMAKE_MODULE_PATH this project
[7.499s]   has asked CMake to find a package configuration file provided by
[7.500s]   "ament_cmake", but CMake did not find one.
[7.500s] 
[7.500s]   Could not find a package configuration file provided by "ament_cmake" with
[7.500s]   any of the following names:
[7.501s] 
[7.501s]     ament_cmakeConfig.cmake
[7.501s]     ament_cmake-config.cmake
[7.501s] 
[7.501s]   Add the installation prefix of "ament_cmake" to CMAKE_PREFIX_PATH or set
[7.502s]   "ament_cmake_DIR" to a directory containing one of the above files.  If
[7.502s]   "ament_cmake" provides a separate development package or SDK, be sure it
[7.502s]   has been installed.
[7.502s] 
[7.503s] [0m
[7.526s] Invoked command in '/home/ubuntu/Robotics/ros2_ws/build/assignment1_1' returned '1': /usr/bin/cmake /home/ubuntu/Robotics/ros2_ws/src/assignment1_1 -DCMAKE_INSTALL_PREFIX=/home/ubuntu/Robotics/ros2_ws/install/assignment1_1
