[0.069s] Invoking command in '/home/asdfr-33/ASDfR---Assignment3_ros_ws/build/relbot_msgs': CMAKE_PREFIX_PATH=${CMAKE_PREFIX_PATH}:/opt/ros/humble /usr/bin/cmake --build /home/asdfr-33/ASDfR---Assignment3_ros_ws/build/relbot_msgs -- -j3 -l3
[0.338s] [  2%] Built target relbot_msgs__cpp
[0.392s] [ 12%] Built target relbot_msgs__rosidl_generator_c
[0.500s] [ 12%] Built target ament_cmake_python_copy_relbot_msgs
[0.621s] [ 23%] Built target relbot_msgs__rosidl_typesupport_cpp
[0.635s] [ 33%] Built target relbot_msgs__rosidl_typesupport_fastrtps_cpp
[0.812s] [ 43%] Built target relbot_msgs__rosidl_typesupport_introspection_cpp
[1.007s] [ 53%] Built target relbot_msgs__rosidl_typesupport_fastrtps_c
[1.155s] [ 64%] Built target relbot_msgs__rosidl_typesupport_introspection_c
[1.342s] [ 74%] Built target relbot_msgs__rosidl_typesupport_c
[1.619s] [ 74%] Built target relbot_msgs
[1.910s] [ 76%] Built target relbot_msgs__py
[2.094s] [ 84%] Built target relbot_msgs__rosidl_generator_py
[2.386s] [ 89%] Built target relbot_msgs__rosidl_typesupport_introspection_c__pyext
[2.403s] [ 94%] Built target relbot_msgs__rosidl_typesupport_fastrtps_c__pyext
[2.601s] [100%] Built target relbot_msgs__rosidl_typesupport_c__pyext
[3.747s] running egg_info
[3.750s] writing relbot_msgs.egg-info/PKG-INFO
[3.752s] writing dependency_links to relbot_msgs.egg-info/dependency_links.txt
[3.753s] writing top-level names to relbot_msgs.egg-info/top_level.txt
[3.765s] reading manifest file 'relbot_msgs.egg-info/SOURCES.txt'
[3.767s] writing manifest file 'relbot_msgs.egg-info/SOURCES.txt'
[3.915s] [100%] Built target ament_cmake_python_build_relbot_msgs_egg
[3.961s] Invoked command in '/home/asdfr-33/ASDfR---Assignment3_ros_ws/build/relbot_msgs' returned '0': CMAKE_PREFIX_PATH=${CMAKE_PREFIX_PATH}:/opt/ros/humble /usr/bin/cmake --build /home/asdfr-33/ASDfR---Assignment3_ros_ws/build/relbot_msgs -- -j3 -l3
[3.966s] Invoking command in '/home/asdfr-33/ASDfR---Assignment3_ros_ws/build/relbot_msgs': CMAKE_PREFIX_PATH=${CMAKE_PREFIX_PATH}:/opt/ros/humble /usr/bin/cmake --install /home/asdfr-33/ASDfR---Assignment3_ros_ws/build/relbot_msgs
[3.996s] -- Install configuration: ""
[3.998s] -- Up-to-date: /home/asdfr-33/ASDfR---Assignment3_ros_ws/install/relbot_msgs/share/ament_index/resource_index/rosidl_interfaces/relbot_msgs
[4.001s] -- Up-to-date: /home/asdfr-33/ASDfR---Assignment3_ros_ws/install/relbot_msgs/include/relbot_msgs/relbot_msgs
[4.003s] -- Up-to-date: /home/asdfr-33/ASDfR---Assignment3_ros_ws/install/relbot_msgs/include/relbot_msgs/relbot_msgs/msg
[4.005s] -- Up-to-date: /home/asdfr-33/ASDfR---Assignment3_ros_ws/install/relbot_msgs/include/relbot_msgs/relbot_msgs/msg/relbot_motors_stamped.h
[4.007s] -- Up-to-date: /home/asdfr-33/ASDfR---Assignment3_ros_ws/install/relbot_msgs/include/relbot_msgs/relbot_msgs/msg/detail
[4.009s] -- Up-to-date: /home/asdfr-33/ASDfR---Assignment3_ros_ws/install/relbot_msgs/include/relbot_msgs/relbot_msgs/msg/detail/relbot_motors__type_support.h
[4.011s] -- Up-to-date: /home/asdfr-33/ASDfR---Assignment3_ros_ws/install/relbot_msgs/include/relbot_msgs/relbot_msgs/msg/detail/relbot_motors__functions.h
[4.013s] -- Up-to-date: /home/asdfr-33/ASDfR---Assignment3_ros_ws/install/relbot_msgs/include/relbot_msgs/relbot_msgs/msg/detail/relbot_motors_stamped__functions.h
[4.014s] -- Up-to-date: /home/asdfr-33/ASDfR---Assignment3_ros_ws/install/relbot_msgs/include/relbot_msgs/relbot_msgs/msg/detail/relbot_motors_stamped__type_support.h
[4.015s] -- Up-to-date: /home/asdfr-33/ASDfR---Assignment3_ros_ws/install/relbot_msgs/include/relbot_msgs/relbot_msgs/msg/detail/relbot_motors_stamped__struct.h
[4.024s] -- Up-to-date: /home/asdfr-33/ASDfR---Assignment3_ros_ws/install/relbot_msgs/include/relbot_msgs/relbot_msgs/msg/detail/relbot_motors_stamped__functions.c
[4.025s] -- Up-to-date: /home/asdfr-33/ASDfR---Assignment3_ros_ws/install/relbot_msgs/include/relbot_msgs/relbot_msgs/msg/detail/relbot_motors__struct.h
[4.026s] -- Up-to-date: /home/asdfr-33/ASDfR---Assignment3_ros_ws/install/relbot_msgs/include/relbot_msgs/relbot_msgs/msg/detail/relbot_motors__functions.c
[4.028s] -- Up-to-date: /home/asdfr-33/ASDfR---Assignment3_ros_ws/install/relbot_msgs/include/relbot_msgs/relbot_msgs/msg/rosidl_generator_c__visibility_control.h
[4.029s] -- Up-to-date: /home/asdfr-33/ASDfR---Assignment3_ros_ws/install/relbot_msgs/include/relbot_msgs/relbot_msgs/msg/relbot_motors.h
[4.030s] -- Up-to-date: /home/asdfr-33/ASDfR---Assignment3_ros_ws/install/relbot_msgs/share/relbot_msgs/environment/library_path.sh
[4.040s] -- Up-to-date: /home/asdfr-33/ASDfR---Assignment3_ros_ws/install/relbot_msgs/share/relbot_msgs/environment/library_path.dsv
[4.042s] -- Up-to-date: /home/asdfr-33/ASDfR---Assignment3_ros_ws/install/relbot_msgs/lib/librelbot_msgs__rosidl_generator_c.so
[4.048s] -- Up-to-date: /home/asdfr-33/ASDfR---Assignment3_ros_ws/install/relbot_msgs/include/relbot_msgs/relbot_msgs
[4.049s] -- Up-to-date: /home/asdfr-33/ASDfR---Assignment3_ros_ws/install/relbot_msgs/include/relbot_msgs/relbot_msgs/msg
[4.054s] -- Up-to-date: /home/asdfr-33/ASDfR---Assignment3_ros_ws/install/relbot_msgs/include/relbot_msgs/relbot_msgs/msg/rosidl_typesupport_fastrtps_c__visibility_control.h
[4.055s] -- Up-to-date: /home/asdfr-33/ASDfR---Assignment3_ros_ws/install/relbot_msgs/include/relbot_msgs/relbot_msgs/msg/detail
[4.056s] -- Up-to-date: /home/asdfr-33/ASDfR---Assignment3_ros_ws/install/relbot_msgs/include/relbot_msgs/relbot_msgs/msg/detail/relbot_motors_stamped__rosidl_typesupport_fastrtps_c.h
[4.057s] -- Up-to-date: /home/asdfr-33/ASDfR---Assignment3_ros_ws/install/relbot_msgs/include/relbot_msgs/relbot_msgs/msg/detail/relbot_motors__rosidl_typesupport_fastrtps_c.h
[4.059s] -- Up-to-date: /home/asdfr-33/ASDfR---Assignment3_ros_ws/install/relbot_msgs/lib/librelbot_msgs__rosidl_typesupport_fastrtps_c.so
[4.069s] -- Up-to-date: /home/asdfr-33/ASDfR---Assignment3_ros_ws/install/relbot_msgs/include/relbot_msgs/relbot_msgs
[4.070s] -- Up-to-date: /home/asdfr-33/ASDfR---Assignment3_ros_ws/install/relbot_msgs/include/relbot_msgs/relbot_msgs/msg
[4.075s] -- Up-to-date: /home/asdfr-33/ASDfR---Assignment3_ros_ws/install/relbot_msgs/include/relbot_msgs/relbot_msgs/msg/detail
[4.076s] -- Up-to-date: /home/asdfr-33/ASDfR---Assignment3_ros_ws/install/relbot_msgs/include/relbot_msgs/relbot_msgs/msg/detail/relbot_motors_stamped__type_support.c
[4.077s] -- Up-to-date: /home/asdfr-33/ASDfR---Assignment3_ros_ws/install/relbot_msgs/include/relbot_msgs/relbot_msgs/msg/detail/relbot_motors_stamped__rosidl_typesupport_introspection_c.h
[4.078s] -- Up-to-date: /home/asdfr-33/ASDfR---Assignment3_ros_ws/install/relbot_msgs/include/relbot_msgs/relbot_msgs/msg/detail/relbot_motors__rosidl_typesupport_introspection_c.h
[4.079s] -- Up-to-date: /home/asdfr-33/ASDfR---Assignment3_ros_ws/install/relbot_msgs/include/relbot_msgs/relbot_msgs/msg/detail/relbot_motors__type_support.c
[4.080s] -- Up-to-date: /home/asdfr-33/ASDfR---Assignment3_ros_ws/install/relbot_msgs/include/relbot_msgs/relbot_msgs/msg/rosidl_typesupport_introspection_c__visibility_control.h
[4.081s] -- Up-to-date: /home/asdfr-33/ASDfR---Assignment3_ros_ws/install/relbot_msgs/lib/librelbot_msgs__rosidl_typesupport_introspection_c.so
[4.082s] -- Up-to-date: /home/asdfr-33/ASDfR---Assignment3_ros_ws/install/relbot_msgs/lib/librelbot_msgs__rosidl_typesupport_c.so
[4.082s] -- Up-to-date: /home/asdfr-33/ASDfR---Assignment3_ros_ws/install/relbot_msgs/include/relbot_msgs/relbot_msgs
[4.083s] -- Up-to-date: /home/asdfr-33/ASDfR---Assignment3_ros_ws/install/relbot_msgs/include/relbot_msgs/relbot_msgs/msg
[4.085s] -- Up-to-date: /home/asdfr-33/ASDfR---Assignment3_ros_ws/install/relbot_msgs/include/relbot_msgs/relbot_msgs/msg/rosidl_generator_cpp__visibility_control.hpp
[4.086s] -- Up-to-date: /home/asdfr-33/ASDfR---Assignment3_ros_ws/install/relbot_msgs/include/relbot_msgs/relbot_msgs/msg/detail
[4.092s] -- Up-to-date: /home/asdfr-33/ASDfR---Assignment3_ros_ws/install/relbot_msgs/include/relbot_msgs/relbot_msgs/msg/detail/relbot_motors_stamped__traits.hpp
[4.093s] -- Up-to-date: /home/asdfr-33/ASDfR---Assignment3_ros_ws/install/relbot_msgs/include/relbot_msgs/relbot_msgs/msg/detail/relbot_motors__type_support.hpp
[4.095s] -- Up-to-date: /home/asdfr-33/ASDfR---Assignment3_ros_ws/install/relbot_msgs/include/relbot_msgs/relbot_msgs/msg/detail/relbot_motors__builder.hpp
[4.096s] -- Up-to-date: /home/asdfr-33/ASDfR---Assignment3_ros_ws/install/relbot_msgs/include/relbot_msgs/relbot_msgs/msg/detail/relbot_motors_stamped__struct.hpp
[4.097s] -- Up-to-date: /home/asdfr-33/ASDfR---Assignment3_ros_ws/install/relbot_msgs/include/relbot_msgs/relbot_msgs/msg/detail/relbot_motors__traits.hpp
[4.098s] -- Up-to-date: /home/asdfr-33/ASDfR---Assignment3_ros_ws/install/relbot_msgs/include/relbot_msgs/relbot_msgs/msg/detail/relbot_motors_stamped__builder.hpp
[4.108s] -- Up-to-date: /home/asdfr-33/ASDfR---Assignment3_ros_ws/install/relbot_msgs/include/relbot_msgs/relbot_msgs/msg/detail/relbot_motors__struct.hpp
[4.109s] -- Up-to-date: /home/asdfr-33/ASDfR---Assignment3_ros_ws/install/relbot_msgs/include/relbot_msgs/relbot_msgs/msg/detail/relbot_motors_stamped__type_support.hpp
[4.119s] -- Up-to-date: /home/asdfr-33/ASDfR---Assignment3_ros_ws/install/relbot_msgs/include/relbot_msgs/relbot_msgs/msg/relbot_motors.hpp
[4.121s] -- Up-to-date: /home/asdfr-33/ASDfR---Assignment3_ros_ws/install/relbot_msgs/include/relbot_msgs/relbot_msgs/msg/relbot_motors_stamped.hpp
[4.123s] -- Up-to-date: /home/asdfr-33/ASDfR---Assignment3_ros_ws/install/relbot_msgs/include/relbot_msgs/relbot_msgs
[4.127s] -- Up-to-date: /home/asdfr-33/ASDfR---Assignment3_ros_ws/install/relbot_msgs/include/relbot_msgs/relbot_msgs/msg
[4.128s] -- Up-to-date: /home/asdfr-33/ASDfR---Assignment3_ros_ws/install/relbot_msgs/include/relbot_msgs/relbot_msgs/msg/detail
[4.129s] -- Up-to-date: /home/asdfr-33/ASDfR---Assignment3_ros_ws/install/relbot_msgs/include/relbot_msgs/relbot_msgs/msg/detail/relbot_motors__rosidl_typesupport_fastrtps_cpp.hpp
[4.130s] -- Up-to-date: /home/asdfr-33/ASDfR---Assignment3_ros_ws/install/relbot_msgs/include/relbot_msgs/relbot_msgs/msg/detail/relbot_motors_stamped__rosidl_typesupport_fastrtps_cpp.hpp
[4.131s] -- Up-to-date: /home/asdfr-33/ASDfR---Assignment3_ros_ws/install/relbot_msgs/include/relbot_msgs/relbot_msgs/msg/detail/dds_fastrtps
[4.132s] -- Up-to-date: /home/asdfr-33/ASDfR---Assignment3_ros_ws/install/relbot_msgs/include/relbot_msgs/relbot_msgs/msg/rosidl_typesupport_fastrtps_cpp__visibility_control.h
[4.140s] -- Up-to-date: /home/asdfr-33/ASDfR---Assignment3_ros_ws/install/relbot_msgs/lib/librelbot_msgs__rosidl_typesupport_fastrtps_cpp.so
[4.141s] -- Up-to-date: /home/asdfr-33/ASDfR---Assignment3_ros_ws/install/relbot_msgs/include/relbot_msgs/relbot_msgs
[4.143s] -- Up-to-date: /home/asdfr-33/ASDfR---Assignment3_ros_ws/install/relbot_msgs/include/relbot_msgs/relbot_msgs/msg
[4.145s] -- Up-to-date: /home/asdfr-33/ASDfR---Assignment3_ros_ws/install/relbot_msgs/include/relbot_msgs/relbot_msgs/msg/detail
[4.146s] -- Up-to-date: /home/asdfr-33/ASDfR---Assignment3_ros_ws/install/relbot_msgs/include/relbot_msgs/relbot_msgs/msg/detail/relbot_motors_stamped__type_support.cpp
[4.160s] -- Up-to-date: /home/asdfr-33/ASDfR---Assignment3_ros_ws/install/relbot_msgs/include/relbot_msgs/relbot_msgs/msg/detail/relbot_motors__type_support.cpp
[4.161s] -- Up-to-date: /home/asdfr-33/ASDfR---Assignment3_ros_ws/install/relbot_msgs/include/relbot_msgs/relbot_msgs/msg/detail/relbot_motors__rosidl_typesupport_introspection_cpp.hpp
[4.163s] -- Up-to-date: /home/asdfr-33/ASDfR---Assignment3_ros_ws/install/relbot_msgs/include/relbot_msgs/relbot_msgs/msg/detail/relbot_motors_stamped__rosidl_typesupport_introspection_cpp.hpp
[4.165s] -- Up-to-date: /home/asdfr-33/ASDfR---Assignment3_ros_ws/install/relbot_msgs/lib/librelbot_msgs__rosidl_typesupport_introspection_cpp.so
[4.166s] -- Up-to-date: /home/asdfr-33/ASDfR---Assignment3_ros_ws/install/relbot_msgs/lib/librelbot_msgs__rosidl_typesupport_cpp.so
[4.177s] -- Up-to-date: /home/asdfr-33/ASDfR---Assignment3_ros_ws/install/relbot_msgs/share/relbot_msgs/environment/pythonpath.sh
[4.178s] -- Up-to-date: /home/asdfr-33/ASDfR---Assignment3_ros_ws/install/relbot_msgs/share/relbot_msgs/environment/pythonpath.dsv
[4.179s] -- Up-to-date: /home/asdfr-33/ASDfR---Assignment3_ros_ws/install/relbot_msgs/local/lib/python3.10/dist-packages/relbot_msgs-2025.2.0-py3.10.egg-info
[4.180s] -- Installing: /home/asdfr-33/ASDfR---Assignment3_ros_ws/install/relbot_msgs/local/lib/python3.10/dist-packages/relbot_msgs-2025.2.0-py3.10.egg-info/top_level.txt
[4.185s] -- Installing: /home/asdfr-33/ASDfR---Assignment3_ros_ws/install/relbot_msgs/local/lib/python3.10/dist-packages/relbot_msgs-2025.2.0-py3.10.egg-info/dependency_links.txt
[4.186s] -- Installing: /home/asdfr-33/ASDfR---Assignment3_ros_ws/install/relbot_msgs/local/lib/python3.10/dist-packages/relbot_msgs-2025.2.0-py3.10.egg-info/PKG-INFO
[4.196s] -- Installing: /home/asdfr-33/ASDfR---Assignment3_ros_ws/install/relbot_msgs/local/lib/python3.10/dist-packages/relbot_msgs-2025.2.0-py3.10.egg-info/SOURCES.txt
[4.197s] -- Up-to-date: /home/asdfr-33/ASDfR---Assignment3_ros_ws/install/relbot_msgs/local/lib/python3.10/dist-packages/relbot_msgs
[4.198s] -- Up-to-date: /home/asdfr-33/ASDfR---Assignment3_ros_ws/install/relbot_msgs/local/lib/python3.10/dist-packages/relbot_msgs/msg
[4.198s] -- Up-to-date: /home/asdfr-33/ASDfR---Assignment3_ros_ws/install/relbot_msgs/local/lib/python3.10/dist-packages/relbot_msgs/msg/_relbot_motors_s.c
[4.199s] -- Up-to-date: /home/asdfr-33/ASDfR---Assignment3_ros_ws/install/relbot_msgs/local/lib/python3.10/dist-packages/relbot_msgs/msg/_relbot_motors.py
[4.200s] -- Up-to-date: /home/asdfr-33/ASDfR---Assignment3_ros_ws/install/relbot_msgs/local/lib/python3.10/dist-packages/relbot_msgs/msg/__init__.py
[4.201s] -- Up-to-date: /home/asdfr-33/ASDfR---Assignment3_ros_ws/install/relbot_msgs/local/lib/python3.10/dist-packages/relbot_msgs/msg/_relbot_motors_stamped_s.c
[4.202s] -- Up-to-date: /home/asdfr-33/ASDfR---Assignment3_ros_ws/install/relbot_msgs/local/lib/python3.10/dist-packages/relbot_msgs/msg/_relbot_motors_stamped.py
[4.212s] -- Up-to-date: /home/asdfr-33/ASDfR---Assignment3_ros_ws/install/relbot_msgs/local/lib/python3.10/dist-packages/relbot_msgs/relbot_msgs_s__rosidl_typesupport_fastrtps_c.cpython-310-aarch64-linux-gnu.so
[4.213s] -- Up-to-date: /home/asdfr-33/ASDfR---Assignment3_ros_ws/install/relbot_msgs/local/lib/python3.10/dist-packages/relbot_msgs/_relbot_msgs_s.ep.rosidl_typesupport_fastrtps_c.c
[4.215s] -- Up-to-date: /home/asdfr-33/ASDfR---Assignment3_ros_ws/install/relbot_msgs/local/lib/python3.10/dist-packages/relbot_msgs/_relbot_msgs_s.ep.rosidl_typesupport_c.c
[4.216s] -- Up-to-date: /home/asdfr-33/ASDfR---Assignment3_ros_ws/install/relbot_msgs/local/lib/python3.10/dist-packages/relbot_msgs/_relbot_msgs_s.ep.rosidl_typesupport_introspection_c.c
[4.218s] -- Up-to-date: /home/asdfr-33/ASDfR---Assignment3_ros_ws/install/relbot_msgs/local/lib/python3.10/dist-packages/relbot_msgs/relbot_msgs_s__rosidl_typesupport_c.cpython-310-aarch64-linux-gnu.so
[4.227s] -- Up-to-date: /home/asdfr-33/ASDfR---Assignment3_ros_ws/install/relbot_msgs/local/lib/python3.10/dist-packages/relbot_msgs/relbot_msgs_s__rosidl_typesupport_introspection_c.cpython-310-aarch64-linux-gnu.so
[4.229s] -- Up-to-date: /home/asdfr-33/ASDfR---Assignment3_ros_ws/install/relbot_msgs/local/lib/python3.10/dist-packages/relbot_msgs/__init__.py
[4.231s] -- Up-to-date: /home/asdfr-33/ASDfR---Assignment3_ros_ws/install/relbot_msgs/local/lib/python3.10/dist-packages/relbot_msgs/librelbot_msgs__rosidl_generator_py.so
[4.324s] Listing '/home/asdfr-33/ASDfR---Assignment3_ros_ws/install/relbot_msgs/local/lib/python3.10/dist-packages/relbot_msgs'...
[4.326s] Listing '/home/asdfr-33/ASDfR---Assignment3_ros_ws/install/relbot_msgs/local/lib/python3.10/dist-packages/relbot_msgs/msg'...
[4.358s] -- Up-to-date: /home/asdfr-33/ASDfR---Assignment3_ros_ws/install/relbot_msgs/local/lib/python3.10/dist-packages/relbot_msgs/relbot_msgs_s__rosidl_typesupport_fastrtps_c.cpython-310-aarch64-linux-gnu.so
[4.361s] -- Up-to-date: /home/asdfr-33/ASDfR---Assignment3_ros_ws/install/relbot_msgs/local/lib/python3.10/dist-packages/relbot_msgs/relbot_msgs_s__rosidl_typesupport_introspection_c.cpython-310-aarch64-linux-gnu.so
[4.364s] -- Up-to-date: /home/asdfr-33/ASDfR---Assignment3_ros_ws/install/relbot_msgs/local/lib/python3.10/dist-packages/relbot_msgs/relbot_msgs_s__rosidl_typesupport_c.cpython-310-aarch64-linux-gnu.so
[4.367s] -- Up-to-date: /home/asdfr-33/ASDfR---Assignment3_ros_ws/install/relbot_msgs/lib/librelbot_msgs__rosidl_generator_py.so
[4.369s] -- Up-to-date: /home/asdfr-33/ASDfR---Assignment3_ros_ws/install/relbot_msgs/share/relbot_msgs/msg/RelbotMotors.idl
[4.377s] -- Up-to-date: /home/asdfr-33/ASDfR---Assignment3_ros_ws/install/relbot_msgs/share/relbot_msgs/msg/RelbotMotorsStamped.idl
[4.378s] -- Up-to-date: /home/asdfr-33/ASDfR---Assignment3_ros_ws/install/relbot_msgs/share/relbot_msgs/msg/RelbotMotors.msg
[4.385s] -- Up-to-date: /home/asdfr-33/ASDfR---Assignment3_ros_ws/install/relbot_msgs/share/relbot_msgs/msg/RelbotMotorsStamped.msg
[4.421s] -- Up-to-date: /home/asdfr-33/ASDfR---Assignment3_ros_ws/install/relbot_msgs/share/ament_index/resource_index/package_run_dependencies/relbot_msgs
[4.423s] -- Up-to-date: /home/asdfr-33/ASDfR---Assignment3_ros_ws/install/relbot_msgs/share/ament_index/resource_index/parent_prefix_path/relbot_msgs
[4.424s] -- Up-to-date: /home/asdfr-33/ASDfR---Assignment3_ros_ws/install/relbot_msgs/share/relbot_msgs/environment/ament_prefix_path.sh
[4.426s] -- Up-to-date: /home/asdfr-33/ASDfR---Assignment3_ros_ws/install/relbot_msgs/share/relbot_msgs/environment/ament_prefix_path.dsv
[4.431s] -- Up-to-date: /home/asdfr-33/ASDfR---Assignment3_ros_ws/install/relbot_msgs/share/relbot_msgs/environment/path.sh
[4.433s] -- Up-to-date: /home/asdfr-33/ASDfR---Assignment3_ros_ws/install/relbot_msgs/share/relbot_msgs/environment/path.dsv
[4.434s] -- Up-to-date: /home/asdfr-33/ASDfR---Assignment3_ros_ws/install/relbot_msgs/share/relbot_msgs/local_setup.bash
[4.436s] -- Up-to-date: /home/asdfr-33/ASDfR---Assignment3_ros_ws/install/relbot_msgs/share/relbot_msgs/local_setup.sh
[4.438s] -- Up-to-date: /home/asdfr-33/ASDfR---Assignment3_ros_ws/install/relbot_msgs/share/relbot_msgs/local_setup.zsh
[4.475s] -- Up-to-date: /home/asdfr-33/ASDfR---Assignment3_ros_ws/install/relbot_msgs/share/relbot_msgs/local_setup.dsv
[4.478s] -- Installing: /home/asdfr-33/ASDfR---Assignment3_ros_ws/install/relbot_msgs/share/relbot_msgs/package.dsv
[4.479s] -- Up-to-date: /home/asdfr-33/ASDfR---Assignment3_ros_ws/install/relbot_msgs/share/ament_index/resource_index/packages/relbot_msgs
[4.481s] -- Up-to-date: /home/asdfr-33/ASDfR---Assignment3_ros_ws/install/relbot_msgs/share/relbot_msgs/cmake/export_relbot_msgs__rosidl_generator_cExport.cmake
[4.482s] -- Up-to-date: /home/asdfr-33/ASDfR---Assignment3_ros_ws/install/relbot_msgs/share/relbot_msgs/cmake/export_relbot_msgs__rosidl_generator_cExport-noconfig.cmake
[4.502s] -- Up-to-date: /home/asdfr-33/ASDfR---Assignment3_ros_ws/install/relbot_msgs/share/relbot_msgs/cmake/export_relbot_msgs__rosidl_typesupport_fastrtps_cExport.cmake
[4.504s] -- Up-to-date: /home/asdfr-33/ASDfR---Assignment3_ros_ws/install/relbot_msgs/share/relbot_msgs/cmake/export_relbot_msgs__rosidl_typesupport_fastrtps_cExport-noconfig.cmake
[4.505s] -- Up-to-date: /home/asdfr-33/ASDfR---Assignment3_ros_ws/install/relbot_msgs/share/relbot_msgs/cmake/relbot_msgs__rosidl_typesupport_introspection_cExport.cmake
[4.528s] -- Up-to-date: /home/asdfr-33/ASDfR---Assignment3_ros_ws/install/relbot_msgs/share/relbot_msgs/cmake/relbot_msgs__rosidl_typesupport_introspection_cExport-noconfig.cmake
[4.530s] -- Up-to-date: /home/asdfr-33/ASDfR---Assignment3_ros_ws/install/relbot_msgs/share/relbot_msgs/cmake/relbot_msgs__rosidl_typesupport_cExport.cmake
[4.532s] -- Up-to-date: /home/asdfr-33/ASDfR---Assignment3_ros_ws/install/relbot_msgs/share/relbot_msgs/cmake/relbot_msgs__rosidl_typesupport_cExport-noconfig.cmake
[4.533s] -- Up-to-date: /home/asdfr-33/ASDfR---Assignment3_ros_ws/install/relbot_msgs/share/relbot_msgs/cmake/export_relbot_msgs__rosidl_generator_cppExport.cmake
[4.535s] -- Up-to-date: /home/asdfr-33/ASDfR---Assignment3_ros_ws/install/relbot_msgs/share/relbot_msgs/cmake/export_relbot_msgs__rosidl_typesupport_fastrtps_cppExport.cmake
[4.537s] -- Up-to-date: /home/asdfr-33/ASDfR---Assignment3_ros_ws/install/relbot_msgs/share/relbot_msgs/cmake/export_relbot_msgs__rosidl_typesupport_fastrtps_cppExport-noconfig.cmake
[4.538s] -- Up-to-date: /home/asdfr-33/ASDfR---Assignment3_ros_ws/install/relbot_msgs/share/relbot_msgs/cmake/relbot_msgs__rosidl_typesupport_introspection_cppExport.cmake
[4.564s] -- Up-to-date: /home/asdfr-33/ASDfR---Assignment3_ros_ws/install/relbot_msgs/share/relbot_msgs/cmake/relbot_msgs__rosidl_typesupport_introspection_cppExport-noconfig.cmake
[4.565s] -- Up-to-date: /home/asdfr-33/ASDfR---Assignment3_ros_ws/install/relbot_msgs/share/relbot_msgs/cmake/relbot_msgs__rosidl_typesupport_cppExport.cmake
[4.567s] -- Up-to-date: /home/asdfr-33/ASDfR---Assignment3_ros_ws/install/relbot_msgs/share/relbot_msgs/cmake/relbot_msgs__rosidl_typesupport_cppExport-noconfig.cmake
[4.568s] -- Up-to-date: /home/asdfr-33/ASDfR---Assignment3_ros_ws/install/relbot_msgs/share/relbot_msgs/cmake/export_relbot_msgs__rosidl_generator_pyExport.cmake
[4.570s] -- Up-to-date: /home/asdfr-33/ASDfR---Assignment3_ros_ws/install/relbot_msgs/share/relbot_msgs/cmake/export_relbot_msgs__rosidl_generator_pyExport-noconfig.cmake
[4.599s] -- Up-to-date: /home/asdfr-33/ASDfR---Assignment3_ros_ws/install/relbot_msgs/share/relbot_msgs/cmake/rosidl_cmake-extras.cmake
[4.602s] -- Up-to-date: /home/asdfr-33/ASDfR---Assignment3_ros_ws/install/relbot_msgs/share/relbot_msgs/cmake/ament_cmake_export_dependencies-extras.cmake
[4.604s] -- Up-to-date: /home/asdfr-33/ASDfR---Assignment3_ros_ws/install/relbot_msgs/share/relbot_msgs/cmake/ament_cmake_export_include_directories-extras.cmake
[4.605s] -- Up-to-date: /home/asdfr-33/ASDfR---Assignment3_ros_ws/install/relbot_msgs/share/relbot_msgs/cmake/ament_cmake_export_libraries-extras.cmake
[4.607s] -- Up-to-date: /home/asdfr-33/ASDfR---Assignment3_ros_ws/install/relbot_msgs/share/relbot_msgs/cmake/ament_cmake_export_targets-extras.cmake
[4.625s] -- Up-to-date: /home/asdfr-33/ASDfR---Assignment3_ros_ws/install/relbot_msgs/share/relbot_msgs/cmake/rosidl_cmake_export_typesupport_targets-extras.cmake
[4.639s] -- Up-to-date: /home/asdfr-33/ASDfR---Assignment3_ros_ws/install/relbot_msgs/share/relbot_msgs/cmake/rosidl_cmake_export_typesupport_libraries-extras.cmake
[4.641s] -- Up-to-date: /home/asdfr-33/ASDfR---Assignment3_ros_ws/install/relbot_msgs/share/relbot_msgs/cmake/relbot_msgsConfig.cmake
[4.642s] -- Up-to-date: /home/asdfr-33/ASDfR---Assignment3_ros_ws/install/relbot_msgs/share/relbot_msgs/cmake/relbot_msgsConfig-version.cmake
[4.652s] -- Up-to-date: /home/asdfr-33/ASDfR---Assignment3_ros_ws/install/relbot_msgs/share/relbot_msgs/package.xml
[4.654s] Invoked command in '/home/asdfr-33/ASDfR---Assignment3_ros_ws/build/relbot_msgs' returned '0': CMAKE_PREFIX_PATH=${CMAKE_PREFIX_PATH}:/opt/ros/humble /usr/bin/cmake --install /home/asdfr-33/ASDfR---Assignment3_ros_ws/build/relbot_msgs
