[0.049s] Invoking command in '/home/ubuntu/Robotics/ros2_ws/build/assignment3_1': CMAKE_PREFIX_PATH=${CMAKE_PREFIX_PATH}:/opt/ros/jazzy /usr/bin/cmake --build /home/ubuntu/Robotics/ros2_ws/build/assignment3_1 -- -j12 -l12
[0.130s] Invoked command in '/home/ubuntu/Robotics/ros2_ws/build/assignment3_1' returned '0': CMAKE_PREFIX_PATH=${CMAKE_PREFIX_PATH}:/opt/ros/jazzy /usr/bin/cmake --build /home/ubuntu/Robotics/ros2_ws/build/assignment3_1 -- -j12 -l12
[0.160s] Invoking command in '/home/ubuntu/Robotics/ros2_ws/build/assignment3_1': CMAKE_PREFIX_PATH=${CMAKE_PREFIX_PATH}:/opt/ros/jazzy /usr/bin/cmake --install /home/ubuntu/Robotics/ros2_ws/build/assignment3_1
[0.212s] -- Install configuration: ""
[0.212s] -- Up-to-date: /home/ubuntu/Robotics/ros2_ws/install/assignment3_1/share/ament_index/resource_index/package_run_dependencies/assignment3_1
[0.212s] -- Up-to-date: /home/ubuntu/Robotics/ros2_ws/install/assignment3_1/share/ament_index/resource_index/parent_prefix_path/assignment3_1
[0.213s] -- Up-to-date: /home/ubuntu/Robotics/ros2_ws/install/assignment3_1/share/assignment3_1/environment/ament_prefix_path.sh
[0.213s] -- Up-to-date: /home/ubuntu/Robotics/ros2_ws/install/assignment3_1/share/assignment3_1/environment/ament_prefix_path.dsv
[0.213s] -- Up-to-date: /home/ubuntu/Robotics/ros2_ws/install/assignment3_1/share/assignment3_1/environment/path.sh
[0.213s] -- Up-to-date: /home/ubuntu/Robotics/ros2_ws/install/assignment3_1/share/assignment3_1/environment/path.dsv
[0.213s] -- Up-to-date: /home/ubuntu/Robotics/ros2_ws/install/assignment3_1/share/assignment3_1/local_setup.bash
[0.214s] -- Up-to-date: /home/ubuntu/Robotics/ros2_ws/install/assignment3_1/share/assignment3_1/local_setup.sh
[0.214s] -- Up-to-date: /home/ubuntu/Robotics/ros2_ws/install/assignment3_1/share/assignment3_1/local_setup.zsh
[0.214s] -- Up-to-date: /home/ubuntu/Robotics/ros2_ws/install/assignment3_1/share/assignment3_1/local_setup.dsv
[0.214s] -- Installing: /home/ubuntu/Robotics/ros2_ws/install/assignment3_1/share/assignment3_1/package.dsv
[0.214s] -- Up-to-date: /home/ubuntu/Robotics/ros2_ws/install/assignment3_1/share/ament_index/resource_index/packages/assignment3_1
[0.214s] -- Up-to-date: /home/ubuntu/Robotics/ros2_ws/install/assignment3_1/share/assignment3_1/cmake/assignment3_1Config.cmake
[0.214s] -- Up-to-date: /home/ubuntu/Robotics/ros2_ws/install/assignment3_1/share/assignment3_1/cmake/assignment3_1Config-version.cmake
[0.215s] -- Up-to-date: /home/ubuntu/Robotics/ros2_ws/install/assignment3_1/share/assignment3_1/package.xml
[0.224s] Invoked command in '/home/ubuntu/Robotics/ros2_ws/build/assignment3_1' returned '0': CMAKE_PREFIX_PATH=${CMAKE_PREFIX_PATH}:/opt/ros/jazzy /usr/bin/cmake --install /home/ubuntu/Robotics/ros2_ws/build/assignment3_1
