[0.015s] Invoking command in '/home/ubuntu/Robotics/ros2_ws/build/cam2image_vm2ros': CMAKE_PREFIX_PATH=${CMAKE_PREFIX_PATH}:/opt/ros/jazzy /usr/bin/cmake --build /home/ubuntu/Robotics/ros2_ws/build/cam2image_vm2ros -- -j12 -l12
[0.090s] [ 28%] Built target cam2image
[0.094s] [ 42%] [32mBuilding CXX object CMakeFiles/talker_listener_node.dir/src/image_brightness.cpp.o[0m
[0.102s] [ 85%] Built target cam2image_vm2ros
[2.871s] [01m[K/home/ubuntu/Robotics/ros2_ws/src/cam2image_vm2ros/src/image_brightness.cpp:[m[K In constructor ‘[01m[KImageBrightness::[01;32m[KImageBrightness[m[K()[m[K’:
[2.872s] [01m[K/home/ubuntu/Robotics/ros2_ws/src/cam2image_vm2ros/src/image_brightness.cpp:14:26:[m[K [01;31m[Kerror: [m[K‘[01m[Kstd_msgs::std[m[K’ has not been declared
[2.872s]    14 |         [this](std_msgs::[01;31m[Kstd[m[K::Image::UniquePtr img) -> void {
[2.872s]       |                          [01;31m[K^~~[m[K
[2.872s] [01m[K/home/ubuntu/Robotics/ros2_ws/src/cam2image_vm2ros/src/image_brightness.cpp:14:48:[m[K [01;31m[Kerror: [m[Kexpected ‘[01m[K,[m[K’ or ‘[01m[K...[m[K’ before ‘[01m[Kimg[m[K’
[2.872s]    14 |         [this](std_msgs::std::Image::UniquePtr [01;31m[Kimg[m[K) -> void {
[2.872s]       |                                                [01;31m[K^~~[m[K
[2.878s] [01m[K/home/ubuntu/Robotics/ros2_ws/src/cam2image_vm2ros/src/image_brightness.cpp:[m[K In lambda function:
[2.880s] [01m[K/home/ubuntu/Robotics/ros2_ws/src/cam2image_vm2ros/src/image_brightness.cpp:15:30:[m[K [01;31m[Kerror: [m[K‘[01m[Kimg[m[K’ was not declared in this scope
[2.880s]    15 |             this->received = [01;31m[Kimg[m[K.data;
[2.880s]       |                              [01;31m[K^~~[m[K
[2.880s] [01m[K/home/ubuntu/Robotics/ros2_ws/src/cam2image_vm2ros/src/image_brightness.cpp:14:38:[m[K [01;35m[Kwarning: [m[Kunused parameter ‘[01m[KUniquePtr[m[K’ [[01;35m[K]8;;https://gcc.gnu.org/onlinedocs/gcc/Warning-Options.html#index-Wunused-parameter-Wunused-parameter]8;;[m[K]
[2.880s]    14 |         [this]([01;35m[Kstd_msgs::std::Image::UniquePtr[m[K img) -> void {
[2.880s]       |                [01;35m[K~~~~~~~~~~~~~~~~~~~~~~^~~~~~~~~[m[K
[2.880s] [01m[K/home/ubuntu/Robotics/ros2_ws/src/cam2image_vm2ros/src/image_brightness.cpp:[m[K In constructor ‘[01m[KImageBrightness::[01;32m[KImageBrightness[m[K()[m[K’:
[2.881s] [01m[K/home/ubuntu/Robotics/ros2_ws/src/cam2image_vm2ros/src/image_brightness.cpp:17:9:[m[K [01;31m[Kerror: [m[Kexpected ‘[01m[K,[m[K’ or ‘[01m[K;[m[K’ before ‘[01m[Ksubscription_[m[K’
[2.881s]    17 |         [01;31m[Ksubscription_[m[K = this->create_subscription<sensor_msgs::msg::Image>("image_in", 10, topic_callback)
[2.881s]       |         [01;31m[K^~~~~~~~~~~~~[m[K
[2.881s] [01m[K/home/ubuntu/Robotics/ros2_ws/src/cam2image_vm2ros/src/image_brightness.cpp:[m[K In lambda function:
[2.881s] [01m[K/home/ubuntu/Robotics/ros2_ws/src/cam2image_vm2ros/src/image_brightness.cpp:25:51:[m[K [01;31m[Kerror: [m[Kno matching function for call to ‘[01m[KImageBrightness::getBrightness()[m[K’
[2.882s]    25 |                 message.data = [01;31m[Kthis->getBrightness()[m[K;
[2.882s]       |                                [01;31m[K~~~~~~~~~~~~~~~~~~~^~[m[K
[2.882s] [01m[K/home/ubuntu/Robotics/ros2_ws/src/cam2image_vm2ros/src/image_brightness.cpp:40:27:[m[K [01;36m[Knote: [m[Kcandidate: ‘[01m[Kstd_msgs::msg::String ImageBrightness::[01;32m[KgetBrightness[m[K(sensor_msgs::msg::Image)[m[K’
[2.882s]    40 |     std_msgs::msg::String [01;36m[KgetBrightness[m[K(sensor_msgs::msg::Image img) {
[2.882s]       |                           [01;36m[K^~~~~~~~~~~~~[m[K
[2.882s] [01m[K/home/ubuntu/Robotics/ros2_ws/src/cam2image_vm2ros/src/image_brightness.cpp:40:27:[m[K [01;36m[Knote: [m[K  candidate expects 1 argument, 0 provided
[2.882s] [01m[K/home/ubuntu/Robotics/ros2_ws/src/cam2image_vm2ros/src/image_brightness.cpp:27:23:[m[K [01;31m[Kerror: [m[K‘[01m[Kclass ImageBrightness[m[K’ has no member named ‘[01m[Kpublisher[m[K’; did you mean ‘[01m[Kpublisher_[m[K’?
[2.882s]    27 |                 this->[01;31m[Kpublisher[m[K.publish(message);
[2.883s]       |                       [01;31m[K^~~~~~~~~[m[K
[2.883s]       |                       [32m[Kpublisher_[m[K
[2.883s] [01m[K/home/ubuntu/Robotics/ros2_ws/src/cam2image_vm2ros/src/image_brightness.cpp:[m[K In constructor ‘[01m[KImageBrightness::[01;32m[KImageBrightness[m[K()[m[K’:
[2.883s] [01m[K/home/ubuntu/Robotics/ros2_ws/src/cam2image_vm2ros/src/image_brightness.cpp:29:9:[m[K [01;31m[Kerror: [m[Kexpected ‘[01m[K,[m[K’ or ‘[01m[K;[m[K’ before ‘[01m[Ktimer_[m[K’
[2.883s]    29 |         [01;31m[Ktimer_[m[K = this->create_wall_timer(500ms, timer_callback);
[2.883s]       |         [01;31m[K^~~~~~[m[K
[2.883s] [01m[K/home/ubuntu/Robotics/ros2_ws/src/cam2image_vm2ros/src/image_brightness.cpp:[m[K In member function ‘[01m[Kstd_msgs::msg::String ImageBrightness::[01;32m[KgetBrightness[m[K(sensor_msgs::msg::Image)[m[K’:
[2.883s] [01m[K/home/ubuntu/Robotics/ros2_ws/src/cam2image_vm2ros/src/image_brightness.cpp:42:16:[m[K [01;31m[Kerror: [m[K‘[01m[Kto_string[m[K’ was not declared in this scope
[2.883s]    42 |         return [01;31m[Kto_string[m[K(16);
[2.883s]       |                [01;31m[K^~~~~~~~~[m[K
[2.883s] [01m[K/home/ubuntu/Robotics/ros2_ws/src/cam2image_vm2ros/src/image_brightness.cpp:42:16:[m[K [01;36m[Knote: [m[Ksuggested alternatives:
[2.884s] In file included from [01m[K/usr/include/c++/13/string:54[m[K,
[2.884s]                  from [01m[K/opt/ros/jazzy/include/rclcpp/rclcpp/copy_all_parameter_values.hpp:18[m[K,
[2.884s]                  from [01m[K/opt/ros/jazzy/include/rclcpp/rclcpp/rclcpp.hpp:171[m[K,
[2.884s]                  from [01m[K/home/ubuntu/Robotics/ros2_ws/src/cam2image_vm2ros/src/image_brightness.cpp:1[m[K:
[2.884s] [01m[K/usr/include/c++/13/bits/basic_string.h:4261:3:[m[K [01;36m[Knote: [m[K  ‘[01m[Kstd::__cxx11::to_string[m[K’
[2.884s]  4261 |   [01;36m[Kto_string[m[K(long double __val)
[2.884s]       |   [01;36m[K^~~~~~~~~[m[K
[2.884s] In file included from [01m[K/opt/ros/jazzy/include/rclcpp/rclcpp/executor.hpp:41[m[K,
[2.884s]                  from [01m[K/opt/ros/jazzy/include/rclcpp/rclcpp/executors/multi_threaded_executor.hpp:25[m[K,
[2.884s]                  from [01m[K/opt/ros/jazzy/include/rclcpp/rclcpp/executors.hpp:21[m[K,
[2.884s]                  from [01m[K/opt/ros/jazzy/include/rclcpp/rclcpp/rclcpp.hpp:172[m[K:
[2.884s] [01m[K/opt/ros/jazzy/include/rclcpp/rclcpp/future_return_code.hpp:43:1:[m[K [01;36m[Knote: [m[K  ‘[01m[Krclcpp::to_string[m[K’
[2.885s]    43 | [01;36m[Kto_string[m[K(const FutureReturnCode & future_return_code);
[2.885s]       | [01;36m[K^~~~~~~~~[m[K
[2.885s] [01m[K/home/ubuntu/Robotics/ros2_ws/src/cam2image_vm2ros/src/image_brightness.cpp:40:65:[m[K [01;35m[Kwarning: [m[Kunused parameter ‘[01m[Kimg[m[K’ [[01;35m[K]8;;https://gcc.gnu.org/onlinedocs/gcc/Warning-Options.html#index-Wunused-parameter-Wunused-parameter]8;;[m[K]
[2.885s]    40 |     std_msgs::msg::String getBrightness([01;35m[Ksensor_msgs::msg::Image img[m[K) {
[2.885s]       |                                         [01;35m[K~~~~~~~~~~~~~~~~~~~~~~~~^~~[m[K
[3.731s] gmake[2]: *** [CMakeFiles/talker_listener_node.dir/build.make:76: CMakeFiles/talker_listener_node.dir/src/image_brightness.cpp.o] Error 1
[3.731s] gmake[1]: *** [CMakeFiles/Makefile2:193: CMakeFiles/talker_listener_node.dir/all] Error 2
[3.732s] gmake: *** [Makefile:146: all] Error 2
[3.736s] Invoked command in '/home/ubuntu/Robotics/ros2_ws/build/cam2image_vm2ros' returned '2': CMAKE_PREFIX_PATH=${CMAKE_PREFIX_PATH}:/opt/ros/jazzy /usr/bin/cmake --build /home/ubuntu/Robotics/ros2_ws/build/cam2image_vm2ros -- -j12 -l12
