[0.074s] Invoking command in '/home/ubuntu/Robotics/ros2_ws/build/cam2image_vm2ros': CMAKE_PREFIX_PATH=${CMAKE_PREFIX_PATH}:/opt/ros/jazzy /usr/bin/cmake --build /home/ubuntu/Robotics/ros2_ws/build/cam2image_vm2ros -- -j12 -l12
[1.189s] [ 36%] [32mBuilding CXX object CMakeFiles/image_brightness.dir/src/image_brightness.cpp.o[0m
[1.189s] [ 36%] [32mBuilding CXX object CMakeFiles/object_position_indicator.dir/src/object_position_indicator.cpp.o[0m
[1.189s] [ 45%] Built target cam2image
[1.189s] [ 36%] [32mBuilding CXX object CMakeFiles/brightness_receiver.dir/src/brightness_receiver.cpp.o[0m
[1.591s] [01m[Kcc1plus:[m[K [01;31m[Kfatal error: [m[K/home/ubuntu/Robotics/ros2_ws/src/cam2image_vm2ros/src/brightness_receiver.cpp: No such file or directory
[1.591s] compilation terminated.
[1.591s] [01m[Kcc1plus:[m[K [01;31m[Kfatal error: [m[K/home/ubuntu/Robotics/ros2_ws/src/cam2image_vm2ros/src/image_brightness.cpp: No such file or directory
[1.591s] compilation terminated.
[1.591s] [01m[Kcc1plus:[m[K [01;31m[Kfatal error: [m[K/home/ubuntu/Robotics/ros2_ws/src/cam2image_vm2ros/src/object_position_indicator.cpp: No such file or directory
[1.591s] compilation terminated.
[1.601s] gmake[2]: *** [CMakeFiles/object_position_indicator.dir/build.make:76: CMakeFiles/object_position_indicator.dir/src/object_position_indicator.cpp.o] Error 1
[1.601s] gmake[2]: *** [CMakeFiles/image_brightness.dir/build.make:76: CMakeFiles/image_brightness.dir/src/image_brightness.cpp.o] Error 1
[1.601s] gmake[2]: *** [CMakeFiles/brightness_receiver.dir/build.make:76: CMakeFiles/brightness_receiver.dir/src/brightness_receiver.cpp.o] Error 1
[1.602s] gmake[1]: *** [CMakeFiles/Makefile2:249: CMakeFiles/object_position_indicator.dir/all] Error 2
[1.602s] gmake[1]: *** Waiting for unfinished jobs....
[1.602s] gmake[1]: *** [CMakeFiles/Makefile2:223: CMakeFiles/brightness_receiver.dir/all] Error 2
[1.602s] gmake[1]: *** [CMakeFiles/Makefile2:197: CMakeFiles/image_brightness.dir/all] Error 2
[1.664s] [ 72%] Built target cam2image_vm2ros
[1.665s] gmake: *** [Makefile:146: all] Error 2
[1.668s] Invoked command in '/home/ubuntu/Robotics/ros2_ws/build/cam2image_vm2ros' returned '2': CMAKE_PREFIX_PATH=${CMAKE_PREFIX_PATH}:/opt/ros/jazzy /usr/bin/cmake --build /home/ubuntu/Robotics/ros2_ws/build/cam2image_vm2ros -- -j12 -l12
