[0.027s] Invoking command in '/home/ubuntu/Robotics/ros2_ws/build/object_tracker': CMAKE_PREFIX_PATH=${CMAKE_PREFIX_PATH}:/opt/ros/jazzy /usr/bin/cmake /home/ubuntu/Robotics/ros2_ws/src/object_tracker -DCMAKE_INSTALL_PREFIX=/home/ubuntu/Robotics/ros2_ws/install/object_tracker
[0.289s] -- The C compiler identification is GNU 13.3.0
[1.775s] -- The CXX compiler identification is GNU 13.3.0
[2.629s] -- Detecting C compiler ABI info
[3.279s] -- Detecting C compiler ABI info - done
[3.299s] -- Check for working C compiler: /usr/bin/cc - skipped
[3.300s] -- Detecting C compile features
[3.301s] -- Detecting C compile features - done
[3.557s] -- Detecting CXX compiler ABI info
[4.040s] -- Detecting CXX compiler ABI info - done
[4.056s] -- Check for working CXX compiler: /usr/bin/c++ - skipped
[4.056s] -- Detecting CXX compile features
[4.057s] -- Detecting CXX compile features - done
[4.061s] -- Found ament_cmake: 2.5.5 (/opt/ros/jazzy/share/ament_cmake/cmake)
[4.296s] -- Found Python3: /usr/bin/python3 (found version "3.12.3") found components: Interpreter 
[4.462s] -- Found cv_bridge: 4.1.0 (/opt/ros/jazzy/share/cv_bridge/cmake)
[4.855s] -- Found rosidl_generator_c: 4.6.7 (/opt/ros/jazzy/share/rosidl_generator_c/cmake)
[4.872s] -- Found rosidl_generator_cpp: 4.6.7 (/opt/ros/jazzy/share/rosidl_generator_cpp/cmake)
[4.896s] -- Using all available rosidl_typesupport_c: rosidl_typesupport_fastrtps_c;rosidl_typesupport_introspection_c
[4.920s] -- Using all available rosidl_typesupport_cpp: rosidl_typesupport_fastrtps_cpp;rosidl_typesupport_introspection_cpp
[5.325s] -- Found rmw_implementation_cmake: 7.3.3 (/opt/ros/jazzy/share/rmw_implementation_cmake/cmake)
[5.344s] -- Found rmw_fastrtps_cpp: 8.4.3 (/opt/ros/jazzy/share/rmw_fastrtps_cpp/cmake)
[5.646s] -- Found OpenSSL: /usr/lib/x86_64-linux-gnu/libcrypto.so (found version "3.0.13")  
[5.925s] -- Found FastRTPS: /opt/ros/jazzy/include (Required is at least version "2.13") 
[6.088s] -- Using RMW implementation 'rmw_fastrtps_cpp' as default
[6.531s] -- Found ament_lint_auto: 0.17.4 (/opt/ros/jazzy/share/ament_lint_auto/cmake)
[6.707s] -- Added test 'cppcheck' to perform static code analysis on C / C++ code
[6.707s] -- Configured cppcheck include dirs: $<BUILD_INTERFACE:/home/ubuntu/Robotics/ros2_ws/src/object_tracker/include>
[6.707s] -- Configured cppcheck exclude dirs and/or files: 
[6.709s] -- Added test 'flake8' to check Python code syntax and style conventions
[6.709s] -- Configured 'flake8' exclude dirs and/or files: 
[6.710s] -- Added test 'lint_cmake' to check CMake code style
[6.711s] -- Added test 'pep257' to check Python code against some of the docstring style conventions in PEP 257
[6.714s] -- Added test 'uncrustify' to check C / C++ code style
[6.714s] -- Configured uncrustify additional arguments: 
[6.716s] -- Added test 'xmllint' to check XML markup files
[6.720s] -- Configuring done (6.7s)
[6.742s] -- Generating done (0.0s)
[6.748s] -- Build files have been written to: /home/ubuntu/Robotics/ros2_ws/build/object_tracker
[6.766s] Invoked command in '/home/ubuntu/Robotics/ros2_ws/build/object_tracker' returned '0': CMAKE_PREFIX_PATH=${CMAKE_PREFIX_PATH}:/opt/ros/jazzy /usr/bin/cmake /home/ubuntu/Robotics/ros2_ws/src/object_tracker -DCMAKE_INSTALL_PREFIX=/home/ubuntu/Robotics/ros2_ws/install/object_tracker
[6.767s] Invoking command in '/home/ubuntu/Robotics/ros2_ws/build/object_tracker': CMAKE_PREFIX_PATH=${CMAKE_PREFIX_PATH}:/opt/ros/jazzy /usr/bin/cmake --build /home/ubuntu/Robotics/ros2_ws/build/object_tracker -- -j12 -l12
[6.841s] [ 50%] [32mBuilding CXX object CMakeFiles/object_tracker.dir/src/object_tracker.cpp.o[0m
[6.920s] In file included from [01m[K/home/ubuntu/Robotics/ros2_ws/src/object_tracker/src/object_tracker.cpp:2[m[K:
[6.920s] [01m[K/home/ubuntu/Robotics/ros2_ws/src/object_tracker/include/object_tracker.hpp:6:10:[m[K [01;31m[Kfatal error: [m[Kcv_bridge/cv_bridge.h: No such file or directory
[6.920s]     6 | #include [01;31m[K<cv_bridge/cv_bridge.h>[m[K
[6.920s]       |          [01;31m[K^~~~~~~~~~~~~~~~~~~~~~~[m[K
[6.920s] compilation terminated.
[6.922s] gmake[2]: *** [CMakeFiles/object_tracker.dir/build.make:76: CMakeFiles/object_tracker.dir/src/object_tracker.cpp.o] Error 1
[6.922s] gmake[1]: *** [CMakeFiles/Makefile2:137: CMakeFiles/object_tracker.dir/all] Error 2
[6.923s] gmake: *** [Makefile:146: all] Error 2
[6.927s] Invoked command in '/home/ubuntu/Robotics/ros2_ws/build/object_tracker' returned '2': CMAKE_PREFIX_PATH=${CMAKE_PREFIX_PATH}:/opt/ros/jazzy /usr/bin/cmake --build /home/ubuntu/Robotics/ros2_ws/build/object_tracker -- -j12 -l12
