[0.370s] Invoking command in '/home/ubuntu/Robotics/ros2_ws/build/relbot_simulator': CMAKE_PREFIX_PATH=${CMAKE_PREFIX_PATH}:/opt/ros/jazzy /usr/bin/cmake --build /home/ubuntu/Robotics/ros2_ws/build/relbot_simulator -- -j12 -l12
[0.470s] [ 44%] [32mBuilding CXX object CMakeFiles/relbot_simulator.dir/src/relbot_simulator.cpp.o[0m
[0.470s] [ 44%] [32mBuilding CXX object CMakeFiles/relbot_simulator.dir/common/EulerAngles.cpp.o[0m
[0.470s] [ 44%] [32mBuilding CXX object CMakeFiles/relbot_simulator.dir/common/MotionProfiles.cpp.o[0m
[0.470s] [ 44%] [32mBuilding CXX object CMakeFiles/relbot_simulator.dir/src/Plant.cpp.o[0m
[0.471s] [ 55%] [32mBuilding CXX object CMakeFiles/relbot_simulator.dir/common/xxinteg.cpp.o[0m
[0.471s] [ 66%] [32mBuilding CXX object CMakeFiles/relbot_simulator.dir/common/xxfuncs.cpp.o[0m
[0.471s] [ 88%] [32mBuilding CXX object CMakeFiles/relbot_simulator.dir/common/xxinverse.cpp.o[0m
[0.471s] [ 88%] [32mBuilding CXX object CMakeFiles/relbot_simulator.dir/common/xxmatrix.cpp.o[0m
[21.098s] [100%] [32m[1mLinking CXX executable relbot_simulator[0m
[22.898s] [100%] Built target relbot_simulator
[22.914s] Invoked command in '/home/ubuntu/Robotics/ros2_ws/build/relbot_simulator' returned '0': CMAKE_PREFIX_PATH=${CMAKE_PREFIX_PATH}:/opt/ros/jazzy /usr/bin/cmake --build /home/ubuntu/Robotics/ros2_ws/build/relbot_simulator -- -j12 -l12
[22.915s] Invoking command in '/home/ubuntu/Robotics/ros2_ws/build/relbot_simulator': CMAKE_PREFIX_PATH=${CMAKE_PREFIX_PATH}:/opt/ros/jazzy /usr/bin/cmake --install /home/ubuntu/Robotics/ros2_ws/build/relbot_simulator
[22.924s] -- Install configuration: ""
[22.925s] -- Installing: /home/ubuntu/Robotics/ros2_ws/install/relbot_simulator/lib/relbot_simulator/relbot_simulator
[22.936s] -- Set non-toolchain portion of runtime path of "/home/ubuntu/Robotics/ros2_ws/install/relbot_simulator/lib/relbot_simulator/relbot_simulator" to ""
[22.936s] -- Installing: /home/ubuntu/Robotics/ros2_ws/install/relbot_simulator/include
[22.936s] -- Installing: /home/ubuntu/Robotics/ros2_ws/install/relbot_simulator/include/xxfuncs.cpp
[22.936s] -- Installing: /home/ubuntu/Robotics/ros2_ws/install/relbot_simulator/include/xxinverse.h
[22.962s] -- Installing: /home/ubuntu/Robotics/ros2_ws/install/relbot_simulator/include/xxmatrix.h
[22.962s] -- Installing: /home/ubuntu/Robotics/ros2_ws/install/relbot_simulator/include/xxinteg.h
[22.962s] -- Installing: /home/ubuntu/Robotics/ros2_ws/install/relbot_simulator/include/xxtypes.h
[22.963s] -- Installing: /home/ubuntu/Robotics/ros2_ws/install/relbot_simulator/include/xxmodel.h
[22.963s] -- Installing: /home/ubuntu/Robotics/ros2_ws/install/relbot_simulator/include/xxinverse.cpp
[22.963s] -- Installing: /home/ubuntu/Robotics/ros2_ws/install/relbot_simulator/include/xxmatrix.cpp
[22.963s] -- Installing: /home/ubuntu/Robotics/ros2_ws/install/relbot_simulator/include/EulerAngles.cpp
[22.963s] -- Installing: /home/ubuntu/Robotics/ros2_ws/install/relbot_simulator/include/MotionProfiles.h
[23.019s] -- Installing: /home/ubuntu/Robotics/ros2_ws/install/relbot_simulator/include/xxinteg.cpp
[23.019s] -- Installing: /home/ubuntu/Robotics/ros2_ws/install/relbot_simulator/include/xxfuncs.h
[23.019s] -- Installing: /home/ubuntu/Robotics/ros2_ws/install/relbot_simulator/include/EulerAngles.h
[23.376s] -- Installing: /home/ubuntu/Robotics/ros2_ws/install/relbot_simulator/include/MotionProfiles.cpp
[23.377s] -- Installing: /home/ubuntu/Robotics/ros2_ws/install/relbot_simulator/share/ament_index/resource_index/package_run_dependencies/relbot_simulator
[23.378s] -- Installing: /home/ubuntu/Robotics/ros2_ws/install/relbot_simulator/share/ament_index/resource_index/parent_prefix_path/relbot_simulator
[23.378s] -- Installing: /home/ubuntu/Robotics/ros2_ws/install/relbot_simulator/share/relbot_simulator/environment/ament_prefix_path.sh
[23.379s] -- Installing: /home/ubuntu/Robotics/ros2_ws/install/relbot_simulator/share/relbot_simulator/environment/ament_prefix_path.dsv
[23.379s] -- Installing: /home/ubuntu/Robotics/ros2_ws/install/relbot_simulator/share/relbot_simulator/environment/path.sh
[23.380s] -- Installing: /home/ubuntu/Robotics/ros2_ws/install/relbot_simulator/share/relbot_simulator/environment/path.dsv
[23.380s] -- Installing: /home/ubuntu/Robotics/ros2_ws/install/relbot_simulator/share/relbot_simulator/local_setup.bash
[23.380s] -- Installing: /home/ubuntu/Robotics/ros2_ws/install/relbot_simulator/share/relbot_simulator/local_setup.sh
[23.381s] -- Installing: /home/ubuntu/Robotics/ros2_ws/install/relbot_simulator/share/relbot_simulator/local_setup.zsh
[23.381s] -- Installing: /home/ubuntu/Robotics/ros2_ws/install/relbot_simulator/share/relbot_simulator/local_setup.dsv
[23.381s] -- Installing: /home/ubuntu/Robotics/ros2_ws/install/relbot_simulator/share/relbot_simulator/package.dsv
[23.381s] -- Installing: /home/ubuntu/Robotics/ros2_ws/install/relbot_simulator/share/ament_index/resource_index/packages/relbot_simulator
[23.382s] -- Installing: /home/ubuntu/Robotics/ros2_ws/install/relbot_simulator/share/relbot_simulator/cmake/relbot_simulatorConfig.cmake
[23.382s] -- Installing: /home/ubuntu/Robotics/ros2_ws/install/relbot_simulator/share/relbot_simulator/cmake/relbot_simulatorConfig-version.cmake
[23.383s] -- Installing: /home/ubuntu/Robotics/ros2_ws/install/relbot_simulator/share/relbot_simulator/package.xml
[23.385s] Invoked command in '/home/ubuntu/Robotics/ros2_ws/build/relbot_simulator' returned '0': CMAKE_PREFIX_PATH=${CMAKE_PREFIX_PATH}:/opt/ros/jazzy /usr/bin/cmake --install /home/ubuntu/Robotics/ros2_ws/build/relbot_simulator
