[0.132s] Invoking command in '/home/ubuntu/Robotics/ros2_ws/build/cam2image_vm2ros': CMAKE_PREFIX_PATH=${CMAKE_PREFIX_PATH}:/opt/ros/jazzy /usr/bin/cmake --build /home/ubuntu/Robotics/ros2_ws/build/cam2image_vm2ros -- -j12 -l12
[1.342s] [ 60%] Built target cam2image_vm2ros
[1.361s] [100%] Built target cam2image
[1.574s] Invoked command in '/home/ubuntu/Robotics/ros2_ws/build/cam2image_vm2ros' returned '0': CMAKE_PREFIX_PATH=${CMAKE_PREFIX_PATH}:/opt/ros/jazzy /usr/bin/cmake --build /home/ubuntu/Robotics/ros2_ws/build/cam2image_vm2ros -- -j12 -l12
[1.631s] Invoking command in '/home/ubuntu/Robotics/ros2_ws/build/cam2image_vm2ros': CMAKE_PREFIX_PATH=${CMAKE_PREFIX_PATH}:/opt/ros/jazzy /usr/bin/cmake --install /home/ubuntu/Robotics/ros2_ws/build/cam2image_vm2ros
[1.653s] -- Install configuration: ""
[1.702s] -- Up-to-date: /home/ubuntu/Robotics/ros2_ws/install/cam2image_vm2ros/lib/cam2image_vm2ros/cam2image
[1.736s] -- Up-to-date: /home/ubuntu/Robotics/ros2_ws/install/cam2image_vm2ros/lib/libcam2image_vm2ros.so
[1.737s] -- Up-to-date: /home/ubuntu/Robotics/ros2_ws/install/cam2image_vm2ros/include/cam2image_vm2ros
[1.775s] -- Up-to-date: /home/ubuntu/Robotics/ros2_ws/install/cam2image_vm2ros/include/cam2image_vm2ros/cam2image.hpp:Zone.Identifier
[1.776s] -- Up-to-date: /home/ubuntu/Robotics/ros2_ws/install/cam2image_vm2ros/include/cam2image_vm2ros/visibility_control.h
[1.776s] -- Up-to-date: /home/ubuntu/Robotics/ros2_ws/install/cam2image_vm2ros/include/cam2image_vm2ros/base64.hpp:Zone.Identifier
[1.776s] -- Up-to-date: /home/ubuntu/Robotics/ros2_ws/install/cam2image_vm2ros/include/cam2image_vm2ros/visibility_control.h:Zone.Identifier
[1.776s] -- Up-to-date: /home/ubuntu/Robotics/ros2_ws/install/cam2image_vm2ros/include/cam2image_vm2ros/remote_capture.hpp
[1.776s] -- Up-to-date: /home/ubuntu/Robotics/ros2_ws/install/cam2image_vm2ros/include/cam2image_vm2ros/base64.hpp
[1.777s] -- Up-to-date: /home/ubuntu/Robotics/ros2_ws/install/cam2image_vm2ros/include/cam2image_vm2ros/cam2image.hpp
[1.777s] -- Up-to-date: /home/ubuntu/Robotics/ros2_ws/install/cam2image_vm2ros/include/cam2image_vm2ros/remote_capture.hpp:Zone.Identifier
[1.777s] -- Up-to-date: /home/ubuntu/Robotics/ros2_ws/install/cam2image_vm2ros/share/cam2image_vm2ros/environment/library_path.sh
[1.777s] -- Up-to-date: /home/ubuntu/Robotics/ros2_ws/install/cam2image_vm2ros/share/cam2image_vm2ros/environment/library_path.dsv
[1.777s] -- Up-to-date: /home/ubuntu/Robotics/ros2_ws/install/cam2image_vm2ros/share/ament_index/resource_index/package_run_dependencies/cam2image_vm2ros
[1.777s] -- Up-to-date: /home/ubuntu/Robotics/ros2_ws/install/cam2image_vm2ros/share/ament_index/resource_index/parent_prefix_path/cam2image_vm2ros
[1.777s] -- Up-to-date: /home/ubuntu/Robotics/ros2_ws/install/cam2image_vm2ros/share/cam2image_vm2ros/environment/ament_prefix_path.sh
[1.777s] -- Up-to-date: /home/ubuntu/Robotics/ros2_ws/install/cam2image_vm2ros/share/cam2image_vm2ros/environment/ament_prefix_path.dsv
[1.777s] -- Up-to-date: /home/ubuntu/Robotics/ros2_ws/install/cam2image_vm2ros/share/cam2image_vm2ros/environment/path.sh
[1.778s] -- Up-to-date: /home/ubuntu/Robotics/ros2_ws/install/cam2image_vm2ros/share/cam2image_vm2ros/environment/path.dsv
[1.778s] -- Up-to-date: /home/ubuntu/Robotics/ros2_ws/install/cam2image_vm2ros/share/cam2image_vm2ros/local_setup.bash
[1.778s] -- Up-to-date: /home/ubuntu/Robotics/ros2_ws/install/cam2image_vm2ros/share/cam2image_vm2ros/local_setup.sh
[1.778s] -- Up-to-date: /home/ubuntu/Robotics/ros2_ws/install/cam2image_vm2ros/share/cam2image_vm2ros/local_setup.zsh
[1.778s] -- Up-to-date: /home/ubuntu/Robotics/ros2_ws/install/cam2image_vm2ros/share/cam2image_vm2ros/local_setup.dsv
[1.779s] -- Installing: /home/ubuntu/Robotics/ros2_ws/install/cam2image_vm2ros/share/cam2image_vm2ros/package.dsv
[1.779s] -- Up-to-date: /home/ubuntu/Robotics/ros2_ws/install/cam2image_vm2ros/share/ament_index/resource_index/packages/cam2image_vm2ros
[1.779s] -- Up-to-date: /home/ubuntu/Robotics/ros2_ws/install/cam2image_vm2ros/share/ament_index/resource_index/rclcpp_components/cam2image_vm2ros
[1.805s] -- Up-to-date: /home/ubuntu/Robotics/ros2_ws/install/cam2image_vm2ros/share/cam2image_vm2ros/cmake/cam2image_vm2rosExport.cmake
[1.805s] -- Up-to-date: /home/ubuntu/Robotics/ros2_ws/install/cam2image_vm2ros/share/cam2image_vm2ros/cmake/cam2image_vm2rosExport-noconfig.cmake
[1.805s] -- Up-to-date: /home/ubuntu/Robotics/ros2_ws/install/cam2image_vm2ros/share/cam2image_vm2ros/cmake/ament_cmake_export_libraries-extras.cmake
[1.805s] -- Up-to-date: /home/ubuntu/Robotics/ros2_ws/install/cam2image_vm2ros/share/cam2image_vm2ros/cmake/ament_cmake_export_targets-extras.cmake
[1.805s] -- Up-to-date: /home/ubuntu/Robotics/ros2_ws/install/cam2image_vm2ros/share/cam2image_vm2ros/cmake/ament_cmake_export_dependencies-extras.cmake
[1.806s] -- Up-to-date: /home/ubuntu/Robotics/ros2_ws/install/cam2image_vm2ros/share/cam2image_vm2ros/cmake/cam2image_vm2rosConfig.cmake
[1.806s] -- Up-to-date: /home/ubuntu/Robotics/ros2_ws/install/cam2image_vm2ros/share/cam2image_vm2ros/cmake/cam2image_vm2rosConfig-version.cmake
[1.806s] -- Up-to-date: /home/ubuntu/Robotics/ros2_ws/install/cam2image_vm2ros/share/cam2image_vm2ros/package.xml
[1.808s] Invoked command in '/home/ubuntu/Robotics/ros2_ws/build/cam2image_vm2ros' returned '0': CMAKE_PREFIX_PATH=${CMAKE_PREFIX_PATH}:/opt/ros/jazzy /usr/bin/cmake --install /home/ubuntu/Robotics/ros2_ws/build/cam2image_vm2ros
