-- The C compiler identification is GNU 11.4.0
-- The CXX compiler identification is GNU 11.4.0
-- Detecting C compiler ABI info
-- Detecting C compiler ABI info - done
-- Check for working C compiler: /usr/bin/cc - skipped
-- Detecting C compile features
-- Detecting C compile features - done
-- Detecting CXX compiler ABI info
-- Detecting CXX compiler ABI info - done
-- Check for working CXX compiler: /usr/bin/c++ - skipped
-- Detecting CXX compile features
-- Detecting CXX compile features - done
-- Found ament_cmake: 1.3.11 (/opt/ros/humble/share/ament_cmake/cmake)
-- Found Python3: /usr/bin/python3 (found version "3.10.12") found components: Interpreter 
-- Found cv_bridge: 3.2.1 (/opt/ros/humble/share/cv_bridge/cmake)
-- Found rosidl_generator_c: 3.1.6 (/opt/ros/humble/share/rosidl_generator_c/cmake)
-- Found rosidl_adapter: 3.1.6 (/opt/ros/humble/share/rosidl_adapter/cmake)
-- Found rosidl_generator_cpp: 3.1.6 (/opt/ros/humble/share/rosidl_generator_cpp/cmake)
-- Using all available rosidl_typesupport_c: rosidl_typesupport_fastrtps_c;rosidl_typesupport_introspection_c
-- Using all available rosidl_typesupport_cpp: rosidl_typesupport_fastrtps_cpp;rosidl_typesupport_introspection_cpp
-- Found rclcpp: 16.0.11 (/opt/ros/humble/share/rclcpp/cmake)
-- Found rmw_implementation_cmake: 6.1.2 (/opt/ros/humble/share/rmw_implementation_cmake/cmake)
-- Found rmw_fastrtps_cpp: 6.2.7 (/opt/ros/humble/share/rmw_fastrtps_cpp/cmake)
-- Found OpenSSL: /usr/lib/aarch64-linux-gnu/libcrypto.so (found version "3.0.2")  
-- Found FastRTPS: /opt/ros/humble/include  
-- Using RMW implementation 'rmw_fastrtps_cpp' as default
-- Looking for pthread.h
-- Looking for pthread.h - found
-- Performing Test CMAKE_HAVE_LIBC_PTHREAD
-- Performing Test CMAKE_HAVE_LIBC_PTHREAD - Success
-- Found Threads: TRUE  
-- Found ament_lint_auto: 0.12.11 (/opt/ros/humble/share/ament_lint_auto/cmake)
-- Added test 'cppcheck' to perform static code analysis on C / C++ code
-- Configured cppcheck include dirs: $<BUILD_INTERFACE:/home/asdfr-33/ASDfR---Assignment3_ros_ws/src/object_tracker/include>
-- Configured cppcheck exclude dirs and/or files: 
-- Added test 'flake8' to check Python code syntax and style conventions
-- Added test 'lint_cmake' to check CMake code style
-- Added test 'pep257' to check Python code against some of the docstring style conventions in PEP 257
-- Added test 'uncrustify' to check C / C++ code style
-- Configured uncrustify additional arguments: 
-- Added test 'xmllint' to check XML markup files
-- Configuring done
-- Generating done
-- Build files have been written to: /home/asdfr-33/ASDfR---Assignment3_ros_ws/build/object_tracker
[ 50%] [32mBuilding CXX object CMakeFiles/object_tracker.dir/src/object_tracker.cpp.o[0m
[100%] [32m[1mLinking CXX executable object_tracker[0m
[100%] Built target object_tracker
-- Install configuration: ""
-- Installing: /home/asdfr-33/ASDfR---Assignment3_ros_ws/install/object_tracker/lib/object_tracker/object_tracker
-- Set runtime path of "/home/asdfr-33/ASDfR---Assignment3_ros_ws/install/object_tracker/lib/object_tracker/object_tracker" to ""
-- Installing: /home/asdfr-33/ASDfR---Assignment3_ros_ws/install/object_tracker/include/
-- Installing: /home/asdfr-33/ASDfR---Assignment3_ros_ws/install/object_tracker/include//object_tracker.hpp
-- Installing: /home/asdfr-33/ASDfR---Assignment3_ros_ws/install/object_tracker/share/ament_index/resource_index/package_run_dependencies/object_tracker
-- Installing: /home/asdfr-33/ASDfR---Assignment3_ros_ws/install/object_tracker/share/ament_index/resource_index/parent_prefix_path/object_tracker
-- Installing: /home/asdfr-33/ASDfR---Assignment3_ros_ws/install/object_tracker/share/object_tracker/environment/ament_prefix_path.sh
-- Installing: /home/asdfr-33/ASDfR---Assignment3_ros_ws/install/object_tracker/share/object_tracker/environment/ament_prefix_path.dsv
-- Installing: /home/asdfr-33/ASDfR---Assignment3_ros_ws/install/object_tracker/share/object_tracker/environment/path.sh
-- Installing: /home/asdfr-33/ASDfR---Assignment3_ros_ws/install/object_tracker/share/object_tracker/environment/path.dsv
-- Installing: /home/asdfr-33/ASDfR---Assignment3_ros_ws/install/object_tracker/share/object_tracker/local_setup.bash
-- Installing: /home/asdfr-33/ASDfR---Assignment3_ros_ws/install/object_tracker/share/object_tracker/local_setup.sh
-- Installing: /home/asdfr-33/ASDfR---Assignment3_ros_ws/install/object_tracker/share/object_tracker/local_setup.zsh
-- Installing: /home/asdfr-33/ASDfR---Assignment3_ros_ws/install/object_tracker/share/object_tracker/local_setup.dsv
-- Installing: /home/asdfr-33/ASDfR---Assignment3_ros_ws/install/object_tracker/share/object_tracker/package.dsv
-- Installing: /home/asdfr-33/ASDfR---Assignment3_ros_ws/install/object_tracker/share/ament_index/resource_index/packages/object_tracker
-- Installing: /home/asdfr-33/ASDfR---Assignment3_ros_ws/install/object_tracker/share/object_tracker/cmake/object_trackerConfig.cmake
-- Installing: /home/asdfr-33/ASDfR---Assignment3_ros_ws/install/object_tracker/share/object_tracker/cmake/object_trackerConfig-version.cmake
-- Installing: /home/asdfr-33/ASDfR---Assignment3_ros_ws/install/object_tracker/share/object_tracker/package.xml
