[0.077s] Invoking command in '/home/asdfr-33/ASDfR---Assignment3_ros_ws/build/object_tracker': CMAKE_PREFIX_PATH=${CMAKE_PREFIX_PATH}:/opt/ros/humble /usr/bin/cmake /home/asdfr-33/ASDfR---Assignment3_ros_ws/src/object_tracker -DCMAKE_INSTALL_PREFIX=/home/asdfr-33/ASDfR---Assignment3_ros_ws/install/object_tracker
[0.658s] -- The C compiler identification is GNU 11.4.0
[0.952s] -- The CXX compiler identification is GNU 11.4.0
[0.991s] -- Detecting C compiler ABI info
[1.606s] -- Detecting C compiler ABI info - done
[1.676s] -- Check for working C compiler: /usr/bin/cc - skipped
[1.679s] -- Detecting C compile features
[1.683s] -- Detecting C compile features - done
[1.702s] -- Detecting CXX compiler ABI info
[2.195s] -- Detecting CXX compiler ABI info - done
[2.232s] -- Check for working CXX compiler: /usr/bin/c++ - skipped
[2.233s] -- Detecting CXX compile features
[2.236s] -- Detecting CXX compile features - done
[2.253s] -- Found ament_cmake: 1.3.11 (/opt/ros/humble/share/ament_cmake/cmake)
[3.489s] -- Found Python3: /usr/bin/python3 (found version "3.10.12") found components: Interpreter 
[4.325s] -- Found cv_bridge: 3.2.1 (/opt/ros/humble/share/cv_bridge/cmake)
[4.602s] -- Found rosidl_generator_c: 3.1.6 (/opt/ros/humble/share/rosidl_generator_c/cmake)
[4.674s] -- Found rosidl_adapter: 3.1.6 (/opt/ros/humble/share/rosidl_adapter/cmake)
[4.739s] -- Found rosidl_generator_cpp: 3.1.6 (/opt/ros/humble/share/rosidl_generator_cpp/cmake)
[4.879s] -- Using all available rosidl_typesupport_c: rosidl_typesupport_fastrtps_c;rosidl_typesupport_introspection_c
[5.050s] -- Using all available rosidl_typesupport_cpp: rosidl_typesupport_fastrtps_cpp;rosidl_typesupport_introspection_cpp
[5.562s] -- Found rclcpp: 16.0.11 (/opt/ros/humble/share/rclcpp/cmake)
[5.711s] -- Found rmw_implementation_cmake: 6.1.2 (/opt/ros/humble/share/rmw_implementation_cmake/cmake)
[5.723s] -- Found rmw_fastrtps_cpp: 6.2.7 (/opt/ros/humble/share/rmw_fastrtps_cpp/cmake)
[6.042s] -- Found OpenSSL: /usr/lib/aarch64-linux-gnu/libcrypto.so (found version "3.0.2")  
[6.139s] -- Found FastRTPS: /opt/ros/humble/include  
[6.419s] -- Using RMW implementation 'rmw_fastrtps_cpp' as default
[6.515s] -- Looking for pthread.h
[7.365s] -- Looking for pthread.h - found
[7.366s] -- Performing Test CMAKE_HAVE_LIBC_PTHREAD
[8.166s] -- Performing Test CMAKE_HAVE_LIBC_PTHREAD - Success
[8.174s] -- Found Threads: TRUE  
[8.645s] -- Found ament_lint_auto: 0.12.11 (/opt/ros/humble/share/ament_lint_auto/cmake)
[9.804s] -- Added test 'cppcheck' to perform static code analysis on C / C++ code
[9.807s] -- Configured cppcheck include dirs: $<BUILD_INTERFACE:/home/asdfr-33/ASDfR---Assignment3_ros_ws/src/object_tracker/include>
[9.808s] -- Configured cppcheck exclude dirs and/or files: 
[9.827s] -- Added test 'flake8' to check Python code syntax and style conventions
[9.841s] -- Added test 'lint_cmake' to check CMake code style
[9.855s] -- Added test 'pep257' to check Python code against some of the docstring style conventions in PEP 257
[9.862s] -- Added test 'uncrustify' to check C / C++ code style
[9.864s] -- Configured uncrustify additional arguments: 
[9.887s] -- Added test 'xmllint' to check XML markup files
[9.937s] -- Configuring done
[10.120s] -- Generating done
[10.224s] -- Build files have been written to: /home/asdfr-33/ASDfR---Assignment3_ros_ws/build/object_tracker
[10.457s] Invoked command in '/home/asdfr-33/ASDfR---Assignment3_ros_ws/build/object_tracker' returned '0': CMAKE_PREFIX_PATH=${CMAKE_PREFIX_PATH}:/opt/ros/humble /usr/bin/cmake /home/asdfr-33/ASDfR---Assignment3_ros_ws/src/object_tracker -DCMAKE_INSTALL_PREFIX=/home/asdfr-33/ASDfR---Assignment3_ros_ws/install/object_tracker
[10.463s] Invoking command in '/home/asdfr-33/ASDfR---Assignment3_ros_ws/build/object_tracker': CMAKE_PREFIX_PATH=${CMAKE_PREFIX_PATH}:/opt/ros/humble /usr/bin/cmake --build /home/asdfr-33/ASDfR---Assignment3_ros_ws/build/object_tracker -- -j3 -l3
[10.969s] [ 50%] [32mBuilding CXX object CMakeFiles/object_tracker.dir/src/object_tracker.cpp.o[0m
[106.065s] [100%] [32m[1mLinking CXX executable object_tracker[0m
[109.985s] [100%] Built target object_tracker
[110.025s] Invoked command in '/home/asdfr-33/ASDfR---Assignment3_ros_ws/build/object_tracker' returned '0': CMAKE_PREFIX_PATH=${CMAKE_PREFIX_PATH}:/opt/ros/humble /usr/bin/cmake --build /home/asdfr-33/ASDfR---Assignment3_ros_ws/build/object_tracker -- -j3 -l3
[110.032s] Invoking command in '/home/asdfr-33/ASDfR---Assignment3_ros_ws/build/object_tracker': CMAKE_PREFIX_PATH=${CMAKE_PREFIX_PATH}:/opt/ros/humble /usr/bin/cmake --install /home/asdfr-33/ASDfR---Assignment3_ros_ws/build/object_tracker
[110.061s] -- Install configuration: ""
[110.067s] -- Installing: /home/asdfr-33/ASDfR---Assignment3_ros_ws/install/object_tracker/lib/object_tracker/object_tracker
[110.458s] -- Set runtime path of "/home/asdfr-33/ASDfR---Assignment3_ros_ws/install/object_tracker/lib/object_tracker/object_tracker" to ""
[110.462s] -- Installing: /home/asdfr-33/ASDfR---Assignment3_ros_ws/install/object_tracker/include/
[110.467s] -- Installing: /home/asdfr-33/ASDfR---Assignment3_ros_ws/install/object_tracker/include//object_tracker.hpp
[110.477s] -- Installing: /home/asdfr-33/ASDfR---Assignment3_ros_ws/install/object_tracker/share/ament_index/resource_index/package_run_dependencies/object_tracker
[110.489s] -- Installing: /home/asdfr-33/ASDfR---Assignment3_ros_ws/install/object_tracker/share/ament_index/resource_index/parent_prefix_path/object_tracker
[110.498s] -- Installing: /home/asdfr-33/ASDfR---Assignment3_ros_ws/install/object_tracker/share/object_tracker/environment/ament_prefix_path.sh
[110.506s] -- Installing: /home/asdfr-33/ASDfR---Assignment3_ros_ws/install/object_tracker/share/object_tracker/environment/ament_prefix_path.dsv
[110.515s] -- Installing: /home/asdfr-33/ASDfR---Assignment3_ros_ws/install/object_tracker/share/object_tracker/environment/path.sh
[110.523s] -- Installing: /home/asdfr-33/ASDfR---Assignment3_ros_ws/install/object_tracker/share/object_tracker/environment/path.dsv
[110.531s] -- Installing: /home/asdfr-33/ASDfR---Assignment3_ros_ws/install/object_tracker/share/object_tracker/local_setup.bash
[110.538s] -- Installing: /home/asdfr-33/ASDfR---Assignment3_ros_ws/install/object_tracker/share/object_tracker/local_setup.sh
[110.547s] -- Installing: /home/asdfr-33/ASDfR---Assignment3_ros_ws/install/object_tracker/share/object_tracker/local_setup.zsh
[110.555s] -- Installing: /home/asdfr-33/ASDfR---Assignment3_ros_ws/install/object_tracker/share/object_tracker/local_setup.dsv
[110.563s] -- Installing: /home/asdfr-33/ASDfR---Assignment3_ros_ws/install/object_tracker/share/object_tracker/package.dsv
[110.572s] -- Installing: /home/asdfr-33/ASDfR---Assignment3_ros_ws/install/object_tracker/share/ament_index/resource_index/packages/object_tracker
[110.580s] -- Installing: /home/asdfr-33/ASDfR---Assignment3_ros_ws/install/object_tracker/share/object_tracker/cmake/object_trackerConfig.cmake
[110.592s] -- Installing: /home/asdfr-33/ASDfR---Assignment3_ros_ws/install/object_tracker/share/object_tracker/cmake/object_trackerConfig-version.cmake
[110.600s] -- Installing: /home/asdfr-33/ASDfR---Assignment3_ros_ws/install/object_tracker/share/object_tracker/package.xml
[110.615s] Invoked command in '/home/asdfr-33/ASDfR---Assignment3_ros_ws/build/object_tracker' returned '0': CMAKE_PREFIX_PATH=${CMAKE_PREFIX_PATH}:/opt/ros/humble /usr/bin/cmake --install /home/asdfr-33/ASDfR---Assignment3_ros_ws/build/object_tracker
