[0.117s] Invoking command in '/home/ubuntu/Robotics/ros2_ws/build/assignment1_2': CMAKE_PREFIX_PATH=${CMAKE_PREFIX_PATH}:/opt/ros/jazzy /usr/bin/cmake --build /home/ubuntu/Robotics/ros2_ws/build/assignment1_2 -- -j12 -l12
[1.416s] [ 50%] [32mBuilding CXX object CMakeFiles/setpoint_generator.dir/src/setpoint_generator.cpp.o[0m
[6.397s] In file included from [01m[K/home/ubuntu/Robotics/ros2_ws/src/assignment1_2/src/setpoint_generator.cpp:1[m[K:
[6.397s] [01m[K/home/ubuntu/Robotics/ros2_ws/src/assignment1_2/include/setpoint_generator.hpp:45:75:[m[K [01;31m[Kerror: [m[Kexpected ‘[01m[K;[m[K’ at end of member declaration
[6.397s]    45 |         rclcpp::Subscription<geometry_msgs::msg::PointStamped>::SharedPtr [01;31m[Kcamera_position_subscriber_[m[K
[6.397s]       |                                                                           [01;31m[K^~~~~~~~~~~~~~~~~~~~~~~~~~~[m[K
[6.397s]       |                                                                                                      [32m[K;[m[K
[6.415s] [01m[K/home/ubuntu/Robotics/ros2_ws/src/assignment1_2/src/setpoint_generator.cpp:[m[K In member function ‘[01m[Kvoid SetpointGenerator::[01;32m[Kinitialize_ros_parameters[m[K()[m[K’:
[6.415s] [01m[K/home/ubuntu/Robotics/ros2_ws/src/assignment1_2/src/setpoint_generator.cpp:54:56:[m[K [01;31m[Kerror: [m[Kcannot convert ‘[01m[Krclcpp::Parameter[m[K’ to ‘[01m[Kbool[m[K’ in assignment
[6.415s]    54 |     this->do_brightness_tracking_ = [01;31m[Kthis->get_parameter("do_brightness_tracking")[m[K;
[6.415s]       |                                     [01;31m[K~~~~~~~~~~~~~~~~~~~^~~~~~~~~~~~~~~~~~~~~~~~~~[m[K
[6.415s]       |                                                        [01;31m[K|[m[K
[6.415s]       |                                                        [01;31m[Krclcpp::Parameter[m[K
[6.415s] [01m[K/home/ubuntu/Robotics/ros2_ws/src/assignment1_2/src/setpoint_generator.cpp:55:51:[m[K [01;31m[Kerror: [m[Kcannot convert ‘[01m[Krclcpp::Parameter[m[K’ to ‘[01m[Kdouble[m[K’ in assignment
[6.415s]    55 |     this->proportional_gain_ = [01;31m[Kthis->get_parameter("proportional_gain")[m[K;
[6.415s]       |                                [01;31m[K~~~~~~~~~~~~~~~~~~~^~~~~~~~~~~~~~~~~~~~~[m[K
[6.415s]       |                                                   [01;31m[K|[m[K
[6.416s]       |                                                   [01;31m[Krclcpp::Parameter[m[K
[6.416s] [01m[K/home/ubuntu/Robotics/ros2_ws/src/assignment1_2/src/setpoint_generator.cpp:[m[K At global scope:
[6.416s] [01m[K/home/ubuntu/Robotics/ros2_ws/src/assignment1_2/src/setpoint_generator.cpp:58:6:[m[K [01;31m[Kerror: [m[K‘[01m[KSetPointGenerator[m[K’ has not been declared
[6.416s]    58 | void [01;31m[KSetPointGenerator[m[K::initialize_brightness_tracking() {
[6.416s]       |      [01;31m[K^~~~~~~~~~~~~~~~~[m[K
[6.416s] [01m[K/home/ubuntu/Robotics/ros2_ws/src/assignment1_2/src/setpoint_generator.cpp:[m[K In function ‘[01m[Kvoid[01;32m[K initialize_brightness_tracking[m[K()[m[K’:
[6.416s] [01m[K/home/ubuntu/Robotics/ros2_ws/src/assignment1_2/src/setpoint_generator.cpp:61:5:[m[K [01;31m[Kerror: [m[Kinvalid use of ‘[01m[Kthis[m[K’ in non-member function
[6.416s]    61 |     [01;31m[Kthis[m[K->camera_position_subscriber_ =
[6.416s]       |     [01;31m[K^~~~[m[K
[6.417s] [01m[K/home/ubuntu/Robotics/ros2_ws/src/assignment1_2/src/setpoint_generator.cpp:62:9:[m[K [01;31m[Kerror: [m[Kinvalid use of ‘[01m[Kthis[m[K’ in non-member function
[6.417s]    62 |         [01;31m[Kthis[m[K->create_subscription<geometry_msgs::msg::PoseStamped>(
[6.417s]       |         [01;31m[K^~~~[m[K
[6.417s] [01m[K/home/ubuntu/Robotics/ros2_ws/src/assignment1_2/src/setpoint_generator.cpp:62:66:[m[K [01;31m[Kerror: [m[Kexpected primary-expression before ‘[01m[K>[m[K’ token
[6.417s]    62 |         this->create_subscription<geometry_msgs::msg::PoseStamped[01;31m[K>[m[K(
[6.417s]       |                                                                  [01;31m[K^[m[K
[6.418s] [01m[K/home/ubuntu/Robotics/ros2_ws/src/assignment1_2/src/setpoint_generator.cpp:63:13:[m[K [01;35m[Kwarning: [m[Kleft operand of comma operator has no effect [[01;35m[K]8;;https://gcc.gnu.org/onlinedocs/gcc/Warning-Options.html#index-Wunused-value-Wunused-value]8;;[m[K]
[6.418s]    63 |             [01;35m[K"/output/camera_position"[m[K,
[6.418s]       |             [01;35m[K^~~~~~~~~~~~~~~~~~~~~~~~~[m[K
[6.419s] [01m[K/home/ubuntu/Robotics/ros2_ws/src/assignment1_2/src/setpoint_generator.cpp:65:43:[m[K [01;31m[Kerror: [m[K‘[01m[Kvoid SetpointGenerator::[01;32m[Kset_looking_at[m[K(geometry_msgs::msg::PoseStamped_<std::allocator<void> >::SharedPtr)[m[K’ is private within this context
[6.419s]    65 |             std::bind(&SetpointGenerator::[01;31m[Kset_looking_at[m[K, this, _1)
[6.419s]       |                                           [01;31m[K^~~~~~~~~~~~~~[m[K
[6.419s] [01m[K/home/ubuntu/Robotics/ros2_ws/src/assignment1_2/include/setpoint_generator.hpp:57:14:[m[K [01;36m[Knote: [m[Kdeclared private here
[6.419s]    57 |         void [01;36m[Kset_looking_at[m[K(geometry_msgs::msg::PoseStamped::SharedPtr msg);
[6.419s]       |              [01;36m[K^~~~~~~~~~~~~~[m[K
[6.419s] [01m[K/home/ubuntu/Robotics/ros2_ws/src/assignment1_2/src/setpoint_generator.cpp:65:59:[m[K [01;31m[Kerror: [m[Kinvalid use of ‘[01m[Kthis[m[K’ in non-member function
[6.419s]    65 |             std::bind(&SetpointGenerator::set_looking_at, [01;31m[Kthis[m[K, _1)
[6.419s]       |                                                           [01;31m[K^~~~[m[K
[6.419s] [01m[K/home/ubuntu/Robotics/ros2_ws/src/assignment1_2/src/setpoint_generator.cpp:69:5:[m[K [01;31m[Kerror: [m[Kinvalid use of ‘[01m[Kthis[m[K’ in non-member function
[6.419s]    69 |     [01;31m[Kthis[m[K->CoG_subscriber_ =
[6.419s]       |     [01;31m[K^~~~[m[K
[6.420s] [01m[K/home/ubuntu/Robotics/ros2_ws/src/assignment1_2/src/setpoint_generator.cpp:70:9:[m[K [01;31m[Kerror: [m[Kinvalid use of ‘[01m[Kthis[m[K’ in non-member function
[6.420s]    70 |         [01;31m[Kthis[m[K->create_subscription<geometry_msgs::msg::Pose>(
[6.420s]       |         [01;31m[K^~~~[m[K
[6.420s] [01m[K/home/ubuntu/Robotics/ros2_ws/src/assignment1_2/src/setpoint_generator.cpp:70:59:[m[K [01;31m[Kerror: [m[Kexpected primary-expression before ‘[01m[K>[m[K’ token
[6.420s]    70 |         this->create_subscription<geometry_msgs::msg::Pose[01;31m[K>[m[K(
[6.420s]       |                                                           [01;31m[K^[m[K
[6.420s] [01m[K/home/ubuntu/Robotics/ros2_ws/src/assignment1_2/src/setpoint_generator.cpp:71:13:[m[K [01;35m[Kwarning: [m[Kleft operand of comma operator has no effect [[01;35m[K]8;;https://gcc.gnu.org/onlinedocs/gcc/Warning-Options.html#index-Wunused-value-Wunused-value]8;;[m[K]
[6.420s]    71 |             [01;35m[K"CoG"[m[K,
[6.420s]       |             [01;35m[K^~~~~[m[K
[6.420s] [01m[K/home/ubuntu/Robotics/ros2_ws/src/assignment1_2/src/setpoint_generator.cpp:73:43:[m[K [01;31m[Kerror: [m[K‘[01m[Kvoid SetpointGenerator::[01;32m[Kset_CoG_reference[m[K(geometry_msgs::msg::Pose_<std::allocator<void> >::SharedPtr)[m[K’ is private within this context
[6.420s]    73 |             std::bind(&SetpointGenerator::[01;31m[Kset_CoG_reference[m[K, this, _1)
[6.420s]       |                                           [01;31m[K^~~~~~~~~~~~~~~~~[m[K
[6.420s] [01m[K/home/ubuntu/Robotics/ros2_ws/src/assignment1_2/include/setpoint_generator.hpp:58:14:[m[K [01;36m[Knote: [m[Kdeclared private here
[6.420s]    58 |         void [01;36m[Kset_CoG_reference[m[K(geometry_msgs::msg::Pose::SharedPtr msg);
[6.420s]       |              [01;36m[K^~~~~~~~~~~~~~~~~[m[K
[6.420s] [01m[K/home/ubuntu/Robotics/ros2_ws/src/assignment1_2/src/setpoint_generator.cpp:73:62:[m[K [01;31m[Kerror: [m[Kinvalid use of ‘[01m[Kthis[m[K’ in non-member function
[6.421s]    73 |             std::bind(&SetpointGenerator::set_CoG_reference, [01;31m[Kthis[m[K, _1)
[6.421s]       |                                                              [01;31m[K^~~~[m[K
[6.421s] [01m[K/home/ubuntu/Robotics/ros2_ws/src/assignment1_2/src/setpoint_generator.cpp:77:5:[m[K [01;31m[Kerror: [m[Kinvalid use of ‘[01m[Kthis[m[K’ in non-member function
[6.421s]    77 |     [01;31m[Kthis[m[K->brightness_tracking_publisher_ =
[6.421s]       |     [01;31m[K^~~~[m[K
[6.421s] [01m[K/home/ubuntu/Robotics/ros2_ws/src/assignment1_2/src/setpoint_generator.cpp:78:9:[m[K [01;31m[Kerror: [m[Kinvalid use of ‘[01m[Kthis[m[K’ in non-member function
[6.421s]    78 |         [01;31m[Kthis[m[K->create_publisher = this->create_wall_timer(
[6.421s]       |         [01;31m[K^~~~[m[K
[6.421s] [01m[K/home/ubuntu/Robotics/ros2_ws/src/assignment1_2/src/setpoint_generator.cpp:78:34:[m[K [01;31m[Kerror: [m[Kinvalid use of ‘[01m[Kthis[m[K’ in non-member function
[6.421s]    78 |         this->create_publisher = [01;31m[Kthis[m[K->create_wall_timer(
[6.421s]       |                                  [01;31m[K^~~~[m[K
[6.421s] [01m[K/home/ubuntu/Robotics/ros2_ws/src/assignment1_2/src/setpoint_generator.cpp:79:43:[m[K [01;31m[Kerror: [m[Kinvalid use of ‘[01m[Kthis[m[K’ in non-member function
[6.421s]    79 |             std::chrono::duration<double>([01;31m[Kthis[m[K->publish_rate_),
[6.422s]       |                                           [01;31m[K^~~~[m[K
[6.422s] [01m[K/home/ubuntu/Robotics/ros2_ws/src/assignment1_2/src/setpoint_generator.cpp:80:43:[m[K [01;31m[Kerror: [m[K‘[01m[Kvoid SetpointGenerator::[01;32m[Kbrightness_tracking_callback[m[K()[m[K’ is private within this context
[6.422s]    80 |             std::bind(&SetpointGenerator::[01;31m[Kbrightness_tracking_callback[m[K, this)
[6.422s]       |                                           [01;31m[K^~~~~~~~~~~~~~~~~~~~~~~~~~~~[m[K
[6.422s] [01m[K/home/ubuntu/Robotics/ros2_ws/src/assignment1_2/include/setpoint_generator.hpp:59:14:[m[K [01;36m[Knote: [m[Kdeclared private here
[6.422s]    59 |         void [01;36m[Kbrightness_tracking_callback[m[K();
[6.422s]       |              [01;36m[K^~~~~~~~~~~~~~~~~~~~~~~~~~~~[m[K
[6.422s] [01m[K/home/ubuntu/Robotics/ros2_ws/src/assignment1_2/src/setpoint_generator.cpp:80:73:[m[K [01;31m[Kerror: [m[Kinvalid use of ‘[01m[Kthis[m[K’ in non-member function
[6.422s]    80 |             std::bind(&SetpointGenerator::brightness_tracking_callback, [01;31m[Kthis[m[K)
[6.422s]       |                                                                         [01;31m[K^~~~[m[K
[6.422s] [01m[K/home/ubuntu/Robotics/ros2_ws/src/assignment1_2/src/setpoint_generator.cpp:[m[K At global scope:
[6.423s] [01m[K/home/ubuntu/Robotics/ros2_ws/src/assignment1_2/src/setpoint_generator.cpp:122:6:[m[K [01;31m[Kerror: [m[K‘[01m[KSetPointGenerator[m[K’ has not been declared
[6.423s]   122 | void [01;31m[KSetPointGenerator[m[K::set_CoG_reference(geometry_msgs::msg::Pose::SharedPtr msg) {
[6.423s]       |      [01;31m[K^~~~~~~~~~~~~~~~~[m[K
[6.423s] [01m[K/home/ubuntu/Robotics/ros2_ws/src/assignment1_2/src/setpoint_generator.cpp:[m[K In function ‘[01m[Kvoid[01;32m[K set_CoG_reference[m[K(geometry_msgs::msg::Pose_<std::allocator<void> >::SharedPtr)[m[K’:
[6.423s] [01m[K/home/ubuntu/Robotics/ros2_ws/src/assignment1_2/src/setpoint_generator.cpp:123:5:[m[K [01;31m[Kerror: [m[Kinvalid use of ‘[01m[Kthis[m[K’ in non-member function
[6.423s]   123 |     [01;31m[Kthis[m[K->x_camera_reference_ = msg->position.x;
[6.423s]       |     [01;31m[K^~~~[m[K
[6.423s] [01m[K/home/ubuntu/Robotics/ros2_ws/src/assignment1_2/src/setpoint_generator.cpp:[m[K At global scope:
[6.423s] [01m[K/home/ubuntu/Robotics/ros2_ws/src/assignment1_2/src/setpoint_generator.cpp:126:6:[m[K [01;31m[Kerror: [m[K‘[01m[KSetPointGenerator[m[K’ has not been declared
[6.423s]   126 | void [01;31m[KSetPointGenerator[m[K::set_looking_at(geometry_msgs::msg::PointStamped::SharedPtr msg) {
[6.423s]       |      [01;31m[K^~~~~~~~~~~~~~~~~[m[K
[6.424s] [01m[K/home/ubuntu/Robotics/ros2_ws/src/assignment1_2/src/setpoint_generator.cpp:[m[K In function ‘[01m[Kvoid[01;32m[K set_looking_at[m[K(geometry_msgs::msg::PointStamped_<std::allocator<void> >::SharedPtr)[m[K’:
[6.424s] [01m[K/home/ubuntu/Robotics/ros2_ws/src/assignment1_2/src/setpoint_generator.cpp:127:5:[m[K [01;31m[Kerror: [m[Kinvalid use of ‘[01m[Kthis[m[K’ in non-member function
[6.424s]   127 |     [01;31m[Kthis[m[K->x_camera_current_ = msg->point.x;
[6.425s]       |     [01;31m[K^~~~[m[K
[6.425s] [01m[K/home/ubuntu/Robotics/ros2_ws/src/assignment1_2/src/setpoint_generator.cpp:[m[K At global scope:
[6.425s] [01m[K/home/ubuntu/Robotics/ros2_ws/src/assignment1_2/src/setpoint_generator.cpp:130:6:[m[K [01;31m[Kerror: [m[K‘[01m[KSetPointGenerator[m[K’ has not been declared
[6.425s]   130 | void [01;31m[KSetPointGenerator[m[K::brightness_tracking_callback() {
[6.425s]       |      [01;31m[K^~~~~~~~~~~~~~~~~[m[K
[6.425s] [01m[K/home/ubuntu/Robotics/ros2_ws/src/assignment1_2/src/setpoint_generator.cpp:[m[K In function ‘[01m[Kvoid[01;32m[K brightness_tracking_callback[m[K()[m[K’:
[6.425s] [01m[K/home/ubuntu/Robotics/ros2_ws/src/assignment1_2/src/setpoint_generator.cpp:132:16:[m[K [01;31m[Kerror: [m[Kinvalid use of ‘[01m[Kthis[m[K’ in non-member function
[6.425s]   132 |     double e = [01;31m[Kthis[m[K->x_camera_reference_ - this->x_camera_current_;
[6.425s]       |                [01;31m[K^~~~[m[K
[6.425s] [01m[K/home/ubuntu/Robotics/ros2_ws/src/assignment1_2/src/setpoint_generator.cpp:132:44:[m[K [01;31m[Kerror: [m[Kinvalid use of ‘[01m[Kthis[m[K’ in non-member function
[6.425s]   132 |     double e = this->x_camera_reference_ - [01;31m[Kthis[m[K->x_camera_current_;
[6.426s]       |                                            [01;31m[K^~~~[m[K
[6.426s] [01m[K/home/ubuntu/Robotics/ros2_ws/src/assignment1_2/src/setpoint_generator.cpp:133:29:[m[K [01;31m[Kerror: [m[Kinvalid use of ‘[01m[Kthis[m[K’ in non-member function
[6.426s]   133 |     double control_output = [01;31m[Kthis[m[K->proportional_gain_*e;
[6.426s]       |                             [01;31m[K^~~~[m[K
[6.426s] [01m[K/home/ubuntu/Robotics/ros2_ws/src/assignment1_2/src/setpoint_generator.cpp:144:5:[m[K [01;31m[Kerror: [m[Kinvalid use of ‘[01m[Kthis[m[K’ in non-member function
[6.426s]   144 |     [01;31m[Kthis[m[K->right_wheel_publisher_->publish(right_message);
[6.426s]       |     [01;31m[K^~~~[m[K
[6.426s] [01m[K/home/ubuntu/Robotics/ros2_ws/src/assignment1_2/src/setpoint_generator.cpp:145:5:[m[K [01;31m[Kerror: [m[Kinvalid use of ‘[01m[Kthis[m[K’ in non-member function
[6.426s]   145 |     [01;31m[Kthis[m[K->left_wheel_publisher_->publish(left_message);
[6.426s]       |     [01;31m[K^~~~[m[K
[9.477s] gmake[2]: *** [CMakeFiles/setpoint_generator.dir/build.make:76: CMakeFiles/setpoint_generator.dir/src/setpoint_generator.cpp.o] Error 1
[9.477s] gmake[1]: *** [CMakeFiles/Makefile2:137: CMakeFiles/setpoint_generator.dir/all] Error 2
[9.477s] gmake: *** [Makefile:146: all] Error 2
[9.480s] Invoked command in '/home/ubuntu/Robotics/ros2_ws/build/assignment1_2' returned '2': CMAKE_PREFIX_PATH=${CMAKE_PREFIX_PATH}:/opt/ros/jazzy /usr/bin/cmake --build /home/ubuntu/Robotics/ros2_ws/build/assignment1_2 -- -j12 -l12
