In file included from [01m[K/opt/ros/jazzy/include/rclcpp/rclcpp/copy_all_parameter_values.hpp:27[m[K,
                 from [01m[K/opt/ros/jazzy/include/rclcpp/rclcpp/rclcpp.hpp:171[m[K,
                 from [01m[K/home/ubuntu/Robotics/ros2_ws/src/cam2image_vm2ros/src/image_brightness.cpp:5[m[K:
[01m[K/home/ubuntu/Robotics/ros2_ws/src/cam2image_vm2ros/src/image_brightness.cpp:[m[K In static member function ‘[01m[Kstatic void ImageBrightness::[01;32m[Ktopic_callback[m[K(sensor_msgs::msg::Image_<std::allocator<void> >::SharedPtr)[m[K’:
[01m[K/home/ubuntu/Robotics/ros2_ws/src/cam2image_vm2ros/src/image_brightness.cpp:41:21:[m[K [01;31m[Kerror: [m[K‘[01m[Kthis[m[K’ is unavailable for static member functions
   41 |         RCLCPP_INFO([01;31m[Kthis[m[K->get_logger(), "Message received!");
      |                     [01;31m[K^~~~[m[K
[01m[K/home/ubuntu/Robotics/ros2_ws/src/cam2image_vm2ros/src/image_brightness.cpp:41:21:[m[K [01;31m[Kerror: [m[K‘[01m[Kthis[m[K’ is unavailable for static member functions
[01m[K/home/ubuntu/Robotics/ros2_ws/src/cam2image_vm2ros/src/image_brightness.cpp:41:9:[m[K [01;31m[Kerror: [m[Ktemplate argument 1 is invalid
   41 |         [01;31m[KRCLCPP_INFO[m[K(this->get_logger(), "Message received!");
      |         [01;31m[K^~~~~~~~~~~[m[K
In file included from [01m[K/opt/ros/jazzy/include/rclcpp/rclcpp/logging.hpp:24[m[K:
[01m[K/home/ubuntu/Robotics/ros2_ws/src/cam2image_vm2ros/src/image_brightness.cpp:41:21:[m[K [01;31m[Kerror: [m[K‘[01m[Kthis[m[K’ is unavailable for static member functions
   41 |         RCLCPP_INFO([01;31m[Kthis[m[K->get_logger(), "Message received!");
      |                     [01;31m[K^~~~[m[K
[01m[K/home/ubuntu/Robotics/ros2_ws/src/cam2image_vm2ros/src/image_brightness.cpp:41:21:[m[K [01;31m[Kerror: [m[K‘[01m[Kthis[m[K’ is unavailable for static member functions
   41 |         RCLCPP_INFO([01;31m[Kthis[m[K->get_logger(), "Message received!");
      |                     [01;31m[K^~~~[m[K
[01m[K/home/ubuntu/Robotics/ros2_ws/src/cam2image_vm2ros/src/image_brightness.cpp:45:24:[m[K [01;31m[Kerror: [m[K‘[01m[Kthis[m[K’ is unavailable for static member functions
   45 |         message.data = [01;31m[Kthis[m[K->get_brightness();
      |                        [01;31m[K^~~~[m[K
[01m[K/home/ubuntu/Robotics/ros2_ws/src/cam2image_vm2ros/src/image_brightness.cpp:46:21:[m[K [01;31m[Kerror: [m[K‘[01m[Kthis[m[K’ is unavailable for static member functions
   46 |         RCLCPP_INFO([01;31m[Kthis[m[K->get_logger(), "Publishing brightness of '%s'", message.data.c_str());
      |                     [01;31m[K^~~~[m[K
[01m[K/home/ubuntu/Robotics/ros2_ws/src/cam2image_vm2ros/src/image_brightness.cpp:46:21:[m[K [01;31m[Kerror: [m[K‘[01m[Kthis[m[K’ is unavailable for static member functions
[01m[K/home/ubuntu/Robotics/ros2_ws/src/cam2image_vm2ros/src/image_brightness.cpp:46:9:[m[K [01;31m[Kerror: [m[Ktemplate argument 1 is invalid
   46 |         [01;31m[KRCLCPP_INFO[m[K(this->get_logger(), "Publishing brightness of '%s'", message.data.c_str());
      |         [01;31m[K^~~~~~~~~~~[m[K
[01m[K/home/ubuntu/Robotics/ros2_ws/src/cam2image_vm2ros/src/image_brightness.cpp:46:21:[m[K [01;31m[Kerror: [m[K‘[01m[Kthis[m[K’ is unavailable for static member functions
   46 |         RCLCPP_INFO([01;31m[Kthis[m[K->get_logger(), "Publishing brightness of '%s'", message.data.c_str());
      |                     [01;31m[K^~~~[m[K
[01m[K/home/ubuntu/Robotics/ros2_ws/src/cam2image_vm2ros/src/image_brightness.cpp:46:21:[m[K [01;31m[Kerror: [m[K‘[01m[Kthis[m[K’ is unavailable for static member functions
   46 |         RCLCPP_INFO([01;31m[Kthis[m[K->get_logger(), "Publishing brightness of '%s'", message.data.c_str());
      |                     [01;31m[K^~~~[m[K
[01m[K/home/ubuntu/Robotics/ros2_ws/src/cam2image_vm2ros/src/image_brightness.cpp:47:9:[m[K [01;31m[Kerror: [m[K‘[01m[Kthis[m[K’ is unavailable for static member functions
   47 |         [01;31m[Kthis[m[K->publisher_->publish(message);
      |         [01;31m[K^~~~[m[K
[01m[K/home/ubuntu/Robotics/ros2_ws/src/cam2image_vm2ros/src/image_brightness.cpp:39:67:[m[K [01;35m[Kwarning: [m[Kunused parameter ‘[01m[Kimg[m[K’ [[01;35m[K]8;;https://gcc.gnu.org/onlinedocs/gcc/Warning-Options.html#index-Wunused-parameter-Wunused-parameter]8;;[m[K]
   39 |     static void topic_callback([01;35m[Ksensor_msgs::msg::Image::SharedPtr img[m[K) {
      |                                [01;35m[K~~~~~~~~~~~~~~~~~~~~~~~~~~~~~~~~~~~^~~[m[K
gmake[2]: *** [CMakeFiles/talker_listener_node.dir/build.make:76: CMakeFiles/talker_listener_node.dir/src/image_brightness.cpp.o] Error 1
gmake[1]: *** [CMakeFiles/Makefile2:193: CMakeFiles/talker_listener_node.dir/all] Error 2
gmake: *** [Makefile:146: all] Error 2
