[0.222s] Invoking command in '/home/ubuntu/Robotics/ros2_ws/build/relbot_simulator': CMAKE_PREFIX_PATH=${CMAKE_PREFIX_PATH}:/opt/ros/jazzy /usr/bin/cmake --build /home/ubuntu/Robotics/ros2_ws/build/relbot_simulator -- -j12 -l12
[0.304s] [100%] Built target relbot_simulator
[0.317s] Invoked command in '/home/ubuntu/Robotics/ros2_ws/build/relbot_simulator' returned '0': CMAKE_PREFIX_PATH=${CMAKE_PREFIX_PATH}:/opt/ros/jazzy /usr/bin/cmake --build /home/ubuntu/Robotics/ros2_ws/build/relbot_simulator -- -j12 -l12
[0.318s] Invoking command in '/home/ubuntu/Robotics/ros2_ws/build/relbot_simulator': CMAKE_PREFIX_PATH=${CMAKE_PREFIX_PATH}:/opt/ros/jazzy /usr/bin/cmake --install /home/ubuntu/Robotics/ros2_ws/build/relbot_simulator
[0.327s] -- Install configuration: ""
[0.327s] -- Up-to-date: /home/ubuntu/Robotics/ros2_ws/install/relbot_simulator/lib/relbot_simulator/relbot_simulator
[0.327s] -- Up-to-date: /home/ubuntu/Robotics/ros2_ws/install/relbot_simulator/include
[0.327s] -- Up-to-date: /home/ubuntu/Robotics/ros2_ws/install/relbot_simulator/include/xxfuncs.cpp
[0.328s] -- Up-to-date: /home/ubuntu/Robotics/ros2_ws/install/relbot_simulator/include/xxinverse.h
[0.328s] -- Up-to-date: /home/ubuntu/Robotics/ros2_ws/install/relbot_simulator/include/xxmatrix.h
[0.328s] -- Up-to-date: /home/ubuntu/Robotics/ros2_ws/install/relbot_simulator/include/xxinteg.h
[0.328s] -- Up-to-date: /home/ubuntu/Robotics/ros2_ws/install/relbot_simulator/include/xxtypes.h
[0.328s] -- Up-to-date: /home/ubuntu/Robotics/ros2_ws/install/relbot_simulator/include/xxmodel.h
[0.328s] -- Up-to-date: /home/ubuntu/Robotics/ros2_ws/install/relbot_simulator/include/xxinverse.cpp
[0.329s] -- Up-to-date: /home/ubuntu/Robotics/ros2_ws/install/relbot_simulator/include/xxmatrix.cpp
[0.329s] -- Up-to-date: /home/ubuntu/Robotics/ros2_ws/install/relbot_simulator/include/EulerAngles.cpp
[0.329s] -- Up-to-date: /home/ubuntu/Robotics/ros2_ws/install/relbot_simulator/include/MotionProfiles.h
[0.329s] -- Up-to-date: /home/ubuntu/Robotics/ros2_ws/install/relbot_simulator/include/xxinteg.cpp
[0.329s] -- Up-to-date: /home/ubuntu/Robotics/ros2_ws/install/relbot_simulator/include/xxfuncs.h
[0.329s] -- Up-to-date: /home/ubuntu/Robotics/ros2_ws/install/relbot_simulator/include/EulerAngles.h
[0.329s] -- Up-to-date: /home/ubuntu/Robotics/ros2_ws/install/relbot_simulator/include/MotionProfiles.cpp
[0.330s] -- Up-to-date: /home/ubuntu/Robotics/ros2_ws/install/relbot_simulator/share/ament_index/resource_index/package_run_dependencies/relbot_simulator
[0.330s] -- Up-to-date: /home/ubuntu/Robotics/ros2_ws/install/relbot_simulator/share/ament_index/resource_index/parent_prefix_path/relbot_simulator
[0.330s] -- Up-to-date: /home/ubuntu/Robotics/ros2_ws/install/relbot_simulator/share/relbot_simulator/environment/ament_prefix_path.sh
[0.330s] -- Up-to-date: /home/ubuntu/Robotics/ros2_ws/install/relbot_simulator/share/relbot_simulator/environment/ament_prefix_path.dsv
[0.330s] -- Up-to-date: /home/ubuntu/Robotics/ros2_ws/install/relbot_simulator/share/relbot_simulator/environment/path.sh
[0.330s] -- Up-to-date: /home/ubuntu/Robotics/ros2_ws/install/relbot_simulator/share/relbot_simulator/environment/path.dsv
[0.330s] -- Up-to-date: /home/ubuntu/Robotics/ros2_ws/install/relbot_simulator/share/relbot_simulator/local_setup.bash
[0.330s] -- Up-to-date: /home/ubuntu/Robotics/ros2_ws/install/relbot_simulator/share/relbot_simulator/local_setup.sh
[0.330s] -- Up-to-date: /home/ubuntu/Robotics/ros2_ws/install/relbot_simulator/share/relbot_simulator/local_setup.zsh
[0.330s] -- Up-to-date: /home/ubuntu/Robotics/ros2_ws/install/relbot_simulator/share/relbot_simulator/local_setup.dsv
[0.330s] -- Installing: /home/ubuntu/Robotics/ros2_ws/install/relbot_simulator/share/relbot_simulator/package.dsv
[0.331s] -- Up-to-date: /home/ubuntu/Robotics/ros2_ws/install/relbot_simulator/share/ament_index/resource_index/packages/relbot_simulator
[0.331s] -- Up-to-date: /home/ubuntu/Robotics/ros2_ws/install/relbot_simulator/share/relbot_simulator/cmake/relbot_simulatorConfig.cmake
[0.331s] -- Up-to-date: /home/ubuntu/Robotics/ros2_ws/install/relbot_simulator/share/relbot_simulator/cmake/relbot_simulatorConfig-version.cmake
[0.333s] -- Up-to-date: /home/ubuntu/Robotics/ros2_ws/install/relbot_simulator/share/relbot_simulator/package.xml
[0.333s] Invoked command in '/home/ubuntu/Robotics/ros2_ws/build/relbot_simulator' returned '0': CMAKE_PREFIX_PATH=${CMAKE_PREFIX_PATH}:/opt/ros/jazzy /usr/bin/cmake --install /home/ubuntu/Robotics/ros2_ws/build/relbot_simulator
