[0.067s] Invoking command in '/home/ubuntu/Robotics/ros2_ws/build/assignment1_1': /usr/bin/cmake /home/ubuntu/Robotics/ros2_ws/src/assignment1_1 -DCMAKE_INSTALL_PREFIX=/home/ubuntu/Robotics/ros2_ws/install/assignment1_1
[2.768s] [31mCMake Error at CMakeLists.txt:9 (find_package):
[2.768s]   By not providing "Findament_cmake.cmake" in CMAKE_MODULE_PATH this project
[2.768s]   has asked CMake to find a package configuration file provided by
[2.769s]   "ament_cmake", but CMake did not find one.
[2.769s] 
[2.769s]   Could not find a package configuration file provided by "ament_cmake" with
[2.769s]   any of the following names:
[2.769s] 
[2.770s]     ament_cmakeConfig.cmake
[2.770s]     ament_cmake-config.cmake
[2.770s] 
[2.770s]   Add the installation prefix of "ament_cmake" to CMAKE_PREFIX_PATH or set
[2.770s]   "ament_cmake_DIR" to a directory containing one of the above files.  If
[2.770s]   "ament_cmake" provides a separate development package or SDK, be sure it
[2.770s]   has been installed.
[2.771s] 
[2.771s] [0m
[2.771s] -- Configuring incomplete, errors occurred!
[2.921s] Invoked command in '/home/ubuntu/Robotics/ros2_ws/build/assignment1_1' returned '1': /usr/bin/cmake /home/ubuntu/Robotics/ros2_ws/src/assignment1_1 -DCMAKE_INSTALL_PREFIX=/home/ubuntu/Robotics/ros2_ws/install/assignment1_1
