[0.047s] Invoking command in '/home/ubuntu/Robotics/ros2_ws/build/sequence_controller': /usr/bin/cmake /home/ubuntu/Robotics/ros2_ws/src/sequence_controller -DCMAKE_INSTALL_PREFIX=/home/ubuntu/Robotics/ros2_ws/install/sequence_controller
[7.491s] -- The C compiler identification is GNU 13.3.0
[7.492s] -- The CXX compiler identification is GNU 13.3.0
[7.492s] -- Detecting C compiler ABI info
[7.492s] -- Detecting C compiler ABI info - done
[7.492s] -- Check for working C compiler: /usr/bin/cc - skipped
[7.493s] -- Detecting C compile features
[7.493s] -- Detecting C compile features - done
[7.494s] -- Detecting CXX compiler ABI info
[7.495s] -- Detecting CXX compiler ABI info - done
[7.495s] -- Check for working CXX compiler: /usr/bin/c++ - skipped
[7.495s] -- Detecting CXX compile features
[7.495s] -- Detecting CXX compile features - done
[7.496s] -- Configuring incomplete, errors occurred!
[7.496s] [31mCMake Error at CMakeLists.txt:8 (find_package):
[7.497s]   By not providing "Findament_cmake.cmake" in CMAKE_MODULE_PATH this project
[7.497s]   has asked CMake to find a package configuration file provided by
[7.497s]   "ament_cmake", but CMake did not find one.
[7.498s] 
[7.498s]   Could not find a package configuration file provided by "ament_cmake" with
[7.498s]   any of the following names:
[7.498s] 
[7.499s]     ament_cmakeConfig.cmake
[7.499s]     ament_cmake-config.cmake
[7.499s] 
[7.499s]   Add the installation prefix of "ament_cmake" to CMAKE_PREFIX_PATH or set
[7.500s]   "ament_cmake_DIR" to a directory containing one of the above files.  If
[7.500s]   "ament_cmake" provides a separate development package or SDK, be sure it
[7.500s]   has been installed.
[7.501s] 
[7.501s] [0m
[7.510s] Invoked command in '/home/ubuntu/Robotics/ros2_ws/build/sequence_controller' returned '1': /usr/bin/cmake /home/ubuntu/Robotics/ros2_ws/src/sequence_controller -DCMAKE_INSTALL_PREFIX=/home/ubuntu/Robotics/ros2_ws/install/sequence_controller
