[ 33%] Built target object_position_indicator
[100%] Built target brightness_receiver
[100%] Built target image_brightness
-- Install configuration: ""
-- Up-to-date: /home/ubuntu/Robotics/ros2_ws/install/assignment1_1/lib/assignment1_1/image_brightness
-- Up-to-date: /home/ubuntu/Robotics/ros2_ws/install/assignment1_1/lib/assignment1_1/brightness_receiver
-- Up-to-date: /home/ubuntu/Robotics/ros2_ws/install/assignment1_1/lib/assignment1_1/object_position_indicator
-- Up-to-date: /home/ubuntu/Robotics/ros2_ws/install/assignment1_1/share/ament_index/resource_index/package_run_dependencies/assignment1_1
-- Up-to-date: /home/ubuntu/Robotics/ros2_ws/install/assignment1_1/share/ament_index/resource_index/parent_prefix_path/assignment1_1
-- Up-to-date: /home/ubuntu/Robotics/ros2_ws/install/assignment1_1/share/assignment1_1/environment/ament_prefix_path.sh
-- Up-to-date: /home/ubuntu/Robotics/ros2_ws/install/assignment1_1/share/assignment1_1/environment/ament_prefix_path.dsv
-- Up-to-date: /home/ubuntu/Robotics/ros2_ws/install/assignment1_1/share/assignment1_1/environment/path.sh
-- Up-to-date: /home/ubuntu/Robotics/ros2_ws/install/assignment1_1/share/assignment1_1/environment/path.dsv
-- Up-to-date: /home/ubuntu/Robotics/ros2_ws/install/assignment1_1/share/assignment1_1/local_setup.bash
-- Up-to-date: /home/ubuntu/Robotics/ros2_ws/install/assignment1_1/share/assignment1_1/local_setup.sh
-- Up-to-date: /home/ubuntu/Robotics/ros2_ws/install/assignment1_1/share/assignment1_1/local_setup.zsh
-- Up-to-date: /home/ubuntu/Robotics/ros2_ws/install/assignment1_1/share/assignment1_1/local_setup.dsv
-- Installing: /home/ubuntu/Robotics/ros2_ws/install/assignment1_1/share/assignment1_1/package.dsv
-- Up-to-date: /home/ubuntu/Robotics/ros2_ws/install/assignment1_1/share/ament_index/resource_index/packages/assignment1_1
-- Up-to-date: /home/ubuntu/Robotics/ros2_ws/install/assignment1_1/share/assignment1_1/cmake/assignment1_1Config.cmake
-- Up-to-date: /home/ubuntu/Robotics/ros2_ws/install/assignment1_1/share/assignment1_1/cmake/assignment1_1Config-version.cmake
-- Up-to-date: /home/ubuntu/Robotics/ros2_ws/install/assignment1_1/share/assignment1_1/package.xml
