[0.114s] Invoking command in '/home/ubuntu/Robotics/ros2_ws/build/assignment1_1': CMAKE_PREFIX_PATH=${CMAKE_PREFIX_PATH}:/opt/ros/jazzy /usr/bin/cmake --build /home/ubuntu/Robotics/ros2_ws/build/assignment1_1 -- -j12 -l12
[1.145s] [ 33%] Built target object_position_indicator
[1.185s] [100%] Built target brightness_receiver
[1.185s] [100%] Built target image_brightness
[1.421s] Invoked command in '/home/ubuntu/Robotics/ros2_ws/build/assignment1_1' returned '0': CMAKE_PREFIX_PATH=${CMAKE_PREFIX_PATH}:/opt/ros/jazzy /usr/bin/cmake --build /home/ubuntu/Robotics/ros2_ws/build/assignment1_1 -- -j12 -l12
[1.429s] Invoking command in '/home/ubuntu/Robotics/ros2_ws/build/assignment1_1': CMAKE_PREFIX_PATH=${CMAKE_PREFIX_PATH}:/opt/ros/jazzy /usr/bin/cmake --install /home/ubuntu/Robotics/ros2_ws/build/assignment1_1
[1.446s] -- Install configuration: ""
[1.494s] -- Up-to-date: /home/ubuntu/Robotics/ros2_ws/install/assignment1_1/lib/assignment1_1/image_brightness
[1.530s] -- Up-to-date: /home/ubuntu/Robotics/ros2_ws/install/assignment1_1/lib/assignment1_1/brightness_receiver
[1.619s] -- Up-to-date: /home/ubuntu/Robotics/ros2_ws/install/assignment1_1/lib/assignment1_1/object_position_indicator
[1.620s] -- Up-to-date: /home/ubuntu/Robotics/ros2_ws/install/assignment1_1/share/ament_index/resource_index/package_run_dependencies/assignment1_1
[1.620s] -- Up-to-date: /home/ubuntu/Robotics/ros2_ws/install/assignment1_1/share/ament_index/resource_index/parent_prefix_path/assignment1_1
[1.621s] -- Up-to-date: /home/ubuntu/Robotics/ros2_ws/install/assignment1_1/share/assignment1_1/environment/ament_prefix_path.sh
[1.621s] -- Up-to-date: /home/ubuntu/Robotics/ros2_ws/install/assignment1_1/share/assignment1_1/environment/ament_prefix_path.dsv
[1.621s] -- Up-to-date: /home/ubuntu/Robotics/ros2_ws/install/assignment1_1/share/assignment1_1/environment/path.sh
[1.621s] -- Up-to-date: /home/ubuntu/Robotics/ros2_ws/install/assignment1_1/share/assignment1_1/environment/path.dsv
[1.621s] -- Up-to-date: /home/ubuntu/Robotics/ros2_ws/install/assignment1_1/share/assignment1_1/local_setup.bash
[1.621s] -- Up-to-date: /home/ubuntu/Robotics/ros2_ws/install/assignment1_1/share/assignment1_1/local_setup.sh
[1.621s] -- Up-to-date: /home/ubuntu/Robotics/ros2_ws/install/assignment1_1/share/assignment1_1/local_setup.zsh
[1.621s] -- Up-to-date: /home/ubuntu/Robotics/ros2_ws/install/assignment1_1/share/assignment1_1/local_setup.dsv
[1.621s] -- Installing: /home/ubuntu/Robotics/ros2_ws/install/assignment1_1/share/assignment1_1/package.dsv
[1.634s] -- Up-to-date: /home/ubuntu/Robotics/ros2_ws/install/assignment1_1/share/ament_index/resource_index/packages/assignment1_1
[1.634s] -- Up-to-date: /home/ubuntu/Robotics/ros2_ws/install/assignment1_1/share/assignment1_1/cmake/assignment1_1Config.cmake
[1.634s] -- Up-to-date: /home/ubuntu/Robotics/ros2_ws/install/assignment1_1/share/assignment1_1/cmake/assignment1_1Config-version.cmake
[1.634s] -- Up-to-date: /home/ubuntu/Robotics/ros2_ws/install/assignment1_1/share/assignment1_1/package.xml
[1.643s] Invoked command in '/home/ubuntu/Robotics/ros2_ws/build/assignment1_1' returned '0': CMAKE_PREFIX_PATH=${CMAKE_PREFIX_PATH}:/opt/ros/jazzy /usr/bin/cmake --install /home/ubuntu/Robotics/ros2_ws/build/assignment1_1
