[35m[1mConsolidate compiler generated dependencies of target object_tracker[0m
[ 50%] [32mBuilding CXX object CMakeFiles/object_tracker.dir/src/object_tracker.cpp.o[0m
[100%] [32m[1mLinking CXX executable object_tracker[0m
[100%] Built target object_tracker
-- Install configuration: ""
-- Installing: /home/asdfr-33/ASDfR---Assignment3_ros_ws/install/object_tracker/lib/object_tracker/object_tracker
-- Set runtime path of "/home/asdfr-33/ASDfR---Assignment3_ros_ws/install/object_tracker/lib/object_tracker/object_tracker" to ""
-- Up-to-date: /home/asdfr-33/ASDfR---Assignment3_ros_ws/install/object_tracker/include/
-- Installing: /home/asdfr-33/ASDfR---Assignment3_ros_ws/install/object_tracker/include//object_tracker.hpp
-- Up-to-date: /home/asdfr-33/ASDfR---Assignment3_ros_ws/install/object_tracker/share/ament_index/resource_index/package_run_dependencies/object_tracker
-- Up-to-date: /home/asdfr-33/ASDfR---Assignment3_ros_ws/install/object_tracker/share/ament_index/resource_index/parent_prefix_path/object_tracker
-- Up-to-date: /home/asdfr-33/ASDfR---Assignment3_ros_ws/install/object_tracker/share/object_tracker/environment/ament_prefix_path.sh
-- Up-to-date: /home/asdfr-33/ASDfR---Assignment3_ros_ws/install/object_tracker/share/object_tracker/environment/ament_prefix_path.dsv
-- Up-to-date: /home/asdfr-33/ASDfR---Assignment3_ros_ws/install/object_tracker/share/object_tracker/environment/path.sh
-- Up-to-date: /home/asdfr-33/ASDfR---Assignment3_ros_ws/install/object_tracker/share/object_tracker/environment/path.dsv
-- Up-to-date: /home/asdfr-33/ASDfR---Assignment3_ros_ws/install/object_tracker/share/object_tracker/local_setup.bash
-- Up-to-date: /home/asdfr-33/ASDfR---Assignment3_ros_ws/install/object_tracker/share/object_tracker/local_setup.sh
-- Up-to-date: /home/asdfr-33/ASDfR---Assignment3_ros_ws/install/object_tracker/share/object_tracker/local_setup.zsh
-- Up-to-date: /home/asdfr-33/ASDfR---Assignment3_ros_ws/install/object_tracker/share/object_tracker/local_setup.dsv
-- Installing: /home/asdfr-33/ASDfR---Assignment3_ros_ws/install/object_tracker/share/object_tracker/package.dsv
-- Up-to-date: /home/asdfr-33/ASDfR---Assignment3_ros_ws/install/object_tracker/share/ament_index/resource_index/packages/object_tracker
-- Up-to-date: /home/asdfr-33/ASDfR---Assignment3_ros_ws/install/object_tracker/share/object_tracker/cmake/object_trackerConfig.cmake
-- Up-to-date: /home/asdfr-33/ASDfR---Assignment3_ros_ws/install/object_tracker/share/object_tracker/cmake/object_trackerConfig-version.cmake
-- Up-to-date: /home/asdfr-33/ASDfR---Assignment3_ros_ws/install/object_tracker/share/object_tracker/package.xml
