[0.045s] Invoking command in '/home/ubuntu/Robotics/ros2_ws/build/cam2image_vm2ros': CMAKE_PREFIX_PATH=${CMAKE_PREFIX_PATH}:/opt/ros/jazzy /usr/bin/cmake --build /home/ubuntu/Robotics/ros2_ws/build/cam2image_vm2ros -- -j12 -l12
[0.200s] [ 40%] Built target cam2image
[0.285s] [100%] Built target cam2image_vm2ros
[0.333s] Invoked command in '/home/ubuntu/Robotics/ros2_ws/build/cam2image_vm2ros' returned '0': CMAKE_PREFIX_PATH=${CMAKE_PREFIX_PATH}:/opt/ros/jazzy /usr/bin/cmake --build /home/ubuntu/Robotics/ros2_ws/build/cam2image_vm2ros -- -j12 -l12
[0.335s] Invoking command in '/home/ubuntu/Robotics/ros2_ws/build/cam2image_vm2ros': CMAKE_PREFIX_PATH=${CMAKE_PREFIX_PATH}:/opt/ros/jazzy /usr/bin/cmake --install /home/ubuntu/Robotics/ros2_ws/build/cam2image_vm2ros
[0.363s] -- Install configuration: ""
[0.364s] -- Installing: /home/ubuntu/Robotics/ros2_ws/install/cam2image_vm2ros/lib/cam2image_vm2ros/cam2image
[0.367s] -- Set non-toolchain portion of runtime path of "/home/ubuntu/Robotics/ros2_ws/install/cam2image_vm2ros/lib/cam2image_vm2ros/cam2image" to ""
[0.367s] -- Installing: /home/ubuntu/Robotics/ros2_ws/install/cam2image_vm2ros/lib/libcam2image_vm2ros.so
[0.373s] -- Set non-toolchain portion of runtime path of "/home/ubuntu/Robotics/ros2_ws/install/cam2image_vm2ros/lib/libcam2image_vm2ros.so" to ""
[0.373s] -- Installing: /home/ubuntu/Robotics/ros2_ws/install/cam2image_vm2ros/include/cam2image_vm2ros
[0.374s] -- Installing: /home/ubuntu/Robotics/ros2_ws/install/cam2image_vm2ros/include/cam2image_vm2ros/cam2image.hpp:Zone.Identifier
[0.384s] -- Installing: /home/ubuntu/Robotics/ros2_ws/install/cam2image_vm2ros/include/cam2image_vm2ros/visibility_control.h
[0.384s] -- Installing: /home/ubuntu/Robotics/ros2_ws/install/cam2image_vm2ros/include/cam2image_vm2ros/base64.hpp:Zone.Identifier
[0.386s] -- Installing: /home/ubuntu/Robotics/ros2_ws/install/cam2image_vm2ros/include/cam2image_vm2ros/visibility_control.h:Zone.Identifier
[0.388s] -- Installing: /home/ubuntu/Robotics/ros2_ws/install/cam2image_vm2ros/include/cam2image_vm2ros/remote_capture.hpp
[0.389s] -- Installing: /home/ubuntu/Robotics/ros2_ws/install/cam2image_vm2ros/include/cam2image_vm2ros/base64.hpp
[0.389s] -- Installing: /home/ubuntu/Robotics/ros2_ws/install/cam2image_vm2ros/include/cam2image_vm2ros/cam2image.hpp
[0.390s] -- Installing: /home/ubuntu/Robotics/ros2_ws/install/cam2image_vm2ros/include/cam2image_vm2ros/remote_capture.hpp:Zone.Identifier
[0.399s] -- Installing: /home/ubuntu/Robotics/ros2_ws/install/cam2image_vm2ros/share/cam2image_vm2ros/environment/library_path.sh
[0.400s] -- Installing: /home/ubuntu/Robotics/ros2_ws/install/cam2image_vm2ros/share/cam2image_vm2ros/environment/library_path.dsv
[0.405s] -- Installing: /home/ubuntu/Robotics/ros2_ws/install/cam2image_vm2ros/share/ament_index/resource_index/package_run_dependencies/cam2image_vm2ros
[0.406s] -- Installing: /home/ubuntu/Robotics/ros2_ws/install/cam2image_vm2ros/share/ament_index/resource_index/parent_prefix_path/cam2image_vm2ros
[0.407s] -- Installing: /home/ubuntu/Robotics/ros2_ws/install/cam2image_vm2ros/share/cam2image_vm2ros/environment/ament_prefix_path.sh
[0.408s] -- Installing: /home/ubuntu/Robotics/ros2_ws/install/cam2image_vm2ros/share/cam2image_vm2ros/environment/ament_prefix_path.dsv
[0.408s] -- Installing: /home/ubuntu/Robotics/ros2_ws/install/cam2image_vm2ros/share/cam2image_vm2ros/environment/path.sh
[0.409s] -- Installing: /home/ubuntu/Robotics/ros2_ws/install/cam2image_vm2ros/share/cam2image_vm2ros/environment/path.dsv
[0.409s] -- Installing: /home/ubuntu/Robotics/ros2_ws/install/cam2image_vm2ros/share/cam2image_vm2ros/local_setup.bash
[0.409s] -- Installing: /home/ubuntu/Robotics/ros2_ws/install/cam2image_vm2ros/share/cam2image_vm2ros/local_setup.sh
[0.411s] -- Installing: /home/ubuntu/Robotics/ros2_ws/install/cam2image_vm2ros/share/cam2image_vm2ros/local_setup.zsh
[0.411s] -- Installing: /home/ubuntu/Robotics/ros2_ws/install/cam2image_vm2ros/share/cam2image_vm2ros/local_setup.dsv
[0.413s] -- Installing: /home/ubuntu/Robotics/ros2_ws/install/cam2image_vm2ros/share/cam2image_vm2ros/package.dsv
[0.414s] -- Installing: /home/ubuntu/Robotics/ros2_ws/install/cam2image_vm2ros/share/ament_index/resource_index/packages/cam2image_vm2ros
[0.414s] -- Installing: /home/ubuntu/Robotics/ros2_ws/install/cam2image_vm2ros/share/ament_index/resource_index/rclcpp_components/cam2image_vm2ros
[0.415s] -- Installing: /home/ubuntu/Robotics/ros2_ws/install/cam2image_vm2ros/share/cam2image_vm2ros/cmake/cam2image_vm2rosExport.cmake
[0.415s] -- Installing: /home/ubuntu/Robotics/ros2_ws/install/cam2image_vm2ros/share/cam2image_vm2ros/cmake/cam2image_vm2rosExport-noconfig.cmake
[0.416s] -- Installing: /home/ubuntu/Robotics/ros2_ws/install/cam2image_vm2ros/share/cam2image_vm2ros/cmake/ament_cmake_export_libraries-extras.cmake
[0.416s] -- Installing: /home/ubuntu/Robotics/ros2_ws/install/cam2image_vm2ros/share/cam2image_vm2ros/cmake/ament_cmake_export_targets-extras.cmake
[0.417s] -- Installing: /home/ubuntu/Robotics/ros2_ws/install/cam2image_vm2ros/share/cam2image_vm2ros/cmake/ament_cmake_export_dependencies-extras.cmake
[0.417s] -- Installing: /home/ubuntu/Robotics/ros2_ws/install/cam2image_vm2ros/share/cam2image_vm2ros/cmake/cam2image_vm2rosConfig.cmake
[0.417s] -- Installing: /home/ubuntu/Robotics/ros2_ws/install/cam2image_vm2ros/share/cam2image_vm2ros/cmake/cam2image_vm2rosConfig-version.cmake
[0.418s] -- Installing: /home/ubuntu/Robotics/ros2_ws/install/cam2image_vm2ros/share/cam2image_vm2ros/package.xml
[0.529s] Invoked command in '/home/ubuntu/Robotics/ros2_ws/build/cam2image_vm2ros' returned '0': CMAKE_PREFIX_PATH=${CMAKE_PREFIX_PATH}:/opt/ros/jazzy /usr/bin/cmake --install /home/ubuntu/Robotics/ros2_ws/build/cam2image_vm2ros
