[0.050s] Invoking command in '/home/asdfr-33/ASDfR---Assignment3_ros_ws/build/assignment3_1': CMAKE_PREFIX_PATH=${CMAKE_PREFIX_PATH}:/opt/ros/humble /usr/bin/cmake /home/asdfr-33/ASDfR---Assignment3_ros_ws/src/assignment3_1 -DCMAKE_INSTALL_PREFIX=/home/asdfr-33/ASDfR---Assignment3_ros_ws/install/assignment3_1
[0.311s] -- The C compiler identification is GNU 11.4.0
[0.573s] -- The CXX compiler identification is GNU 11.4.0
[0.604s] -- Detecting C compiler ABI info
[0.960s] -- Detecting C compiler ABI info - done
[0.990s] -- Check for working C compiler: /usr/bin/cc - skipped
[0.992s] -- Detecting C compile features
[0.993s] -- Detecting C compile features - done
[1.010s] -- Detecting CXX compiler ABI info
[1.394s] -- Detecting CXX compiler ABI info - done
[1.424s] -- Check for working CXX compiler: /usr/bin/c++ - skipped
[1.426s] -- Detecting CXX compile features
[1.428s] -- Detecting CXX compile features - done
[1.443s] -- Found ament_cmake: 1.3.11 (/opt/ros/humble/share/ament_cmake/cmake)
[2.202s] -- Found Python3: /usr/bin/python3 (found version "3.10.12") found components: Interpreter 
[2.658s] -- Found ament_lint_auto: 0.12.11 (/opt/ros/humble/share/ament_lint_auto/cmake)
[3.087s] -- Added test 'lint_cmake' to check CMake code style
[3.091s] -- Added test 'xmllint' to check XML markup files
[3.115s] -- Configuring done
[3.177s] -- Generating done
[3.219s] -- Build files have been written to: /home/asdfr-33/ASDfR---Assignment3_ros_ws/build/assignment3_1
[3.259s] Invoked command in '/home/asdfr-33/ASDfR---Assignment3_ros_ws/build/assignment3_1' returned '0': CMAKE_PREFIX_PATH=${CMAKE_PREFIX_PATH}:/opt/ros/humble /usr/bin/cmake /home/asdfr-33/ASDfR---Assignment3_ros_ws/src/assignment3_1 -DCMAKE_INSTALL_PREFIX=/home/asdfr-33/ASDfR---Assignment3_ros_ws/install/assignment3_1
[3.265s] Invoking command in '/home/asdfr-33/ASDfR---Assignment3_ros_ws/build/assignment3_1': CMAKE_PREFIX_PATH=${CMAKE_PREFIX_PATH}:/opt/ros/humble /usr/bin/cmake --build /home/asdfr-33/ASDfR---Assignment3_ros_ws/build/assignment3_1 -- -j3 -l3
[3.424s] Invoked command in '/home/asdfr-33/ASDfR---Assignment3_ros_ws/build/assignment3_1' returned '0': CMAKE_PREFIX_PATH=${CMAKE_PREFIX_PATH}:/opt/ros/humble /usr/bin/cmake --build /home/asdfr-33/ASDfR---Assignment3_ros_ws/build/assignment3_1 -- -j3 -l3
[3.430s] Invoking command in '/home/asdfr-33/ASDfR---Assignment3_ros_ws/build/assignment3_1': CMAKE_PREFIX_PATH=${CMAKE_PREFIX_PATH}:/opt/ros/humble /usr/bin/cmake --install /home/asdfr-33/ASDfR---Assignment3_ros_ws/build/assignment3_1
[3.455s] -- Install configuration: ""
[3.456s] -- Installing: /home/asdfr-33/ASDfR---Assignment3_ros_ws/install/assignment3_1/share/ament_index/resource_index/package_run_dependencies/assignment3_1
[3.458s] -- Installing: /home/asdfr-33/ASDfR---Assignment3_ros_ws/install/assignment3_1/share/ament_index/resource_index/parent_prefix_path/assignment3_1
[3.459s] -- Installing: /home/asdfr-33/ASDfR---Assignment3_ros_ws/install/assignment3_1/share/assignment3_1/environment/ament_prefix_path.sh
[3.461s] -- Installing: /home/asdfr-33/ASDfR---Assignment3_ros_ws/install/assignment3_1/share/assignment3_1/environment/ament_prefix_path.dsv
[3.463s] -- Installing: /home/asdfr-33/ASDfR---Assignment3_ros_ws/install/assignment3_1/share/assignment3_1/environment/path.sh
[3.467s] -- Installing: /home/asdfr-33/ASDfR---Assignment3_ros_ws/install/assignment3_1/share/assignment3_1/environment/path.dsv
[3.469s] -- Installing: /home/asdfr-33/ASDfR---Assignment3_ros_ws/install/assignment3_1/share/assignment3_1/local_setup.bash
[3.473s] -- Installing: /home/asdfr-33/ASDfR---Assignment3_ros_ws/install/assignment3_1/share/assignment3_1/local_setup.sh
[3.476s] -- Installing: /home/asdfr-33/ASDfR---Assignment3_ros_ws/install/assignment3_1/share/assignment3_1/local_setup.zsh
[3.478s] -- Installing: /home/asdfr-33/ASDfR---Assignment3_ros_ws/install/assignment3_1/share/assignment3_1/local_setup.dsv
[3.482s] -- Installing: /home/asdfr-33/ASDfR---Assignment3_ros_ws/install/assignment3_1/share/assignment3_1/package.dsv
[3.489s] -- Installing: /home/asdfr-33/ASDfR---Assignment3_ros_ws/install/assignment3_1/share/ament_index/resource_index/packages/assignment3_1
[3.493s] -- Installing: /home/asdfr-33/ASDfR---Assignment3_ros_ws/install/assignment3_1/share/assignment3_1/cmake/assignment3_1Config.cmake
[3.496s] -- Installing: /home/asdfr-33/ASDfR---Assignment3_ros_ws/install/assignment3_1/share/assignment3_1/cmake/assignment3_1Config-version.cmake
[3.499s] -- Installing: /home/asdfr-33/ASDfR---Assignment3_ros_ws/install/assignment3_1/share/assignment3_1/package.xml
[3.501s] Invoked command in '/home/asdfr-33/ASDfR---Assignment3_ros_ws/build/assignment3_1' returned '0': CMAKE_PREFIX_PATH=${CMAKE_PREFIX_PATH}:/opt/ros/humble /usr/bin/cmake --install /home/asdfr-33/ASDfR---Assignment3_ros_ws/build/assignment3_1
