[0.033s] Invoking command in '/home/ubuntu/Robotics/ros2_ws/build/assignment1_1': CMAKE_PREFIX_PATH=${CMAKE_PREFIX_PATH}:/opt/ros/jazzy /usr/bin/cmake --build /home/ubuntu/Robotics/ros2_ws/build/assignment1_1 -- -j12 -l12
[0.151s] [ 33%] Built target brightness_receiver
[0.152s] [ 66%] Built target image_brightness
[0.167s] [100%] Built target object_position_indicator
[0.223s] Invoked command in '/home/ubuntu/Robotics/ros2_ws/build/assignment1_1' returned '0': CMAKE_PREFIX_PATH=${CMAKE_PREFIX_PATH}:/opt/ros/jazzy /usr/bin/cmake --build /home/ubuntu/Robotics/ros2_ws/build/assignment1_1 -- -j12 -l12
[0.225s] Invoking command in '/home/ubuntu/Robotics/ros2_ws/build/assignment1_1': CMAKE_PREFIX_PATH=${CMAKE_PREFIX_PATH}:/opt/ros/jazzy /usr/bin/cmake --install /home/ubuntu/Robotics/ros2_ws/build/assignment1_1
[0.243s] -- Install configuration: ""
[0.244s] -- Up-to-date: /home/ubuntu/Robotics/ros2_ws/install/assignment1_1/lib/assignment1_1/image_brightness
[0.245s] -- Up-to-date: /home/ubuntu/Robotics/ros2_ws/install/assignment1_1/lib/assignment1_1/brightness_receiver
[0.245s] -- Up-to-date: /home/ubuntu/Robotics/ros2_ws/install/assignment1_1/lib/assignment1_1/object_position_indicator
[0.246s] -- Up-to-date: /home/ubuntu/Robotics/ros2_ws/install/assignment1_1/share/ament_index/resource_index/package_run_dependencies/assignment1_1
[0.251s] -- Up-to-date: /home/ubuntu/Robotics/ros2_ws/install/assignment1_1/share/ament_index/resource_index/parent_prefix_path/assignment1_1
[0.252s] -- Up-to-date: /home/ubuntu/Robotics/ros2_ws/install/assignment1_1/share/assignment1_1/environment/ament_prefix_path.sh
[0.252s] -- Up-to-date: /home/ubuntu/Robotics/ros2_ws/install/assignment1_1/share/assignment1_1/environment/ament_prefix_path.dsv
[0.252s] -- Up-to-date: /home/ubuntu/Robotics/ros2_ws/install/assignment1_1/share/assignment1_1/environment/path.sh
[0.253s] -- Up-to-date: /home/ubuntu/Robotics/ros2_ws/install/assignment1_1/share/assignment1_1/environment/path.dsv
[0.253s] -- Up-to-date: /home/ubuntu/Robotics/ros2_ws/install/assignment1_1/share/assignment1_1/local_setup.bash
[0.253s] -- Up-to-date: /home/ubuntu/Robotics/ros2_ws/install/assignment1_1/share/assignment1_1/local_setup.sh
[0.254s] -- Up-to-date: /home/ubuntu/Robotics/ros2_ws/install/assignment1_1/share/assignment1_1/local_setup.zsh
[0.254s] -- Up-to-date: /home/ubuntu/Robotics/ros2_ws/install/assignment1_1/share/assignment1_1/local_setup.dsv
[0.255s] -- Installing: /home/ubuntu/Robotics/ros2_ws/install/assignment1_1/share/assignment1_1/package.dsv
[0.255s] -- Up-to-date: /home/ubuntu/Robotics/ros2_ws/install/assignment1_1/share/ament_index/resource_index/packages/assignment1_1
[0.255s] -- Up-to-date: /home/ubuntu/Robotics/ros2_ws/install/assignment1_1/share/assignment1_1/cmake/assignment1_1Config.cmake
[0.256s] -- Up-to-date: /home/ubuntu/Robotics/ros2_ws/install/assignment1_1/share/assignment1_1/cmake/assignment1_1Config-version.cmake
[0.257s] -- Up-to-date: /home/ubuntu/Robotics/ros2_ws/install/assignment1_1/share/assignment1_1/package.xml
[0.274s] Invoked command in '/home/ubuntu/Robotics/ros2_ws/build/assignment1_1' returned '0': CMAKE_PREFIX_PATH=${CMAKE_PREFIX_PATH}:/opt/ros/jazzy /usr/bin/cmake --install /home/ubuntu/Robotics/ros2_ws/build/assignment1_1
