[0.053s] Invoking command in '/home/asdfr-33/ASDfR---Assignment3_ros_ws/build/relbot_adapter': CMAKE_PREFIX_PATH=${CMAKE_PREFIX_PATH}:/opt/ros/humble /usr/bin/cmake /home/asdfr-33/ASDfR---Assignment3_ros_ws/src/relbot_adapter -DCMAKE_INSTALL_PREFIX=/home/asdfr-33/ASDfR---Assignment3_ros_ws/install/relbot_adapter
[0.312s] -- The C compiler identification is GNU 11.4.0
[0.596s] -- The CXX compiler identification is GNU 11.4.0
[0.660s] -- Detecting C compiler ABI info
[1.591s] -- Detecting C compiler ABI info - done
[1.628s] -- Check for working C compiler: /usr/bin/cc - skipped
[1.631s] -- Detecting C compile features
[1.635s] -- Detecting C compile features - done
[1.662s] -- Detecting CXX compiler ABI info
[2.093s] -- Detecting CXX compiler ABI info - done
[2.127s] -- Check for working CXX compiler: /usr/bin/c++ - skipped
[2.130s] -- Detecting CXX compile features
[2.133s] -- Detecting CXX compile features - done
[2.152s] -- Found ament_cmake: 1.3.11 (/opt/ros/humble/share/ament_cmake/cmake)
[2.922s] -- Found Python3: /usr/bin/python3 (found version "3.10.12") found components: Interpreter 
[3.627s] -- Found rclcpp: 16.0.11 (/opt/ros/humble/share/rclcpp/cmake)
[3.908s] -- Found rosidl_generator_c: 3.1.6 (/opt/ros/humble/share/rosidl_generator_c/cmake)
[3.940s] -- Found rosidl_adapter: 3.1.6 (/opt/ros/humble/share/rosidl_adapter/cmake)
[3.993s] -- Found rosidl_generator_cpp: 3.1.6 (/opt/ros/humble/share/rosidl_generator_cpp/cmake)
[4.065s] -- Using all available rosidl_typesupport_c: rosidl_typesupport_fastrtps_c;rosidl_typesupport_introspection_c
[4.158s] -- Using all available rosidl_typesupport_cpp: rosidl_typesupport_fastrtps_cpp;rosidl_typesupport_introspection_cpp
[4.658s] -- Found rmw_implementation_cmake: 6.1.2 (/opt/ros/humble/share/rmw_implementation_cmake/cmake)
[4.679s] -- Found rmw_fastrtps_cpp: 6.2.7 (/opt/ros/humble/share/rmw_fastrtps_cpp/cmake)
[5.230s] -- Found OpenSSL: /usr/lib/aarch64-linux-gnu/libcrypto.so (found version "3.0.2")  
[5.416s] -- Found FastRTPS: /opt/ros/humble/include  
[5.696s] -- Using RMW implementation 'rmw_fastrtps_cpp' as default
[5.785s] -- Looking for pthread.h
[6.241s] -- Looking for pthread.h - found
[6.242s] -- Performing Test CMAKE_HAVE_LIBC_PTHREAD
[6.672s] -- Performing Test CMAKE_HAVE_LIBC_PTHREAD - Success
[6.678s] -- Found Threads: TRUE  
[7.042s] -- Found example_interfaces: 0.9.3 (/opt/ros/humble/share/example_interfaces/cmake)
[7.282s] -- Found geometry_msgs: 4.2.4 (/opt/ros/humble/share/geometry_msgs/cmake)
[7.357s] -- Found relbot_msgs: 2025.2.0 (/home/asdfr-33/ASDfR---Assignment3_ros_ws/install/relbot_msgs/share/relbot_msgs/cmake)
[7.460s] -- xrf2_msgs not found, building without xrf2 support.
[7.482s] -- Found ament_lint_auto: 0.12.11 (/opt/ros/humble/share/ament_lint_auto/cmake)
[8.001s] -- Added test 'cppcheck' to perform static code analysis on C / C++ code
[8.003s] -- Configured cppcheck include dirs: /home/asdfr-33/ASDfR---Assignment3_ros_ws/src/relbot_adapter/include;$<BUILD_INTERFACE:/home/asdfr-33/ASDfR---Assignment3_ros_ws/src/relbot_adapter/include>
[8.005s] -- Configured cppcheck exclude dirs and/or files: 
[8.010s] -- Added test 'lint_cmake' to check CMake code style
[8.015s] -- Added test 'uncrustify' to check C / C++ code style
[8.016s] -- Configured uncrustify additional arguments: 
[8.019s] -- Added test 'xmllint' to check XML markup files
[8.036s] -- Configuring done
[8.177s] -- Generating done
[8.253s] -- Build files have been written to: /home/asdfr-33/ASDfR---Assignment3_ros_ws/build/relbot_adapter
[8.381s] Invoked command in '/home/asdfr-33/ASDfR---Assignment3_ros_ws/build/relbot_adapter' returned '0': CMAKE_PREFIX_PATH=${CMAKE_PREFIX_PATH}:/opt/ros/humble /usr/bin/cmake /home/asdfr-33/ASDfR---Assignment3_ros_ws/src/relbot_adapter -DCMAKE_INSTALL_PREFIX=/home/asdfr-33/ASDfR---Assignment3_ros_ws/install/relbot_adapter
[8.396s] Invoking command in '/home/asdfr-33/ASDfR---Assignment3_ros_ws/build/relbot_adapter': CMAKE_PREFIX_PATH=${CMAKE_PREFIX_PATH}:/opt/ros/humble /usr/bin/cmake --build /home/asdfr-33/ASDfR---Assignment3_ros_ws/build/relbot_adapter -- -j3 -l3
[8.635s] [ 50%] [32mBuilding CXX object CMakeFiles/relbot_adapter.dir/src/relbot_adapter.cpp.o[0m
[70.326s] [100%] [32m[1mLinking CXX executable relbot_adapter[0m
[73.620s] [100%] Built target relbot_adapter
[73.658s] Invoked command in '/home/asdfr-33/ASDfR---Assignment3_ros_ws/build/relbot_adapter' returned '0': CMAKE_PREFIX_PATH=${CMAKE_PREFIX_PATH}:/opt/ros/humble /usr/bin/cmake --build /home/asdfr-33/ASDfR---Assignment3_ros_ws/build/relbot_adapter -- -j3 -l3
[73.664s] Invoking command in '/home/asdfr-33/ASDfR---Assignment3_ros_ws/build/relbot_adapter': CMAKE_PREFIX_PATH=${CMAKE_PREFIX_PATH}:/opt/ros/humble /usr/bin/cmake --install /home/asdfr-33/ASDfR---Assignment3_ros_ws/build/relbot_adapter
[73.681s] -- Install configuration: ""
[73.683s] -- Installing: /home/asdfr-33/ASDfR---Assignment3_ros_ws/install/relbot_adapter/lib/relbot_adapter/relbot_adapter
[73.908s] -- Set runtime path of "/home/asdfr-33/ASDfR---Assignment3_ros_ws/install/relbot_adapter/lib/relbot_adapter/relbot_adapter" to ""
[73.912s] -- Installing: /home/asdfr-33/ASDfR---Assignment3_ros_ws/install/relbot_adapter/share/ament_index/resource_index/package_run_dependencies/relbot_adapter
[73.918s] -- Installing: /home/asdfr-33/ASDfR---Assignment3_ros_ws/install/relbot_adapter/share/ament_index/resource_index/parent_prefix_path/relbot_adapter
[73.925s] -- Installing: /home/asdfr-33/ASDfR---Assignment3_ros_ws/install/relbot_adapter/share/relbot_adapter/environment/ament_prefix_path.sh
[73.929s] -- Installing: /home/asdfr-33/ASDfR---Assignment3_ros_ws/install/relbot_adapter/share/relbot_adapter/environment/ament_prefix_path.dsv
[73.933s] -- Installing: /home/asdfr-33/ASDfR---Assignment3_ros_ws/install/relbot_adapter/share/relbot_adapter/environment/path.sh
[73.942s] -- Installing: /home/asdfr-33/ASDfR---Assignment3_ros_ws/install/relbot_adapter/share/relbot_adapter/environment/path.dsv
[73.944s] -- Installing: /home/asdfr-33/ASDfR---Assignment3_ros_ws/install/relbot_adapter/share/relbot_adapter/local_setup.bash
[73.945s] -- Installing: /home/asdfr-33/ASDfR---Assignment3_ros_ws/install/relbot_adapter/share/relbot_adapter/local_setup.sh
[73.946s] -- Installing: /home/asdfr-33/ASDfR---Assignment3_ros_ws/install/relbot_adapter/share/relbot_adapter/local_setup.zsh
[73.950s] -- Installing: /home/asdfr-33/ASDfR---Assignment3_ros_ws/install/relbot_adapter/share/relbot_adapter/local_setup.dsv
[73.951s] -- Installing: /home/asdfr-33/ASDfR---Assignment3_ros_ws/install/relbot_adapter/share/relbot_adapter/package.dsv
[73.952s] -- Installing: /home/asdfr-33/ASDfR---Assignment3_ros_ws/install/relbot_adapter/share/ament_index/resource_index/packages/relbot_adapter
[73.957s] -- Installing: /home/asdfr-33/ASDfR---Assignment3_ros_ws/install/relbot_adapter/share/relbot_adapter/cmake/relbot_adapterConfig.cmake
[73.959s] -- Installing: /home/asdfr-33/ASDfR---Assignment3_ros_ws/install/relbot_adapter/share/relbot_adapter/cmake/relbot_adapterConfig-version.cmake
[73.960s] -- Installing: /home/asdfr-33/ASDfR---Assignment3_ros_ws/install/relbot_adapter/share/relbot_adapter/package.xml
[73.978s] Invoked command in '/home/asdfr-33/ASDfR---Assignment3_ros_ws/build/relbot_adapter' returned '0': CMAKE_PREFIX_PATH=${CMAKE_PREFIX_PATH}:/opt/ros/humble /usr/bin/cmake --install /home/asdfr-33/ASDfR---Assignment3_ros_ws/build/relbot_adapter
