[0.055s] Invoking command in '/home/ubuntu/Robotics/ros2_ws/build/sequence_controller': CMAKE_PREFIX_PATH=${CMAKE_PREFIX_PATH}:/opt/ros/jazzy /usr/bin/cmake --build /home/ubuntu/Robotics/ros2_ws/build/sequence_controller -- -j12 -l12
[0.215s] [100%] Built target sequence_controller
[0.238s] Invoked command in '/home/ubuntu/Robotics/ros2_ws/build/sequence_controller' returned '0': CMAKE_PREFIX_PATH=${CMAKE_PREFIX_PATH}:/opt/ros/jazzy /usr/bin/cmake --build /home/ubuntu/Robotics/ros2_ws/build/sequence_controller -- -j12 -l12
[0.244s] Invoking command in '/home/ubuntu/Robotics/ros2_ws/build/sequence_controller': CMAKE_PREFIX_PATH=${CMAKE_PREFIX_PATH}:/opt/ros/jazzy /usr/bin/cmake --install /home/ubuntu/Robotics/ros2_ws/build/sequence_controller
[0.280s] -- Install configuration: ""
[0.282s] -- Installing: /home/ubuntu/Robotics/ros2_ws/install/sequence_controller/lib/sequence_controller/sequence_controller
[0.294s] -- Set non-toolchain portion of runtime path of "/home/ubuntu/Robotics/ros2_ws/install/sequence_controller/lib/sequence_controller/sequence_controller" to ""
[0.297s] -- Installing: /home/ubuntu/Robotics/ros2_ws/install/sequence_controller/share/ament_index/resource_index/package_run_dependencies/sequence_controller
[0.298s] -- Installing: /home/ubuntu/Robotics/ros2_ws/install/sequence_controller/share/ament_index/resource_index/parent_prefix_path/sequence_controller
[0.300s] -- Installing: /home/ubuntu/Robotics/ros2_ws/install/sequence_controller/share/sequence_controller/environment/ament_prefix_path.sh
[0.301s] -- Installing: /home/ubuntu/Robotics/ros2_ws/install/sequence_controller/share/sequence_controller/environment/ament_prefix_path.dsv
[0.302s] -- Installing: /home/ubuntu/Robotics/ros2_ws/install/sequence_controller/share/sequence_controller/environment/path.sh
[0.303s] -- Installing: /home/ubuntu/Robotics/ros2_ws/install/sequence_controller/share/sequence_controller/environment/path.dsv
[0.303s] -- Installing: /home/ubuntu/Robotics/ros2_ws/install/sequence_controller/share/sequence_controller/local_setup.bash
[0.303s] -- Installing: /home/ubuntu/Robotics/ros2_ws/install/sequence_controller/share/sequence_controller/local_setup.sh
[0.304s] -- Installing: /home/ubuntu/Robotics/ros2_ws/install/sequence_controller/share/sequence_controller/local_setup.zsh
[0.304s] -- Installing: /home/ubuntu/Robotics/ros2_ws/install/sequence_controller/share/sequence_controller/local_setup.dsv
[0.305s] -- Installing: /home/ubuntu/Robotics/ros2_ws/install/sequence_controller/share/sequence_controller/package.dsv
[0.305s] -- Installing: /home/ubuntu/Robotics/ros2_ws/install/sequence_controller/share/ament_index/resource_index/packages/sequence_controller
[0.306s] -- Installing: /home/ubuntu/Robotics/ros2_ws/install/sequence_controller/share/sequence_controller/cmake/sequence_controllerConfig.cmake
[0.306s] -- Installing: /home/ubuntu/Robotics/ros2_ws/install/sequence_controller/share/sequence_controller/cmake/sequence_controllerConfig-version.cmake
[0.308s] -- Installing: /home/ubuntu/Robotics/ros2_ws/install/sequence_controller/share/sequence_controller/package.xml
[0.309s] -- Installing: /home/ubuntu/Robotics/ros2_ws/install/sequence_controller/share/sequence_controller//launch
[0.310s] -- Installing: /home/ubuntu/Robotics/ros2_ws/install/sequence_controller/share/sequence_controller//launch/__pycache__
[0.311s] -- Installing: /home/ubuntu/Robotics/ros2_ws/install/sequence_controller/share/sequence_controller//launch/__pycache__/sequence_controller.launch.cpython-312.pyc
[0.347s] -- Installing: /home/ubuntu/Robotics/ros2_ws/install/sequence_controller/share/sequence_controller//launch/sequence_controller.launch.py
[0.474s] Invoked command in '/home/ubuntu/Robotics/ros2_ws/build/sequence_controller' returned '0': CMAKE_PREFIX_PATH=${CMAKE_PREFIX_PATH}:/opt/ros/jazzy /usr/bin/cmake --install /home/ubuntu/Robotics/ros2_ws/build/sequence_controller
