[0.088s] Invoking command in '/home/ubuntu/Robotics/ros2_ws/build/cam2image_vm2ros': CMAKE_PREFIX_PATH=${CMAKE_PREFIX_PATH}:/opt/ros/jazzy /usr/bin/cmake --build /home/ubuntu/Robotics/ros2_ws/build/cam2image_vm2ros -- -j12 -l12
[0.863s] -- Found ament_cmake: 2.5.5 (/opt/ros/jazzy/share/ament_cmake/cmake)
[1.281s] -- Found rclcpp: 28.1.16 (/opt/ros/jazzy/share/rclcpp/cmake)
[1.866s] -- Found rosidl_generator_c: 4.6.7 (/opt/ros/jazzy/share/rosidl_generator_c/cmake)
[1.912s] -- Found rosidl_generator_cpp: 4.6.7 (/opt/ros/jazzy/share/rosidl_generator_cpp/cmake)
[1.948s] -- Using all available rosidl_typesupport_c: rosidl_typesupport_fastrtps_c;rosidl_typesupport_introspection_c
[2.027s] -- Using all available rosidl_typesupport_cpp: rosidl_typesupport_fastrtps_cpp;rosidl_typesupport_introspection_cpp
[2.351s] -- Found rmw_implementation_cmake: 7.3.3 (/opt/ros/jazzy/share/rmw_implementation_cmake/cmake)
[2.360s] -- Found rmw_fastrtps_cpp: 8.4.3 (/opt/ros/jazzy/share/rmw_fastrtps_cpp/cmake)
[2.894s] -- Using RMW implementation 'rmw_fastrtps_cpp' as default
[3.376s] -- Found rclcpp_components: 28.1.16 (/opt/ros/jazzy/share/rclcpp_components/cmake)
[3.508s] -- Found sensor_msgs: 5.3.6 (/opt/ros/jazzy/share/sensor_msgs/cmake)
[3.666s] -- Found cv_bridge: 4.1.0 (/opt/ros/jazzy/share/cv_bridge/cmake)
[3.918s] -- Configuring done (3.2s)
[3.948s] [31mCMake Error at CMakeLists.txt:63 (add_executable):
[3.948s]   Cannot find source file:
[3.948s] 
[3.948s]     object_position_indicator.cpp
[3.948s] 
[3.948s]   Tried extensions .c .C .c++ .cc .cpp .cxx .cu .mpp .m .M .mm .ixx .cppm
[3.948s]   .ccm .cxxm .c++m .h .hh .h++ .hm .hpp .hxx .in .txx .f .F .for .f77 .f90
[3.948s]   .f95 .f03 .hip .ispc
[3.948s] 
[3.948s] [0m
[3.951s] [31mCMake Error at CMakeLists.txt:63 (add_executable):
[3.952s]   No SOURCES given to target: object_position_indicator
[3.952s] 
[3.952s] [0m
[3.952s] [0mCMake Generate step failed.  Build files cannot be regenerated correctly.[0m
[4.039s] gmake: *** [Makefile:417: cmake_check_build_system] Error 1
[4.042s] Invoked command in '/home/ubuntu/Robotics/ros2_ws/build/cam2image_vm2ros' returned '2': CMAKE_PREFIX_PATH=${CMAKE_PREFIX_PATH}:/opt/ros/jazzy /usr/bin/cmake --build /home/ubuntu/Robotics/ros2_ws/build/cam2image_vm2ros -- -j12 -l12
