[0.382s] DEBUG:colcon:Command line arguments: ['/usr/bin/colcon', 'build', '--packages-select', 'object_tracker']
[0.382s] DEBUG:colcon:Parsed command line arguments: Namespace(log_base=None, log_level=None, verb_name='build', build_base='build', install_base='install', merge_install=False, symlink_install=False, test_result_base=None, continue_on_error=False, executor='parallel', parallel_workers=3, event_handlers=None, ignore_user_meta=False, metas=['./colcon.meta'], base_paths=['.'], packages_ignore=None, packages_ignore_regex=None, paths=None, packages_up_to=None, packages_up_to_regex=None, packages_above=None, packages_above_and_dependencies=None, packages_above_depth=None, packages_select_by_dep=None, packages_skip_by_dep=None, packages_skip_up_to=None, packages_select_build_failed=False, packages_skip_build_finished=False, packages_select_test_failures=False, packages_skip_test_passed=False, packages_select=['object_tracker'], packages_skip=None, packages_select_regex=None, packages_skip_regex=None, packages_start=None, packages_end=None, allow_overriding=[], cmake_args=None, cmake_target=None, cmake_target_skip_unavailable=False, cmake_clean_cache=False, cmake_clean_first=False, cmake_force_configure=False, ament_cmake_args=None, catkin_cmake_args=None, catkin_skip_building_tests=False, mixin_files=None, mixin=None, verb_parser=<colcon_mixin.mixin.mixin_argument.MixinArgumentDecorator object at 0xffffa42ccf40>, verb_extension=<colcon_core.verb.build.BuildVerb object at 0xffffa4479ea0>, main=<bound method BuildVerb.main of <colcon_core.verb.build.BuildVerb object at 0xffffa4479ea0>>, mixin_verb=('build',))
[1.003s] Level 1:colcon.colcon_core.package_discovery:discover_packages(colcon_meta) check parameters
[1.004s] Level 1:colcon.colcon_core.package_discovery:discover_packages(recursive) check parameters
[1.004s] Level 1:colcon.colcon_core.package_discovery:discover_packages(ignore) check parameters
[1.005s] Level 1:colcon.colcon_core.package_discovery:discover_packages(path) check parameters
[1.005s] Level 1:colcon.colcon_core.package_discovery:discover_packages(colcon_meta) discover
[1.005s] Level 1:colcon.colcon_core.package_discovery:discover_packages(recursive) discover
[1.006s] INFO:colcon.colcon_core.package_discovery:Crawling recursively for packages in '/home/asdfr-33/ASDfR---Assignment3_ros_ws'
[1.006s] Level 1:colcon.colcon_core.package_identification:_identify(.) by extensions ['ignore', 'ignore_ament_install']
[1.007s] Level 1:colcon.colcon_core.package_identification:_identify(.) by extension 'ignore'
[1.007s] Level 1:colcon.colcon_core.package_identification:_identify(.) by extension 'ignore_ament_install'
[1.008s] Level 1:colcon.colcon_core.package_identification:_identify(.) by extensions ['colcon_pkg']
[1.008s] Level 1:colcon.colcon_core.package_identification:_identify(.) by extension 'colcon_pkg'
[1.009s] Level 1:colcon.colcon_core.package_identification:_identify(.) by extensions ['colcon_meta']
[1.009s] Level 1:colcon.colcon_core.package_identification:_identify(.) by extension 'colcon_meta'
[1.010s] Level 1:colcon.colcon_core.package_identification:_identify(.) by extensions ['ros']
[1.010s] Level 1:colcon.colcon_core.package_identification:_identify(.) by extension 'ros'
[1.055s] Level 1:colcon.colcon_core.package_identification:_identify(.) by extensions ['cmake', 'python']
[1.056s] Level 1:colcon.colcon_core.package_identification:_identify(.) by extension 'cmake'
[1.056s] Level 1:colcon.colcon_core.package_identification:_identify(.) by extension 'python'
[1.056s] Level 1:colcon.colcon_core.package_identification:_identify(.) by extensions ['python_setup_py']
[1.057s] Level 1:colcon.colcon_core.package_identification:_identify(.) by extension 'python_setup_py'
[1.057s] Level 1:colcon.colcon_core.package_identification:_identify(build) by extensions ['ignore', 'ignore_ament_install']
[1.058s] Level 1:colcon.colcon_core.package_identification:_identify(build) by extension 'ignore'
[1.058s] Level 1:colcon.colcon_core.package_identification:_identify(build) ignored
[1.059s] Level 1:colcon.colcon_core.package_identification:_identify(install) by extensions ['ignore', 'ignore_ament_install']
[1.060s] Level 1:colcon.colcon_core.package_identification:_identify(install) by extension 'ignore'
[1.060s] Level 1:colcon.colcon_core.package_identification:_identify(install) ignored
[1.060s] Level 1:colcon.colcon_core.package_identification:_identify(launch) by extensions ['ignore', 'ignore_ament_install']
[1.061s] Level 1:colcon.colcon_core.package_identification:_identify(launch) by extension 'ignore'
[1.061s] Level 1:colcon.colcon_core.package_identification:_identify(launch) by extension 'ignore_ament_install'
[1.062s] Level 1:colcon.colcon_core.package_identification:_identify(launch) by extensions ['colcon_pkg']
[1.062s] Level 1:colcon.colcon_core.package_identification:_identify(launch) by extension 'colcon_pkg'
[1.062s] Level 1:colcon.colcon_core.package_identification:_identify(launch) by extensions ['colcon_meta']
[1.063s] Level 1:colcon.colcon_core.package_identification:_identify(launch) by extension 'colcon_meta'
[1.063s] Level 1:colcon.colcon_core.package_identification:_identify(launch) by extensions ['ros']
[1.063s] Level 1:colcon.colcon_core.package_identification:_identify(launch) by extension 'ros'
[1.064s] Level 1:colcon.colcon_core.package_identification:_identify(launch) by extensions ['cmake', 'python']
[1.064s] Level 1:colcon.colcon_core.package_identification:_identify(launch) by extension 'cmake'
[1.064s] Level 1:colcon.colcon_core.package_identification:_identify(launch) by extension 'python'
[1.065s] Level 1:colcon.colcon_core.package_identification:_identify(launch) by extensions ['python_setup_py']
[1.065s] Level 1:colcon.colcon_core.package_identification:_identify(launch) by extension 'python_setup_py'
[1.065s] Level 1:colcon.colcon_core.package_identification:_identify(launch/__pycache__) by extensions ['ignore', 'ignore_ament_install']
[1.066s] Level 1:colcon.colcon_core.package_identification:_identify(launch/__pycache__) by extension 'ignore'
[1.066s] Level 1:colcon.colcon_core.package_identification:_identify(launch/__pycache__) by extension 'ignore_ament_install'
[1.067s] Level 1:colcon.colcon_core.package_identification:_identify(launch/__pycache__) by extensions ['colcon_pkg']
[1.067s] Level 1:colcon.colcon_core.package_identification:_identify(launch/__pycache__) by extension 'colcon_pkg'
[1.067s] Level 1:colcon.colcon_core.package_identification:_identify(launch/__pycache__) by extensions ['colcon_meta']
[1.067s] Level 1:colcon.colcon_core.package_identification:_identify(launch/__pycache__) by extension 'colcon_meta'
[1.068s] Level 1:colcon.colcon_core.package_identification:_identify(launch/__pycache__) by extensions ['ros']
[1.068s] Level 1:colcon.colcon_core.package_identification:_identify(launch/__pycache__) by extension 'ros'
[1.069s] Level 1:colcon.colcon_core.package_identification:_identify(launch/__pycache__) by extensions ['cmake', 'python']
[1.069s] Level 1:colcon.colcon_core.package_identification:_identify(launch/__pycache__) by extension 'cmake'
[1.069s] Level 1:colcon.colcon_core.package_identification:_identify(launch/__pycache__) by extension 'python'
[1.070s] Level 1:colcon.colcon_core.package_identification:_identify(launch/__pycache__) by extensions ['python_setup_py']
[1.070s] Level 1:colcon.colcon_core.package_identification:_identify(launch/__pycache__) by extension 'python_setup_py'
[1.070s] Level 1:colcon.colcon_core.package_identification:_identify(log) by extensions ['ignore', 'ignore_ament_install']
[1.071s] Level 1:colcon.colcon_core.package_identification:_identify(log) by extension 'ignore'
[1.071s] Level 1:colcon.colcon_core.package_identification:_identify(log) ignored
[1.072s] Level 1:colcon.colcon_core.package_identification:_identify(src) by extensions ['ignore', 'ignore_ament_install']
[1.072s] Level 1:colcon.colcon_core.package_identification:_identify(src) by extension 'ignore'
[1.073s] Level 1:colcon.colcon_core.package_identification:_identify(src) by extension 'ignore_ament_install'
[1.073s] Level 1:colcon.colcon_core.package_identification:_identify(src) by extensions ['colcon_pkg']
[1.073s] Level 1:colcon.colcon_core.package_identification:_identify(src) by extension 'colcon_pkg'
[1.074s] Level 1:colcon.colcon_core.package_identification:_identify(src) by extensions ['colcon_meta']
[1.074s] Level 1:colcon.colcon_core.package_identification:_identify(src) by extension 'colcon_meta'
[1.074s] Level 1:colcon.colcon_core.package_identification:_identify(src) by extensions ['ros']
[1.075s] Level 1:colcon.colcon_core.package_identification:_identify(src) by extension 'ros'
[1.075s] Level 1:colcon.colcon_core.package_identification:_identify(src) by extensions ['cmake', 'python']
[1.075s] Level 1:colcon.colcon_core.package_identification:_identify(src) by extension 'cmake'
[1.076s] Level 1:colcon.colcon_core.package_identification:_identify(src) by extension 'python'
[1.076s] Level 1:colcon.colcon_core.package_identification:_identify(src) by extensions ['python_setup_py']
[1.076s] Level 1:colcon.colcon_core.package_identification:_identify(src) by extension 'python_setup_py'
[1.077s] Level 1:colcon.colcon_core.package_identification:_identify(src/assignment1_1) by extensions ['ignore', 'ignore_ament_install']
[1.077s] Level 1:colcon.colcon_core.package_identification:_identify(src/assignment1_1) by extension 'ignore'
[1.078s] Level 1:colcon.colcon_core.package_identification:_identify(src/assignment1_1) by extension 'ignore_ament_install'
[1.078s] Level 1:colcon.colcon_core.package_identification:_identify(src/assignment1_1) by extensions ['colcon_pkg']
[1.078s] Level 1:colcon.colcon_core.package_identification:_identify(src/assignment1_1) by extension 'colcon_pkg'
[1.079s] Level 1:colcon.colcon_core.package_identification:_identify(src/assignment1_1) by extensions ['colcon_meta']
[1.079s] Level 1:colcon.colcon_core.package_identification:_identify(src/assignment1_1) by extension 'colcon_meta'
[1.079s] Level 1:colcon.colcon_core.package_identification:_identify(src/assignment1_1) by extensions ['ros']
[1.080s] Level 1:colcon.colcon_core.package_identification:_identify(src/assignment1_1) by extension 'ros'
[1.088s] DEBUG:colcon.colcon_core.package_identification:Package 'src/assignment1_1' with type 'ros.ament_cmake' and name 'assignment1_1'
[1.089s] Level 1:colcon.colcon_core.package_identification:_identify(src/assignment1_2) by extensions ['ignore', 'ignore_ament_install']
[1.090s] Level 1:colcon.colcon_core.package_identification:_identify(src/assignment1_2) by extension 'ignore'
[1.090s] Level 1:colcon.colcon_core.package_identification:_identify(src/assignment1_2) by extension 'ignore_ament_install'
[1.091s] Level 1:colcon.colcon_core.package_identification:_identify(src/assignment1_2) by extensions ['colcon_pkg']
[1.091s] Level 1:colcon.colcon_core.package_identification:_identify(src/assignment1_2) by extension 'colcon_pkg'
[1.091s] Level 1:colcon.colcon_core.package_identification:_identify(src/assignment1_2) by extensions ['colcon_meta']
[1.091s] Level 1:colcon.colcon_core.package_identification:_identify(src/assignment1_2) by extension 'colcon_meta'
[1.092s] Level 1:colcon.colcon_core.package_identification:_identify(src/assignment1_2) by extensions ['ros']
[1.092s] Level 1:colcon.colcon_core.package_identification:_identify(src/assignment1_2) by extension 'ros'
[1.095s] DEBUG:colcon.colcon_core.package_identification:Package 'src/assignment1_2' with type 'ros.ament_cmake' and name 'assignment1_2'
[1.096s] Level 1:colcon.colcon_core.package_identification:_identify(src/assignment3_1) by extensions ['ignore', 'ignore_ament_install']
[1.097s] Level 1:colcon.colcon_core.package_identification:_identify(src/assignment3_1) by extension 'ignore'
[1.098s] Level 1:colcon.colcon_core.package_identification:_identify(src/assignment3_1) by extension 'ignore_ament_install'
[1.098s] Level 1:colcon.colcon_core.package_identification:_identify(src/assignment3_1) by extensions ['colcon_pkg']
[1.099s] Level 1:colcon.colcon_core.package_identification:_identify(src/assignment3_1) by extension 'colcon_pkg'
[1.099s] Level 1:colcon.colcon_core.package_identification:_identify(src/assignment3_1) by extensions ['colcon_meta']
[1.100s] Level 1:colcon.colcon_core.package_identification:_identify(src/assignment3_1) by extension 'colcon_meta'
[1.100s] Level 1:colcon.colcon_core.package_identification:_identify(src/assignment3_1) by extensions ['ros']
[1.100s] Level 1:colcon.colcon_core.package_identification:_identify(src/assignment3_1) by extension 'ros'
[1.102s] DEBUG:colcon.colcon_core.package_identification:Package 'src/assignment3_1' with type 'ros.ament_cmake' and name 'assignment3_1'
[1.103s] Level 1:colcon.colcon_core.package_identification:_identify(src/cam2image_vm2ros) by extensions ['ignore', 'ignore_ament_install']
[1.104s] Level 1:colcon.colcon_core.package_identification:_identify(src/cam2image_vm2ros) by extension 'ignore'
[1.104s] Level 1:colcon.colcon_core.package_identification:_identify(src/cam2image_vm2ros) by extension 'ignore_ament_install'
[1.104s] Level 1:colcon.colcon_core.package_identification:_identify(src/cam2image_vm2ros) by extensions ['colcon_pkg']
[1.105s] Level 1:colcon.colcon_core.package_identification:_identify(src/cam2image_vm2ros) by extension 'colcon_pkg'
[1.105s] Level 1:colcon.colcon_core.package_identification:_identify(src/cam2image_vm2ros) by extensions ['colcon_meta']
[1.105s] Level 1:colcon.colcon_core.package_identification:_identify(src/cam2image_vm2ros) by extension 'colcon_meta'
[1.106s] Level 1:colcon.colcon_core.package_identification:_identify(src/cam2image_vm2ros) by extensions ['ros']
[1.106s] Level 1:colcon.colcon_core.package_identification:_identify(src/cam2image_vm2ros) by extension 'ros'
[1.109s] DEBUG:colcon.colcon_core.package_identification:Package 'src/cam2image_vm2ros' with type 'ros.ament_cmake' and name 'cam2image_vm2ros'
[1.110s] Level 1:colcon.colcon_core.package_identification:_identify(src/image_tools) by extensions ['ignore', 'ignore_ament_install']
[1.110s] Level 1:colcon.colcon_core.package_identification:_identify(src/image_tools) by extension 'ignore'
[1.111s] Level 1:colcon.colcon_core.package_identification:_identify(src/image_tools) by extension 'ignore_ament_install'
[1.111s] Level 1:colcon.colcon_core.package_identification:_identify(src/image_tools) by extensions ['colcon_pkg']
[1.111s] Level 1:colcon.colcon_core.package_identification:_identify(src/image_tools) by extension 'colcon_pkg'
[1.112s] Level 1:colcon.colcon_core.package_identification:_identify(src/image_tools) by extensions ['colcon_meta']
[1.112s] Level 1:colcon.colcon_core.package_identification:_identify(src/image_tools) by extension 'colcon_meta'
[1.112s] Level 1:colcon.colcon_core.package_identification:_identify(src/image_tools) by extensions ['ros']
[1.112s] Level 1:colcon.colcon_core.package_identification:_identify(src/image_tools) by extension 'ros'
[1.116s] DEBUG:colcon.colcon_core.package_identification:Package 'src/image_tools' with type 'ros.ament_cmake' and name 'image_tools'
[1.116s] Level 1:colcon.colcon_core.package_identification:_identify(src/object_tracker) by extensions ['ignore', 'ignore_ament_install']
[1.117s] Level 1:colcon.colcon_core.package_identification:_identify(src/object_tracker) by extension 'ignore'
[1.117s] Level 1:colcon.colcon_core.package_identification:_identify(src/object_tracker) by extension 'ignore_ament_install'
[1.118s] Level 1:colcon.colcon_core.package_identification:_identify(src/object_tracker) by extensions ['colcon_pkg']
[1.118s] Level 1:colcon.colcon_core.package_identification:_identify(src/object_tracker) by extension 'colcon_pkg'
[1.119s] Level 1:colcon.colcon_core.package_identification:_identify(src/object_tracker) by extensions ['colcon_meta']
[1.119s] Level 1:colcon.colcon_core.package_identification:_identify(src/object_tracker) by extension 'colcon_meta'
[1.119s] Level 1:colcon.colcon_core.package_identification:_identify(src/object_tracker) by extensions ['ros']
[1.120s] Level 1:colcon.colcon_core.package_identification:_identify(src/object_tracker) by extension 'ros'
[1.122s] DEBUG:colcon.colcon_core.package_identification:Package 'src/object_tracker' with type 'ros.ament_cmake' and name 'object_tracker'
[1.123s] Level 1:colcon.colcon_core.package_identification:_identify(src/relbot_adapter) by extensions ['ignore', 'ignore_ament_install']
[1.123s] Level 1:colcon.colcon_core.package_identification:_identify(src/relbot_adapter) by extension 'ignore'
[1.123s] Level 1:colcon.colcon_core.package_identification:_identify(src/relbot_adapter) by extension 'ignore_ament_install'
[1.124s] Level 1:colcon.colcon_core.package_identification:_identify(src/relbot_adapter) by extensions ['colcon_pkg']
[1.124s] Level 1:colcon.colcon_core.package_identification:_identify(src/relbot_adapter) by extension 'colcon_pkg'
[1.124s] Level 1:colcon.colcon_core.package_identification:_identify(src/relbot_adapter) by extensions ['colcon_meta']
[1.125s] Level 1:colcon.colcon_core.package_identification:_identify(src/relbot_adapter) by extension 'colcon_meta'
[1.125s] Level 1:colcon.colcon_core.package_identification:_identify(src/relbot_adapter) by extensions ['ros']
[1.125s] Level 1:colcon.colcon_core.package_identification:_identify(src/relbot_adapter) by extension 'ros'
[1.127s] DEBUG:colcon.colcon_core.package_identification:Package 'src/relbot_adapter' with type 'ros.ament_cmake' and name 'relbot_adapter'
[1.128s] Level 1:colcon.colcon_core.package_identification:_identify(src/relbot_msgs) by extensions ['ignore', 'ignore_ament_install']
[1.129s] Level 1:colcon.colcon_core.package_identification:_identify(src/relbot_msgs) by extension 'ignore'
[1.129s] Level 1:colcon.colcon_core.package_identification:_identify(src/relbot_msgs) by extension 'ignore_ament_install'
[1.129s] Level 1:colcon.colcon_core.package_identification:_identify(src/relbot_msgs) by extensions ['colcon_pkg']
[1.130s] Level 1:colcon.colcon_core.package_identification:_identify(src/relbot_msgs) by extension 'colcon_pkg'
[1.130s] Level 1:colcon.colcon_core.package_identification:_identify(src/relbot_msgs) by extensions ['colcon_meta']
[1.130s] Level 1:colcon.colcon_core.package_identification:_identify(src/relbot_msgs) by extension 'colcon_meta'
[1.131s] Level 1:colcon.colcon_core.package_identification:_identify(src/relbot_msgs) by extensions ['ros']
[1.131s] Level 1:colcon.colcon_core.package_identification:_identify(src/relbot_msgs) by extension 'ros'
[1.133s] DEBUG:colcon.colcon_core.package_identification:Package 'src/relbot_msgs' with type 'ros.ament_cmake' and name 'relbot_msgs'
[1.134s] Level 1:colcon.colcon_core.package_identification:_identify(src/relbot_simulator) by extensions ['ignore', 'ignore_ament_install']
[1.135s] Level 1:colcon.colcon_core.package_identification:_identify(src/relbot_simulator) by extension 'ignore'
[1.135s] Level 1:colcon.colcon_core.package_identification:_identify(src/relbot_simulator) by extension 'ignore_ament_install'
[1.135s] Level 1:colcon.colcon_core.package_identification:_identify(src/relbot_simulator) by extensions ['colcon_pkg']
[1.136s] Level 1:colcon.colcon_core.package_identification:_identify(src/relbot_simulator) by extension 'colcon_pkg'
[1.136s] Level 1:colcon.colcon_core.package_identification:_identify(src/relbot_simulator) by extensions ['colcon_meta']
[1.136s] Level 1:colcon.colcon_core.package_identification:_identify(src/relbot_simulator) by extension 'colcon_meta'
[1.137s] Level 1:colcon.colcon_core.package_identification:_identify(src/relbot_simulator) by extensions ['ros']
[1.137s] Level 1:colcon.colcon_core.package_identification:_identify(src/relbot_simulator) by extension 'ros'
[1.141s] DEBUG:colcon.colcon_core.package_identification:Package 'src/relbot_simulator' with type 'ros.ament_cmake' and name 'relbot_simulator'
[1.142s] Level 1:colcon.colcon_core.package_identification:_identify(src/sequence_controller) by extensions ['ignore', 'ignore_ament_install']
[1.142s] Level 1:colcon.colcon_core.package_identification:_identify(src/sequence_controller) by extension 'ignore'
[1.143s] Level 1:colcon.colcon_core.package_identification:_identify(src/sequence_controller) by extension 'ignore_ament_install'
[1.143s] Level 1:colcon.colcon_core.package_identification:_identify(src/sequence_controller) by extensions ['colcon_pkg']
[1.143s] Level 1:colcon.colcon_core.package_identification:_identify(src/sequence_controller) by extension 'colcon_pkg'
[1.144s] Level 1:colcon.colcon_core.package_identification:_identify(src/sequence_controller) by extensions ['colcon_meta']
[1.144s] Level 1:colcon.colcon_core.package_identification:_identify(src/sequence_controller) by extension 'colcon_meta'
[1.144s] Level 1:colcon.colcon_core.package_identification:_identify(src/sequence_controller) by extensions ['ros']
[1.145s] Level 1:colcon.colcon_core.package_identification:_identify(src/sequence_controller) by extension 'ros'
[1.147s] DEBUG:colcon.colcon_core.package_identification:Package 'src/sequence_controller' with type 'ros.ament_cmake' and name 'sequence_controller'
[1.147s] Level 1:colcon.colcon_core.package_discovery:discover_packages(recursive) using defaults
[1.148s] Level 1:colcon.colcon_core.package_discovery:discover_packages(ignore) discover
[1.148s] Level 1:colcon.colcon_core.package_discovery:discover_packages(ignore) using defaults
[1.148s] Level 1:colcon.colcon_core.package_discovery:discover_packages(path) discover
[1.148s] Level 1:colcon.colcon_core.package_discovery:discover_packages(path) using defaults
[1.257s] INFO:colcon.colcon_core.package_selection:Skipping not selected package 'assignment1_1' in 'src/assignment1_1'
[1.258s] INFO:colcon.colcon_core.package_selection:Skipping not selected package 'assignment1_2' in 'src/assignment1_2'
[1.258s] INFO:colcon.colcon_core.package_selection:Skipping not selected package 'assignment3_1' in 'src/assignment3_1'
[1.258s] INFO:colcon.colcon_core.package_selection:Skipping not selected package 'cam2image_vm2ros' in 'src/cam2image_vm2ros'
[1.258s] INFO:colcon.colcon_core.package_selection:Skipping not selected package 'image_tools' in 'src/image_tools'
[1.259s] INFO:colcon.colcon_core.package_selection:Skipping not selected package 'relbot_adapter' in 'src/relbot_adapter'
[1.259s] INFO:colcon.colcon_core.package_selection:Skipping not selected package 'relbot_msgs' in 'src/relbot_msgs'
[1.259s] INFO:colcon.colcon_core.package_selection:Skipping not selected package 'sequence_controller' in 'src/sequence_controller'
[1.259s] INFO:colcon.colcon_core.package_selection:Skipping not selected package 'relbot_simulator' in 'src/relbot_simulator'
[1.261s] Level 1:colcon.colcon_core.package_discovery:discover_packages(prefix_path) check parameters
[1.262s] Level 1:colcon.colcon_core.package_discovery:discover_packages(prefix_path) discover
[1.271s] DEBUG:colcon.colcon_installed_package_information.package_discovery:Found 10 installed packages in /home/asdfr-33/ASDfR---Assignment3_ros_ws/install
[1.276s] DEBUG:colcon.colcon_installed_package_information.package_discovery:Found 271 installed packages in /opt/ros/humble
[1.282s] Level 1:colcon.colcon_core.package_discovery:discover_packages(prefix_path) using defaults
[1.428s] Level 5:colcon.colcon_core.verb:set package 'object_tracker' build argument 'cmake_args' from command line to 'None'
[1.428s] Level 5:colcon.colcon_core.verb:set package 'object_tracker' build argument 'cmake_target' from command line to 'None'
[1.428s] Level 5:colcon.colcon_core.verb:set package 'object_tracker' build argument 'cmake_target_skip_unavailable' from command line to 'False'
[1.429s] Level 5:colcon.colcon_core.verb:set package 'object_tracker' build argument 'cmake_clean_cache' from command line to 'False'
[1.429s] Level 5:colcon.colcon_core.verb:set package 'object_tracker' build argument 'cmake_clean_first' from command line to 'False'
[1.429s] Level 5:colcon.colcon_core.verb:set package 'object_tracker' build argument 'cmake_force_configure' from command line to 'False'
[1.429s] Level 5:colcon.colcon_core.verb:set package 'object_tracker' build argument 'ament_cmake_args' from command line to 'None'
[1.430s] Level 5:colcon.colcon_core.verb:set package 'object_tracker' build argument 'catkin_cmake_args' from command line to 'None'
[1.430s] Level 5:colcon.colcon_core.verb:set package 'object_tracker' build argument 'catkin_skip_building_tests' from command line to 'False'
[1.431s] DEBUG:colcon.colcon_core.verb:Building package 'object_tracker' with the following arguments: {'ament_cmake_args': None, 'build_base': '/home/asdfr-33/ASDfR---Assignment3_ros_ws/build/object_tracker', 'catkin_cmake_args': None, 'catkin_skip_building_tests': False, 'cmake_args': None, 'cmake_clean_cache': False, 'cmake_clean_first': False, 'cmake_force_configure': False, 'cmake_target': None, 'cmake_target_skip_unavailable': False, 'install_base': '/home/asdfr-33/ASDfR---Assignment3_ros_ws/install/object_tracker', 'merge_install': False, 'path': '/home/asdfr-33/ASDfR---Assignment3_ros_ws/src/object_tracker', 'symlink_install': False, 'test_result_base': None}
[1.431s] INFO:colcon.colcon_core.executor:Executing jobs using 'parallel' executor
[1.435s] DEBUG:colcon.colcon_parallel_executor.executor.parallel:run_until_complete
[1.436s] INFO:colcon.colcon_ros.task.ament_cmake.build:Building ROS package in '/home/asdfr-33/ASDfR---Assignment3_ros_ws/src/object_tracker' with build type 'ament_cmake'
[1.436s] INFO:colcon.colcon_cmake.task.cmake.build:Building CMake package in '/home/asdfr-33/ASDfR---Assignment3_ros_ws/src/object_tracker'
[1.445s] INFO:colcon.colcon_core.plugin_system:Skipping extension 'colcon_core.shell.bat': Not used on non-Windows systems
[1.446s] INFO:colcon.colcon_core.shell:Skip shell extension 'powershell' for command environment: Not usable outside of PowerShell
[1.447s] DEBUG:colcon.colcon_core.shell:Skip shell extension 'dsv' for command environment
[1.480s] DEBUG:colcon.colcon_core.event_handler.log_command:Invoking command in '/home/asdfr-33/ASDfR---Assignment3_ros_ws/build/object_tracker': CMAKE_PREFIX_PATH=${CMAKE_PREFIX_PATH}:/opt/ros/humble /usr/bin/cmake --build /home/asdfr-33/ASDfR---Assignment3_ros_ws/build/object_tracker -- -j3 -l3
[39.704s] DEBUG:colcon.colcon_core.event_handler.log_command:Invoked command in '/home/asdfr-33/ASDfR---Assignment3_ros_ws/build/object_tracker' returned '0': CMAKE_PREFIX_PATH=${CMAKE_PREFIX_PATH}:/opt/ros/humble /usr/bin/cmake --build /home/asdfr-33/ASDfR---Assignment3_ros_ws/build/object_tracker -- -j3 -l3
[39.739s] DEBUG:colcon.colcon_core.event_handler.log_command:Invoking command in '/home/asdfr-33/ASDfR---Assignment3_ros_ws/build/object_tracker': CMAKE_PREFIX_PATH=${CMAKE_PREFIX_PATH}:/opt/ros/humble /usr/bin/cmake --install /home/asdfr-33/ASDfR---Assignment3_ros_ws/build/object_tracker
[39.928s] Level 1:colcon.colcon_core.environment:create_environment_scripts_only(object_tracker)
[39.946s] DEBUG:colcon.colcon_core.event_handler.log_command:Invoked command in '/home/asdfr-33/ASDfR---Assignment3_ros_ws/build/object_tracker' returned '0': CMAKE_PREFIX_PATH=${CMAKE_PREFIX_PATH}:/opt/ros/humble /usr/bin/cmake --install /home/asdfr-33/ASDfR---Assignment3_ros_ws/build/object_tracker
[39.950s] Level 1:colcon.colcon_core.environment:checking '/home/asdfr-33/ASDfR---Assignment3_ros_ws/install/object_tracker' for CMake module files
[39.952s] Level 1:colcon.colcon_core.environment:checking '/home/asdfr-33/ASDfR---Assignment3_ros_ws/install/object_tracker' for CMake config files
[39.954s] Level 1:colcon.colcon_core.shell:create_environment_hook('object_tracker', 'cmake_prefix_path')
[39.955s] INFO:colcon.colcon_core.shell:Creating environment hook '/home/asdfr-33/ASDfR---Assignment3_ros_ws/install/object_tracker/share/object_tracker/hook/cmake_prefix_path.ps1'
[39.957s] INFO:colcon.colcon_core.shell:Creating environment descriptor '/home/asdfr-33/ASDfR---Assignment3_ros_ws/install/object_tracker/share/object_tracker/hook/cmake_prefix_path.dsv'
[39.960s] INFO:colcon.colcon_core.shell:Creating environment hook '/home/asdfr-33/ASDfR---Assignment3_ros_ws/install/object_tracker/share/object_tracker/hook/cmake_prefix_path.sh'
[39.964s] Level 1:colcon.colcon_core.environment:checking '/home/asdfr-33/ASDfR---Assignment3_ros_ws/install/object_tracker/lib'
[39.965s] Level 1:colcon.colcon_core.environment:checking '/home/asdfr-33/ASDfR---Assignment3_ros_ws/install/object_tracker/bin'
[39.966s] Level 1:colcon.colcon_core.environment:checking '/home/asdfr-33/ASDfR---Assignment3_ros_ws/install/object_tracker/lib/pkgconfig/object_tracker.pc'
[39.967s] Level 1:colcon.colcon_core.environment:checking '/home/asdfr-33/ASDfR---Assignment3_ros_ws/install/object_tracker/lib/python3.10/site-packages'
[39.968s] Level 1:colcon.colcon_core.environment:checking '/home/asdfr-33/ASDfR---Assignment3_ros_ws/install/object_tracker/bin'
[39.969s] INFO:colcon.colcon_core.shell:Creating package script '/home/asdfr-33/ASDfR---Assignment3_ros_ws/install/object_tracker/share/object_tracker/package.ps1'
[39.973s] INFO:colcon.colcon_core.shell:Creating package descriptor '/home/asdfr-33/ASDfR---Assignment3_ros_ws/install/object_tracker/share/object_tracker/package.dsv'
[39.977s] INFO:colcon.colcon_core.shell:Creating package script '/home/asdfr-33/ASDfR---Assignment3_ros_ws/install/object_tracker/share/object_tracker/package.sh'
[39.982s] INFO:colcon.colcon_core.shell:Creating package script '/home/asdfr-33/ASDfR---Assignment3_ros_ws/install/object_tracker/share/object_tracker/package.bash'
[39.988s] INFO:colcon.colcon_core.shell:Creating package script '/home/asdfr-33/ASDfR---Assignment3_ros_ws/install/object_tracker/share/object_tracker/package.zsh'
[39.994s] Level 1:colcon.colcon_core.environment:create_file_with_runtime_dependencies(/home/asdfr-33/ASDfR---Assignment3_ros_ws/install/object_tracker/share/colcon-core/packages/object_tracker)
[39.998s] Level 1:colcon.colcon_core.environment:create_environment_scripts_only(object_tracker)
[40.000s] Level 1:colcon.colcon_core.environment:checking '/home/asdfr-33/ASDfR---Assignment3_ros_ws/install/object_tracker' for CMake module files
[40.003s] Level 1:colcon.colcon_core.environment:checking '/home/asdfr-33/ASDfR---Assignment3_ros_ws/install/object_tracker' for CMake config files
[40.005s] Level 1:colcon.colcon_core.shell:create_environment_hook('object_tracker', 'cmake_prefix_path')
[40.007s] INFO:colcon.colcon_core.shell:Creating environment hook '/home/asdfr-33/ASDfR---Assignment3_ros_ws/install/object_tracker/share/object_tracker/hook/cmake_prefix_path.ps1'
[40.010s] INFO:colcon.colcon_core.shell:Creating environment descriptor '/home/asdfr-33/ASDfR---Assignment3_ros_ws/install/object_tracker/share/object_tracker/hook/cmake_prefix_path.dsv'
[40.014s] INFO:colcon.colcon_core.shell:Creating environment hook '/home/asdfr-33/ASDfR---Assignment3_ros_ws/install/object_tracker/share/object_tracker/hook/cmake_prefix_path.sh'
[40.019s] Level 1:colcon.colcon_core.environment:checking '/home/asdfr-33/ASDfR---Assignment3_ros_ws/install/object_tracker/lib'
[40.020s] Level 1:colcon.colcon_core.environment:checking '/home/asdfr-33/ASDfR---Assignment3_ros_ws/install/object_tracker/bin'
[40.020s] Level 1:colcon.colcon_core.environment:checking '/home/asdfr-33/ASDfR---Assignment3_ros_ws/install/object_tracker/lib/pkgconfig/object_tracker.pc'
[40.022s] Level 1:colcon.colcon_core.environment:checking '/home/asdfr-33/ASDfR---Assignment3_ros_ws/install/object_tracker/lib/python3.10/site-packages'
[40.024s] Level 1:colcon.colcon_core.environment:checking '/home/asdfr-33/ASDfR---Assignment3_ros_ws/install/object_tracker/bin'
[40.025s] INFO:colcon.colcon_core.shell:Creating package script '/home/asdfr-33/ASDfR---Assignment3_ros_ws/install/object_tracker/share/object_tracker/package.ps1'
[40.028s] INFO:colcon.colcon_core.shell:Creating package descriptor '/home/asdfr-33/ASDfR---Assignment3_ros_ws/install/object_tracker/share/object_tracker/package.dsv'
[40.031s] INFO:colcon.colcon_core.shell:Creating package script '/home/asdfr-33/ASDfR---Assignment3_ros_ws/install/object_tracker/share/object_tracker/package.sh'
[40.034s] INFO:colcon.colcon_core.shell:Creating package script '/home/asdfr-33/ASDfR---Assignment3_ros_ws/install/object_tracker/share/object_tracker/package.bash'
[40.037s] INFO:colcon.colcon_core.shell:Creating package script '/home/asdfr-33/ASDfR---Assignment3_ros_ws/install/object_tracker/share/object_tracker/package.zsh'
[40.039s] Level 1:colcon.colcon_core.environment:create_file_with_runtime_dependencies(/home/asdfr-33/ASDfR---Assignment3_ros_ws/install/object_tracker/share/colcon-core/packages/object_tracker)
[40.040s] DEBUG:colcon.colcon_parallel_executor.executor.parallel:closing loop
[40.041s] DEBUG:colcon.colcon_parallel_executor.executor.parallel:loop closed
[40.042s] DEBUG:colcon.colcon_parallel_executor.executor.parallel:run_until_complete finished with '0'
[40.042s] DEBUG:colcon.colcon_core.event_reactor:joining thread
[40.059s] INFO:colcon.colcon_core.plugin_system:Skipping extension 'colcon_notification.desktop_notification.notify_send': Could not find 'notify-send'
[40.060s] INFO:colcon.colcon_core.plugin_system:Skipping extension 'colcon_notification.desktop_notification.terminal_notifier': Not used on non-Darwin systems
[40.060s] INFO:colcon.colcon_core.plugin_system:Skipping extension 'colcon_notification.desktop_notification.win32': Not used on non-Windows systems
[40.060s] INFO:colcon.colcon_notification.desktop_notification:Sending desktop notification using 'notify2'
[40.062s] DEBUG:colcon.colcon_notification.desktop_notification.notify2:Failed to initialize notify2: org.freedesktop.DBus.Error.ServiceUnknown: The name org.freedesktop.Notifications was not provided by any .service files
[40.063s] DEBUG:colcon.colcon_core.event_reactor:joined thread
[40.064s] INFO:colcon.colcon_core.shell:Creating prefix script '/home/asdfr-33/ASDfR---Assignment3_ros_ws/install/local_setup.ps1'
[40.068s] INFO:colcon.colcon_core.shell:Creating prefix util module '/home/asdfr-33/ASDfR---Assignment3_ros_ws/install/_local_setup_util_ps1.py'
[40.074s] INFO:colcon.colcon_core.shell:Creating prefix chain script '/home/asdfr-33/ASDfR---Assignment3_ros_ws/install/setup.ps1'
[40.080s] INFO:colcon.colcon_core.shell:Creating prefix script '/home/asdfr-33/ASDfR---Assignment3_ros_ws/install/local_setup.sh'
[40.083s] INFO:colcon.colcon_core.shell:Creating prefix util module '/home/asdfr-33/ASDfR---Assignment3_ros_ws/install/_local_setup_util_sh.py'
[40.086s] INFO:colcon.colcon_core.shell:Creating prefix chain script '/home/asdfr-33/ASDfR---Assignment3_ros_ws/install/setup.sh'
[40.093s] INFO:colcon.colcon_core.shell:Creating prefix script '/home/asdfr-33/ASDfR---Assignment3_ros_ws/install/local_setup.bash'
[40.095s] INFO:colcon.colcon_core.shell:Creating prefix chain script '/home/asdfr-33/ASDfR---Assignment3_ros_ws/install/setup.bash'
[40.101s] INFO:colcon.colcon_core.shell:Creating prefix script '/home/asdfr-33/ASDfR---Assignment3_ros_ws/install/local_setup.zsh'
[40.104s] INFO:colcon.colcon_core.shell:Creating prefix chain script '/home/asdfr-33/ASDfR---Assignment3_ros_ws/install/setup.zsh'
