[0.373s] Invoking command in '/home/ubuntu/Robotics/ros2_ws/build/relbot_simulator': CMAKE_PREFIX_PATH=${CMAKE_PREFIX_PATH}:/opt/ros/jazzy /usr/bin/cmake /home/ubuntu/Robotics/ros2_ws/src/relbot_simulator -DCMAKE_INSTALL_PREFIX=/home/ubuntu/Robotics/ros2_ws/install/relbot_simulator
[0.673s] -- The C compiler identification is GNU 13.3.0
[2.033s] -- The CXX compiler identification is GNU 13.3.0
[3.318s] -- Detecting C compiler ABI info
[3.828s] -- Detecting C compiler ABI info - done
[3.844s] -- Check for working C compiler: /usr/bin/cc - skipped
[3.845s] -- Detecting C compile features
[3.845s] -- Detecting C compile features - done
[4.031s] -- Detecting CXX compiler ABI info
[4.537s] -- Detecting CXX compiler ABI info - done
[4.549s] -- Check for working CXX compiler: /usr/bin/c++ - skipped
[4.550s] -- Detecting CXX compile features
[4.550s] -- Detecting CXX compile features - done
[4.554s] -- Found ament_cmake: 2.5.5 (/opt/ros/jazzy/share/ament_cmake/cmake)
[4.737s] -- Found Python3: /usr/bin/python3 (found version "3.12.3") found components: Interpreter 
[4.877s] -- Found rclcpp: 28.1.16 (/opt/ros/jazzy/share/rclcpp/cmake)
[5.202s] -- Found rosidl_generator_c: 4.6.7 (/opt/ros/jazzy/share/rosidl_generator_c/cmake)
[5.226s] -- Found rosidl_generator_cpp: 4.6.7 (/opt/ros/jazzy/share/rosidl_generator_cpp/cmake)
[5.257s] -- Using all available rosidl_typesupport_c: rosidl_typesupport_fastrtps_c;rosidl_typesupport_introspection_c
[5.281s] -- Using all available rosidl_typesupport_cpp: rosidl_typesupport_fastrtps_cpp;rosidl_typesupport_introspection_cpp
[5.368s] -- Found rmw_implementation_cmake: 7.3.3 (/opt/ros/jazzy/share/rmw_implementation_cmake/cmake)
[5.371s] -- Found rmw_fastrtps_cpp: 8.4.3 (/opt/ros/jazzy/share/rmw_fastrtps_cpp/cmake)
[5.635s] -- Found OpenSSL: /usr/lib/x86_64-linux-gnu/libcrypto.so (found version "3.0.13")  
[6.005s] -- Found FastRTPS: /opt/ros/jazzy/include (Required is at least version "2.13") 
[6.201s] -- Using RMW implementation 'rmw_fastrtps_cpp' as default
[6.514s] -- Found geometry_msgs: 5.3.6 (/opt/ros/jazzy/share/geometry_msgs/cmake)
[6.571s] -- Found sensor_msgs: 5.3.6 (/opt/ros/jazzy/share/sensor_msgs/cmake)
[6.625s] -- Found relbot_msgs: 2025.2.0 (/home/ubuntu/Robotics/ros2_ws/install/relbot_msgs/share/relbot_msgs/cmake)
[6.652s] -- Found OpenCV: /usr (found version "4.6.0") found components: core highgui imgcodecs imgproc videoio 
[6.654s] -- Found cv_bridge: 4.1.0 (/opt/ros/jazzy/share/cv_bridge/cmake)
[6.664s] -- Found ament_lint_auto: 0.17.4 (/opt/ros/jazzy/share/ament_lint_auto/cmake)
[6.848s] -- Added test 'copyright' to check source files copyright and LICENSE
[6.852s] -- Added test 'cppcheck' to perform static code analysis on C / C++ code
[6.853s] -- Configured cppcheck include dirs: /home/ubuntu/Robotics/ros2_ws/src/relbot_simulator/include;/home/ubuntu/Robotics/ros2_ws/src/relbot_simulator/common;$<BUILD_INTERFACE:/home/ubuntu/Robotics/ros2_ws/src/relbot_simulator/include>;$<BUILD_INTERFACE:/home/ubuntu/Robotics/ros2_ws/src/relbot_simulator/common>
[6.853s] -- Configured cppcheck exclude dirs and/or files: 
[6.856s] -- Added test 'cpplint' to check C / C++ code against the Google style
[6.856s] -- Configured cpplint exclude dirs and/or files: 
[6.859s] -- Added test 'lint_cmake' to check CMake code style
[6.863s] -- Added test 'uncrustify' to check C / C++ code style
[6.863s] -- Configured uncrustify additional arguments: 
[6.865s] -- Added test 'xmllint' to check XML markup files
[6.868s] -- Configuring done (6.5s)
[6.899s] -- Generating done (0.0s)
[6.906s] -- Build files have been written to: /home/ubuntu/Robotics/ros2_ws/build/relbot_simulator
