[0.069s] Invoking command in '/home/asdfr-33/ASDfR---Assignment3_ros_ws/build/relbot_msgs': CMAKE_PREFIX_PATH=${CMAKE_PREFIX_PATH}:/opt/ros/humble /usr/bin/cmake --build /home/asdfr-33/ASDfR---Assignment3_ros_ws/build/relbot_msgs -- -j3 -l3
[0.224s] [35m[1mConsolidate compiler generated dependencies of target relbot_msgs__rosidl_generator_c[0m
[0.335s] [  2%] Built target relbot_msgs__cpp
[0.480s] [35m[1mConsolidate compiler generated dependencies of target relbot_msgs__rosidl_typesupport_cpp[0m
[0.481s] [ 12%] Built target relbot_msgs__rosidl_generator_c
[0.566s] [35m[1mConsolidate compiler generated dependencies of target relbot_msgs__rosidl_typesupport_fastrtps_cpp[0m
[0.636s] [ 12%] Built target ament_cmake_python_copy_relbot_msgs
[0.752s] [35m[1mConsolidate compiler generated dependencies of target relbot_msgs__rosidl_typesupport_introspection_cpp[0m
[0.843s] [ 23%] Built target relbot_msgs__rosidl_typesupport_fastrtps_cpp
[1.055s] [ 33%] Built target relbot_msgs__rosidl_typesupport_cpp
[1.166s] [ 43%] Built target relbot_msgs__rosidl_typesupport_introspection_cpp
[1.214s] [35m[1mConsolidate compiler generated dependencies of target relbot_msgs__rosidl_typesupport_fastrtps_c[0m
[1.330s] [35m[1mConsolidate compiler generated dependencies of target relbot_msgs__rosidl_typesupport_introspection_c[0m
[1.690s] [ 53%] Built target relbot_msgs__rosidl_typesupport_introspection_c
[1.780s] [ 64%] Built target relbot_msgs__rosidl_typesupport_fastrtps_c
[1.814s] [35m[1mConsolidate compiler generated dependencies of target relbot_msgs__rosidl_typesupport_c[0m
[2.018s] [ 74%] Built target relbot_msgs__rosidl_typesupport_c
[2.191s] [ 74%] Built target relbot_msgs
[2.408s] [ 76%] Built target relbot_msgs__py
[2.453s] [35m[1mConsolidate compiler generated dependencies of target relbot_msgs__rosidl_generator_py[0m
[2.768s] [ 84%] Built target relbot_msgs__rosidl_generator_py
[2.825s] [35m[1mConsolidate compiler generated dependencies of target relbot_msgs__rosidl_typesupport_introspection_c__pyext[0m
[2.840s] [35m[1mConsolidate compiler generated dependencies of target relbot_msgs__rosidl_typesupport_fastrtps_c__pyext[0m
[3.098s] running egg_info
[3.099s] writing relbot_msgs.egg-info/PKG-INFO
[3.100s] writing dependency_links to relbot_msgs.egg-info/dependency_links.txt
[3.102s] writing top-level names to relbot_msgs.egg-info/top_level.txt
[3.115s] reading manifest file 'relbot_msgs.egg-info/SOURCES.txt'
[3.130s] writing manifest file 'relbot_msgs.egg-info/SOURCES.txt'
[3.230s] [ 89%] Built target relbot_msgs__rosidl_typesupport_introspection_c__pyext
[3.243s] [ 94%] Built target relbot_msgs__rosidl_typesupport_fastrtps_c__pyext
[3.296s] [35m[1mConsolidate compiler generated dependencies of target relbot_msgs__rosidl_typesupport_c__pyext[0m
[3.356s] [ 94%] Built target ament_cmake_python_build_relbot_msgs_egg
[3.469s] [100%] Built target relbot_msgs__rosidl_typesupport_c__pyext
