[0.057s] Invoking command in '/home/ubuntu/Robotics/ros2_ws/build/cam2image_vm2ros': /usr/bin/cmake --build /home/ubuntu/Robotics/ros2_ws/build/cam2image_vm2ros -- -j12 -l12
[0.867s] -- Found ament_cmake: 2.5.5 (/opt/ros/jazzy/share/ament_cmake/cmake)
[11.603s] Traceback (most recent call last):
[11.603s]   File "/opt/ros/jazzy/share/ament_cmake_core/cmake/package_templates/templates_2_cmake.py", line 21, in <module>
[11.604s]     from ament_package.templates import get_environment_hook_template_path
[11.604s] ModuleNotFoundError: No module named 'ament_package'
[11.666s] [31mCMake Error at /opt/ros/jazzy/share/ament_cmake_core/cmake/ament_cmake_package_templates-extras.cmake:41 (message):
[11.667s]   execute_process(/usr/bin/python3
[11.667s]   /opt/ros/jazzy/share/ament_cmake_core/cmake/package_templates/templates_2_cmake.py
[11.667s]   /home/ubuntu/Robotics/ros2_ws/build/cam2image_vm2ros/ament_cmake_package_templates/templates.cmake)
[11.667s]   returned error code 1
[11.667s] Call Stack (most recent call first):
[11.667s]   /opt/ros/jazzy/share/ament_cmake_core/cmake/ament_cmake_coreConfig.cmake:41 (include)
[11.667s]   /opt/ros/jazzy/share/ament_cmake/cmake/ament_cmake_export_dependencies-extras.cmake:15 (find_package)
[11.667s]   /opt/ros/jazzy/share/ament_cmake/cmake/ament_cmakeConfig.cmake:41 (include)
[11.667s]   CMakeLists.txt:14 (find_package)
[11.667s] 
[11.667s] [0m
[11.668s] -- Configuring incomplete, errors occurred!
[11.774s] gmake: *** [Makefile:335: cmake_check_build_system] Error 1
[11.777s] Invoked command in '/home/ubuntu/Robotics/ros2_ws/build/cam2image_vm2ros' returned '2': /usr/bin/cmake --build /home/ubuntu/Robotics/ros2_ws/build/cam2image_vm2ros -- -j12 -l12
