[100%] Built target sequence_controller
-- Install configuration: ""
-- Up-to-date: /home/ubuntu/Robotics/ros2_ws/install/sequence_controller/lib/sequence_controller/sequence_controller
-- Up-to-date: /home/ubuntu/Robotics/ros2_ws/install/sequence_controller/share/ament_index/resource_index/package_run_dependencies/sequence_controller
-- Up-to-date: /home/ubuntu/Robotics/ros2_ws/install/sequence_controller/share/ament_index/resource_index/parent_prefix_path/sequence_controller
-- Up-to-date: /home/ubuntu/Robotics/ros2_ws/install/sequence_controller/share/sequence_controller/environment/ament_prefix_path.sh
-- Up-to-date: /home/ubuntu/Robotics/ros2_ws/install/sequence_controller/share/sequence_controller/environment/ament_prefix_path.dsv
-- Up-to-date: /home/ubuntu/Robotics/ros2_ws/install/sequence_controller/share/sequence_controller/environment/path.sh
-- Up-to-date: /home/ubuntu/Robotics/ros2_ws/install/sequence_controller/share/sequence_controller/environment/path.dsv
-- Up-to-date: /home/ubuntu/Robotics/ros2_ws/install/sequence_controller/share/sequence_controller/local_setup.bash
-- Up-to-date: /home/ubuntu/Robotics/ros2_ws/install/sequence_controller/share/sequence_controller/local_setup.sh
-- Up-to-date: /home/ubuntu/Robotics/ros2_ws/install/sequence_controller/share/sequence_controller/local_setup.zsh
-- Up-to-date: /home/ubuntu/Robotics/ros2_ws/install/sequence_controller/share/sequence_controller/local_setup.dsv
-- Installing: /home/ubuntu/Robotics/ros2_ws/install/sequence_controller/share/sequence_controller/package.dsv
-- Up-to-date: /home/ubuntu/Robotics/ros2_ws/install/sequence_controller/share/ament_index/resource_index/packages/sequence_controller
-- Up-to-date: /home/ubuntu/Robotics/ros2_ws/install/sequence_controller/share/sequence_controller/cmake/sequence_controllerConfig.cmake
-- Up-to-date: /home/ubuntu/Robotics/ros2_ws/install/sequence_controller/share/sequence_controller/cmake/sequence_controllerConfig-version.cmake
-- Up-to-date: /home/ubuntu/Robotics/ros2_ws/install/sequence_controller/share/sequence_controller/package.xml
-- Up-to-date: /home/ubuntu/Robotics/ros2_ws/install/sequence_controller/share/sequence_controller//launch
-- Up-to-date: /home/ubuntu/Robotics/ros2_ws/install/sequence_controller/share/sequence_controller//launch/__pycache__
-- Up-to-date: /home/ubuntu/Robotics/ros2_ws/install/sequence_controller/share/sequence_controller//launch/__pycache__/sequence_controller.launch.cpython-312.pyc
-- Up-to-date: /home/ubuntu/Robotics/ros2_ws/install/sequence_controller/share/sequence_controller//launch/sequence_controller.launch.py
