[0.203s] Invoking command in '/home/ubuntu/Robotics/ros2_ws/build/relbot_msgs': CMAKE_PREFIX_PATH=${CMAKE_PREFIX_PATH}:/opt/ros/jazzy /usr/bin/cmake --build /home/ubuntu/Robotics/ros2_ws/build/relbot_msgs -- -j12 -l12
[1.236s] [  2%] Built target relbot_msgs__rosidl_generator_type_description
[1.287s] [  4%] Built target relbot_msgs__cpp
[1.461s] [ 22%] Built target relbot_msgs__rosidl_generator_c
[1.493s] [ 22%] Built target ament_cmake_python_copy_relbot_msgs
[1.552s] [ 31%] Built target relbot_msgs__rosidl_typesupport_introspection_cpp
[1.554s] [ 40%] Built target relbot_msgs__rosidl_typesupport_fastrtps_c
[1.558s] [ 50%] Built target relbot_msgs__rosidl_typesupport_fastrtps_cpp
[1.576s] [ 68%] Built target relbot_msgs__rosidl_typesupport_cpp
[1.576s] [ 68%] Built target relbot_msgs__rosidl_typesupport_c
[1.587s] [ 77%] Built target relbot_msgs__rosidl_typesupport_introspection_c
[1.617s] [ 77%] Built target relbot_msgs
[1.647s] [ 79%] Built target relbot_msgs__py
[1.700s] [ 86%] Built target relbot_msgs__rosidl_generator_py
[1.743s] [ 90%] Built target relbot_msgs_s__rosidl_typesupport_fastrtps_c
[1.766s] [ 95%] Built target relbot_msgs_s__rosidl_typesupport_introspection_c
[1.780s] [100%] Built target relbot_msgs_s__rosidl_typesupport_c
[1.941s] running egg_info
[1.965s] writing relbot_msgs.egg-info/PKG-INFO
[1.966s] writing dependency_links to relbot_msgs.egg-info/dependency_links.txt
[1.966s] writing top-level names to relbot_msgs.egg-info/top_level.txt
[2.045s] reading manifest file 'relbot_msgs.egg-info/SOURCES.txt'
[2.059s] writing manifest file 'relbot_msgs.egg-info/SOURCES.txt'
[2.085s] [100%] Built target ament_cmake_python_build_relbot_msgs_egg
[2.097s] Invoked command in '/home/ubuntu/Robotics/ros2_ws/build/relbot_msgs' returned '0': CMAKE_PREFIX_PATH=${CMAKE_PREFIX_PATH}:/opt/ros/jazzy /usr/bin/cmake --build /home/ubuntu/Robotics/ros2_ws/build/relbot_msgs -- -j12 -l12
[2.145s] Invoking command in '/home/ubuntu/Robotics/ros2_ws/build/relbot_msgs': CMAKE_PREFIX_PATH=${CMAKE_PREFIX_PATH}:/opt/ros/jazzy /usr/bin/cmake --install /home/ubuntu/Robotics/ros2_ws/build/relbot_msgs
[2.158s] -- Install configuration: ""
[2.158s] -- Up-to-date: /home/ubuntu/Robotics/ros2_ws/install/relbot_msgs/share/ament_index/resource_index/rosidl_interfaces/relbot_msgs
[2.158s] -- Up-to-date: /home/ubuntu/Robotics/ros2_ws/install/relbot_msgs/share/relbot_msgs/msg/RelbotMotors.json
[2.158s] -- Up-to-date: /home/ubuntu/Robotics/ros2_ws/install/relbot_msgs/share/relbot_msgs/msg/RelbotMotorsStamped.json
[2.159s] -- Up-to-date: /home/ubuntu/Robotics/ros2_ws/install/relbot_msgs/include/relbot_msgs/relbot_msgs
[2.164s] -- Up-to-date: /home/ubuntu/Robotics/ros2_ws/install/relbot_msgs/include/relbot_msgs/relbot_msgs/msg
[2.164s] -- Up-to-date: /home/ubuntu/Robotics/ros2_ws/install/relbot_msgs/include/relbot_msgs/relbot_msgs/msg/rosidl_generator_c__visibility_control.h
[2.165s] -- Up-to-date: /home/ubuntu/Robotics/ros2_ws/install/relbot_msgs/include/relbot_msgs/relbot_msgs/msg/relbot_motors.h
[2.165s] -- Up-to-date: /home/ubuntu/Robotics/ros2_ws/install/relbot_msgs/include/relbot_msgs/relbot_msgs/msg/relbot_motors_stamped.h
[2.165s] -- Up-to-date: /home/ubuntu/Robotics/ros2_ws/install/relbot_msgs/include/relbot_msgs/relbot_msgs/msg/detail
[2.165s] -- Up-to-date: /home/ubuntu/Robotics/ros2_ws/install/relbot_msgs/include/relbot_msgs/relbot_msgs/msg/detail/relbot_motors_stamped__struct.h
[2.166s] -- Up-to-date: /home/ubuntu/Robotics/ros2_ws/install/relbot_msgs/include/relbot_msgs/relbot_msgs/msg/detail/relbot_motors_stamped__type_support.h
[2.166s] -- Up-to-date: /home/ubuntu/Robotics/ros2_ws/install/relbot_msgs/include/relbot_msgs/relbot_msgs/msg/detail/relbot_motors__type_support.c
[2.166s] -- Up-to-date: /home/ubuntu/Robotics/ros2_ws/install/relbot_msgs/include/relbot_msgs/relbot_msgs/msg/detail/relbot_motors_stamped__type_support.c
[2.166s] -- Up-to-date: /home/ubuntu/Robotics/ros2_ws/install/relbot_msgs/include/relbot_msgs/relbot_msgs/msg/detail/relbot_motors__functions.c
[2.166s] -- Up-to-date: /home/ubuntu/Robotics/ros2_ws/install/relbot_msgs/include/relbot_msgs/relbot_msgs/msg/detail/relbot_motors_stamped__functions.c
[2.167s] -- Up-to-date: /home/ubuntu/Robotics/ros2_ws/install/relbot_msgs/include/relbot_msgs/relbot_msgs/msg/detail/relbot_motors_stamped__functions.h
[2.167s] -- Up-to-date: /home/ubuntu/Robotics/ros2_ws/install/relbot_msgs/include/relbot_msgs/relbot_msgs/msg/detail/relbot_motors__struct.h
[2.167s] -- Up-to-date: /home/ubuntu/Robotics/ros2_ws/install/relbot_msgs/include/relbot_msgs/relbot_msgs/msg/detail/relbot_motors_stamped__description.c
[2.167s] -- Up-to-date: /home/ubuntu/Robotics/ros2_ws/install/relbot_msgs/include/relbot_msgs/relbot_msgs/msg/detail/relbot_motors__type_support.h
[2.167s] -- Up-to-date: /home/ubuntu/Robotics/ros2_ws/install/relbot_msgs/include/relbot_msgs/relbot_msgs/msg/detail/relbot_motors__description.c
[2.167s] -- Up-to-date: /home/ubuntu/Robotics/ros2_ws/install/relbot_msgs/include/relbot_msgs/relbot_msgs/msg/detail/relbot_motors__functions.h
[2.167s] -- Up-to-date: /home/ubuntu/Robotics/ros2_ws/install/relbot_msgs/share/relbot_msgs/environment/library_path.sh
[2.167s] -- Up-to-date: /home/ubuntu/Robotics/ros2_ws/install/relbot_msgs/share/relbot_msgs/environment/library_path.dsv
[2.196s] -- Up-to-date: /home/ubuntu/Robotics/ros2_ws/install/relbot_msgs/lib/librelbot_msgs__rosidl_generator_c.so
[2.196s] -- Up-to-date: /home/ubuntu/Robotics/ros2_ws/install/relbot_msgs/include/relbot_msgs/relbot_msgs
[2.205s] -- Up-to-date: /home/ubuntu/Robotics/ros2_ws/install/relbot_msgs/include/relbot_msgs/relbot_msgs/msg
[2.205s] -- Up-to-date: /home/ubuntu/Robotics/ros2_ws/install/relbot_msgs/include/relbot_msgs/relbot_msgs/msg/rosidl_typesupport_fastrtps_c__visibility_control.h
[2.205s] -- Up-to-date: /home/ubuntu/Robotics/ros2_ws/install/relbot_msgs/include/relbot_msgs/relbot_msgs/msg/detail
[2.222s] -- Up-to-date: /home/ubuntu/Robotics/ros2_ws/install/relbot_msgs/include/relbot_msgs/relbot_msgs/msg/detail/relbot_motors__rosidl_typesupport_fastrtps_c.h
[2.222s] -- Up-to-date: /home/ubuntu/Robotics/ros2_ws/install/relbot_msgs/include/relbot_msgs/relbot_msgs/msg/detail/relbot_motors_stamped__rosidl_typesupport_fastrtps_c.h
[2.223s] -- Up-to-date: /home/ubuntu/Robotics/ros2_ws/install/relbot_msgs/lib/librelbot_msgs__rosidl_typesupport_fastrtps_c.so
[2.223s] -- Up-to-date: /home/ubuntu/Robotics/ros2_ws/install/relbot_msgs/include/relbot_msgs/relbot_msgs
[2.224s] -- Up-to-date: /home/ubuntu/Robotics/ros2_ws/install/relbot_msgs/include/relbot_msgs/relbot_msgs/msg
[2.224s] -- Up-to-date: /home/ubuntu/Robotics/ros2_ws/install/relbot_msgs/include/relbot_msgs/relbot_msgs/msg/rosidl_typesupport_introspection_c__visibility_control.h
[2.225s] -- Up-to-date: /home/ubuntu/Robotics/ros2_ws/install/relbot_msgs/include/relbot_msgs/relbot_msgs/msg/detail
[2.225s] -- Up-to-date: /home/ubuntu/Robotics/ros2_ws/install/relbot_msgs/include/relbot_msgs/relbot_msgs/msg/detail/relbot_motors__type_support.c
[2.225s] -- Up-to-date: /home/ubuntu/Robotics/ros2_ws/install/relbot_msgs/include/relbot_msgs/relbot_msgs/msg/detail/relbot_motors_stamped__type_support.c
[2.225s] -- Up-to-date: /home/ubuntu/Robotics/ros2_ws/install/relbot_msgs/include/relbot_msgs/relbot_msgs/msg/detail/relbot_motors__rosidl_typesupport_introspection_c.h
[2.226s] -- Up-to-date: /home/ubuntu/Robotics/ros2_ws/install/relbot_msgs/include/relbot_msgs/relbot_msgs/msg/detail/relbot_motors_stamped__rosidl_typesupport_introspection_c.h
[2.229s] -- Up-to-date: /home/ubuntu/Robotics/ros2_ws/install/relbot_msgs/lib/librelbot_msgs__rosidl_typesupport_introspection_c.so
[2.230s] -- Up-to-date: /home/ubuntu/Robotics/ros2_ws/install/relbot_msgs/lib/librelbot_msgs__rosidl_typesupport_c.so
[2.230s] -- Up-to-date: /home/ubuntu/Robotics/ros2_ws/install/relbot_msgs/include/relbot_msgs/relbot_msgs
[2.231s] -- Up-to-date: /home/ubuntu/Robotics/ros2_ws/install/relbot_msgs/include/relbot_msgs/relbot_msgs/msg
[2.232s] -- Up-to-date: /home/ubuntu/Robotics/ros2_ws/install/relbot_msgs/include/relbot_msgs/relbot_msgs/msg/detail
[2.232s] -- Up-to-date: /home/ubuntu/Robotics/ros2_ws/install/relbot_msgs/include/relbot_msgs/relbot_msgs/msg/detail/relbot_motors__builder.hpp
[2.233s] -- Up-to-date: /home/ubuntu/Robotics/ros2_ws/install/relbot_msgs/include/relbot_msgs/relbot_msgs/msg/detail/relbot_motors_stamped__struct.hpp
[2.233s] -- Up-to-date: /home/ubuntu/Robotics/ros2_ws/install/relbot_msgs/include/relbot_msgs/relbot_msgs/msg/detail/relbot_motors__type_support.hpp
[2.233s] -- Up-to-date: /home/ubuntu/Robotics/ros2_ws/install/relbot_msgs/include/relbot_msgs/relbot_msgs/msg/detail/relbot_motors__traits.hpp
[2.233s] -- Up-to-date: /home/ubuntu/Robotics/ros2_ws/install/relbot_msgs/include/relbot_msgs/relbot_msgs/msg/detail/relbot_motors_stamped__builder.hpp
[2.233s] -- Up-to-date: /home/ubuntu/Robotics/ros2_ws/install/relbot_msgs/include/relbot_msgs/relbot_msgs/msg/detail/relbot_motors_stamped__traits.hpp
[2.234s] -- Up-to-date: /home/ubuntu/Robotics/ros2_ws/install/relbot_msgs/include/relbot_msgs/relbot_msgs/msg/detail/relbot_motors__struct.hpp
[2.234s] -- Up-to-date: /home/ubuntu/Robotics/ros2_ws/install/relbot_msgs/include/relbot_msgs/relbot_msgs/msg/detail/relbot_motors_stamped__type_support.hpp
[2.234s] -- Up-to-date: /home/ubuntu/Robotics/ros2_ws/install/relbot_msgs/include/relbot_msgs/relbot_msgs/msg/rosidl_generator_cpp__visibility_control.hpp
[2.234s] -- Up-to-date: /home/ubuntu/Robotics/ros2_ws/install/relbot_msgs/include/relbot_msgs/relbot_msgs/msg/relbot_motors.hpp
[2.234s] -- Up-to-date: /home/ubuntu/Robotics/ros2_ws/install/relbot_msgs/include/relbot_msgs/relbot_msgs/msg/relbot_motors_stamped.hpp
[2.234s] -- Up-to-date: /home/ubuntu/Robotics/ros2_ws/install/relbot_msgs/include/relbot_msgs/relbot_msgs
[2.234s] -- Up-to-date: /home/ubuntu/Robotics/ros2_ws/install/relbot_msgs/include/relbot_msgs/relbot_msgs/msg
[2.235s] -- Up-to-date: /home/ubuntu/Robotics/ros2_ws/install/relbot_msgs/include/relbot_msgs/relbot_msgs/msg/rosidl_typesupport_fastrtps_cpp__visibility_control.h
[2.235s] -- Up-to-date: /home/ubuntu/Robotics/ros2_ws/install/relbot_msgs/include/relbot_msgs/relbot_msgs/msg/detail
[2.240s] -- Up-to-date: /home/ubuntu/Robotics/ros2_ws/install/relbot_msgs/include/relbot_msgs/relbot_msgs/msg/detail/dds_fastrtps
[2.240s] -- Up-to-date: /home/ubuntu/Robotics/ros2_ws/install/relbot_msgs/include/relbot_msgs/relbot_msgs/msg/detail/relbot_motors_stamped__rosidl_typesupport_fastrtps_cpp.hpp
[2.240s] -- Up-to-date: /home/ubuntu/Robotics/ros2_ws/install/relbot_msgs/include/relbot_msgs/relbot_msgs/msg/detail/relbot_motors__rosidl_typesupport_fastrtps_cpp.hpp
[2.280s] -- Up-to-date: /home/ubuntu/Robotics/ros2_ws/install/relbot_msgs/lib/librelbot_msgs__rosidl_typesupport_fastrtps_cpp.so
[2.281s] -- Up-to-date: /home/ubuntu/Robotics/ros2_ws/install/relbot_msgs/include/relbot_msgs/relbot_msgs
[2.340s] -- Up-to-date: /home/ubuntu/Robotics/ros2_ws/install/relbot_msgs/include/relbot_msgs/relbot_msgs/msg
[2.341s] -- Up-to-date: /home/ubuntu/Robotics/ros2_ws/install/relbot_msgs/include/relbot_msgs/relbot_msgs/msg/detail
[2.341s] -- Up-to-date: /home/ubuntu/Robotics/ros2_ws/install/relbot_msgs/include/relbot_msgs/relbot_msgs/msg/detail/relbot_motors__rosidl_typesupport_introspection_cpp.hpp
[2.342s] -- Up-to-date: /home/ubuntu/Robotics/ros2_ws/install/relbot_msgs/include/relbot_msgs/relbot_msgs/msg/detail/relbot_motors_stamped__rosidl_typesupport_introspection_cpp.hpp
[2.342s] -- Up-to-date: /home/ubuntu/Robotics/ros2_ws/install/relbot_msgs/include/relbot_msgs/relbot_msgs/msg/detail/relbot_motors_stamped__type_support.cpp
[2.342s] -- Up-to-date: /home/ubuntu/Robotics/ros2_ws/install/relbot_msgs/include/relbot_msgs/relbot_msgs/msg/detail/relbot_motors__type_support.cpp
[2.344s] -- Up-to-date: /home/ubuntu/Robotics/ros2_ws/install/relbot_msgs/lib/librelbot_msgs__rosidl_typesupport_introspection_cpp.so
[2.345s] -- Up-to-date: /home/ubuntu/Robotics/ros2_ws/install/relbot_msgs/lib/librelbot_msgs__rosidl_typesupport_cpp.so
[2.345s] -- Up-to-date: /home/ubuntu/Robotics/ros2_ws/install/relbot_msgs/share/relbot_msgs/environment/pythonpath.sh
[2.345s] -- Up-to-date: /home/ubuntu/Robotics/ros2_ws/install/relbot_msgs/share/relbot_msgs/environment/pythonpath.dsv
[2.346s] -- Up-to-date: /home/ubuntu/Robotics/ros2_ws/install/relbot_msgs/lib/python3.12/site-packages/relbot_msgs-2025.2.0-py3.12.egg-info
[2.346s] -- Installing: /home/ubuntu/Robotics/ros2_ws/install/relbot_msgs/lib/python3.12/site-packages/relbot_msgs-2025.2.0-py3.12.egg-info/top_level.txt
[2.346s] -- Installing: /home/ubuntu/Robotics/ros2_ws/install/relbot_msgs/lib/python3.12/site-packages/relbot_msgs-2025.2.0-py3.12.egg-info/dependency_links.txt
[2.347s] -- Installing: /home/ubuntu/Robotics/ros2_ws/install/relbot_msgs/lib/python3.12/site-packages/relbot_msgs-2025.2.0-py3.12.egg-info/SOURCES.txt
[2.347s] -- Installing: /home/ubuntu/Robotics/ros2_ws/install/relbot_msgs/lib/python3.12/site-packages/relbot_msgs-2025.2.0-py3.12.egg-info/PKG-INFO
[2.347s] -- Up-to-date: /home/ubuntu/Robotics/ros2_ws/install/relbot_msgs/lib/python3.12/site-packages/relbot_msgs
[2.347s] -- Up-to-date: /home/ubuntu/Robotics/ros2_ws/install/relbot_msgs/lib/python3.12/site-packages/relbot_msgs/_relbot_msgs_s.ep.rosidl_typesupport_c.c
[2.347s] -- Up-to-date: /home/ubuntu/Robotics/ros2_ws/install/relbot_msgs/lib/python3.12/site-packages/relbot_msgs/msg
[2.348s] -- Up-to-date: /home/ubuntu/Robotics/ros2_ws/install/relbot_msgs/lib/python3.12/site-packages/relbot_msgs/msg/_relbot_motors.py
[2.348s] -- Up-to-date: /home/ubuntu/Robotics/ros2_ws/install/relbot_msgs/lib/python3.12/site-packages/relbot_msgs/msg/__init__.py
[2.348s] -- Up-to-date: /home/ubuntu/Robotics/ros2_ws/install/relbot_msgs/lib/python3.12/site-packages/relbot_msgs/msg/_relbot_motors_stamped.py
[2.348s] -- Up-to-date: /home/ubuntu/Robotics/ros2_ws/install/relbot_msgs/lib/python3.12/site-packages/relbot_msgs/msg/_relbot_motors_s.c
[2.349s] -- Up-to-date: /home/ubuntu/Robotics/ros2_ws/install/relbot_msgs/lib/python3.12/site-packages/relbot_msgs/msg/_relbot_motors_stamped_s.c
[2.349s] -- Up-to-date: /home/ubuntu/Robotics/ros2_ws/install/relbot_msgs/lib/python3.12/site-packages/relbot_msgs/__init__.py
[2.349s] -- Up-to-date: /home/ubuntu/Robotics/ros2_ws/install/relbot_msgs/lib/python3.12/site-packages/relbot_msgs/_relbot_msgs_s.ep.rosidl_typesupport_fastrtps_c.c
[2.349s] -- Up-to-date: /home/ubuntu/Robotics/ros2_ws/install/relbot_msgs/lib/python3.12/site-packages/relbot_msgs/relbot_msgs_s__rosidl_typesupport_c.so
[2.349s] -- Up-to-date: /home/ubuntu/Robotics/ros2_ws/install/relbot_msgs/lib/python3.12/site-packages/relbot_msgs/_relbot_msgs_s.ep.rosidl_typesupport_introspection_c.c
[2.349s] -- Up-to-date: /home/ubuntu/Robotics/ros2_ws/install/relbot_msgs/lib/python3.12/site-packages/relbot_msgs/relbot_msgs_s__rosidl_typesupport_fastrtps_c.so
[2.349s] -- Up-to-date: /home/ubuntu/Robotics/ros2_ws/install/relbot_msgs/lib/python3.12/site-packages/relbot_msgs/relbot_msgs_s__rosidl_typesupport_introspection_c.so
[2.424s] Listing '/home/ubuntu/Robotics/ros2_ws/install/relbot_msgs/lib/python3.12/site-packages/relbot_msgs'...
[2.424s] Listing '/home/ubuntu/Robotics/ros2_ws/install/relbot_msgs/lib/python3.12/site-packages/relbot_msgs/msg'...
[2.431s] -- Up-to-date: /home/ubuntu/Robotics/ros2_ws/install/relbot_msgs/lib/python3.12/site-packages/relbot_msgs/relbot_msgs_s__rosidl_typesupport_fastrtps_c.so
[2.433s] -- Up-to-date: /home/ubuntu/Robotics/ros2_ws/install/relbot_msgs/lib/python3.12/site-packages/relbot_msgs/relbot_msgs_s__rosidl_typesupport_introspection_c.so
[2.434s] -- Up-to-date: /home/ubuntu/Robotics/ros2_ws/install/relbot_msgs/lib/python3.12/site-packages/relbot_msgs/relbot_msgs_s__rosidl_typesupport_c.so
[2.436s] -- Up-to-date: /home/ubuntu/Robotics/ros2_ws/install/relbot_msgs/lib/librelbot_msgs__rosidl_generator_py.so
[2.437s] -- Up-to-date: /home/ubuntu/Robotics/ros2_ws/install/relbot_msgs/share/relbot_msgs/msg/RelbotMotors.idl
[2.437s] -- Up-to-date: /home/ubuntu/Robotics/ros2_ws/install/relbot_msgs/share/relbot_msgs/msg/RelbotMotorsStamped.idl
[2.437s] -- Up-to-date: /home/ubuntu/Robotics/ros2_ws/install/relbot_msgs/share/relbot_msgs/msg/RelbotMotors.msg
[2.438s] -- Up-to-date: /home/ubuntu/Robotics/ros2_ws/install/relbot_msgs/share/relbot_msgs/msg/RelbotMotorsStamped.msg
[2.438s] -- Up-to-date: /home/ubuntu/Robotics/ros2_ws/install/relbot_msgs/share/ament_index/resource_index/package_run_dependencies/relbot_msgs
[2.438s] -- Up-to-date: /home/ubuntu/Robotics/ros2_ws/install/relbot_msgs/share/ament_index/resource_index/parent_prefix_path/relbot_msgs
[2.438s] -- Up-to-date: /home/ubuntu/Robotics/ros2_ws/install/relbot_msgs/share/relbot_msgs/environment/ament_prefix_path.sh
[2.438s] -- Up-to-date: /home/ubuntu/Robotics/ros2_ws/install/relbot_msgs/share/relbot_msgs/environment/ament_prefix_path.dsv
[2.439s] -- Up-to-date: /home/ubuntu/Robotics/ros2_ws/install/relbot_msgs/share/relbot_msgs/environment/path.sh
[2.439s] -- Up-to-date: /home/ubuntu/Robotics/ros2_ws/install/relbot_msgs/share/relbot_msgs/environment/path.dsv
[2.439s] -- Up-to-date: /home/ubuntu/Robotics/ros2_ws/install/relbot_msgs/share/relbot_msgs/local_setup.bash
[2.439s] -- Up-to-date: /home/ubuntu/Robotics/ros2_ws/install/relbot_msgs/share/relbot_msgs/local_setup.sh
[2.439s] -- Up-to-date: /home/ubuntu/Robotics/ros2_ws/install/relbot_msgs/share/relbot_msgs/local_setup.zsh
[2.439s] -- Up-to-date: /home/ubuntu/Robotics/ros2_ws/install/relbot_msgs/share/relbot_msgs/local_setup.dsv
[2.439s] -- Installing: /home/ubuntu/Robotics/ros2_ws/install/relbot_msgs/share/relbot_msgs/package.dsv
[2.440s] -- Up-to-date: /home/ubuntu/Robotics/ros2_ws/install/relbot_msgs/share/ament_index/resource_index/packages/relbot_msgs
[2.442s] -- Up-to-date: /home/ubuntu/Robotics/ros2_ws/install/relbot_msgs/share/relbot_msgs/cmake/export_relbot_msgs__rosidl_generator_cExport.cmake
[2.442s] -- Up-to-date: /home/ubuntu/Robotics/ros2_ws/install/relbot_msgs/share/relbot_msgs/cmake/export_relbot_msgs__rosidl_generator_cExport-noconfig.cmake
[2.449s] -- Up-to-date: /home/ubuntu/Robotics/ros2_ws/install/relbot_msgs/share/relbot_msgs/cmake/export_relbot_msgs__rosidl_typesupport_fastrtps_cExport.cmake
[2.449s] -- Up-to-date: /home/ubuntu/Robotics/ros2_ws/install/relbot_msgs/share/relbot_msgs/cmake/export_relbot_msgs__rosidl_typesupport_fastrtps_cExport-noconfig.cmake
[2.451s] -- Up-to-date: /home/ubuntu/Robotics/ros2_ws/install/relbot_msgs/share/relbot_msgs/cmake/relbot_msgs__rosidl_typesupport_introspection_cExport.cmake
[2.451s] -- Up-to-date: /home/ubuntu/Robotics/ros2_ws/install/relbot_msgs/share/relbot_msgs/cmake/relbot_msgs__rosidl_typesupport_introspection_cExport-noconfig.cmake
[2.456s] -- Up-to-date: /home/ubuntu/Robotics/ros2_ws/install/relbot_msgs/share/relbot_msgs/cmake/relbot_msgs__rosidl_typesupport_cExport.cmake
[2.456s] -- Up-to-date: /home/ubuntu/Robotics/ros2_ws/install/relbot_msgs/share/relbot_msgs/cmake/relbot_msgs__rosidl_typesupport_cExport-noconfig.cmake
[2.457s] -- Up-to-date: /home/ubuntu/Robotics/ros2_ws/install/relbot_msgs/share/relbot_msgs/cmake/export_relbot_msgs__rosidl_generator_cppExport.cmake
[2.458s] -- Up-to-date: /home/ubuntu/Robotics/ros2_ws/install/relbot_msgs/share/relbot_msgs/cmake/export_relbot_msgs__rosidl_typesupport_fastrtps_cppExport.cmake
[2.458s] -- Up-to-date: /home/ubuntu/Robotics/ros2_ws/install/relbot_msgs/share/relbot_msgs/cmake/export_relbot_msgs__rosidl_typesupport_fastrtps_cppExport-noconfig.cmake
[2.460s] -- Up-to-date: /home/ubuntu/Robotics/ros2_ws/install/relbot_msgs/share/relbot_msgs/cmake/relbot_msgs__rosidl_typesupport_introspection_cppExport.cmake
[2.460s] -- Up-to-date: /home/ubuntu/Robotics/ros2_ws/install/relbot_msgs/share/relbot_msgs/cmake/relbot_msgs__rosidl_typesupport_introspection_cppExport-noconfig.cmake
[2.461s] -- Up-to-date: /home/ubuntu/Robotics/ros2_ws/install/relbot_msgs/share/relbot_msgs/cmake/relbot_msgs__rosidl_typesupport_cppExport.cmake
[2.461s] -- Up-to-date: /home/ubuntu/Robotics/ros2_ws/install/relbot_msgs/share/relbot_msgs/cmake/relbot_msgs__rosidl_typesupport_cppExport-noconfig.cmake
[2.462s] -- Up-to-date: /home/ubuntu/Robotics/ros2_ws/install/relbot_msgs/share/relbot_msgs/cmake/export_relbot_msgs__rosidl_generator_pyExport.cmake
[2.462s] -- Up-to-date: /home/ubuntu/Robotics/ros2_ws/install/relbot_msgs/share/relbot_msgs/cmake/export_relbot_msgs__rosidl_generator_pyExport-noconfig.cmake
[2.463s] -- Up-to-date: /home/ubuntu/Robotics/ros2_ws/install/relbot_msgs/share/relbot_msgs/cmake/rosidl_cmake-extras.cmake
[2.463s] -- Up-to-date: /home/ubuntu/Robotics/ros2_ws/install/relbot_msgs/share/relbot_msgs/cmake/ament_cmake_export_dependencies-extras.cmake
[2.463s] -- Up-to-date: /home/ubuntu/Robotics/ros2_ws/install/relbot_msgs/share/relbot_msgs/cmake/ament_cmake_export_include_directories-extras.cmake
[2.463s] -- Up-to-date: /home/ubuntu/Robotics/ros2_ws/install/relbot_msgs/share/relbot_msgs/cmake/ament_cmake_export_libraries-extras.cmake
[2.463s] -- Up-to-date: /home/ubuntu/Robotics/ros2_ws/install/relbot_msgs/share/relbot_msgs/cmake/ament_cmake_export_targets-extras.cmake
[2.463s] -- Up-to-date: /home/ubuntu/Robotics/ros2_ws/install/relbot_msgs/share/relbot_msgs/cmake/rosidl_cmake_export_typesupport_targets-extras.cmake
[2.463s] -- Up-to-date: /home/ubuntu/Robotics/ros2_ws/install/relbot_msgs/share/relbot_msgs/cmake/rosidl_cmake_export_typesupport_libraries-extras.cmake
[2.464s] -- Up-to-date: /home/ubuntu/Robotics/ros2_ws/install/relbot_msgs/share/relbot_msgs/cmake/relbot_msgsConfig.cmake
[2.464s] -- Up-to-date: /home/ubuntu/Robotics/ros2_ws/install/relbot_msgs/share/relbot_msgs/cmake/relbot_msgsConfig-version.cmake
[2.464s] -- Up-to-date: /home/ubuntu/Robotics/ros2_ws/install/relbot_msgs/share/relbot_msgs/package.xml
[2.466s] Invoked command in '/home/ubuntu/Robotics/ros2_ws/build/relbot_msgs' returned '0': CMAKE_PREFIX_PATH=${CMAKE_PREFIX_PATH}:/opt/ros/jazzy /usr/bin/cmake --install /home/ubuntu/Robotics/ros2_ws/build/relbot_msgs
