[0.013s] Invoking command in '/home/ubuntu/Robotics/ros2_ws/build/cam2image_vm2ros': CMAKE_PREFIX_PATH=${CMAKE_PREFIX_PATH}:/opt/ros/jazzy /usr/bin/cmake --build /home/ubuntu/Robotics/ros2_ws/build/cam2image_vm2ros -- -j12 -l12
[0.083s] [  9%] [32mBuilding CXX object CMakeFiles/object_position_indicator.dir/src/object_position_indicator.cpp.o[0m
[0.091s] [ 27%] Built target cam2image
[0.092s] [ 45%] Built target brightness_receiver
[0.092s] [ 63%] Built target image_brightness
[0.109s] [ 90%] Built target cam2image_vm2ros
[3.724s] [01m[K/home/ubuntu/Robotics/ros2_ws/src/cam2image_vm2ros/src/object_position_indicator.cpp:[m[K In constructor ‘[01m[KObjectPositionIndicator::[01;32m[KObjectPositionIndicator[m[K()[m[K’:
[3.724s] [01m[K/home/ubuntu/Robotics/ros2_ws/src/cam2image_vm2ros/src/object_position_indicator.cpp:24:9:[m[K [01;31m[Kerror: [m[Kexpected ‘[01m[K;[m[K’ before ‘[01m[Ksubscription_[m[K’
[3.724s]    24 |         [01;31m[Ksubscription_[m[K = this->create_subscription<sensor_msgs::msg::Image>(
[3.724s]       |         [01;31m[K^~~~~~~~~~~~~[m[K
[3.733s] [01m[K/home/ubuntu/Robotics/ros2_ws/src/cam2image_vm2ros/src/object_position_indicator.cpp:36:46:[m[K [01;31m[Kerror: [m[K‘[01m[Krclpp[m[K’ was not declared in this scope; did you mean ‘[01m[Krclcpp[m[K’?
[3.734s]    36 |         param_subscriber_ = std::make_shared<[01;31m[Krclpp[m[K::ParameterEventHandler>(this);
[3.734s]       |                                              [01;31m[K^~~~~[m[K
[3.734s]       |                                              [32m[Krclcpp[m[K
[3.734s] [01m[K/home/ubuntu/Robotics/ros2_ws/src/cam2image_vm2ros/src/object_position_indicator.cpp:36:34:[m[K [01;31m[Kerror: [m[Kparse error in template argument list
[3.734s]    36 |         param_subscriber_ = std::[01;31m[Kmake_shared<rclpp::ParameterEventHandler>[m[K(this);
[3.734s]       |                                  [01;31m[K^~~~~~~~~~~~~~~~~~~~~~~~~~~~~~~~~~~~~~~~~[m[K
[3.734s] [01m[K/home/ubuntu/Robotics/ros2_ws/src/cam2image_vm2ros/src/object_position_indicator.cpp:36:75:[m[K [01;31m[Kerror: [m[Kno matching function for call to ‘[01m[Kmake_shared<<expression error> >(ObjectPositionIndicator*)[m[K’
[3.734s]    36 |         param_subscriber_ = [01;31m[Kstd::make_shared<rclpp::ParameterEventHandler>(this)[m[K;
[3.734s]       |                             [01;31m[K~~~~~~~~~~~~~~~~~~~~~~~~~~~~~~~~~~~~~~~~~~~~~~^~~~~~[m[K
[3.734s] In file included from [01m[K/usr/include/c++/13/memory:80[m[K,
[3.734s]                  from [01m[K/home/ubuntu/Robotics/ros2_ws/src/cam2image_vm2ros/src/object_position_indicator.cpp:1[m[K:
[3.734s] [01m[K/usr/include/c++/13/bits/shared_ptr.h:1005:5:[m[K [01;36m[Knote: [m[Kcandidate: ‘[01m[Ktemplate<class _Tp, class ... _Args> std::shared_ptr<typename std::enable_if<(! std::is_array< <template-parameter-1-1> >::value), _Tp>::type> std::[01;32m[Kmake_shared[m[K(_Args&& ...)[m[K’
[3.734s]  1005 |     [01;36m[Kmake_shared[m[K(_Args&&... __args)
[3.734s]       |     [01;36m[K^~~~~~~~~~~[m[K
[3.856s] [01m[K/usr/include/c++/13/bits/shared_ptr.h:1005:5:[m[K [01;36m[Knote: [m[K  template argument deduction/substitution failed:
[3.857s] [01m[K/home/ubuntu/Robotics/ros2_ws/src/cam2image_vm2ros/src/object_position_indicator.cpp:36:75:[m[K [01;31m[Kerror: [m[Ktemplate argument 1 is invalid
[3.857s]    36 |         param_subscriber_ = [01;31m[Kstd::make_shared<rclpp::ParameterEventHandler>(this)[m[K;
[3.857s]       |                             [01;31m[K~~~~~~~~~~~~~~~~~~~~~~~~~~~~~~~~~~~~~~~~~~~~~~^~~~~~[m[K
[3.857s] [01m[K/home/ubuntu/Robotics/ros2_ws/src/cam2image_vm2ros/src/object_position_indicator.cpp:41:9:[m[K [01;31m[Kerror: [m[Kexpected ‘[01m[K,[m[K’ or ‘[01m[K;[m[K’ before ‘[01m[Kcb_handle[m[K’
[3.857s]    41 |         [01;31m[Kcb_handle[m[K = param_subscriber_->add_parameter_callback("threshold_", cb);
[3.857s]       |         [01;31m[K^~~~~~~~~[m[K
[3.872s] [01m[K/home/ubuntu/Robotics/ros2_ws/src/cam2image_vm2ros/src/object_position_indicator.cpp:[m[K In member function ‘[01m[Kvoid ObjectPositionIndicator::[01;32m[Ktopic_callback[m[K(sensor_msgs::msg::Image_<std::allocator<void> >::SharedPtr)[m[K’:
[3.873s] [01m[K/home/ubuntu/Robotics/ros2_ws/src/cam2image_vm2ros/src/object_position_indicator.cpp:60:57:[m[K [01;31m[Kerror: [m[K‘[01m[Kgscale_ptr[m[K’ was not declared in this scope; did you mean ‘[01m[Kgrayscale_ptr[m[K’?
[3.873s]    60 |         std::array<int, 2> to_publish_ = this->find_CoG([01;31m[Kgscale_ptr[m[K);
[3.873s]       |                                                         [01;31m[K^~~~~~~~~~[m[K
[3.873s]       |                                                         [32m[Kgrayscale_ptr[m[K
[3.873s] [01m[K/home/ubuntu/Robotics/ros2_ws/src/cam2image_vm2ros/src/object_position_indicator.cpp:64:17:[m[K [01;31m[Kerror: [m[K‘[01m[Kstruct geometry_msgs::msg::Pose_<std::allocator<void> >[m[K’ has no member named ‘[01m[Kx[m[K’
[3.873s]    64 |         message.[01;31m[Kx[m[K = to_publish_[0]; message.y = to_publish_[1]; message.z = 0.0;
[3.873s]       |                 [01;31m[K^[m[K
[3.873s] [01m[K/home/ubuntu/Robotics/ros2_ws/src/cam2image_vm2ros/src/object_position_indicator.cpp:64:45:[m[K [01;31m[Kerror: [m[K‘[01m[Kstruct geometry_msgs::msg::Pose_<std::allocator<void> >[m[K’ has no member named ‘[01m[Ky[m[K’
[3.873s]    64 |         message.x = to_publish_[0]; message.[01;31m[Ky[m[K = to_publish_[1]; message.z = 0.0;
[3.873s]       |                                             [01;31m[K^[m[K
[3.873s] [01m[K/home/ubuntu/Robotics/ros2_ws/src/cam2image_vm2ros/src/object_position_indicator.cpp:64:73:[m[K [01;31m[Kerror: [m[K‘[01m[Kstruct geometry_msgs::msg::Pose_<std::allocator<void> >[m[K’ has no member named ‘[01m[Kz[m[K’
[3.873s]    64 |         message.x = to_publish_[0]; message.y = to_publish_[1]; message.[01;31m[Kz[m[K = 0.0;
[3.873s]       |                                                                         [01;31m[K^[m[K
[3.879s] [01m[K/home/ubuntu/Robotics/ros2_ws/src/cam2image_vm2ros/src/object_position_indicator.cpp:[m[K In member function ‘[01m[Kstd::array<int, 2> ObjectPositionIndicator::[01;32m[Kfind_CoG[m[K(cv_bridge::CvImagePtr)[m[K’:
[3.879s] [01m[K/home/ubuntu/Robotics/ros2_ws/src/cam2image_vm2ros/src/object_position_indicator.cpp:76:29:[m[K [01;31m[Kerror: [m[K‘[01m[Kimg[m[K’ was not declared in this scope
[3.880s]    76 |         for (int y = 0; y < [01;31m[Kimg[m[K->height; y++) {
[3.880s]       |                             [01;31m[K^~~[m[K
[3.880s] [01m[K/home/ubuntu/Robotics/ros2_ws/src/cam2image_vm2ros/src/object_position_indicator.cpp:79:41:[m[K [01;31m[Kerror: [m[Kno matching function for call to ‘[01m[Kcv::Mat::at(int&, int&)[m[K’
[3.880s]    79 |                 if ([01;31m[Kgscale_ptr->image.at(y, x)[m[K/255 < threshold_) {
[3.880s]       |                     [01;31m[K~~~~~~~~~~~~~~~~~~~~^~~~~~[m[K
[3.880s] In file included from [01m[K/usr/include/opencv4/opencv2/core.hpp:58[m[K,
[3.880s]                  from [01m[K/usr/include/opencv4/opencv2/core/core.hpp:48[m[K,
[3.880s]                  from [01m[K/opt/ros/jazzy/include/cv_bridge/cv_bridge/cv_bridge.hpp:43[m[K,
[3.880s]                  from [01m[K/home/ubuntu/Robotics/ros2_ws/src/cam2image_vm2ros/src/object_position_indicator.cpp:4[m[K:
[3.880s] [01m[K/usr/include/opencv4/opencv2/core/mat.hpp:1930:33:[m[K [01;36m[Knote: [m[Kcandidate: ‘[01m[Ktemplate<class _Tp> _Tp& cv::Mat::[01;32m[Kat[m[K(int)[m[K’
[3.880s]  1930 |     template<typename _Tp> _Tp& [01;36m[Kat[m[K(int i0=0);
[3.880s]       |                                 [01;36m[K^~[m[K
[3.881s] [01m[K/usr/include/opencv4/opencv2/core/mat.hpp:1930:33:[m[K [01;36m[Knote: [m[K  template argument deduction/substitution failed:
[3.886s] [01m[K/home/ubuntu/Robotics/ros2_ws/src/cam2image_vm2ros/src/object_position_indicator.cpp:79:41:[m[K [01;36m[Knote: [m[K  candidate expects 1 argument, 2 provided
[3.887s]    79 |                 if ([01;36m[Kgscale_ptr->image.at(y, x)[m[K/255 < threshold_) {
[3.887s]       |                     [01;36m[K~~~~~~~~~~~~~~~~~~~~^~~~~~[m[K
[3.887s] [01m[K/usr/include/opencv4/opencv2/core/mat.hpp:1934:39:[m[K [01;36m[Knote: [m[Kcandidate: ‘[01m[Ktemplate<class _Tp> const _Tp& cv::Mat::[01;32m[Kat[m[K(int) const[m[K’
[3.887s]  1934 |     template<typename _Tp> const _Tp& [01;36m[Kat[m[K(int i0=0) const;
[3.887s]       |                                       [01;36m[K^~[m[K
[3.888s] [01m[K/usr/include/opencv4/opencv2/core/mat.hpp:1934:39:[m[K [01;36m[Knote: [m[K  template argument deduction/substitution failed:
[3.888s] [01m[K/home/ubuntu/Robotics/ros2_ws/src/cam2image_vm2ros/src/object_position_indicator.cpp:79:41:[m[K [01;36m[Knote: [m[K  candidate expects 1 argument, 2 provided
[3.888s]    79 |                 if ([01;36m[Kgscale_ptr->image.at(y, x)[m[K/255 < threshold_) {
[3.888s]       |                     [01;36m[K~~~~~~~~~~~~~~~~~~~~^~~~~~[m[K
[3.888s] [01m[K/usr/include/opencv4/opencv2/core/mat.hpp:1939:33:[m[K [01;36m[Knote: [m[Kcandidate: ‘[01m[Ktemplate<class _Tp> _Tp& cv::Mat::[01;32m[Kat[m[K(int, int)[m[K’
[3.888s]  1939 |     template<typename _Tp> _Tp& [01;36m[Kat[m[K(int row, int col);
[3.888s]       |                                 [01;36m[K^~[m[K
[3.888s] [01m[K/usr/include/opencv4/opencv2/core/mat.hpp:1939:33:[m[K [01;36m[Knote: [m[K  template argument deduction/substitution failed:
[3.888s] [01m[K/home/ubuntu/Robotics/ros2_ws/src/cam2image_vm2ros/src/object_position_indicator.cpp:79:41:[m[K [01;36m[Knote: [m[K  couldn’t deduce template parameter ‘[01m[K_Tp[m[K’
[3.888s]    79 |                 if ([01;36m[Kgscale_ptr->image.at(y, x)[m[K/255 < threshold_) {
[3.888s]       |                     [01;36m[K~~~~~~~~~~~~~~~~~~~~^~~~~~[m[K
[3.888s] [01m[K/usr/include/opencv4/opencv2/core/mat.hpp:1944:39:[m[K [01;36m[Knote: [m[Kcandidate: ‘[01m[Ktemplate<class _Tp> const _Tp& cv::Mat::[01;32m[Kat[m[K(int, int) const[m[K’
[3.888s]  1944 |     template<typename _Tp> const _Tp& [01;36m[Kat[m[K(int row, int col) const;
[3.888s]       |                                       [01;36m[K^~[m[K
[3.888s] [01m[K/usr/include/opencv4/opencv2/core/mat.hpp:1944:39:[m[K [01;36m[Knote: [m[K  template argument deduction/substitution failed:
[3.888s] [01m[K/home/ubuntu/Robotics/ros2_ws/src/cam2image_vm2ros/src/object_position_indicator.cpp:79:41:[m[K [01;36m[Knote: [m[K  couldn’t deduce template parameter ‘[01m[K_Tp[m[K’
[3.888s]    79 |                 if ([01;36m[Kgscale_ptr->image.at(y, x)[m[K/255 < threshold_) {
[3.889s]       |                     [01;36m[K~~~~~~~~~~~~~~~~~~~~^~~~~~[m[K
[3.889s] [01m[K/usr/include/opencv4/opencv2/core/mat.hpp:1951:33:[m[K [01;36m[Knote: [m[Kcandidate: ‘[01m[Ktemplate<class _Tp> _Tp& cv::Mat::[01;32m[Kat[m[K(int, int, int)[m[K’
[3.889s]  1951 |     template<typename _Tp> _Tp& [01;36m[Kat[m[K(int i0, int i1, int i2);
[3.889s]       |                                 [01;36m[K^~[m[K
[3.889s] [01m[K/usr/include/opencv4/opencv2/core/mat.hpp:1951:33:[m[K [01;36m[Knote: [m[K  template argument deduction/substitution failed:
[3.889s] [01m[K/home/ubuntu/Robotics/ros2_ws/src/cam2image_vm2ros/src/object_position_indicator.cpp:79:41:[m[K [01;36m[Knote: [m[K  candidate expects 3 arguments, 2 provided
[3.889s]    79 |                 if ([01;36m[Kgscale_ptr->image.at(y, x)[m[K/255 < threshold_) {
[3.889s]       |                     [01;36m[K~~~~~~~~~~~~~~~~~~~~^~~~~~[m[K
[3.889s] [01m[K/usr/include/opencv4/opencv2/core/mat.hpp:1957:39:[m[K [01;36m[Knote: [m[Kcandidate: ‘[01m[Ktemplate<class _Tp> const _Tp& cv::Mat::[01;32m[Kat[m[K(int, int, int) const[m[K’
[3.889s]  1957 |     template<typename _Tp> const _Tp& [01;36m[Kat[m[K(int i0, int i1, int i2) const;
[3.889s]       |                                       [01;36m[K^~[m[K
[3.889s] [01m[K/usr/include/opencv4/opencv2/core/mat.hpp:1957:39:[m[K [01;36m[Knote: [m[K  template argument deduction/substitution failed:
[3.889s] [01m[K/home/ubuntu/Robotics/ros2_ws/src/cam2image_vm2ros/src/object_position_indicator.cpp:79:41:[m[K [01;36m[Knote: [m[K  candidate expects 3 arguments, 2 provided
[3.890s]    79 |                 if ([01;36m[Kgscale_ptr->image.at(y, x)[m[K/255 < threshold_) {
[3.890s]       |                     [01;36m[K~~~~~~~~~~~~~~~~~~~~^~~~~~[m[K
[3.890s] [01m[K/usr/include/opencv4/opencv2/core/mat.hpp:1962:33:[m[K [01;36m[Knote: [m[Kcandidate: ‘[01m[Ktemplate<class _Tp> _Tp& cv::Mat::[01;32m[Kat[m[K(const int*)[m[K’
[3.890s]  1962 |     template<typename _Tp> _Tp& [01;36m[Kat[m[K(const int* idx);
[3.890s]       |                                 [01;36m[K^~[m[K
[3.890s] [01m[K/usr/include/opencv4/opencv2/core/mat.hpp:1962:33:[m[K [01;36m[Knote: [m[K  template argument deduction/substitution failed:
[3.890s] [01m[K/home/ubuntu/Robotics/ros2_ws/src/cam2image_vm2ros/src/object_position_indicator.cpp:79:41:[m[K [01;36m[Knote: [m[K  candidate expects 1 argument, 2 provided
[3.890s]    79 |                 if ([01;36m[Kgscale_ptr->image.at(y, x)[m[K/255 < threshold_) {
[3.890s]       |                     [01;36m[K~~~~~~~~~~~~~~~~~~~~^~~~~~[m[K
[3.890s] [01m[K/usr/include/opencv4/opencv2/core/mat.hpp:1966:39:[m[K [01;36m[Knote: [m[Kcandidate: ‘[01m[Ktemplate<class _Tp> const _Tp& cv::Mat::[01;32m[Kat[m[K(const int*) const[m[K’
[3.890s]  1966 |     template<typename _Tp> const _Tp& [01;36m[Kat[m[K(const int* idx) const;
[3.890s]       |                                       [01;36m[K^~[m[K
[3.890s] [01m[K/usr/include/opencv4/opencv2/core/mat.hpp:1966:39:[m[K [01;36m[Knote: [m[K  template argument deduction/substitution failed:
[3.890s] [01m[K/home/ubuntu/Robotics/ros2_ws/src/cam2image_vm2ros/src/object_position_indicator.cpp:79:41:[m[K [01;36m[Knote: [m[K  candidate expects 1 argument, 2 provided
[3.890s]    79 |                 if ([01;36m[Kgscale_ptr->image.at(y, x)[m[K/255 < threshold_) {
[3.890s]       |                     [01;36m[K~~~~~~~~~~~~~~~~~~~~^~~~~~[m[K
[3.890s] [01m[K/usr/include/opencv4/opencv2/core/mat.hpp:1969:40:[m[K [01;36m[Knote: [m[Kcandidate: ‘[01m[Ktemplate<class _Tp, int n> _Tp& cv::Mat::[01;32m[Kat[m[K(const cv::Vec<int, n>&)[m[K’
[3.891s]  1969 |     template<typename _Tp, int n> _Tp& [01;36m[Kat[m[K(const Vec<int, n>& idx);
[3.891s]       |                                        [01;36m[K^~[m[K
[3.891s] [01m[K/usr/include/opencv4/opencv2/core/mat.hpp:1969:40:[m[K [01;36m[Knote: [m[K  template argument deduction/substitution failed:
[3.891s] [01m[K/home/ubuntu/Robotics/ros2_ws/src/cam2image_vm2ros/src/object_position_indicator.cpp:79:41:[m[K [01;36m[Knote: [m[K  mismatched types ‘[01m[Kconst cv::Vec<int, n>[m[K’ and ‘[01m[Kint[m[K’
[3.891s]    79 |                 if ([01;36m[Kgscale_ptr->image.at(y, x)[m[K/255 < threshold_) {
[3.891s]       |                     [01;36m[K~~~~~~~~~~~~~~~~~~~~^~~~~~[m[K
[3.891s] [01m[K/usr/include/opencv4/opencv2/core/mat.hpp:1971:46:[m[K [01;36m[Knote: [m[Kcandidate: ‘[01m[Ktemplate<class _Tp, int n> const _Tp& cv::Mat::[01;32m[Kat[m[K(const cv::Vec<int, n>&) const[m[K’
[3.891s]  1971 |     template<typename _Tp, int n> const _Tp& [01;36m[Kat[m[K(const Vec<int, n>& idx) const;
[3.891s]       |                                              [01;36m[K^~[m[K
[3.891s] [01m[K/usr/include/opencv4/opencv2/core/mat.hpp:1971:46:[m[K [01;36m[Knote: [m[K  template argument deduction/substitution failed:
[3.891s] [01m[K/home/ubuntu/Robotics/ros2_ws/src/cam2image_vm2ros/src/object_position_indicator.cpp:79:41:[m[K [01;36m[Knote: [m[K  mismatched types ‘[01m[Kconst cv::Vec<int, n>[m[K’ and ‘[01m[Kint[m[K’
[3.891s]    79 |                 if ([01;36m[Kgscale_ptr->image.at(y, x)[m[K/255 < threshold_) {
[3.891s]       |                     [01;36m[K~~~~~~~~~~~~~~~~~~~~^~~~~~[m[K
[3.891s] [01m[K/usr/include/opencv4/opencv2/core/mat.hpp:1977:33:[m[K [01;36m[Knote: [m[Kcandidate: ‘[01m[Ktemplate<class _Tp> _Tp& cv::Mat::[01;32m[Kat[m[K(cv::Point)[m[K’
[3.891s]  1977 |     template<typename _Tp> _Tp& [01;36m[Kat[m[K(Point pt);
[3.891s]       |                                 [01;36m[K^~[m[K
[3.892s] [01m[K/usr/include/opencv4/opencv2/core/mat.hpp:1977:33:[m[K [01;36m[Knote: [m[K  template argument deduction/substitution failed:
[3.892s] [01m[K/home/ubuntu/Robotics/ros2_ws/src/cam2image_vm2ros/src/object_position_indicator.cpp:79:41:[m[K [01;36m[Knote: [m[K  candidate expects 1 argument, 2 provided
[3.892s]    79 |                 if ([01;36m[Kgscale_ptr->image.at(y, x)[m[K/255 < threshold_) {
[3.892s]       |                     [01;36m[K~~~~~~~~~~~~~~~~~~~~^~~~~~[m[K
[3.892s] [01m[K/usr/include/opencv4/opencv2/core/mat.hpp:1982:39:[m[K [01;36m[Knote: [m[Kcandidate: ‘[01m[Ktemplate<class _Tp> const _Tp& cv::Mat::[01;32m[Kat[m[K(cv::Point) const[m[K’
[3.892s]  1982 |     template<typename _Tp> const _Tp& [01;36m[Kat[m[K(Point pt) const;
[3.892s]       |                                       [01;36m[K^~[m[K
[3.892s] [01m[K/usr/include/opencv4/opencv2/core/mat.hpp:1982:39:[m[K [01;36m[Knote: [m[K  template argument deduction/substitution failed:
[3.892s] [01m[K/home/ubuntu/Robotics/ros2_ws/src/cam2image_vm2ros/src/object_position_indicator.cpp:79:41:[m[K [01;36m[Knote: [m[K  candidate expects 1 argument, 2 provided
[3.892s]    79 |                 if ([01;36m[Kgscale_ptr->image.at(y, x)[m[K/255 < threshold_) {
[3.892s]       |                     [01;36m[K~~~~~~~~~~~~~~~~~~~~^~~~~~[m[K
[6.542s] gmake[2]: *** [CMakeFiles/object_position_indicator.dir/build.make:76: CMakeFiles/object_position_indicator.dir/src/object_position_indicator.cpp.o] Error 1
[6.542s] gmake[1]: *** [CMakeFiles/Makefile2:249: CMakeFiles/object_position_indicator.dir/all] Error 2
[6.542s] gmake: *** [Makefile:146: all] Error 2
[6.545s] Invoked command in '/home/ubuntu/Robotics/ros2_ws/build/cam2image_vm2ros' returned '2': CMAKE_PREFIX_PATH=${CMAKE_PREFIX_PATH}:/opt/ros/jazzy /usr/bin/cmake --build /home/ubuntu/Robotics/ros2_ws/build/cam2image_vm2ros -- -j12 -l12
