[0.118s] Invoking command in '/home/ubuntu/Robotics/ros2_ws/build/cam2image_vm2ros': CMAKE_PREFIX_PATH=${CMAKE_PREFIX_PATH}:/opt/ros/jazzy /usr/bin/cmake --build /home/ubuntu/Robotics/ros2_ws/build/cam2image_vm2ros -- -j12 -l12
[1.066s] [ 28%] Built target cam2image
[1.081s] [ 71%] Built target cam2image_vm2ros
[1.125s] [ 85%] [32mBuilding CXX object CMakeFiles/talker_listener_node.dir/src/image_brightness.cpp.o[0m
[5.867s] [01m[K/home/ubuntu/Robotics/ros2_ws/src/cam2image_vm2ros/src/image_brightness.cpp:[m[K In lambda function:
[5.867s] [01m[K/home/ubuntu/Robotics/ros2_ws/src/cam2image_vm2ros/src/image_brightness.cpp:19:51:[m[K [01;35m[Kwarning: [m[Kunused parameter ‘[01m[Kimg[m[K’ [[01;35m[K]8;;https://gcc.gnu.org/onlinedocs/gcc/Warning-Options.html#index-Wunused-parameter-Wunused-parameter]8;;[m[K]
[5.867s]    19 |         [this]([01;35m[Ksensor_msgs::msg::Image::SharedPtr img[m[K) -> void {
[5.867s]       |                [01;35m[K~~~~~~~~~~~~~~~~~~~~~~~~~~~~~~~~~~~^~~[m[K
[12.889s] [100%] [32m[1mLinking CXX executable talker_listener_node[0m
[14.382s] [100%] Built target talker_listener_node
[14.395s] Invoked command in '/home/ubuntu/Robotics/ros2_ws/build/cam2image_vm2ros' returned '0': CMAKE_PREFIX_PATH=${CMAKE_PREFIX_PATH}:/opt/ros/jazzy /usr/bin/cmake --build /home/ubuntu/Robotics/ros2_ws/build/cam2image_vm2ros -- -j12 -l12
[14.451s] Invoking command in '/home/ubuntu/Robotics/ros2_ws/build/cam2image_vm2ros': CMAKE_PREFIX_PATH=${CMAKE_PREFIX_PATH}:/opt/ros/jazzy /usr/bin/cmake --install /home/ubuntu/Robotics/ros2_ws/build/cam2image_vm2ros
[14.472s] -- Install configuration: ""
[14.493s] -- Up-to-date: /home/ubuntu/Robotics/ros2_ws/install/cam2image_vm2ros/lib/cam2image_vm2ros/cam2image
[14.518s] -- Installing: /home/ubuntu/Robotics/ros2_ws/install/cam2image_vm2ros/lib/libcam2image_vm2ros.so
[14.598s] -- Set non-toolchain portion of runtime path of "/home/ubuntu/Robotics/ros2_ws/install/cam2image_vm2ros/lib/libcam2image_vm2ros.so" to ""
[14.598s] -- Up-to-date: /home/ubuntu/Robotics/ros2_ws/install/cam2image_vm2ros/include/cam2image_vm2ros
[14.604s] -- Up-to-date: /home/ubuntu/Robotics/ros2_ws/install/cam2image_vm2ros/include/cam2image_vm2ros/cam2image.hpp:Zone.Identifier
[14.604s] -- Up-to-date: /home/ubuntu/Robotics/ros2_ws/install/cam2image_vm2ros/include/cam2image_vm2ros/visibility_control.h
[14.605s] -- Up-to-date: /home/ubuntu/Robotics/ros2_ws/install/cam2image_vm2ros/include/cam2image_vm2ros/base64.hpp:Zone.Identifier
[14.605s] -- Up-to-date: /home/ubuntu/Robotics/ros2_ws/install/cam2image_vm2ros/include/cam2image_vm2ros/visibility_control.h:Zone.Identifier
[14.605s] -- Up-to-date: /home/ubuntu/Robotics/ros2_ws/install/cam2image_vm2ros/include/cam2image_vm2ros/remote_capture.hpp
[14.606s] -- Up-to-date: /home/ubuntu/Robotics/ros2_ws/install/cam2image_vm2ros/include/cam2image_vm2ros/base64.hpp
[14.606s] -- Up-to-date: /home/ubuntu/Robotics/ros2_ws/install/cam2image_vm2ros/include/cam2image_vm2ros/cam2image.hpp
[14.606s] -- Up-to-date: /home/ubuntu/Robotics/ros2_ws/install/cam2image_vm2ros/include/cam2image_vm2ros/remote_capture.hpp:Zone.Identifier
[14.606s] -- Up-to-date: /home/ubuntu/Robotics/ros2_ws/install/cam2image_vm2ros/share/cam2image_vm2ros/environment/library_path.sh
[14.606s] -- Up-to-date: /home/ubuntu/Robotics/ros2_ws/install/cam2image_vm2ros/share/cam2image_vm2ros/environment/library_path.dsv
[14.606s] -- Up-to-date: /home/ubuntu/Robotics/ros2_ws/install/cam2image_vm2ros/share/ament_index/resource_index/package_run_dependencies/cam2image_vm2ros
[14.606s] -- Up-to-date: /home/ubuntu/Robotics/ros2_ws/install/cam2image_vm2ros/share/ament_index/resource_index/parent_prefix_path/cam2image_vm2ros
[14.606s] -- Up-to-date: /home/ubuntu/Robotics/ros2_ws/install/cam2image_vm2ros/share/cam2image_vm2ros/environment/ament_prefix_path.sh
[14.606s] -- Up-to-date: /home/ubuntu/Robotics/ros2_ws/install/cam2image_vm2ros/share/cam2image_vm2ros/environment/ament_prefix_path.dsv
[14.606s] -- Up-to-date: /home/ubuntu/Robotics/ros2_ws/install/cam2image_vm2ros/share/cam2image_vm2ros/environment/path.sh
[14.606s] -- Up-to-date: /home/ubuntu/Robotics/ros2_ws/install/cam2image_vm2ros/share/cam2image_vm2ros/environment/path.dsv
[14.606s] -- Up-to-date: /home/ubuntu/Robotics/ros2_ws/install/cam2image_vm2ros/share/cam2image_vm2ros/local_setup.bash
[14.606s] -- Up-to-date: /home/ubuntu/Robotics/ros2_ws/install/cam2image_vm2ros/share/cam2image_vm2ros/local_setup.sh
[14.607s] -- Up-to-date: /home/ubuntu/Robotics/ros2_ws/install/cam2image_vm2ros/share/cam2image_vm2ros/local_setup.zsh
[14.607s] -- Up-to-date: /home/ubuntu/Robotics/ros2_ws/install/cam2image_vm2ros/share/cam2image_vm2ros/local_setup.dsv
[14.607s] -- Installing: /home/ubuntu/Robotics/ros2_ws/install/cam2image_vm2ros/share/cam2image_vm2ros/package.dsv
[14.607s] -- Up-to-date: /home/ubuntu/Robotics/ros2_ws/install/cam2image_vm2ros/share/ament_index/resource_index/packages/cam2image_vm2ros
[14.607s] -- Up-to-date: /home/ubuntu/Robotics/ros2_ws/install/cam2image_vm2ros/share/ament_index/resource_index/rclcpp_components/cam2image_vm2ros
[14.619s] -- Up-to-date: /home/ubuntu/Robotics/ros2_ws/install/cam2image_vm2ros/share/cam2image_vm2ros/cmake/cam2image_vm2rosExport.cmake
[14.619s] -- Up-to-date: /home/ubuntu/Robotics/ros2_ws/install/cam2image_vm2ros/share/cam2image_vm2ros/cmake/cam2image_vm2rosExport-noconfig.cmake
[14.619s] -- Up-to-date: /home/ubuntu/Robotics/ros2_ws/install/cam2image_vm2ros/share/cam2image_vm2ros/cmake/ament_cmake_export_libraries-extras.cmake
[14.619s] -- Up-to-date: /home/ubuntu/Robotics/ros2_ws/install/cam2image_vm2ros/share/cam2image_vm2ros/cmake/ament_cmake_export_targets-extras.cmake
[14.619s] -- Up-to-date: /home/ubuntu/Robotics/ros2_ws/install/cam2image_vm2ros/share/cam2image_vm2ros/cmake/ament_cmake_export_dependencies-extras.cmake
[14.619s] -- Up-to-date: /home/ubuntu/Robotics/ros2_ws/install/cam2image_vm2ros/share/cam2image_vm2ros/cmake/cam2image_vm2rosConfig.cmake
[14.619s] -- Up-to-date: /home/ubuntu/Robotics/ros2_ws/install/cam2image_vm2ros/share/cam2image_vm2ros/cmake/cam2image_vm2rosConfig-version.cmake
[14.619s] -- Up-to-date: /home/ubuntu/Robotics/ros2_ws/install/cam2image_vm2ros/share/cam2image_vm2ros/package.xml
[14.626s] Invoked command in '/home/ubuntu/Robotics/ros2_ws/build/cam2image_vm2ros' returned '0': CMAKE_PREFIX_PATH=${CMAKE_PREFIX_PATH}:/opt/ros/jazzy /usr/bin/cmake --install /home/ubuntu/Robotics/ros2_ws/build/cam2image_vm2ros
