[0.088s] Invoking command in '/home/asdfr-33/ASDfR---Assignment3_ros_ws/build/assignment1_1': CMAKE_PREFIX_PATH=${CMAKE_PREFIX_PATH}:/opt/ros/humble /usr/bin/cmake /home/asdfr-33/ASDfR---Assignment3_ros_ws/src/assignment1_1 -DCMAKE_INSTALL_PREFIX=/home/asdfr-33/ASDfR---Assignment3_ros_ws/install/assignment1_1
[1.001s] -- The C compiler identification is GNU 11.4.0
[1.891s] -- The CXX compiler identification is GNU 11.4.0
[1.936s] -- Detecting C compiler ABI info
[2.288s] -- Detecting C compiler ABI info - done
[2.331s] -- Check for working C compiler: /usr/bin/cc - skipped
[2.333s] -- Detecting C compile features
[2.334s] -- Detecting C compile features - done
[2.344s] -- Detecting CXX compiler ABI info
[2.768s] -- Detecting CXX compiler ABI info - done
[2.802s] -- Check for working CXX compiler: /usr/bin/c++ - skipped
[2.804s] -- Detecting CXX compile features
[2.809s] -- Detecting CXX compile features - done
[2.820s] -- Found ament_cmake: 1.3.11 (/opt/ros/humble/share/ament_cmake/cmake)
[3.772s] -- Found Python3: /usr/bin/python3 (found version "3.10.12") found components: Interpreter 
[4.234s] -- Found rclcpp: 16.0.11 (/opt/ros/humble/share/rclcpp/cmake)
[4.398s] -- Found rosidl_generator_c: 3.1.6 (/opt/ros/humble/share/rosidl_generator_c/cmake)
[4.409s] -- Found rosidl_adapter: 3.1.6 (/opt/ros/humble/share/rosidl_adapter/cmake)
[4.440s] -- Found rosidl_generator_cpp: 3.1.6 (/opt/ros/humble/share/rosidl_generator_cpp/cmake)
[4.518s] -- Using all available rosidl_typesupport_c: rosidl_typesupport_fastrtps_c;rosidl_typesupport_introspection_c
[4.575s] -- Using all available rosidl_typesupport_cpp: rosidl_typesupport_fastrtps_cpp;rosidl_typesupport_introspection_cpp
[4.754s] -- Found rmw_implementation_cmake: 6.1.2 (/opt/ros/humble/share/rmw_implementation_cmake/cmake)
[4.766s] -- Found rmw_fastrtps_cpp: 6.2.7 (/opt/ros/humble/share/rmw_fastrtps_cpp/cmake)
[5.117s] -- Found OpenSSL: /usr/lib/aarch64-linux-gnu/libcrypto.so (found version "3.0.2")  
[5.197s] -- Found FastRTPS: /opt/ros/humble/include  
[5.319s] -- Using RMW implementation 'rmw_fastrtps_cpp' as default
[5.365s] -- Looking for pthread.h
[5.761s] -- Looking for pthread.h - found
[5.775s] -- Performing Test CMAKE_HAVE_LIBC_PTHREAD
[6.140s] -- Performing Test CMAKE_HAVE_LIBC_PTHREAD - Success
[6.141s] -- Found Threads: TRUE  
[6.400s] -- Found rclcpp_components: 16.0.11 (/opt/ros/humble/share/rclcpp_components/cmake)
[6.550s] -- Found sensor_msgs: 4.2.4 (/opt/ros/humble/share/sensor_msgs/cmake)
[6.712s] -- Found cv_bridge: 3.2.1 (/opt/ros/humble/share/cv_bridge/cmake)
[6.775s] -- Found OpenCV: /usr (found version "4.5.4") found components: core highgui imgcodecs imgproc videoio 
[6.803s] -- Found ament_lint_auto: 0.12.11 (/opt/ros/humble/share/ament_lint_auto/cmake)
[7.318s] -- Added test 'cppcheck' to perform static code analysis on C / C++ code
[7.322s] -- Configured cppcheck include dirs: 
[7.324s] -- Configured cppcheck exclude dirs and/or files: 
[7.333s] -- Added test 'lint_cmake' to check CMake code style
[7.345s] -- Added test 'uncrustify' to check C / C++ code style
[7.349s] -- Configured uncrustify additional arguments: 
[7.356s] -- Added test 'xmllint' to check XML markup files
[7.373s] -- Configuring done
[7.473s] -- Generating done
[7.518s] -- Build files have been written to: /home/asdfr-33/ASDfR---Assignment3_ros_ws/build/assignment1_1
[7.572s] Invoked command in '/home/asdfr-33/ASDfR---Assignment3_ros_ws/build/assignment1_1' returned '0': CMAKE_PREFIX_PATH=${CMAKE_PREFIX_PATH}:/opt/ros/humble /usr/bin/cmake /home/asdfr-33/ASDfR---Assignment3_ros_ws/src/assignment1_1 -DCMAKE_INSTALL_PREFIX=/home/asdfr-33/ASDfR---Assignment3_ros_ws/install/assignment1_1
[7.581s] Invoking command in '/home/asdfr-33/ASDfR---Assignment3_ros_ws/build/assignment1_1': CMAKE_PREFIX_PATH=${CMAKE_PREFIX_PATH}:/opt/ros/humble /usr/bin/cmake --build /home/asdfr-33/ASDfR---Assignment3_ros_ws/build/assignment1_1 -- -j3 -l3
[7.811s] [ 16%] [32mBuilding CXX object CMakeFiles/brightness_receiver.dir/src/brightness_receiver.cpp.o[0m
[7.835s] [ 33%] [32mBuilding CXX object CMakeFiles/image_brightness.dir/src/image_brightness.cpp.o[0m
[7.870s] [ 50%] [32mBuilding CXX object CMakeFiles/object_position_indicator.dir/src/object_position_indicator.cpp.o[0m
[8.318s] [01m[K/home/asdfr-33/ASDfR---Assignment3_ros_ws/src/assignment1_1/src/object_position_indicator.cpp:4:10:[m[K [01;31m[Kfatal error: [m[Kcv_bridge/cv_bridge.hpp: No such file or directory
[8.323s]     4 | #include [01;31m[K<cv_bridge/cv_bridge.hpp>[m[K
[8.324s]       |          [01;31m[K^~~~~~~~~~~~~~~~~~~~~~~~~[m[K
[8.325s] compilation terminated.
[8.327s] [01m[K/home/asdfr-33/ASDfR---Assignment3_ros_ws/src/assignment1_1/src/image_brightness.cpp:5:10:[m[K [01;31m[Kfatal error: [m[Kcv_bridge/cv_bridge.hpp: No such file or directory
[8.328s]     5 | #include [01;31m[K<cv_bridge/cv_bridge.hpp>[m[K
[8.329s]       |          [01;31m[K^~~~~~~~~~~~~~~~~~~~~~~~~[m[K
[8.330s] compilation terminated.
[8.332s] gmake[2]: *** [CMakeFiles/object_position_indicator.dir/build.make:76: CMakeFiles/object_position_indicator.dir/src/object_position_indicator.cpp.o] Error 1
[8.334s] gmake[1]: *** [CMakeFiles/Makefile2:193: CMakeFiles/object_position_indicator.dir/all] Error 2
[8.336s] gmake[1]: *** Waiting for unfinished jobs....
[8.337s] gmake[2]: *** [CMakeFiles/image_brightness.dir/build.make:76: CMakeFiles/image_brightness.dir/src/image_brightness.cpp.o] Error 1
[8.339s] gmake[1]: *** [CMakeFiles/Makefile2:141: CMakeFiles/image_brightness.dir/all] Error 2
[74.829s] [ 66%] [32m[1mLinking CXX executable brightness_receiver[0m
[80.523s] [ 66%] Built target brightness_receiver
[80.533s] gmake: *** [Makefile:146: all] Error 2
[80.559s] Invoked command in '/home/asdfr-33/ASDfR---Assignment3_ros_ws/build/assignment1_1' returned '2': CMAKE_PREFIX_PATH=${CMAKE_PREFIX_PATH}:/opt/ros/humble /usr/bin/cmake --build /home/asdfr-33/ASDfR---Assignment3_ros_ws/build/assignment1_1 -- -j3 -l3
