[0.098s] Invoking command in '/home/ubuntu/Robotics/ros2_ws/build/cam2image_vm2ros': CMAKE_PREFIX_PATH=${CMAKE_PREFIX_PATH}:/opt/ros/jazzy /usr/bin/cmake --build /home/ubuntu/Robotics/ros2_ws/build/cam2image_vm2ros -- -j12 -l12
[1.050s] [ 28%] Built target cam2image
[1.082s] [ 71%] Built target cam2image_vm2ros
[1.084s] [ 85%] [32mBuilding CXX object CMakeFiles/talker_listener_node.dir/src/image_brightness.cpp.o[0m
[5.719s] [01m[K/home/ubuntu/Robotics/ros2_ws/src/cam2image_vm2ros/src/image_brightness.cpp:[m[K In lambda function:
[5.719s] [01m[K/home/ubuntu/Robotics/ros2_ws/src/cam2image_vm2ros/src/image_brightness.cpp:19:51:[m[K [01;35m[Kwarning: [m[Kunused parameter ‘[01m[Kimg[m[K’ [[01;35m[K]8;;https://gcc.gnu.org/onlinedocs/gcc/Warning-Options.html#index-Wunused-parameter-Wunused-parameter]8;;[m[K]
[5.719s]    19 |         [this]([01;35m[Ksensor_msgs::msg::Image::SharedPtr img[m[K) -> void {
[5.719s]       |                [01;35m[K~~~~~~~~~~~~~~~~~~~~~~~~~~~~~~~~~~~^~~[m[K
[5.722s] [01m[K/home/ubuntu/Robotics/ros2_ws/src/cam2image_vm2ros/src/image_brightness.cpp:[m[K In constructor ‘[01m[KImageBrightness::[01;32m[KImageBrightness[m[K()[m[K’:
[5.722s] [01m[K/home/ubuntu/Robotics/ros2_ws/src/cam2image_vm2ros/src/image_brightness.cpp:28:54:[m[K [01;31m[Kerror: [m[K‘[01m[KString[m[K’ is not a member of ‘[01m[Ksensor_msgs::msg[m[K’; did you mean ‘[01m[Kstd_msgs::msg::String[m[K’?
[5.723s]    28 |             this->create_publisher<sensor_msgs::msg::[01;31m[KString[m[K>("brightness_out", 10);
[5.723s]       |                                                      [01;31m[K^~~~~~[m[K
[5.723s] In file included from [01m[K/opt/ros/jazzy/include/std_msgs/std_msgs/msg/string.hpp:7[m[K,
[5.723s]                  from [01m[K/home/ubuntu/Robotics/ros2_ws/src/cam2image_vm2ros/src/image_brightness.cpp:6[m[K:
[5.723s] [01m[K/opt/ros/jazzy/include/std_msgs/std_msgs/msg/detail/string__struct.hpp:126:7:[m[K [01;36m[Knote: [m[K‘[01m[Kstd_msgs::msg::String[m[K’ declared here
[5.723s]   126 | using [01;36m[KString[m[K =
[5.723s]       |       [01;36m[K^~~~~~[m[K
[5.724s] [01m[K/home/ubuntu/Robotics/ros2_ws/src/cam2image_vm2ros/src/image_brightness.cpp:28:61:[m[K [01;31m[Kerror: [m[Kno matching function for call to ‘[01m[KImageBrightness::create_publisher<<expression error> >(const char [15], int)[m[K’
[5.724s]    28 |             [01;31m[Kthis->create_publisher<sensor_msgs::msg::String>("brightness_out", 10)[m[K;
[5.724s]       |             [01;31m[K~~~~~~~~~~~~~~~~~~~~~~~~~~~~~~~~~~~~~~~~~~~~~~~~^~~~~~~~~~~~~~~~~~~~~~[m[K
[5.725s] In file included from [01m[K/opt/ros/jazzy/include/rclcpp/rclcpp/executors/single_threaded_executor.hpp:28[m[K,
[5.725s]                  from [01m[K/opt/ros/jazzy/include/rclcpp/rclcpp/executors.hpp:22[m[K,
[5.725s]                  from [01m[K/opt/ros/jazzy/include/rclcpp/rclcpp/rclcpp.hpp:172[m[K,
[5.725s]                  from [01m[K/home/ubuntu/Robotics/ros2_ws/src/cam2image_vm2ros/src/image_brightness.cpp:5[m[K:
[5.725s] [01m[K/opt/ros/jazzy/include/rclcpp/rclcpp/node.hpp:197:3:[m[K [01;36m[Knote: [m[Kcandidate: ‘[01m[Ktemplate<class MessageT, class AllocatorT, class PublisherT> std::shared_ptr<PublisherT> rclcpp::Node::[01;32m[Kcreate_publisher[m[K(const std::string&, const rclcpp::QoS&, const rclcpp::PublisherOptionsWithAllocator<AllocatorT>&)[m[K’
[5.725s]   197 |   [01;36m[Kcreate_publisher[m[K(
[5.725s]       |   [01;36m[K^~~~~~~~~~~~~~~~[m[K
[5.726s] [01m[K/opt/ros/jazzy/include/rclcpp/rclcpp/node.hpp:197:3:[m[K [01;36m[Knote: [m[K  template argument deduction/substitution failed:
[5.726s] [01m[K/home/ubuntu/Robotics/ros2_ws/src/cam2image_vm2ros/src/image_brightness.cpp:28:61:[m[K [01;31m[Kerror: [m[Ktemplate argument 1 is invalid
[5.726s]    28 |             [01;31m[Kthis->create_publisher<sensor_msgs::msg::String>("brightness_out", 10)[m[K;
[5.726s]       |             [01;31m[K~~~~~~~~~~~~~~~~~~~~~~~~~~~~~~~~~~~~~~~~~~~~~~~~^~~~~~~~~~~~~~~~~~~~~~[m[K
[8.528s] gmake[2]: *** [CMakeFiles/talker_listener_node.dir/build.make:76: CMakeFiles/talker_listener_node.dir/src/image_brightness.cpp.o] Error 1
[8.529s] gmake[1]: *** [CMakeFiles/Makefile2:193: CMakeFiles/talker_listener_node.dir/all] Error 2
[8.529s] gmake: *** [Makefile:146: all] Error 2
[8.532s] Invoked command in '/home/ubuntu/Robotics/ros2_ws/build/cam2image_vm2ros' returned '2': CMAKE_PREFIX_PATH=${CMAKE_PREFIX_PATH}:/opt/ros/jazzy /usr/bin/cmake --build /home/ubuntu/Robotics/ros2_ws/build/cam2image_vm2ros -- -j12 -l12
