[0.036s] Invoking command in '/home/ubuntu/Robotics/ros2_ws/build/relbot_adapter': CMAKE_PREFIX_PATH=${CMAKE_PREFIX_PATH}:/opt/ros/jazzy /usr/bin/cmake --build /home/ubuntu/Robotics/ros2_ws/build/relbot_adapter -- -j12 -l12
[0.151s] [100%] Built target relbot_adapter
[0.212s] Invoked command in '/home/ubuntu/Robotics/ros2_ws/build/relbot_adapter' returned '0': CMAKE_PREFIX_PATH=${CMAKE_PREFIX_PATH}:/opt/ros/jazzy /usr/bin/cmake --build /home/ubuntu/Robotics/ros2_ws/build/relbot_adapter -- -j12 -l12
[0.214s] Invoking command in '/home/ubuntu/Robotics/ros2_ws/build/relbot_adapter': CMAKE_PREFIX_PATH=${CMAKE_PREFIX_PATH}:/opt/ros/jazzy /usr/bin/cmake --install /home/ubuntu/Robotics/ros2_ws/build/relbot_adapter
[0.239s] -- Install configuration: ""
[0.251s] -- Up-to-date: /home/ubuntu/Robotics/ros2_ws/install/relbot_adapter/lib/relbot_adapter/relbot_adapter
[0.251s] -- Up-to-date: /home/ubuntu/Robotics/ros2_ws/install/relbot_adapter/share/ament_index/resource_index/package_run_dependencies/relbot_adapter
[0.251s] -- Up-to-date: /home/ubuntu/Robotics/ros2_ws/install/relbot_adapter/share/ament_index/resource_index/parent_prefix_path/relbot_adapter
[0.252s] -- Up-to-date: /home/ubuntu/Robotics/ros2_ws/install/relbot_adapter/share/relbot_adapter/environment/ament_prefix_path.sh
[0.252s] -- Up-to-date: /home/ubuntu/Robotics/ros2_ws/install/relbot_adapter/share/relbot_adapter/environment/ament_prefix_path.dsv
[0.252s] -- Up-to-date: /home/ubuntu/Robotics/ros2_ws/install/relbot_adapter/share/relbot_adapter/environment/path.sh
[0.252s] -- Up-to-date: /home/ubuntu/Robotics/ros2_ws/install/relbot_adapter/share/relbot_adapter/environment/path.dsv
[0.253s] -- Up-to-date: /home/ubuntu/Robotics/ros2_ws/install/relbot_adapter/share/relbot_adapter/local_setup.bash
[0.253s] -- Up-to-date: /home/ubuntu/Robotics/ros2_ws/install/relbot_adapter/share/relbot_adapter/local_setup.sh
[0.253s] -- Up-to-date: /home/ubuntu/Robotics/ros2_ws/install/relbot_adapter/share/relbot_adapter/local_setup.zsh
[0.253s] -- Up-to-date: /home/ubuntu/Robotics/ros2_ws/install/relbot_adapter/share/relbot_adapter/local_setup.dsv
[0.254s] -- Installing: /home/ubuntu/Robotics/ros2_ws/install/relbot_adapter/share/relbot_adapter/package.dsv
[0.254s] -- Up-to-date: /home/ubuntu/Robotics/ros2_ws/install/relbot_adapter/share/ament_index/resource_index/packages/relbot_adapter
[0.254s] -- Up-to-date: /home/ubuntu/Robotics/ros2_ws/install/relbot_adapter/share/relbot_adapter/cmake/relbot_adapterConfig.cmake
[0.255s] -- Up-to-date: /home/ubuntu/Robotics/ros2_ws/install/relbot_adapter/share/relbot_adapter/cmake/relbot_adapterConfig-version.cmake
[0.255s] -- Up-to-date: /home/ubuntu/Robotics/ros2_ws/install/relbot_adapter/share/relbot_adapter/package.xml
[0.307s] Invoked command in '/home/ubuntu/Robotics/ros2_ws/build/relbot_adapter' returned '0': CMAKE_PREFIX_PATH=${CMAKE_PREFIX_PATH}:/opt/ros/jazzy /usr/bin/cmake --install /home/ubuntu/Robotics/ros2_ws/build/relbot_adapter
