[0.076s] Invoking command in '/home/asdfr-33/ASDfR---Assignment3_ros_ws/build/relbot_msgs': CMAKE_PREFIX_PATH=${CMAKE_PREFIX_PATH}:/opt/ros/humble /usr/bin/cmake /home/asdfr-33/ASDfR---Assignment3_ros_ws/src/relbot_msgs -DCMAKE_INSTALL_PREFIX=/home/asdfr-33/ASDfR---Assignment3_ros_ws/install/relbot_msgs
[1.087s] -- The C compiler identification is GNU 11.4.0
[1.905s] -- The CXX compiler identification is GNU 11.4.0
[1.961s] -- Detecting C compiler ABI info
[2.301s] -- Detecting C compiler ABI info - done
[2.332s] -- Check for working C compiler: /usr/bin/cc - skipped
[2.338s] -- Detecting C compile features
[2.343s] -- Detecting C compile features - done
[2.359s] -- Detecting CXX compiler ABI info
[2.801s] -- Detecting CXX compiler ABI info - done
[2.847s] -- Check for working CXX compiler: /usr/bin/c++ - skipped
[2.849s] -- Detecting CXX compile features
[2.850s] -- Detecting CXX compile features - done
[2.856s] -- Found ament_cmake: 1.3.11 (/opt/ros/humble/share/ament_cmake/cmake)
[3.747s] -- Found Python3: /usr/bin/python3 (found version "3.10.12") found components: Interpreter 
[4.255s] -- Found rosidl_default_generators: 1.2.0 (/opt/ros/humble/share/rosidl_default_generators/cmake)
[4.277s] -- Using all available rosidl_typesupport_c: rosidl_typesupport_fastrtps_c;rosidl_typesupport_introspection_c
[4.302s] -- Found rosidl_adapter: 3.1.6 (/opt/ros/humble/share/rosidl_adapter/cmake)
[4.464s] -- Using all available rosidl_typesupport_cpp: rosidl_typesupport_fastrtps_cpp;rosidl_typesupport_introspection_cpp
[4.600s] -- Found std_msgs: 4.2.4 (/opt/ros/humble/share/std_msgs/cmake)
[6.186s] -- Found ament_cmake_cppcheck: 0.12.11 (/opt/ros/humble/share/ament_cmake_cppcheck/cmake)
[6.194s] -- Found ament_cmake_cpplint: 0.12.11 (/opt/ros/humble/share/ament_cmake_cpplint/cmake)
[6.206s] -- Found ament_cmake_uncrustify: 0.12.11 (/opt/ros/humble/share/ament_cmake_uncrustify/cmake)
[6.217s] -- Found ament_cmake_ros: 0.10.0 (/opt/ros/humble/share/ament_cmake_ros/cmake)
[7.423s] -- Using all available rosidl_typesupport_c: rosidl_typesupport_fastrtps_c;rosidl_typesupport_introspection_c
[9.282s] -- Using all available rosidl_typesupport_cpp: rosidl_typesupport_fastrtps_cpp;rosidl_typesupport_introspection_cpp
[9.434s] -- Found PythonInterp: /usr/bin/python3 (found suitable version "3.10.12", minimum required is "3.6") 
[9.443s] -- Found python_cmake_module: 0.10.0 (/opt/ros/humble/share/python_cmake_module/cmake)
[9.593s] -- Found PythonLibs: /usr/lib/aarch64-linux-gnu/libpython3.10.so (found suitable version "3.10.12", minimum required is "3.5") 
[9.595s] -- Using PYTHON_EXECUTABLE: /usr/bin/python3
[9.597s] -- Using PYTHON_INCLUDE_DIRS: /usr/include/python3.10
[9.599s] -- Using PYTHON_LIBRARIES: /usr/lib/aarch64-linux-gnu/libpython3.10.so
[9.726s] -- Found PythonExtra: .so  
[10.109s] -- Found ament_cmake_flake8: 0.12.11 (/opt/ros/humble/share/ament_cmake_flake8/cmake)
[10.118s] -- Found ament_cmake_pep257: 0.12.11 (/opt/ros/humble/share/ament_cmake_pep257/cmake)
[10.131s] -- Found ament_lint_auto: 0.12.11 (/opt/ros/humble/share/ament_lint_auto/cmake)
[10.288s] -- Added test 'lint_cmake' to check CMake code style
[10.294s] -- Added test 'xmllint' to check XML markup files
[10.365s] -- Configuring done
[11.029s] -- Generating done
[11.267s] -- Build files have been written to: /home/asdfr-33/ASDfR---Assignment3_ros_ws/build/relbot_msgs
[11.339s] Invoked command in '/home/asdfr-33/ASDfR---Assignment3_ros_ws/build/relbot_msgs' returned '0': CMAKE_PREFIX_PATH=${CMAKE_PREFIX_PATH}:/opt/ros/humble /usr/bin/cmake /home/asdfr-33/ASDfR---Assignment3_ros_ws/src/relbot_msgs -DCMAKE_INSTALL_PREFIX=/home/asdfr-33/ASDfR---Assignment3_ros_ws/install/relbot_msgs
[11.345s] Invoking command in '/home/asdfr-33/ASDfR---Assignment3_ros_ws/build/relbot_msgs': CMAKE_PREFIX_PATH=${CMAKE_PREFIX_PATH}:/opt/ros/humble /usr/bin/cmake --build /home/asdfr-33/ASDfR---Assignment3_ros_ws/build/relbot_msgs -- -j3 -l3
[11.542s] [  2%] [34m[1mGenerating C code for ROS interfaces[0m
[11.569s] [  5%] [34m[1mGenerating C++ code for ROS interfaces[0m
[11.710s] [  5%] Built target ament_cmake_python_copy_relbot_msgs
[15.369s] [  5%] Built target relbot_msgs__cpp
[15.380s] [  7%] [32mBuilding C object CMakeFiles/relbot_msgs__rosidl_generator_c.dir/rosidl_generator_c/relbot_msgs/msg/detail/relbot_motors__functions.c.o[0m
[15.416s] [ 10%] [34m[1mGenerating C++ type support dispatch for ROS interfaces[0m
[15.523s] running egg_info
[15.526s] creating relbot_msgs.egg-info
[15.528s] writing relbot_msgs.egg-info/PKG-INFO
[15.531s] writing dependency_links to relbot_msgs.egg-info/dependency_links.txt
[15.533s] writing top-level names to relbot_msgs.egg-info/top_level.txt
[15.536s] writing manifest file 'relbot_msgs.egg-info/SOURCES.txt'
[15.569s] reading manifest file 'relbot_msgs.egg-info/SOURCES.txt'
[15.579s] writing manifest file 'relbot_msgs.egg-info/SOURCES.txt'
[15.786s] [ 12%] [32mBuilding C object CMakeFiles/relbot_msgs__rosidl_generator_c.dir/rosidl_generator_c/relbot_msgs/msg/detail/relbot_motors_stamped__functions.c.o[0m
[15.939s] [ 12%] Built target ament_cmake_python_build_relbot_msgs_egg
[15.981s] [ 15%] [34m[1mGenerating C++ type support for eProsima Fast-RTPS[0m
[16.151s] [ 17%] [32m[1mLinking C shared library librelbot_msgs__rosidl_generator_c.so[0m
[16.518s] [ 17%] Built target relbot_msgs__rosidl_generator_c
[16.593s] [ 20%] [34m[1mGenerating C++ introspection for ROS interfaces[0m
[17.709s] [ 23%] [32mBuilding CXX object CMakeFiles/relbot_msgs__rosidl_typesupport_cpp.dir/rosidl_typesupport_cpp/relbot_msgs/msg/relbot_motors__type_support.cpp.o[0m
[18.452s] [ 25%] [32mBuilding CXX object CMakeFiles/relbot_msgs__rosidl_typesupport_fastrtps_cpp.dir/rosidl_typesupport_fastrtps_cpp/relbot_msgs/msg/detail/dds_fastrtps/relbot_motors__type_support.cpp.o[0m
[18.873s] [ 28%] [32mBuilding CXX object CMakeFiles/relbot_msgs__rosidl_typesupport_introspection_cpp.dir/rosidl_typesupport_introspection_cpp/relbot_msgs/msg/detail/relbot_motors__type_support.cpp.o[0m
[19.845s] [ 30%] [32mBuilding CXX object CMakeFiles/relbot_msgs__rosidl_typesupport_cpp.dir/rosidl_typesupport_cpp/relbot_msgs/msg/relbot_motors_stamped__type_support.cpp.o[0m
[23.073s] [ 33%] [32mBuilding CXX object CMakeFiles/relbot_msgs__rosidl_typesupport_introspection_cpp.dir/rosidl_typesupport_introspection_cpp/relbot_msgs/msg/detail/relbot_motors_stamped__type_support.cpp.o[0m
[23.187s] [ 35%] [32m[1mLinking CXX shared library librelbot_msgs__rosidl_typesupport_cpp.so[0m
[23.208s] [ 38%] [32mBuilding CXX object CMakeFiles/relbot_msgs__rosidl_typesupport_fastrtps_cpp.dir/rosidl_typesupport_fastrtps_cpp/relbot_msgs/msg/detail/dds_fastrtps/relbot_motors_stamped__type_support.cpp.o[0m
[23.528s] [ 38%] Built target relbot_msgs__rosidl_typesupport_cpp
[23.611s] [ 41%] [34m[1mGenerating C type support for eProsima Fast-RTPS[0m
[25.739s] [ 43%] [32m[1mLinking CXX shared library librelbot_msgs__rosidl_typesupport_fastrtps_cpp.so[0m
[26.436s] [ 43%] Built target relbot_msgs__rosidl_typesupport_fastrtps_cpp
[26.459s] [ 46%] [32m[1mLinking CXX shared library librelbot_msgs__rosidl_typesupport_introspection_cpp.so[0m
[26.543s] [ 48%] [34m[1mGenerating C introspection for ROS interfaces[0m
[27.048s] [ 51%] [32mBuilding CXX object CMakeFiles/relbot_msgs__rosidl_typesupport_fastrtps_c.dir/rosidl_typesupport_fastrtps_c/relbot_msgs/msg/detail/relbot_motors__type_support_c.cpp.o[0m
[27.303s] [ 51%] Built target relbot_msgs__rosidl_typesupport_introspection_cpp
[27.465s] [ 53%] [34m[1mGenerating C type support dispatch for ROS interfaces[0m
[29.712s] [ 56%] [32mBuilding C object CMakeFiles/relbot_msgs__rosidl_typesupport_introspection_c.dir/rosidl_typesupport_introspection_c/relbot_msgs/msg/detail/relbot_motors__type_support.c.o[0m
[30.037s] [ 58%] [32mBuilding C object CMakeFiles/relbot_msgs__rosidl_typesupport_introspection_c.dir/rosidl_typesupport_introspection_c/relbot_msgs/msg/detail/relbot_motors_stamped__type_support.c.o[0m
[30.061s] [ 61%] [32mBuilding CXX object CMakeFiles/relbot_msgs__rosidl_typesupport_c.dir/rosidl_typesupport_c/relbot_msgs/msg/relbot_motors__type_support.cpp.o[0m
[30.341s] [ 64%] [32m[1mLinking C shared library librelbot_msgs__rosidl_typesupport_introspection_c.so[0m
[30.353s] [ 66%] [32mBuilding CXX object CMakeFiles/relbot_msgs__rosidl_typesupport_c.dir/rosidl_typesupport_c/relbot_msgs/msg/relbot_motors_stamped__type_support.cpp.o[0m
[30.579s] [ 69%] [32m[1mLinking CXX shared library librelbot_msgs__rosidl_typesupport_c.so[0m
[30.645s] [ 69%] Built target relbot_msgs__rosidl_typesupport_introspection_c
[30.717s] [ 71%] [32mBuilding CXX object CMakeFiles/relbot_msgs__rosidl_typesupport_fastrtps_c.dir/rosidl_typesupport_fastrtps_c/relbot_msgs/msg/detail/relbot_motors_stamped__type_support_c.cpp.o[0m
[30.825s] [ 71%] Built target relbot_msgs__rosidl_typesupport_c
[32.503s] [ 74%] [32m[1mLinking CXX shared library librelbot_msgs__rosidl_typesupport_fastrtps_c.so[0m
[33.082s] [ 74%] Built target relbot_msgs__rosidl_typesupport_fastrtps_c
[33.297s] [ 74%] Built target relbot_msgs
[33.444s] [ 76%] [34m[1mGenerating Python code for ROS interfaces[0m
[35.959s] [ 76%] Built target relbot_msgs__py
[36.026s] [ 79%] [32mBuilding C object CMakeFiles/relbot_msgs__rosidl_generator_py.dir/rosidl_generator_py/relbot_msgs/msg/_relbot_motors_stamped_s.c.o[0m
[36.059s] [ 82%] [32mBuilding C object CMakeFiles/relbot_msgs__rosidl_generator_py.dir/rosidl_generator_py/relbot_msgs/msg/_relbot_motors_s.c.o[0m
[36.858s] [ 84%] [32m[1mLinking C shared library rosidl_generator_py/relbot_msgs/librelbot_msgs__rosidl_generator_py.so[0m
[37.062s] [ 84%] Built target relbot_msgs__rosidl_generator_py
[37.216s] [ 87%] [32mBuilding C object CMakeFiles/relbot_msgs__rosidl_typesupport_introspection_c__pyext.dir/rosidl_generator_py/relbot_msgs/_relbot_msgs_s.ep.rosidl_typesupport_introspection_c.c.o[0m
[37.222s] [ 92%] [32mBuilding C object CMakeFiles/relbot_msgs__rosidl_typesupport_fastrtps_c__pyext.dir/rosidl_generator_py/relbot_msgs/_relbot_msgs_s.ep.rosidl_typesupport_fastrtps_c.c.o[0m
[37.228s] [ 92%] [32mBuilding C object CMakeFiles/relbot_msgs__rosidl_typesupport_c__pyext.dir/rosidl_generator_py/relbot_msgs/_relbot_msgs_s.ep.rosidl_typesupport_c.c.o[0m
[37.914s] [ 94%] [32m[1mLinking C shared library rosidl_generator_py/relbot_msgs/relbot_msgs_s__rosidl_typesupport_fastrtps_c.cpython-310-aarch64-linux-gnu.so[0m
[38.045s] [ 97%] [32m[1mLinking C shared library rosidl_generator_py/relbot_msgs/relbot_msgs_s__rosidl_typesupport_introspection_c.cpython-310-aarch64-linux-gnu.so[0m
[38.053s] [100%] [32m[1mLinking C shared library rosidl_generator_py/relbot_msgs/relbot_msgs_s__rosidl_typesupport_c.cpython-310-aarch64-linux-gnu.so[0m
[38.390s] [100%] Built target relbot_msgs__rosidl_typesupport_introspection_c__pyext
[38.406s] [100%] Built target relbot_msgs__rosidl_typesupport_fastrtps_c__pyext
[38.452s] [100%] Built target relbot_msgs__rosidl_typesupport_c__pyext
[38.518s] Invoked command in '/home/asdfr-33/ASDfR---Assignment3_ros_ws/build/relbot_msgs' returned '0': CMAKE_PREFIX_PATH=${CMAKE_PREFIX_PATH}:/opt/ros/humble /usr/bin/cmake --build /home/asdfr-33/ASDfR---Assignment3_ros_ws/build/relbot_msgs -- -j3 -l3
[38.551s] Invoking command in '/home/asdfr-33/ASDfR---Assignment3_ros_ws/build/relbot_msgs': CMAKE_PREFIX_PATH=${CMAKE_PREFIX_PATH}:/opt/ros/humble /usr/bin/cmake --install /home/asdfr-33/ASDfR---Assignment3_ros_ws/build/relbot_msgs
[38.581s] -- Install configuration: ""
[38.587s] -- Installing: /home/asdfr-33/ASDfR---Assignment3_ros_ws/install/relbot_msgs/share/ament_index/resource_index/rosidl_interfaces/relbot_msgs
[38.595s] -- Installing: /home/asdfr-33/ASDfR---Assignment3_ros_ws/install/relbot_msgs/include/relbot_msgs/relbot_msgs
[38.600s] -- Installing: /home/asdfr-33/ASDfR---Assignment3_ros_ws/install/relbot_msgs/include/relbot_msgs/relbot_msgs/msg
[38.606s] -- Installing: /home/asdfr-33/ASDfR---Assignment3_ros_ws/install/relbot_msgs/include/relbot_msgs/relbot_msgs/msg/relbot_motors_stamped.h
[38.615s] -- Installing: /home/asdfr-33/ASDfR---Assignment3_ros_ws/install/relbot_msgs/include/relbot_msgs/relbot_msgs/msg/detail
[38.619s] -- Installing: /home/asdfr-33/ASDfR---Assignment3_ros_ws/install/relbot_msgs/include/relbot_msgs/relbot_msgs/msg/detail/relbot_motors__type_support.h
[38.627s] -- Installing: /home/asdfr-33/ASDfR---Assignment3_ros_ws/install/relbot_msgs/include/relbot_msgs/relbot_msgs/msg/detail/relbot_motors__functions.h
[38.635s] -- Installing: /home/asdfr-33/ASDfR---Assignment3_ros_ws/install/relbot_msgs/include/relbot_msgs/relbot_msgs/msg/detail/relbot_motors_stamped__functions.h
[38.643s] -- Installing: /home/asdfr-33/ASDfR---Assignment3_ros_ws/install/relbot_msgs/include/relbot_msgs/relbot_msgs/msg/detail/relbot_motors_stamped__type_support.h
[38.651s] -- Installing: /home/asdfr-33/ASDfR---Assignment3_ros_ws/install/relbot_msgs/include/relbot_msgs/relbot_msgs/msg/detail/relbot_motors_stamped__struct.h
[38.659s] -- Installing: /home/asdfr-33/ASDfR---Assignment3_ros_ws/install/relbot_msgs/include/relbot_msgs/relbot_msgs/msg/detail/relbot_motors_stamped__functions.c
[38.667s] -- Installing: /home/asdfr-33/ASDfR---Assignment3_ros_ws/install/relbot_msgs/include/relbot_msgs/relbot_msgs/msg/detail/relbot_motors__struct.h
[38.674s] -- Installing: /home/asdfr-33/ASDfR---Assignment3_ros_ws/install/relbot_msgs/include/relbot_msgs/relbot_msgs/msg/detail/relbot_motors__functions.c
[38.683s] -- Installing: /home/asdfr-33/ASDfR---Assignment3_ros_ws/install/relbot_msgs/include/relbot_msgs/relbot_msgs/msg/rosidl_generator_c__visibility_control.h
[38.690s] -- Installing: /home/asdfr-33/ASDfR---Assignment3_ros_ws/install/relbot_msgs/include/relbot_msgs/relbot_msgs/msg/relbot_motors.h
[38.699s] -- Installing: /home/asdfr-33/ASDfR---Assignment3_ros_ws/install/relbot_msgs/share/relbot_msgs/environment/library_path.sh
[38.708s] -- Installing: /home/asdfr-33/ASDfR---Assignment3_ros_ws/install/relbot_msgs/share/relbot_msgs/environment/library_path.dsv
[38.717s] -- Installing: /home/asdfr-33/ASDfR---Assignment3_ros_ws/install/relbot_msgs/lib/librelbot_msgs__rosidl_generator_c.so
[38.729s] -- Set runtime path of "/home/asdfr-33/ASDfR---Assignment3_ros_ws/install/relbot_msgs/lib/librelbot_msgs__rosidl_generator_c.so" to ""
[38.733s] -- Up-to-date: /home/asdfr-33/ASDfR---Assignment3_ros_ws/install/relbot_msgs/include/relbot_msgs/relbot_msgs
[38.736s] -- Up-to-date: /home/asdfr-33/ASDfR---Assignment3_ros_ws/install/relbot_msgs/include/relbot_msgs/relbot_msgs/msg
[38.739s] -- Installing: /home/asdfr-33/ASDfR---Assignment3_ros_ws/install/relbot_msgs/include/relbot_msgs/relbot_msgs/msg/rosidl_typesupport_fastrtps_c__visibility_control.h
[38.747s] -- Up-to-date: /home/asdfr-33/ASDfR---Assignment3_ros_ws/install/relbot_msgs/include/relbot_msgs/relbot_msgs/msg/detail
[38.751s] -- Installing: /home/asdfr-33/ASDfR---Assignment3_ros_ws/install/relbot_msgs/include/relbot_msgs/relbot_msgs/msg/detail/relbot_motors_stamped__rosidl_typesupport_fastrtps_c.h
[38.759s] -- Installing: /home/asdfr-33/ASDfR---Assignment3_ros_ws/install/relbot_msgs/include/relbot_msgs/relbot_msgs/msg/detail/relbot_motors__rosidl_typesupport_fastrtps_c.h
[38.767s] -- Installing: /home/asdfr-33/ASDfR---Assignment3_ros_ws/install/relbot_msgs/lib/librelbot_msgs__rosidl_typesupport_fastrtps_c.so
[38.779s] -- Set runtime path of "/home/asdfr-33/ASDfR---Assignment3_ros_ws/install/relbot_msgs/lib/librelbot_msgs__rosidl_typesupport_fastrtps_c.so" to ""
[38.782s] -- Up-to-date: /home/asdfr-33/ASDfR---Assignment3_ros_ws/install/relbot_msgs/include/relbot_msgs/relbot_msgs
[38.785s] -- Up-to-date: /home/asdfr-33/ASDfR---Assignment3_ros_ws/install/relbot_msgs/include/relbot_msgs/relbot_msgs/msg
[38.788s] -- Up-to-date: /home/asdfr-33/ASDfR---Assignment3_ros_ws/install/relbot_msgs/include/relbot_msgs/relbot_msgs/msg/detail
[38.792s] -- Installing: /home/asdfr-33/ASDfR---Assignment3_ros_ws/install/relbot_msgs/include/relbot_msgs/relbot_msgs/msg/detail/relbot_motors_stamped__type_support.c
[38.800s] -- Installing: /home/asdfr-33/ASDfR---Assignment3_ros_ws/install/relbot_msgs/include/relbot_msgs/relbot_msgs/msg/detail/relbot_motors_stamped__rosidl_typesupport_introspection_c.h
[38.812s] -- Installing: /home/asdfr-33/ASDfR---Assignment3_ros_ws/install/relbot_msgs/include/relbot_msgs/relbot_msgs/msg/detail/relbot_motors__rosidl_typesupport_introspection_c.h
[38.821s] -- Installing: /home/asdfr-33/ASDfR---Assignment3_ros_ws/install/relbot_msgs/include/relbot_msgs/relbot_msgs/msg/detail/relbot_motors__type_support.c
[38.840s] -- Installing: /home/asdfr-33/ASDfR---Assignment3_ros_ws/install/relbot_msgs/include/relbot_msgs/relbot_msgs/msg/rosidl_typesupport_introspection_c__visibility_control.h
[38.849s] -- Installing: /home/asdfr-33/ASDfR---Assignment3_ros_ws/install/relbot_msgs/lib/librelbot_msgs__rosidl_typesupport_introspection_c.so
[38.860s] -- Set runtime path of "/home/asdfr-33/ASDfR---Assignment3_ros_ws/install/relbot_msgs/lib/librelbot_msgs__rosidl_typesupport_introspection_c.so" to ""
[38.863s] -- Installing: /home/asdfr-33/ASDfR---Assignment3_ros_ws/install/relbot_msgs/lib/librelbot_msgs__rosidl_typesupport_c.so
[38.874s] -- Set runtime path of "/home/asdfr-33/ASDfR---Assignment3_ros_ws/install/relbot_msgs/lib/librelbot_msgs__rosidl_typesupport_c.so" to ""
[38.877s] -- Up-to-date: /home/asdfr-33/ASDfR---Assignment3_ros_ws/install/relbot_msgs/include/relbot_msgs/relbot_msgs
[38.880s] -- Up-to-date: /home/asdfr-33/ASDfR---Assignment3_ros_ws/install/relbot_msgs/include/relbot_msgs/relbot_msgs/msg
[38.884s] -- Installing: /home/asdfr-33/ASDfR---Assignment3_ros_ws/install/relbot_msgs/include/relbot_msgs/relbot_msgs/msg/rosidl_generator_cpp__visibility_control.hpp
[38.891s] -- Up-to-date: /home/asdfr-33/ASDfR---Assignment3_ros_ws/install/relbot_msgs/include/relbot_msgs/relbot_msgs/msg/detail
[38.894s] -- Installing: /home/asdfr-33/ASDfR---Assignment3_ros_ws/install/relbot_msgs/include/relbot_msgs/relbot_msgs/msg/detail/relbot_motors_stamped__traits.hpp
[38.903s] -- Installing: /home/asdfr-33/ASDfR---Assignment3_ros_ws/install/relbot_msgs/include/relbot_msgs/relbot_msgs/msg/detail/relbot_motors__type_support.hpp
[38.924s] -- Installing: /home/asdfr-33/ASDfR---Assignment3_ros_ws/install/relbot_msgs/include/relbot_msgs/relbot_msgs/msg/detail/relbot_motors__builder.hpp
[38.926s] -- Installing: /home/asdfr-33/ASDfR---Assignment3_ros_ws/install/relbot_msgs/include/relbot_msgs/relbot_msgs/msg/detail/relbot_motors_stamped__struct.hpp
[38.928s] -- Installing: /home/asdfr-33/ASDfR---Assignment3_ros_ws/install/relbot_msgs/include/relbot_msgs/relbot_msgs/msg/detail/relbot_motors__traits.hpp
[38.929s] -- Installing: /home/asdfr-33/ASDfR---Assignment3_ros_ws/install/relbot_msgs/include/relbot_msgs/relbot_msgs/msg/detail/relbot_motors_stamped__builder.hpp
[38.931s] -- Installing: /home/asdfr-33/ASDfR---Assignment3_ros_ws/install/relbot_msgs/include/relbot_msgs/relbot_msgs/msg/detail/relbot_motors__struct.hpp
[38.933s] -- Installing: /home/asdfr-33/ASDfR---Assignment3_ros_ws/install/relbot_msgs/include/relbot_msgs/relbot_msgs/msg/detail/relbot_motors_stamped__type_support.hpp
[38.943s] -- Installing: /home/asdfr-33/ASDfR---Assignment3_ros_ws/install/relbot_msgs/include/relbot_msgs/relbot_msgs/msg/relbot_motors.hpp
[38.945s] -- Installing: /home/asdfr-33/ASDfR---Assignment3_ros_ws/install/relbot_msgs/include/relbot_msgs/relbot_msgs/msg/relbot_motors_stamped.hpp
[38.947s] -- Up-to-date: /home/asdfr-33/ASDfR---Assignment3_ros_ws/install/relbot_msgs/include/relbot_msgs/relbot_msgs
[38.948s] -- Up-to-date: /home/asdfr-33/ASDfR---Assignment3_ros_ws/install/relbot_msgs/include/relbot_msgs/relbot_msgs/msg
[38.958s] -- Up-to-date: /home/asdfr-33/ASDfR---Assignment3_ros_ws/install/relbot_msgs/include/relbot_msgs/relbot_msgs/msg/detail
[38.960s] -- Installing: /home/asdfr-33/ASDfR---Assignment3_ros_ws/install/relbot_msgs/include/relbot_msgs/relbot_msgs/msg/detail/relbot_motors__rosidl_typesupport_fastrtps_cpp.hpp
[38.962s] -- Installing: /home/asdfr-33/ASDfR---Assignment3_ros_ws/install/relbot_msgs/include/relbot_msgs/relbot_msgs/msg/detail/relbot_motors_stamped__rosidl_typesupport_fastrtps_cpp.hpp
[38.963s] -- Installing: /home/asdfr-33/ASDfR---Assignment3_ros_ws/install/relbot_msgs/include/relbot_msgs/relbot_msgs/msg/detail/dds_fastrtps
[38.965s] -- Installing: /home/asdfr-33/ASDfR---Assignment3_ros_ws/install/relbot_msgs/include/relbot_msgs/relbot_msgs/msg/rosidl_typesupport_fastrtps_cpp__visibility_control.h
[38.973s] -- Installing: /home/asdfr-33/ASDfR---Assignment3_ros_ws/install/relbot_msgs/lib/librelbot_msgs__rosidl_typesupport_fastrtps_cpp.so
[38.975s] -- Set runtime path of "/home/asdfr-33/ASDfR---Assignment3_ros_ws/install/relbot_msgs/lib/librelbot_msgs__rosidl_typesupport_fastrtps_cpp.so" to ""
[38.976s] -- Up-to-date: /home/asdfr-33/ASDfR---Assignment3_ros_ws/install/relbot_msgs/include/relbot_msgs/relbot_msgs
[38.978s] -- Up-to-date: /home/asdfr-33/ASDfR---Assignment3_ros_ws/install/relbot_msgs/include/relbot_msgs/relbot_msgs/msg
[38.980s] -- Up-to-date: /home/asdfr-33/ASDfR---Assignment3_ros_ws/install/relbot_msgs/include/relbot_msgs/relbot_msgs/msg/detail
[38.981s] -- Installing: /home/asdfr-33/ASDfR---Assignment3_ros_ws/install/relbot_msgs/include/relbot_msgs/relbot_msgs/msg/detail/relbot_motors_stamped__type_support.cpp
[38.983s] -- Installing: /home/asdfr-33/ASDfR---Assignment3_ros_ws/install/relbot_msgs/include/relbot_msgs/relbot_msgs/msg/detail/relbot_motors__type_support.cpp
[38.984s] -- Installing: /home/asdfr-33/ASDfR---Assignment3_ros_ws/install/relbot_msgs/include/relbot_msgs/relbot_msgs/msg/detail/relbot_motors__rosidl_typesupport_introspection_cpp.hpp
[38.986s] -- Installing: /home/asdfr-33/ASDfR---Assignment3_ros_ws/install/relbot_msgs/include/relbot_msgs/relbot_msgs/msg/detail/relbot_motors_stamped__rosidl_typesupport_introspection_cpp.hpp
[38.988s] -- Installing: /home/asdfr-33/ASDfR---Assignment3_ros_ws/install/relbot_msgs/lib/librelbot_msgs__rosidl_typesupport_introspection_cpp.so
[38.990s] -- Set runtime path of "/home/asdfr-33/ASDfR---Assignment3_ros_ws/install/relbot_msgs/lib/librelbot_msgs__rosidl_typesupport_introspection_cpp.so" to ""
[38.991s] -- Installing: /home/asdfr-33/ASDfR---Assignment3_ros_ws/install/relbot_msgs/lib/librelbot_msgs__rosidl_typesupport_cpp.so
[38.993s] -- Set runtime path of "/home/asdfr-33/ASDfR---Assignment3_ros_ws/install/relbot_msgs/lib/librelbot_msgs__rosidl_typesupport_cpp.so" to ""
[38.995s] -- Installing: /home/asdfr-33/ASDfR---Assignment3_ros_ws/install/relbot_msgs/share/relbot_msgs/environment/pythonpath.sh
[38.996s] -- Installing: /home/asdfr-33/ASDfR---Assignment3_ros_ws/install/relbot_msgs/share/relbot_msgs/environment/pythonpath.dsv
[38.998s] -- Installing: /home/asdfr-33/ASDfR---Assignment3_ros_ws/install/relbot_msgs/local/lib/python3.10/dist-packages/relbot_msgs-2025.2.0-py3.10.egg-info
[38.999s] -- Installing: /home/asdfr-33/ASDfR---Assignment3_ros_ws/install/relbot_msgs/local/lib/python3.10/dist-packages/relbot_msgs-2025.2.0-py3.10.egg-info/top_level.txt
[39.001s] -- Installing: /home/asdfr-33/ASDfR---Assignment3_ros_ws/install/relbot_msgs/local/lib/python3.10/dist-packages/relbot_msgs-2025.2.0-py3.10.egg-info/dependency_links.txt
[39.002s] -- Installing: /home/asdfr-33/ASDfR---Assignment3_ros_ws/install/relbot_msgs/local/lib/python3.10/dist-packages/relbot_msgs-2025.2.0-py3.10.egg-info/PKG-INFO
[39.005s] -- Installing: /home/asdfr-33/ASDfR---Assignment3_ros_ws/install/relbot_msgs/local/lib/python3.10/dist-packages/relbot_msgs-2025.2.0-py3.10.egg-info/SOURCES.txt
[39.009s] -- Installing: /home/asdfr-33/ASDfR---Assignment3_ros_ws/install/relbot_msgs/local/lib/python3.10/dist-packages/relbot_msgs
[39.010s] -- Installing: /home/asdfr-33/ASDfR---Assignment3_ros_ws/install/relbot_msgs/local/lib/python3.10/dist-packages/relbot_msgs/msg
[39.013s] -- Installing: /home/asdfr-33/ASDfR---Assignment3_ros_ws/install/relbot_msgs/local/lib/python3.10/dist-packages/relbot_msgs/msg/_relbot_motors_s.c
[39.014s] -- Installing: /home/asdfr-33/ASDfR---Assignment3_ros_ws/install/relbot_msgs/local/lib/python3.10/dist-packages/relbot_msgs/msg/_relbot_motors.py
[39.016s] -- Installing: /home/asdfr-33/ASDfR---Assignment3_ros_ws/install/relbot_msgs/local/lib/python3.10/dist-packages/relbot_msgs/msg/__init__.py
[39.018s] -- Installing: /home/asdfr-33/ASDfR---Assignment3_ros_ws/install/relbot_msgs/local/lib/python3.10/dist-packages/relbot_msgs/msg/_relbot_motors_stamped_s.c
[39.020s] -- Installing: /home/asdfr-33/ASDfR---Assignment3_ros_ws/install/relbot_msgs/local/lib/python3.10/dist-packages/relbot_msgs/msg/_relbot_motors_stamped.py
[39.022s] -- Installing: /home/asdfr-33/ASDfR---Assignment3_ros_ws/install/relbot_msgs/local/lib/python3.10/dist-packages/relbot_msgs/relbot_msgs_s__rosidl_typesupport_fastrtps_c.cpython-310-aarch64-linux-gnu.so
[39.025s] -- Installing: /home/asdfr-33/ASDfR---Assignment3_ros_ws/install/relbot_msgs/local/lib/python3.10/dist-packages/relbot_msgs/_relbot_msgs_s.ep.rosidl_typesupport_fastrtps_c.c
[39.026s] -- Installing: /home/asdfr-33/ASDfR---Assignment3_ros_ws/install/relbot_msgs/local/lib/python3.10/dist-packages/relbot_msgs/_relbot_msgs_s.ep.rosidl_typesupport_c.c
[39.028s] -- Installing: /home/asdfr-33/ASDfR---Assignment3_ros_ws/install/relbot_msgs/local/lib/python3.10/dist-packages/relbot_msgs/_relbot_msgs_s.ep.rosidl_typesupport_introspection_c.c
[39.030s] -- Installing: /home/asdfr-33/ASDfR---Assignment3_ros_ws/install/relbot_msgs/local/lib/python3.10/dist-packages/relbot_msgs/relbot_msgs_s__rosidl_typesupport_c.cpython-310-aarch64-linux-gnu.so
[39.031s] -- Installing: /home/asdfr-33/ASDfR---Assignment3_ros_ws/install/relbot_msgs/local/lib/python3.10/dist-packages/relbot_msgs/relbot_msgs_s__rosidl_typesupport_introspection_c.cpython-310-aarch64-linux-gnu.so
[39.032s] -- Installing: /home/asdfr-33/ASDfR---Assignment3_ros_ws/install/relbot_msgs/local/lib/python3.10/dist-packages/relbot_msgs/__init__.py
[39.034s] -- Installing: /home/asdfr-33/ASDfR---Assignment3_ros_ws/install/relbot_msgs/local/lib/python3.10/dist-packages/relbot_msgs/librelbot_msgs__rosidl_generator_py.so
[39.266s] Listing '/home/asdfr-33/ASDfR---Assignment3_ros_ws/install/relbot_msgs/local/lib/python3.10/dist-packages/relbot_msgs'...
[39.268s] Compiling '/home/asdfr-33/ASDfR---Assignment3_ros_ws/install/relbot_msgs/local/lib/python3.10/dist-packages/relbot_msgs/__init__.py'...
[39.271s] Listing '/home/asdfr-33/ASDfR---Assignment3_ros_ws/install/relbot_msgs/local/lib/python3.10/dist-packages/relbot_msgs/msg'...
[39.273s] Compiling '/home/asdfr-33/ASDfR---Assignment3_ros_ws/install/relbot_msgs/local/lib/python3.10/dist-packages/relbot_msgs/msg/__init__.py'...
[39.285s] Compiling '/home/asdfr-33/ASDfR---Assignment3_ros_ws/install/relbot_msgs/local/lib/python3.10/dist-packages/relbot_msgs/msg/_relbot_motors.py'...
[39.287s] Compiling '/home/asdfr-33/ASDfR---Assignment3_ros_ws/install/relbot_msgs/local/lib/python3.10/dist-packages/relbot_msgs/msg/_relbot_motors_stamped.py'...
[39.302s] -- Installing: /home/asdfr-33/ASDfR---Assignment3_ros_ws/install/relbot_msgs/local/lib/python3.10/dist-packages/relbot_msgs/relbot_msgs_s__rosidl_typesupport_fastrtps_c.cpython-310-aarch64-linux-gnu.so
[39.305s] -- Set runtime path of "/home/asdfr-33/ASDfR---Assignment3_ros_ws/install/relbot_msgs/local/lib/python3.10/dist-packages/relbot_msgs/relbot_msgs_s__rosidl_typesupport_fastrtps_c.cpython-310-aarch64-linux-gnu.so" to ""
[39.306s] -- Installing: /home/asdfr-33/ASDfR---Assignment3_ros_ws/install/relbot_msgs/local/lib/python3.10/dist-packages/relbot_msgs/relbot_msgs_s__rosidl_typesupport_introspection_c.cpython-310-aarch64-linux-gnu.so
[39.309s] -- Set runtime path of "/home/asdfr-33/ASDfR---Assignment3_ros_ws/install/relbot_msgs/local/lib/python3.10/dist-packages/relbot_msgs/relbot_msgs_s__rosidl_typesupport_introspection_c.cpython-310-aarch64-linux-gnu.so" to ""
[39.312s] -- Installing: /home/asdfr-33/ASDfR---Assignment3_ros_ws/install/relbot_msgs/local/lib/python3.10/dist-packages/relbot_msgs/relbot_msgs_s__rosidl_typesupport_c.cpython-310-aarch64-linux-gnu.so
[39.323s] -- Set runtime path of "/home/asdfr-33/ASDfR---Assignment3_ros_ws/install/relbot_msgs/local/lib/python3.10/dist-packages/relbot_msgs/relbot_msgs_s__rosidl_typesupport_c.cpython-310-aarch64-linux-gnu.so" to ""
[39.325s] -- Installing: /home/asdfr-33/ASDfR---Assignment3_ros_ws/install/relbot_msgs/lib/librelbot_msgs__rosidl_generator_py.so
[39.326s] -- Set runtime path of "/home/asdfr-33/ASDfR---Assignment3_ros_ws/install/relbot_msgs/lib/librelbot_msgs__rosidl_generator_py.so" to ""
[39.328s] -- Installing: /home/asdfr-33/ASDfR---Assignment3_ros_ws/install/relbot_msgs/share/relbot_msgs/msg/RelbotMotors.idl
[39.330s] -- Installing: /home/asdfr-33/ASDfR---Assignment3_ros_ws/install/relbot_msgs/share/relbot_msgs/msg/RelbotMotorsStamped.idl
[39.332s] -- Installing: /home/asdfr-33/ASDfR---Assignment3_ros_ws/install/relbot_msgs/share/relbot_msgs/msg/RelbotMotors.msg
[39.333s] -- Installing: /home/asdfr-33/ASDfR---Assignment3_ros_ws/install/relbot_msgs/share/relbot_msgs/msg/RelbotMotorsStamped.msg
[39.335s] -- Installing: /home/asdfr-33/ASDfR---Assignment3_ros_ws/install/relbot_msgs/share/ament_index/resource_index/package_run_dependencies/relbot_msgs
[39.343s] -- Installing: /home/asdfr-33/ASDfR---Assignment3_ros_ws/install/relbot_msgs/share/ament_index/resource_index/parent_prefix_path/relbot_msgs
[39.357s] -- Installing: /home/asdfr-33/ASDfR---Assignment3_ros_ws/install/relbot_msgs/share/relbot_msgs/environment/ament_prefix_path.sh
[39.365s] -- Installing: /home/asdfr-33/ASDfR---Assignment3_ros_ws/install/relbot_msgs/share/relbot_msgs/environment/ament_prefix_path.dsv
[39.375s] -- Installing: /home/asdfr-33/ASDfR---Assignment3_ros_ws/install/relbot_msgs/share/relbot_msgs/environment/path.sh
[39.384s] -- Installing: /home/asdfr-33/ASDfR---Assignment3_ros_ws/install/relbot_msgs/share/relbot_msgs/environment/path.dsv
[39.393s] -- Installing: /home/asdfr-33/ASDfR---Assignment3_ros_ws/install/relbot_msgs/share/relbot_msgs/local_setup.bash
[39.402s] -- Installing: /home/asdfr-33/ASDfR---Assignment3_ros_ws/install/relbot_msgs/share/relbot_msgs/local_setup.sh
[39.417s] -- Installing: /home/asdfr-33/ASDfR---Assignment3_ros_ws/install/relbot_msgs/share/relbot_msgs/local_setup.zsh
[39.425s] -- Installing: /home/asdfr-33/ASDfR---Assignment3_ros_ws/install/relbot_msgs/share/relbot_msgs/local_setup.dsv
[39.432s] -- Installing: /home/asdfr-33/ASDfR---Assignment3_ros_ws/install/relbot_msgs/share/relbot_msgs/package.dsv
[39.439s] -- Installing: /home/asdfr-33/ASDfR---Assignment3_ros_ws/install/relbot_msgs/share/ament_index/resource_index/packages/relbot_msgs
[39.446s] -- Installing: /home/asdfr-33/ASDfR---Assignment3_ros_ws/install/relbot_msgs/share/relbot_msgs/cmake/export_relbot_msgs__rosidl_generator_cExport.cmake
[39.454s] -- Installing: /home/asdfr-33/ASDfR---Assignment3_ros_ws/install/relbot_msgs/share/relbot_msgs/cmake/export_relbot_msgs__rosidl_generator_cExport-noconfig.cmake
[39.462s] -- Installing: /home/asdfr-33/ASDfR---Assignment3_ros_ws/install/relbot_msgs/share/relbot_msgs/cmake/export_relbot_msgs__rosidl_typesupport_fastrtps_cExport.cmake
[39.470s] -- Installing: /home/asdfr-33/ASDfR---Assignment3_ros_ws/install/relbot_msgs/share/relbot_msgs/cmake/export_relbot_msgs__rosidl_typesupport_fastrtps_cExport-noconfig.cmake
[39.478s] -- Installing: /home/asdfr-33/ASDfR---Assignment3_ros_ws/install/relbot_msgs/share/relbot_msgs/cmake/relbot_msgs__rosidl_typesupport_introspection_cExport.cmake
[39.487s] -- Installing: /home/asdfr-33/ASDfR---Assignment3_ros_ws/install/relbot_msgs/share/relbot_msgs/cmake/relbot_msgs__rosidl_typesupport_introspection_cExport-noconfig.cmake
[39.494s] -- Installing: /home/asdfr-33/ASDfR---Assignment3_ros_ws/install/relbot_msgs/share/relbot_msgs/cmake/relbot_msgs__rosidl_typesupport_cExport.cmake
[39.502s] -- Installing: /home/asdfr-33/ASDfR---Assignment3_ros_ws/install/relbot_msgs/share/relbot_msgs/cmake/relbot_msgs__rosidl_typesupport_cExport-noconfig.cmake
[39.510s] -- Installing: /home/asdfr-33/ASDfR---Assignment3_ros_ws/install/relbot_msgs/share/relbot_msgs/cmake/export_relbot_msgs__rosidl_generator_cppExport.cmake
[39.531s] -- Installing: /home/asdfr-33/ASDfR---Assignment3_ros_ws/install/relbot_msgs/share/relbot_msgs/cmake/export_relbot_msgs__rosidl_typesupport_fastrtps_cppExport.cmake
[39.538s] -- Installing: /home/asdfr-33/ASDfR---Assignment3_ros_ws/install/relbot_msgs/share/relbot_msgs/cmake/export_relbot_msgs__rosidl_typesupport_fastrtps_cppExport-noconfig.cmake
[39.546s] -- Installing: /home/asdfr-33/ASDfR---Assignment3_ros_ws/install/relbot_msgs/share/relbot_msgs/cmake/relbot_msgs__rosidl_typesupport_introspection_cppExport.cmake
[39.554s] -- Installing: /home/asdfr-33/ASDfR---Assignment3_ros_ws/install/relbot_msgs/share/relbot_msgs/cmake/relbot_msgs__rosidl_typesupport_introspection_cppExport-noconfig.cmake
[39.563s] -- Installing: /home/asdfr-33/ASDfR---Assignment3_ros_ws/install/relbot_msgs/share/relbot_msgs/cmake/relbot_msgs__rosidl_typesupport_cppExport.cmake
[39.571s] -- Installing: /home/asdfr-33/ASDfR---Assignment3_ros_ws/install/relbot_msgs/share/relbot_msgs/cmake/relbot_msgs__rosidl_typesupport_cppExport-noconfig.cmake
[39.579s] -- Installing: /home/asdfr-33/ASDfR---Assignment3_ros_ws/install/relbot_msgs/share/relbot_msgs/cmake/export_relbot_msgs__rosidl_generator_pyExport.cmake
[39.588s] -- Installing: /home/asdfr-33/ASDfR---Assignment3_ros_ws/install/relbot_msgs/share/relbot_msgs/cmake/export_relbot_msgs__rosidl_generator_pyExport-noconfig.cmake
[39.596s] -- Installing: /home/asdfr-33/ASDfR---Assignment3_ros_ws/install/relbot_msgs/share/relbot_msgs/cmake/rosidl_cmake-extras.cmake
[39.602s] -- Installing: /home/asdfr-33/ASDfR---Assignment3_ros_ws/install/relbot_msgs/share/relbot_msgs/cmake/ament_cmake_export_dependencies-extras.cmake
[39.610s] -- Installing: /home/asdfr-33/ASDfR---Assignment3_ros_ws/install/relbot_msgs/share/relbot_msgs/cmake/ament_cmake_export_include_directories-extras.cmake
[39.619s] -- Installing: /home/asdfr-33/ASDfR---Assignment3_ros_ws/install/relbot_msgs/share/relbot_msgs/cmake/ament_cmake_export_libraries-extras.cmake
[39.627s] -- Installing: /home/asdfr-33/ASDfR---Assignment3_ros_ws/install/relbot_msgs/share/relbot_msgs/cmake/ament_cmake_export_targets-extras.cmake
[39.634s] -- Installing: /home/asdfr-33/ASDfR---Assignment3_ros_ws/install/relbot_msgs/share/relbot_msgs/cmake/rosidl_cmake_export_typesupport_targets-extras.cmake
[39.641s] -- Installing: /home/asdfr-33/ASDfR---Assignment3_ros_ws/install/relbot_msgs/share/relbot_msgs/cmake/rosidl_cmake_export_typesupport_libraries-extras.cmake
[39.649s] -- Installing: /home/asdfr-33/ASDfR---Assignment3_ros_ws/install/relbot_msgs/share/relbot_msgs/cmake/relbot_msgsConfig.cmake
[39.656s] -- Installing: /home/asdfr-33/ASDfR---Assignment3_ros_ws/install/relbot_msgs/share/relbot_msgs/cmake/relbot_msgsConfig-version.cmake
[39.663s] -- Installing: /home/asdfr-33/ASDfR---Assignment3_ros_ws/install/relbot_msgs/share/relbot_msgs/package.xml
[39.679s] Invoked command in '/home/asdfr-33/ASDfR---Assignment3_ros_ws/build/relbot_msgs' returned '0': CMAKE_PREFIX_PATH=${CMAKE_PREFIX_PATH}:/opt/ros/humble /usr/bin/cmake --install /home/asdfr-33/ASDfR---Assignment3_ros_ws/build/relbot_msgs
