[0.035s] Invoking command in '/home/ubuntu/Robotics/ros2_ws/build/relbot_msgs': /usr/bin/cmake /home/ubuntu/Robotics/ros2_ws/src/relbot_msgs -DCMAKE_INSTALL_PREFIX=/home/ubuntu/Robotics/ros2_ws/install/relbot_msgs
[1.238s] -- The C compiler identification is GNU 13.3.0
[3.207s] -- The CXX compiler identification is GNU 13.3.0
[4.584s] -- Detecting C compiler ABI info
[5.070s] -- Detecting C compiler ABI info - done
[5.096s] -- Check for working C compiler: /usr/bin/cc - skipped
[5.098s] -- Detecting C compile features
[5.099s] -- Detecting C compile features - done
[5.241s] -- Detecting CXX compiler ABI info
[5.788s] -- Detecting CXX compiler ABI info - done
[5.815s] -- Check for working CXX compiler: /usr/bin/c++ - skipped
[5.816s] -- Detecting CXX compile features
[5.817s] -- Detecting CXX compile features - done
[7.494s] [31mCMake Error at CMakeLists.txt:13 (find_package):
[7.494s]   By not providing "Findament_cmake.cmake" in CMAKE_MODULE_PATH this project
[7.494s]   has asked CMake to find a package configuration file provided by
[7.495s]   "ament_cmake", but CMake did not find one.
[7.495s] 
[7.495s]   Could not find a package configuration file provided by "ament_cmake" with
[7.496s]   any of the following names:
[7.496s] 
[7.496s]     ament_cmakeConfig.cmake
[7.496s]     ament_cmake-config.cmake
[7.497s] 
[7.497s]   Add the installation prefix of "ament_cmake" to CMAKE_PREFIX_PATH or set
[7.497s]   "ament_cmake_DIR" to a directory containing one of the above files.  If
[7.497s]   "ament_cmake" provides a separate development package or SDK, be sure it
[7.498s]   has been installed.
[7.498s] 
[7.498s] [0m
[7.508s] -- Configuring incomplete, errors occurred!
[7.531s] Invoked command in '/home/ubuntu/Robotics/ros2_ws/build/relbot_msgs' returned '1': /usr/bin/cmake /home/ubuntu/Robotics/ros2_ws/src/relbot_msgs -DCMAKE_INSTALL_PREFIX=/home/ubuntu/Robotics/ros2_ws/install/relbot_msgs
