[0.012s] Invoking command in '/home/ubuntu/Robotics/ros2_ws/build/assignment1_2': CMAKE_PREFIX_PATH=${CMAKE_PREFIX_PATH}:/opt/ros/jazzy /usr/bin/cmake --build /home/ubuntu/Robotics/ros2_ws/build/assignment1_2 -- -j12 -l12
[0.043s] -- Found ament_cmake: 2.5.5 (/opt/ros/jazzy/share/ament_cmake/cmake)
[0.267s] -- Found rclcpp: 28.1.16 (/opt/ros/jazzy/share/rclcpp/cmake)
[0.516s] -- Found rosidl_generator_c: 4.6.7 (/opt/ros/jazzy/share/rosidl_generator_c/cmake)
[0.527s] -- Found rosidl_generator_cpp: 4.6.7 (/opt/ros/jazzy/share/rosidl_generator_cpp/cmake)
[0.541s] -- Using all available rosidl_typesupport_c: rosidl_typesupport_fastrtps_c;rosidl_typesupport_introspection_c
[0.558s] -- Using all available rosidl_typesupport_cpp: rosidl_typesupport_fastrtps_cpp;rosidl_typesupport_introspection_cpp
[0.640s] -- Found rmw_implementation_cmake: 7.3.3 (/opt/ros/jazzy/share/rmw_implementation_cmake/cmake)
[0.642s] -- Found rmw_fastrtps_cpp: 8.4.3 (/opt/ros/jazzy/share/rmw_fastrtps_cpp/cmake)
[1.008s] -- Using RMW implementation 'rmw_fastrtps_cpp' as default
[1.281s] -- Found example_interfaces: 0.12.0 (/opt/ros/jazzy/share/example_interfaces/cmake)
[1.338s] -- Found geometry_msgs: 5.3.6 (/opt/ros/jazzy/share/geometry_msgs/cmake)
[1.373s] [31mCMake Error at CMakeLists.txt:19 (target_include_directories):
[1.373s]   Cannot specify include directories for target "assignment1_2" which is not
[1.373s]   built by this project.
[1.373s] 
[1.373s] [0m
[1.375s] -- Found ament_lint_auto: 0.17.4 (/opt/ros/jazzy/share/ament_lint_auto/cmake)
[1.482s] -- Added test 'cppcheck' to perform static code analysis on C / C++ code
[1.482s] -- Configured cppcheck include dirs: 
[1.482s] -- Configured cppcheck exclude dirs and/or files: 
[1.483s] -- Added test 'lint_cmake' to check CMake code style
[1.484s] -- Added test 'uncrustify' to check C / C++ code style
[1.484s] -- Configured uncrustify additional arguments: 
[1.484s] -- Added test 'xmllint' to check XML markup files
[1.485s] -- Configuring incomplete, errors occurred!
[1.494s] gmake: *** [Makefile:267: cmake_check_build_system] Error 1
[1.497s] Invoked command in '/home/ubuntu/Robotics/ros2_ws/build/assignment1_2' returned '2': CMAKE_PREFIX_PATH=${CMAKE_PREFIX_PATH}:/opt/ros/jazzy /usr/bin/cmake --build /home/ubuntu/Robotics/ros2_ws/build/assignment1_2 -- -j12 -l12
