[0.097s] Invoking command in '/home/ubuntu/Robotics/ros2_ws/build/cam2image_vm2ros': CMAKE_PREFIX_PATH=${CMAKE_PREFIX_PATH}:/opt/ros/jazzy /usr/bin/cmake --build /home/ubuntu/Robotics/ros2_ws/build/cam2image_vm2ros -- -j12 -l12
[1.051s] [ 28%] Built target cam2image
[1.077s] [ 71%] Built target cam2image_vm2ros
[1.078s] [ 85%] [32mBuilding CXX object CMakeFiles/talker_listener_node.dir/src/image_brightness.cpp.o[0m
[5.316s] [01m[K/home/ubuntu/Robotics/ros2_ws/src/cam2image_vm2ros/src/image_brightness.cpp:[m[K In member function ‘[01m[Kstd::string ImageBrightness::[01;32m[Kget_brightness[m[K(sensor_msgs::msg::Image_<std::allocator<void> >::SharedPtr)[m[K’:
[5.316s] [01m[K/home/ubuntu/Robotics/ros2_ws/src/cam2image_vm2ros/src/image_brightness.cpp:37:23:[m[K [01;31m[Kerror: [m[K‘[01m[Kcv[m[K’ has not been declared
[5.316s]    37 |         return string([01;31m[Kcv[m[K::Scalar mean_val = cv::mean(img))
[5.316s]       |                       [01;31m[K^~[m[K
[5.317s] [01m[K/home/ubuntu/Robotics/ros2_ws/src/cam2image_vm2ros/src/image_brightness.cpp:37:16:[m[K [01;31m[Kerror: [m[K‘[01m[Kstring[m[K’ was not declared in this scope
[5.317s]    37 |         return [01;31m[Kstring[m[K(cv::Scalar mean_val = cv::mean(img))
[5.317s]       |                [01;31m[K^~~~~~[m[K
[5.319s] [01m[K/home/ubuntu/Robotics/ros2_ws/src/cam2image_vm2ros/src/image_brightness.cpp:37:16:[m[K [01;36m[Knote: [m[Ksuggested alternatives:
[5.319s] In file included from [01m[K/usr/include/c++/13/string:41[m[K,
[5.319s]                  from [01m[K/home/ubuntu/Robotics/ros2_ws/src/cam2image_vm2ros/src/image_brightness.cpp:2[m[K:
[5.319s] [01m[K/usr/include/c++/13/bits/stringfwd.h:77:33:[m[K [01;36m[Knote: [m[K  ‘[01m[Kstd::string[m[K’
[5.319s]    77 |   typedef basic_string<char>    [01;36m[Kstring[m[K;
[5.319s]       |                                 [01;36m[K^~~~~~[m[K
[5.319s] [01m[K/usr/include/c++/13/string:66:11:[m[K [01;36m[Knote: [m[K  ‘[01m[Kstd::pmr::string[m[K’
[5.319s]    66 |     using [01;36m[Kstring[m[K    = basic_string<char>;
[5.319s]       |           [01;36m[K^~~~~~[m[K
[5.320s] [01m[K/home/ubuntu/Robotics/ros2_ws/src/cam2image_vm2ros/src/image_brightness.cpp:38:5:[m[K [01;31m[Kerror: [m[Kexpected ‘[01m[K;[m[K’ before ‘[01m[K}[m[K’ token
[5.320s]    38 |     [01;31m[K}[m[K
[5.320s]       |     [01;31m[K^[m[K
[5.320s] [01m[K/home/ubuntu/Robotics/ros2_ws/src/cam2image_vm2ros/src/image_brightness.cpp:36:67:[m[K [01;35m[Kwarning: [m[Kunused parameter ‘[01m[Kimg[m[K’ [[01;35m[K]8;;https://gcc.gnu.org/onlinedocs/gcc/Warning-Options.html#index-Wunused-parameter-Wunused-parameter]8;;[m[K]
[5.320s]    36 |     std::string get_brightness([01;35m[Ksensor_msgs::msg::Image::SharedPtr img[m[K) {
[5.320s]       |                                [01;35m[K~~~~~~~~~~~~~~~~~~~~~~~~~~~~~~~~~~~^~~[m[K
[5.321s] [01m[K/home/ubuntu/Robotics/ros2_ws/src/cam2image_vm2ros/src/image_brightness.cpp:[m[K In member function ‘[01m[Kvoid ImageBrightness::[01;32m[Ktopic_callback[m[K(sensor_msgs::msg::Image_<std::allocator<void> >::SharedPtr)[m[K’:
[5.321s] [01m[K/home/ubuntu/Robotics/ros2_ws/src/cam2image_vm2ros/src/image_brightness.cpp:49:80:[m[K [01;31m[Kerror: [m[Kexpected primary-expression before ‘[01m[Kimg[m[K’
[5.321s]    49 |         message.data = this->get_brightness(sensor_msgs::msg::Image::SharedPtr [01;31m[Kimg[m[K);
[5.321s]       |                                                                                [01;31m[K^~~[m[K
[5.321s] [01m[K/home/ubuntu/Robotics/ros2_ws/src/cam2image_vm2ros/src/image_brightness.cpp:43:60:[m[K [01;35m[Kwarning: [m[Kunused parameter ‘[01m[Kimg[m[K’ [[01;35m[K]8;;https://gcc.gnu.org/onlinedocs/gcc/Warning-Options.html#index-Wunused-parameter-Wunused-parameter]8;;[m[K]
[5.321s]    43 |     void topic_callback([01;35m[Ksensor_msgs::msg::Image::SharedPtr img[m[K) {
[5.321s]       |                         [01;35m[K~~~~~~~~~~~~~~~~~~~~~~~~~~~~~~~~~~~^~~[m[K
[7.834s] gmake[2]: *** [CMakeFiles/talker_listener_node.dir/build.make:76: CMakeFiles/talker_listener_node.dir/src/image_brightness.cpp.o] Error 1
[7.834s] gmake[1]: *** [CMakeFiles/Makefile2:193: CMakeFiles/talker_listener_node.dir/all] Error 2
[7.834s] gmake: *** [Makefile:146: all] Error 2
[7.837s] Invoked command in '/home/ubuntu/Robotics/ros2_ws/build/cam2image_vm2ros' returned '2': CMAKE_PREFIX_PATH=${CMAKE_PREFIX_PATH}:/opt/ros/jazzy /usr/bin/cmake --build /home/ubuntu/Robotics/ros2_ws/build/cam2image_vm2ros -- -j12 -l12
