[0.277s] Invoking command in '/home/ubuntu/Robotics/ros2_ws/build/assignment1_2': CMAKE_PREFIX_PATH=${CMAKE_PREFIX_PATH}:/opt/ros/jazzy /usr/bin/cmake /home/ubuntu/Robotics/ros2_ws/src/assignment1_2 -DCMAKE_INSTALL_PREFIX=/home/ubuntu/Robotics/ros2_ws/install/assignment1_2
[2.066s] -- Found ament_cmake: 2.5.5 (/opt/ros/jazzy/share/ament_cmake/cmake)
[2.556s] -- Found Python3: /usr/bin/python3 (found version "3.12.3") found components: Interpreter 
[3.277s] -- Found rclcpp: 28.1.16 (/opt/ros/jazzy/share/rclcpp/cmake)
[4.052s] -- Found rosidl_generator_c: 4.6.7 (/opt/ros/jazzy/share/rosidl_generator_c/cmake)
[4.093s] -- Found rosidl_generator_cpp: 4.6.7 (/opt/ros/jazzy/share/rosidl_generator_cpp/cmake)
[4.204s] -- Using all available rosidl_typesupport_c: rosidl_typesupport_fastrtps_c;rosidl_typesupport_introspection_c
[4.230s] -- Using all available rosidl_typesupport_cpp: rosidl_typesupport_fastrtps_cpp;rosidl_typesupport_introspection_cpp
[4.640s] -- Found rmw_implementation_cmake: 7.3.3 (/opt/ros/jazzy/share/rmw_implementation_cmake/cmake)
[4.658s] -- Found rmw_fastrtps_cpp: 8.4.3 (/opt/ros/jazzy/share/rmw_fastrtps_cpp/cmake)
[5.123s] -- Found OpenSSL: /usr/lib/x86_64-linux-gnu/libcrypto.so (found version "3.0.13")  
[5.450s] -- Found FastRTPS: /opt/ros/jazzy/include (Required is at least version "2.13") 
[5.663s] -- Using RMW implementation 'rmw_fastrtps_cpp' as default
[6.078s] -- Found example_interfaces: 0.12.0 (/opt/ros/jazzy/share/example_interfaces/cmake)
[6.344s] -- Found geometry_msgs: 5.3.6 (/opt/ros/jazzy/share/geometry_msgs/cmake)
[6.420s] -- Found ament_lint_auto: 0.17.4 (/opt/ros/jazzy/share/ament_lint_auto/cmake)
[6.612s] -- Added test 'cppcheck' to perform static code analysis on C / C++ code
[6.613s] -- Configured cppcheck include dirs: $<BUILD_INTERFACE:/home/ubuntu/Robotics/ros2_ws/src/assignment1_2/include>
[6.613s] -- Configured cppcheck exclude dirs and/or files: 
[6.614s] -- Added test 'lint_cmake' to check CMake code style
[6.617s] -- Added test 'uncrustify' to check C / C++ code style
[6.617s] -- Configured uncrustify additional arguments: 
[6.619s] -- Added test 'xmllint' to check XML markup files
[6.622s] -- Configuring done (5.1s)
[6.649s] -- Generating done (0.0s)
[6.659s] -- Build files have been written to: /home/ubuntu/Robotics/ros2_ws/build/assignment1_2
[6.671s] Invoked command in '/home/ubuntu/Robotics/ros2_ws/build/assignment1_2' returned '0': CMAKE_PREFIX_PATH=${CMAKE_PREFIX_PATH}:/opt/ros/jazzy /usr/bin/cmake /home/ubuntu/Robotics/ros2_ws/src/assignment1_2 -DCMAKE_INSTALL_PREFIX=/home/ubuntu/Robotics/ros2_ws/install/assignment1_2
[6.673s] Invoking command in '/home/ubuntu/Robotics/ros2_ws/build/assignment1_2': CMAKE_PREFIX_PATH=${CMAKE_PREFIX_PATH}:/opt/ros/jazzy /usr/bin/cmake --build /home/ubuntu/Robotics/ros2_ws/build/assignment1_2 -- -j12 -l12
[6.818s] [ 50%] [32mBuilding CXX object CMakeFiles/setpoint_generator.dir/src/setpoint_generator.cpp.o[0m
[38.591s] [100%] [32m[1mLinking CXX executable setpoint_generator[0m
[40.476s] [100%] Built target setpoint_generator
