[0.038s] Invoking command in '/home/ubuntu/Robotics/ros2_ws/build/relbot_msgs': CMAKE_PREFIX_PATH=${CMAKE_PREFIX_PATH}:/opt/ros/jazzy /usr/bin/cmake --build /home/ubuntu/Robotics/ros2_ws/build/relbot_msgs -- -j12 -l12
[0.131s] [  2%] Built target relbot_msgs__rosidl_generator_type_description
[0.160s] [  2%] Built target ament_cmake_python_copy_relbot_msgs
[0.189s] [  9%] Built target relbot_msgs__cpp
[0.189s] [ 22%] Built target relbot_msgs__rosidl_generator_c
[0.248s] [ 31%] Built target relbot_msgs__rosidl_typesupport_c
[0.248s] [ 40%] Built target relbot_msgs__rosidl_typesupport_cpp
[0.250s] [ 50%] Built target relbot_msgs__rosidl_typesupport_fastrtps_c
[0.250s] [ 59%] Built target relbot_msgs__rosidl_typesupport_introspection_c
[0.259s] [ 68%] Built target relbot_msgs__rosidl_typesupport_fastrtps_cpp
[0.271s] [ 77%] Built target relbot_msgs__rosidl_typesupport_introspection_cpp
[0.291s] [ 77%] Built target relbot_msgs
[0.332s] [ 79%] Built target relbot_msgs__py
[0.367s] [ 86%] Built target relbot_msgs__rosidl_generator_py
[0.407s] [ 90%] Built target relbot_msgs_s__rosidl_typesupport_fastrtps_c
[0.407s] [ 95%] Built target relbot_msgs_s__rosidl_typesupport_introspection_c
[0.411s] [100%] Built target relbot_msgs_s__rosidl_typesupport_c
[0.520s] running egg_info
[0.547s] writing relbot_msgs.egg-info/PKG-INFO
[0.547s] writing dependency_links to relbot_msgs.egg-info/dependency_links.txt
[0.548s] writing top-level names to relbot_msgs.egg-info/top_level.txt
[0.627s] reading manifest file 'relbot_msgs.egg-info/SOURCES.txt'
[0.627s] writing manifest file 'relbot_msgs.egg-info/SOURCES.txt'
[0.678s] [100%] Built target ament_cmake_python_build_relbot_msgs_egg
[0.704s] Invoked command in '/home/ubuntu/Robotics/ros2_ws/build/relbot_msgs' returned '0': CMAKE_PREFIX_PATH=${CMAKE_PREFIX_PATH}:/opt/ros/jazzy /usr/bin/cmake --build /home/ubuntu/Robotics/ros2_ws/build/relbot_msgs -- -j12 -l12
[0.707s] Invoking command in '/home/ubuntu/Robotics/ros2_ws/build/relbot_msgs': CMAKE_PREFIX_PATH=${CMAKE_PREFIX_PATH}:/opt/ros/jazzy /usr/bin/cmake --install /home/ubuntu/Robotics/ros2_ws/build/relbot_msgs
[0.722s] -- Install configuration: ""
[0.722s] -- Up-to-date: /home/ubuntu/Robotics/ros2_ws/install/relbot_msgs/share/ament_index/resource_index/rosidl_interfaces/relbot_msgs
[0.723s] -- Up-to-date: /home/ubuntu/Robotics/ros2_ws/install/relbot_msgs/share/relbot_msgs/msg/RelbotMotors.json
[0.723s] -- Up-to-date: /home/ubuntu/Robotics/ros2_ws/install/relbot_msgs/share/relbot_msgs/msg/RelbotMotorsStamped.json
[0.724s] -- Up-to-date: /home/ubuntu/Robotics/ros2_ws/install/relbot_msgs/include/relbot_msgs/relbot_msgs
[0.724s] -- Up-to-date: /home/ubuntu/Robotics/ros2_ws/install/relbot_msgs/include/relbot_msgs/relbot_msgs/msg
[0.724s] -- Up-to-date: /home/ubuntu/Robotics/ros2_ws/install/relbot_msgs/include/relbot_msgs/relbot_msgs/msg/rosidl_generator_c__visibility_control.h
[0.724s] -- Up-to-date: /home/ubuntu/Robotics/ros2_ws/install/relbot_msgs/include/relbot_msgs/relbot_msgs/msg/relbot_motors.h
[0.724s] -- Up-to-date: /home/ubuntu/Robotics/ros2_ws/install/relbot_msgs/include/relbot_msgs/relbot_msgs/msg/relbot_motors_stamped.h
[0.725s] -- Up-to-date: /home/ubuntu/Robotics/ros2_ws/install/relbot_msgs/include/relbot_msgs/relbot_msgs/msg/detail
[0.725s] -- Up-to-date: /home/ubuntu/Robotics/ros2_ws/install/relbot_msgs/include/relbot_msgs/relbot_msgs/msg/detail/relbot_motors_stamped__struct.h
[0.725s] -- Up-to-date: /home/ubuntu/Robotics/ros2_ws/install/relbot_msgs/include/relbot_msgs/relbot_msgs/msg/detail/relbot_motors_stamped__type_support.h
[0.725s] -- Up-to-date: /home/ubuntu/Robotics/ros2_ws/install/relbot_msgs/include/relbot_msgs/relbot_msgs/msg/detail/relbot_motors__type_support.c
[0.726s] -- Up-to-date: /home/ubuntu/Robotics/ros2_ws/install/relbot_msgs/include/relbot_msgs/relbot_msgs/msg/detail/relbot_motors_stamped__type_support.c
[0.726s] -- Up-to-date: /home/ubuntu/Robotics/ros2_ws/install/relbot_msgs/include/relbot_msgs/relbot_msgs/msg/detail/relbot_motors__functions.c
[0.726s] -- Up-to-date: /home/ubuntu/Robotics/ros2_ws/install/relbot_msgs/include/relbot_msgs/relbot_msgs/msg/detail/relbot_motors_stamped__functions.c
[0.726s] -- Up-to-date: /home/ubuntu/Robotics/ros2_ws/install/relbot_msgs/include/relbot_msgs/relbot_msgs/msg/detail/relbot_motors_stamped__functions.h
[0.727s] -- Up-to-date: /home/ubuntu/Robotics/ros2_ws/install/relbot_msgs/include/relbot_msgs/relbot_msgs/msg/detail/relbot_motors__struct.h
[0.727s] -- Up-to-date: /home/ubuntu/Robotics/ros2_ws/install/relbot_msgs/include/relbot_msgs/relbot_msgs/msg/detail/relbot_motors_stamped__description.c
[0.727s] -- Up-to-date: /home/ubuntu/Robotics/ros2_ws/install/relbot_msgs/include/relbot_msgs/relbot_msgs/msg/detail/relbot_motors__type_support.h
[0.727s] -- Up-to-date: /home/ubuntu/Robotics/ros2_ws/install/relbot_msgs/include/relbot_msgs/relbot_msgs/msg/detail/relbot_motors__description.c
[0.727s] -- Up-to-date: /home/ubuntu/Robotics/ros2_ws/install/relbot_msgs/include/relbot_msgs/relbot_msgs/msg/detail/relbot_motors__functions.h
[0.728s] -- Up-to-date: /home/ubuntu/Robotics/ros2_ws/install/relbot_msgs/share/relbot_msgs/environment/library_path.sh
[0.728s] -- Up-to-date: /home/ubuntu/Robotics/ros2_ws/install/relbot_msgs/share/relbot_msgs/environment/library_path.dsv
[0.728s] -- Up-to-date: /home/ubuntu/Robotics/ros2_ws/install/relbot_msgs/lib/librelbot_msgs__rosidl_generator_c.so
[0.728s] -- Up-to-date: /home/ubuntu/Robotics/ros2_ws/install/relbot_msgs/include/relbot_msgs/relbot_msgs
[0.729s] -- Up-to-date: /home/ubuntu/Robotics/ros2_ws/install/relbot_msgs/include/relbot_msgs/relbot_msgs/msg
[0.729s] -- Up-to-date: /home/ubuntu/Robotics/ros2_ws/install/relbot_msgs/include/relbot_msgs/relbot_msgs/msg/rosidl_typesupport_fastrtps_c__visibility_control.h
[0.729s] -- Up-to-date: /home/ubuntu/Robotics/ros2_ws/install/relbot_msgs/include/relbot_msgs/relbot_msgs/msg/detail
[0.729s] -- Up-to-date: /home/ubuntu/Robotics/ros2_ws/install/relbot_msgs/include/relbot_msgs/relbot_msgs/msg/detail/relbot_motors__rosidl_typesupport_fastrtps_c.h
[0.730s] -- Up-to-date: /home/ubuntu/Robotics/ros2_ws/install/relbot_msgs/include/relbot_msgs/relbot_msgs/msg/detail/relbot_motors_stamped__rosidl_typesupport_fastrtps_c.h
[0.730s] -- Up-to-date: /home/ubuntu/Robotics/ros2_ws/install/relbot_msgs/lib/librelbot_msgs__rosidl_typesupport_fastrtps_c.so
[0.730s] -- Up-to-date: /home/ubuntu/Robotics/ros2_ws/install/relbot_msgs/include/relbot_msgs/relbot_msgs
[0.730s] -- Up-to-date: /home/ubuntu/Robotics/ros2_ws/install/relbot_msgs/include/relbot_msgs/relbot_msgs/msg
[0.730s] -- Up-to-date: /home/ubuntu/Robotics/ros2_ws/install/relbot_msgs/include/relbot_msgs/relbot_msgs/msg/rosidl_typesupport_introspection_c__visibility_control.h
[0.731s] -- Up-to-date: /home/ubuntu/Robotics/ros2_ws/install/relbot_msgs/include/relbot_msgs/relbot_msgs/msg/detail
[0.731s] -- Up-to-date: /home/ubuntu/Robotics/ros2_ws/install/relbot_msgs/include/relbot_msgs/relbot_msgs/msg/detail/relbot_motors__type_support.c
[0.731s] -- Up-to-date: /home/ubuntu/Robotics/ros2_ws/install/relbot_msgs/include/relbot_msgs/relbot_msgs/msg/detail/relbot_motors_stamped__type_support.c
[0.731s] -- Up-to-date: /home/ubuntu/Robotics/ros2_ws/install/relbot_msgs/include/relbot_msgs/relbot_msgs/msg/detail/relbot_motors__rosidl_typesupport_introspection_c.h
[0.732s] -- Up-to-date: /home/ubuntu/Robotics/ros2_ws/install/relbot_msgs/include/relbot_msgs/relbot_msgs/msg/detail/relbot_motors_stamped__rosidl_typesupport_introspection_c.h
[0.732s] -- Up-to-date: /home/ubuntu/Robotics/ros2_ws/install/relbot_msgs/lib/librelbot_msgs__rosidl_typesupport_introspection_c.so
[0.732s] -- Up-to-date: /home/ubuntu/Robotics/ros2_ws/install/relbot_msgs/lib/librelbot_msgs__rosidl_typesupport_c.so
[0.732s] -- Up-to-date: /home/ubuntu/Robotics/ros2_ws/install/relbot_msgs/include/relbot_msgs/relbot_msgs
[0.733s] -- Up-to-date: /home/ubuntu/Robotics/ros2_ws/install/relbot_msgs/include/relbot_msgs/relbot_msgs/msg
[0.733s] -- Up-to-date: /home/ubuntu/Robotics/ros2_ws/install/relbot_msgs/include/relbot_msgs/relbot_msgs/msg/detail
[0.733s] -- Up-to-date: /home/ubuntu/Robotics/ros2_ws/install/relbot_msgs/include/relbot_msgs/relbot_msgs/msg/detail/relbot_motors__builder.hpp
[0.733s] -- Up-to-date: /home/ubuntu/Robotics/ros2_ws/install/relbot_msgs/include/relbot_msgs/relbot_msgs/msg/detail/relbot_motors_stamped__struct.hpp
[0.734s] -- Up-to-date: /home/ubuntu/Robotics/ros2_ws/install/relbot_msgs/include/relbot_msgs/relbot_msgs/msg/detail/relbot_motors__type_support.hpp
[0.734s] -- Up-to-date: /home/ubuntu/Robotics/ros2_ws/install/relbot_msgs/include/relbot_msgs/relbot_msgs/msg/detail/relbot_motors__traits.hpp
[0.734s] -- Up-to-date: /home/ubuntu/Robotics/ros2_ws/install/relbot_msgs/include/relbot_msgs/relbot_msgs/msg/detail/relbot_motors_stamped__builder.hpp
[0.734s] -- Up-to-date: /home/ubuntu/Robotics/ros2_ws/install/relbot_msgs/include/relbot_msgs/relbot_msgs/msg/detail/relbot_motors_stamped__traits.hpp
[0.734s] -- Up-to-date: /home/ubuntu/Robotics/ros2_ws/install/relbot_msgs/include/relbot_msgs/relbot_msgs/msg/detail/relbot_motors__struct.hpp
[0.734s] -- Up-to-date: /home/ubuntu/Robotics/ros2_ws/install/relbot_msgs/include/relbot_msgs/relbot_msgs/msg/detail/relbot_motors_stamped__type_support.hpp
[0.735s] -- Up-to-date: /home/ubuntu/Robotics/ros2_ws/install/relbot_msgs/include/relbot_msgs/relbot_msgs/msg/rosidl_generator_cpp__visibility_control.hpp
[0.735s] -- Up-to-date: /home/ubuntu/Robotics/ros2_ws/install/relbot_msgs/include/relbot_msgs/relbot_msgs/msg/relbot_motors.hpp
[0.735s] -- Up-to-date: /home/ubuntu/Robotics/ros2_ws/install/relbot_msgs/include/relbot_msgs/relbot_msgs/msg/relbot_motors_stamped.hpp
[0.735s] -- Up-to-date: /home/ubuntu/Robotics/ros2_ws/install/relbot_msgs/include/relbot_msgs/relbot_msgs
[0.735s] -- Up-to-date: /home/ubuntu/Robotics/ros2_ws/install/relbot_msgs/include/relbot_msgs/relbot_msgs/msg
[0.735s] -- Up-to-date: /home/ubuntu/Robotics/ros2_ws/install/relbot_msgs/include/relbot_msgs/relbot_msgs/msg/rosidl_typesupport_fastrtps_cpp__visibility_control.h
[0.736s] -- Up-to-date: /home/ubuntu/Robotics/ros2_ws/install/relbot_msgs/include/relbot_msgs/relbot_msgs/msg/detail
[0.736s] -- Up-to-date: /home/ubuntu/Robotics/ros2_ws/install/relbot_msgs/include/relbot_msgs/relbot_msgs/msg/detail/dds_fastrtps
[0.736s] -- Up-to-date: /home/ubuntu/Robotics/ros2_ws/install/relbot_msgs/include/relbot_msgs/relbot_msgs/msg/detail/relbot_motors_stamped__rosidl_typesupport_fastrtps_cpp.hpp
[0.736s] -- Up-to-date: /home/ubuntu/Robotics/ros2_ws/install/relbot_msgs/include/relbot_msgs/relbot_msgs/msg/detail/relbot_motors__rosidl_typesupport_fastrtps_cpp.hpp
[0.736s] -- Up-to-date: /home/ubuntu/Robotics/ros2_ws/install/relbot_msgs/lib/librelbot_msgs__rosidl_typesupport_fastrtps_cpp.so
[0.736s] -- Up-to-date: /home/ubuntu/Robotics/ros2_ws/install/relbot_msgs/include/relbot_msgs/relbot_msgs
[0.736s] -- Up-to-date: /home/ubuntu/Robotics/ros2_ws/install/relbot_msgs/include/relbot_msgs/relbot_msgs/msg
[0.737s] -- Up-to-date: /home/ubuntu/Robotics/ros2_ws/install/relbot_msgs/include/relbot_msgs/relbot_msgs/msg/detail
[0.737s] -- Up-to-date: /home/ubuntu/Robotics/ros2_ws/install/relbot_msgs/include/relbot_msgs/relbot_msgs/msg/detail/relbot_motors__rosidl_typesupport_introspection_cpp.hpp
[0.737s] -- Up-to-date: /home/ubuntu/Robotics/ros2_ws/install/relbot_msgs/include/relbot_msgs/relbot_msgs/msg/detail/relbot_motors_stamped__rosidl_typesupport_introspection_cpp.hpp
[0.737s] -- Up-to-date: /home/ubuntu/Robotics/ros2_ws/install/relbot_msgs/include/relbot_msgs/relbot_msgs/msg/detail/relbot_motors_stamped__type_support.cpp
[0.737s] -- Up-to-date: /home/ubuntu/Robotics/ros2_ws/install/relbot_msgs/include/relbot_msgs/relbot_msgs/msg/detail/relbot_motors__type_support.cpp
[0.737s] -- Up-to-date: /home/ubuntu/Robotics/ros2_ws/install/relbot_msgs/lib/librelbot_msgs__rosidl_typesupport_introspection_cpp.so
[0.738s] -- Up-to-date: /home/ubuntu/Robotics/ros2_ws/install/relbot_msgs/lib/librelbot_msgs__rosidl_typesupport_cpp.so
[0.738s] -- Up-to-date: /home/ubuntu/Robotics/ros2_ws/install/relbot_msgs/share/relbot_msgs/environment/pythonpath.sh
[0.738s] -- Up-to-date: /home/ubuntu/Robotics/ros2_ws/install/relbot_msgs/share/relbot_msgs/environment/pythonpath.dsv
[0.738s] -- Up-to-date: /home/ubuntu/Robotics/ros2_ws/install/relbot_msgs/lib/python3.12/site-packages/relbot_msgs-2025.2.0-py3.12.egg-info
[0.738s] -- Installing: /home/ubuntu/Robotics/ros2_ws/install/relbot_msgs/lib/python3.12/site-packages/relbot_msgs-2025.2.0-py3.12.egg-info/top_level.txt
[0.739s] -- Installing: /home/ubuntu/Robotics/ros2_ws/install/relbot_msgs/lib/python3.12/site-packages/relbot_msgs-2025.2.0-py3.12.egg-info/dependency_links.txt
[0.739s] -- Installing: /home/ubuntu/Robotics/ros2_ws/install/relbot_msgs/lib/python3.12/site-packages/relbot_msgs-2025.2.0-py3.12.egg-info/SOURCES.txt
[0.739s] -- Installing: /home/ubuntu/Robotics/ros2_ws/install/relbot_msgs/lib/python3.12/site-packages/relbot_msgs-2025.2.0-py3.12.egg-info/PKG-INFO
[0.740s] -- Up-to-date: /home/ubuntu/Robotics/ros2_ws/install/relbot_msgs/lib/python3.12/site-packages/relbot_msgs
[0.740s] -- Up-to-date: /home/ubuntu/Robotics/ros2_ws/install/relbot_msgs/lib/python3.12/site-packages/relbot_msgs/_relbot_msgs_s.ep.rosidl_typesupport_c.c
[0.740s] -- Up-to-date: /home/ubuntu/Robotics/ros2_ws/install/relbot_msgs/lib/python3.12/site-packages/relbot_msgs/msg
[0.740s] -- Up-to-date: /home/ubuntu/Robotics/ros2_ws/install/relbot_msgs/lib/python3.12/site-packages/relbot_msgs/msg/_relbot_motors.py
[0.741s] -- Up-to-date: /home/ubuntu/Robotics/ros2_ws/install/relbot_msgs/lib/python3.12/site-packages/relbot_msgs/msg/__init__.py
[0.741s] -- Up-to-date: /home/ubuntu/Robotics/ros2_ws/install/relbot_msgs/lib/python3.12/site-packages/relbot_msgs/msg/_relbot_motors_stamped.py
[0.741s] -- Up-to-date: /home/ubuntu/Robotics/ros2_ws/install/relbot_msgs/lib/python3.12/site-packages/relbot_msgs/msg/_relbot_motors_s.c
[0.741s] -- Up-to-date: /home/ubuntu/Robotics/ros2_ws/install/relbot_msgs/lib/python3.12/site-packages/relbot_msgs/msg/_relbot_motors_stamped_s.c
[0.741s] -- Up-to-date: /home/ubuntu/Robotics/ros2_ws/install/relbot_msgs/lib/python3.12/site-packages/relbot_msgs/__init__.py
[0.742s] -- Up-to-date: /home/ubuntu/Robotics/ros2_ws/install/relbot_msgs/lib/python3.12/site-packages/relbot_msgs/_relbot_msgs_s.ep.rosidl_typesupport_fastrtps_c.c
[0.742s] -- Up-to-date: /home/ubuntu/Robotics/ros2_ws/install/relbot_msgs/lib/python3.12/site-packages/relbot_msgs/relbot_msgs_s__rosidl_typesupport_c.so
[0.742s] -- Up-to-date: /home/ubuntu/Robotics/ros2_ws/install/relbot_msgs/lib/python3.12/site-packages/relbot_msgs/_relbot_msgs_s.ep.rosidl_typesupport_introspection_c.c
[0.742s] -- Up-to-date: /home/ubuntu/Robotics/ros2_ws/install/relbot_msgs/lib/python3.12/site-packages/relbot_msgs/relbot_msgs_s__rosidl_typesupport_fastrtps_c.so
[0.742s] -- Up-to-date: /home/ubuntu/Robotics/ros2_ws/install/relbot_msgs/lib/python3.12/site-packages/relbot_msgs/relbot_msgs_s__rosidl_typesupport_introspection_c.so
[0.780s] Listing '/home/ubuntu/Robotics/ros2_ws/install/relbot_msgs/lib/python3.12/site-packages/relbot_msgs'...
[0.781s] Listing '/home/ubuntu/Robotics/ros2_ws/install/relbot_msgs/lib/python3.12/site-packages/relbot_msgs/msg'...
[0.787s] -- Up-to-date: /home/ubuntu/Robotics/ros2_ws/install/relbot_msgs/lib/python3.12/site-packages/relbot_msgs/relbot_msgs_s__rosidl_typesupport_fastrtps_c.so
[0.788s] -- Up-to-date: /home/ubuntu/Robotics/ros2_ws/install/relbot_msgs/lib/python3.12/site-packages/relbot_msgs/relbot_msgs_s__rosidl_typesupport_introspection_c.so
[0.788s] -- Up-to-date: /home/ubuntu/Robotics/ros2_ws/install/relbot_msgs/lib/python3.12/site-packages/relbot_msgs/relbot_msgs_s__rosidl_typesupport_c.so
[0.789s] -- Up-to-date: /home/ubuntu/Robotics/ros2_ws/install/relbot_msgs/lib/librelbot_msgs__rosidl_generator_py.so
[0.789s] -- Up-to-date: /home/ubuntu/Robotics/ros2_ws/install/relbot_msgs/share/relbot_msgs/msg/RelbotMotors.idl
[0.790s] -- Up-to-date: /home/ubuntu/Robotics/ros2_ws/install/relbot_msgs/share/relbot_msgs/msg/RelbotMotorsStamped.idl
[0.790s] -- Up-to-date: /home/ubuntu/Robotics/ros2_ws/install/relbot_msgs/share/relbot_msgs/msg/RelbotMotors.msg
[0.790s] -- Up-to-date: /home/ubuntu/Robotics/ros2_ws/install/relbot_msgs/share/relbot_msgs/msg/RelbotMotorsStamped.msg
[0.790s] -- Up-to-date: /home/ubuntu/Robotics/ros2_ws/install/relbot_msgs/share/ament_index/resource_index/package_run_dependencies/relbot_msgs
[0.791s] -- Up-to-date: /home/ubuntu/Robotics/ros2_ws/install/relbot_msgs/share/ament_index/resource_index/parent_prefix_path/relbot_msgs
[0.791s] -- Up-to-date: /home/ubuntu/Robotics/ros2_ws/install/relbot_msgs/share/relbot_msgs/environment/ament_prefix_path.sh
[0.791s] -- Up-to-date: /home/ubuntu/Robotics/ros2_ws/install/relbot_msgs/share/relbot_msgs/environment/ament_prefix_path.dsv
[0.791s] -- Up-to-date: /home/ubuntu/Robotics/ros2_ws/install/relbot_msgs/share/relbot_msgs/environment/path.sh
[0.792s] -- Up-to-date: /home/ubuntu/Robotics/ros2_ws/install/relbot_msgs/share/relbot_msgs/environment/path.dsv
[0.792s] -- Up-to-date: /home/ubuntu/Robotics/ros2_ws/install/relbot_msgs/share/relbot_msgs/local_setup.bash
[0.792s] -- Up-to-date: /home/ubuntu/Robotics/ros2_ws/install/relbot_msgs/share/relbot_msgs/local_setup.sh
[0.792s] -- Up-to-date: /home/ubuntu/Robotics/ros2_ws/install/relbot_msgs/share/relbot_msgs/local_setup.zsh
[0.792s] -- Up-to-date: /home/ubuntu/Robotics/ros2_ws/install/relbot_msgs/share/relbot_msgs/local_setup.dsv
[0.793s] -- Installing: /home/ubuntu/Robotics/ros2_ws/install/relbot_msgs/share/relbot_msgs/package.dsv
[0.793s] -- Up-to-date: /home/ubuntu/Robotics/ros2_ws/install/relbot_msgs/share/ament_index/resource_index/packages/relbot_msgs
[0.793s] -- Up-to-date: /home/ubuntu/Robotics/ros2_ws/install/relbot_msgs/share/relbot_msgs/cmake/export_relbot_msgs__rosidl_generator_cExport.cmake
[0.793s] -- Up-to-date: /home/ubuntu/Robotics/ros2_ws/install/relbot_msgs/share/relbot_msgs/cmake/export_relbot_msgs__rosidl_generator_cExport-noconfig.cmake
[0.793s] -- Up-to-date: /home/ubuntu/Robotics/ros2_ws/install/relbot_msgs/share/relbot_msgs/cmake/export_relbot_msgs__rosidl_typesupport_fastrtps_cExport.cmake
[0.794s] -- Up-to-date: /home/ubuntu/Robotics/ros2_ws/install/relbot_msgs/share/relbot_msgs/cmake/export_relbot_msgs__rosidl_typesupport_fastrtps_cExport-noconfig.cmake
[0.794s] -- Up-to-date: /home/ubuntu/Robotics/ros2_ws/install/relbot_msgs/share/relbot_msgs/cmake/relbot_msgs__rosidl_typesupport_introspection_cExport.cmake
[0.794s] -- Up-to-date: /home/ubuntu/Robotics/ros2_ws/install/relbot_msgs/share/relbot_msgs/cmake/relbot_msgs__rosidl_typesupport_introspection_cExport-noconfig.cmake
[0.795s] -- Up-to-date: /home/ubuntu/Robotics/ros2_ws/install/relbot_msgs/share/relbot_msgs/cmake/relbot_msgs__rosidl_typesupport_cExport.cmake
[0.795s] -- Up-to-date: /home/ubuntu/Robotics/ros2_ws/install/relbot_msgs/share/relbot_msgs/cmake/relbot_msgs__rosidl_typesupport_cExport-noconfig.cmake
[0.795s] -- Up-to-date: /home/ubuntu/Robotics/ros2_ws/install/relbot_msgs/share/relbot_msgs/cmake/export_relbot_msgs__rosidl_generator_cppExport.cmake
[0.795s] -- Up-to-date: /home/ubuntu/Robotics/ros2_ws/install/relbot_msgs/share/relbot_msgs/cmake/export_relbot_msgs__rosidl_typesupport_fastrtps_cppExport.cmake
[0.795s] -- Up-to-date: /home/ubuntu/Robotics/ros2_ws/install/relbot_msgs/share/relbot_msgs/cmake/export_relbot_msgs__rosidl_typesupport_fastrtps_cppExport-noconfig.cmake
[0.795s] -- Up-to-date: /home/ubuntu/Robotics/ros2_ws/install/relbot_msgs/share/relbot_msgs/cmake/relbot_msgs__rosidl_typesupport_introspection_cppExport.cmake
[0.795s] -- Up-to-date: /home/ubuntu/Robotics/ros2_ws/install/relbot_msgs/share/relbot_msgs/cmake/relbot_msgs__rosidl_typesupport_introspection_cppExport-noconfig.cmake
[0.796s] -- Up-to-date: /home/ubuntu/Robotics/ros2_ws/install/relbot_msgs/share/relbot_msgs/cmake/relbot_msgs__rosidl_typesupport_cppExport.cmake
[0.796s] -- Up-to-date: /home/ubuntu/Robotics/ros2_ws/install/relbot_msgs/share/relbot_msgs/cmake/relbot_msgs__rosidl_typesupport_cppExport-noconfig.cmake
[0.796s] -- Up-to-date: /home/ubuntu/Robotics/ros2_ws/install/relbot_msgs/share/relbot_msgs/cmake/export_relbot_msgs__rosidl_generator_pyExport.cmake
[0.796s] -- Up-to-date: /home/ubuntu/Robotics/ros2_ws/install/relbot_msgs/share/relbot_msgs/cmake/export_relbot_msgs__rosidl_generator_pyExport-noconfig.cmake
[0.796s] -- Up-to-date: /home/ubuntu/Robotics/ros2_ws/install/relbot_msgs/share/relbot_msgs/cmake/rosidl_cmake-extras.cmake
[0.796s] -- Up-to-date: /home/ubuntu/Robotics/ros2_ws/install/relbot_msgs/share/relbot_msgs/cmake/ament_cmake_export_dependencies-extras.cmake
[0.796s] -- Up-to-date: /home/ubuntu/Robotics/ros2_ws/install/relbot_msgs/share/relbot_msgs/cmake/ament_cmake_export_include_directories-extras.cmake
[0.796s] -- Up-to-date: /home/ubuntu/Robotics/ros2_ws/install/relbot_msgs/share/relbot_msgs/cmake/ament_cmake_export_libraries-extras.cmake
[0.796s] -- Up-to-date: /home/ubuntu/Robotics/ros2_ws/install/relbot_msgs/share/relbot_msgs/cmake/ament_cmake_export_targets-extras.cmake
[0.796s] -- Up-to-date: /home/ubuntu/Robotics/ros2_ws/install/relbot_msgs/share/relbot_msgs/cmake/rosidl_cmake_export_typesupport_targets-extras.cmake
[0.796s] -- Up-to-date: /home/ubuntu/Robotics/ros2_ws/install/relbot_msgs/share/relbot_msgs/cmake/rosidl_cmake_export_typesupport_libraries-extras.cmake
[0.797s] -- Up-to-date: /home/ubuntu/Robotics/ros2_ws/install/relbot_msgs/share/relbot_msgs/cmake/relbot_msgsConfig.cmake
[0.797s] -- Up-to-date: /home/ubuntu/Robotics/ros2_ws/install/relbot_msgs/share/relbot_msgs/cmake/relbot_msgsConfig-version.cmake
[0.797s] -- Up-to-date: /home/ubuntu/Robotics/ros2_ws/install/relbot_msgs/share/relbot_msgs/package.xml
[0.798s] Invoked command in '/home/ubuntu/Robotics/ros2_ws/build/relbot_msgs' returned '0': CMAKE_PREFIX_PATH=${CMAKE_PREFIX_PATH}:/opt/ros/jazzy /usr/bin/cmake --install /home/ubuntu/Robotics/ros2_ws/build/relbot_msgs
