[0.302s] Invoking command in '/home/ubuntu/Robotics/ros2_ws/build/relbot_simulator': CMAKE_PREFIX_PATH=/home/ubuntu/Robotics/ros2_ws/install/relbot_msgs:/home/ubuntu/Robotics/ros2_ws/install/relbot_simulator:/home/ubuntu/Robotics/ros2_ws/install/relbot_adapter:/home/ubuntu/Robotics/ros2_ws/install/cpp_pubsub:/home/ubuntu/Robotics/ros2_ws/install/cam2image_vm2ros:/home/ubuntu/Robotics/ros2_ws/install/assignment1_2:/home/ubuntu/Robotics/ros2_ws/install/assignment1_1:/opt/ros/jazzy/opt/gz_math_vendor:/opt/ros/jazzy/opt/gz_utils_vendor:/opt/ros/jazzy/opt/gz_cmake_vendor:/opt/ros/jazzy /usr/bin/cmake --build /home/ubuntu/Robotics/ros2_ws/build/relbot_simulator -- -j12 -l12
[0.371s] [100%] Built target relbot_simulator
[0.384s] Invoked command in '/home/ubuntu/Robotics/ros2_ws/build/relbot_simulator' returned '0': CMAKE_PREFIX_PATH=/home/ubuntu/Robotics/ros2_ws/install/relbot_msgs:/home/ubuntu/Robotics/ros2_ws/install/relbot_simulator:/home/ubuntu/Robotics/ros2_ws/install/relbot_adapter:/home/ubuntu/Robotics/ros2_ws/install/cpp_pubsub:/home/ubuntu/Robotics/ros2_ws/install/cam2image_vm2ros:/home/ubuntu/Robotics/ros2_ws/install/assignment1_2:/home/ubuntu/Robotics/ros2_ws/install/assignment1_1:/opt/ros/jazzy/opt/gz_math_vendor:/opt/ros/jazzy/opt/gz_utils_vendor:/opt/ros/jazzy/opt/gz_cmake_vendor:/opt/ros/jazzy /usr/bin/cmake --build /home/ubuntu/Robotics/ros2_ws/build/relbot_simulator -- -j12 -l12
[0.385s] Invoking command in '/home/ubuntu/Robotics/ros2_ws/build/relbot_simulator': CMAKE_PREFIX_PATH=/home/ubuntu/Robotics/ros2_ws/install/relbot_msgs:/home/ubuntu/Robotics/ros2_ws/install/relbot_simulator:/home/ubuntu/Robotics/ros2_ws/install/relbot_adapter:/home/ubuntu/Robotics/ros2_ws/install/cpp_pubsub:/home/ubuntu/Robotics/ros2_ws/install/cam2image_vm2ros:/home/ubuntu/Robotics/ros2_ws/install/assignment1_2:/home/ubuntu/Robotics/ros2_ws/install/assignment1_1:/opt/ros/jazzy/opt/gz_math_vendor:/opt/ros/jazzy/opt/gz_utils_vendor:/opt/ros/jazzy/opt/gz_cmake_vendor:/opt/ros/jazzy /usr/bin/cmake --install /home/ubuntu/Robotics/ros2_ws/build/relbot_simulator
[0.394s] -- Install configuration: ""
[0.394s] -- Up-to-date: /home/ubuntu/Robotics/ros2_ws/install/relbot_simulator/lib/relbot_simulator/relbot_simulator
[0.395s] -- Up-to-date: /home/ubuntu/Robotics/ros2_ws/install/relbot_simulator/include
[0.395s] -- Up-to-date: /home/ubuntu/Robotics/ros2_ws/install/relbot_simulator/include/xxfuncs.cpp
[0.395s] -- Up-to-date: /home/ubuntu/Robotics/ros2_ws/install/relbot_simulator/include/xxinverse.h
[0.395s] -- Up-to-date: /home/ubuntu/Robotics/ros2_ws/install/relbot_simulator/include/xxmatrix.h
[0.396s] -- Up-to-date: /home/ubuntu/Robotics/ros2_ws/install/relbot_simulator/include/xxinteg.h
[0.396s] -- Up-to-date: /home/ubuntu/Robotics/ros2_ws/install/relbot_simulator/include/xxtypes.h
[0.396s] -- Up-to-date: /home/ubuntu/Robotics/ros2_ws/install/relbot_simulator/include/xxmodel.h
[0.396s] -- Up-to-date: /home/ubuntu/Robotics/ros2_ws/install/relbot_simulator/include/xxinverse.cpp
[0.396s] -- Up-to-date: /home/ubuntu/Robotics/ros2_ws/install/relbot_simulator/include/xxmatrix.cpp
[0.396s] -- Up-to-date: /home/ubuntu/Robotics/ros2_ws/install/relbot_simulator/include/EulerAngles.cpp
[0.396s] -- Up-to-date: /home/ubuntu/Robotics/ros2_ws/install/relbot_simulator/include/MotionProfiles.h
[0.397s] -- Up-to-date: /home/ubuntu/Robotics/ros2_ws/install/relbot_simulator/include/xxinteg.cpp
[0.397s] -- Up-to-date: /home/ubuntu/Robotics/ros2_ws/install/relbot_simulator/include/xxfuncs.h
[0.397s] -- Up-to-date: /home/ubuntu/Robotics/ros2_ws/install/relbot_simulator/include/EulerAngles.h
[0.397s] -- Up-to-date: /home/ubuntu/Robotics/ros2_ws/install/relbot_simulator/include/MotionProfiles.cpp
[0.397s] -- Up-to-date: /home/ubuntu/Robotics/ros2_ws/install/relbot_simulator/share/ament_index/resource_index/package_run_dependencies/relbot_simulator
[0.397s] -- Up-to-date: /home/ubuntu/Robotics/ros2_ws/install/relbot_simulator/share/ament_index/resource_index/parent_prefix_path/relbot_simulator
[0.397s] -- Up-to-date: /home/ubuntu/Robotics/ros2_ws/install/relbot_simulator/share/relbot_simulator/environment/ament_prefix_path.sh
[0.397s] -- Up-to-date: /home/ubuntu/Robotics/ros2_ws/install/relbot_simulator/share/relbot_simulator/environment/ament_prefix_path.dsv
[0.397s] -- Up-to-date: /home/ubuntu/Robotics/ros2_ws/install/relbot_simulator/share/relbot_simulator/environment/path.sh
[0.398s] -- Up-to-date: /home/ubuntu/Robotics/ros2_ws/install/relbot_simulator/share/relbot_simulator/environment/path.dsv
[0.399s] -- Up-to-date: /home/ubuntu/Robotics/ros2_ws/install/relbot_simulator/share/relbot_simulator/local_setup.bash
[0.400s] -- Up-to-date: /home/ubuntu/Robotics/ros2_ws/install/relbot_simulator/share/relbot_simulator/local_setup.sh
[0.400s] -- Up-to-date: /home/ubuntu/Robotics/ros2_ws/install/relbot_simulator/share/relbot_simulator/local_setup.zsh
[0.400s] -- Up-to-date: /home/ubuntu/Robotics/ros2_ws/install/relbot_simulator/share/relbot_simulator/local_setup.dsv
[0.400s] -- Installing: /home/ubuntu/Robotics/ros2_ws/install/relbot_simulator/share/relbot_simulator/package.dsv
[0.401s] -- Up-to-date: /home/ubuntu/Robotics/ros2_ws/install/relbot_simulator/share/ament_index/resource_index/packages/relbot_simulator
[0.401s] -- Up-to-date: /home/ubuntu/Robotics/ros2_ws/install/relbot_simulator/share/relbot_simulator/cmake/relbot_simulatorConfig.cmake
[0.401s] -- Up-to-date: /home/ubuntu/Robotics/ros2_ws/install/relbot_simulator/share/relbot_simulator/cmake/relbot_simulatorConfig-version.cmake
[0.401s] -- Up-to-date: /home/ubuntu/Robotics/ros2_ws/install/relbot_simulator/share/relbot_simulator/package.xml
[0.401s] Invoked command in '/home/ubuntu/Robotics/ros2_ws/build/relbot_simulator' returned '0': CMAKE_PREFIX_PATH=/home/ubuntu/Robotics/ros2_ws/install/relbot_msgs:/home/ubuntu/Robotics/ros2_ws/install/relbot_simulator:/home/ubuntu/Robotics/ros2_ws/install/relbot_adapter:/home/ubuntu/Robotics/ros2_ws/install/cpp_pubsub:/home/ubuntu/Robotics/ros2_ws/install/cam2image_vm2ros:/home/ubuntu/Robotics/ros2_ws/install/assignment1_2:/home/ubuntu/Robotics/ros2_ws/install/assignment1_1:/opt/ros/jazzy/opt/gz_math_vendor:/opt/ros/jazzy/opt/gz_utils_vendor:/opt/ros/jazzy/opt/gz_cmake_vendor:/opt/ros/jazzy /usr/bin/cmake --install /home/ubuntu/Robotics/ros2_ws/build/relbot_simulator
