[0.011s] Invoking command in '/home/ubuntu/Robotics/ros2_ws/build/relbot_adapter': CMAKE_PREFIX_PATH=${CMAKE_PREFIX_PATH}:/opt/ros/jazzy /usr/bin/cmake /home/ubuntu/Robotics/ros2_ws/src/relbot_adapter -DCMAKE_INSTALL_PREFIX=/home/ubuntu/Robotics/ros2_ws/install/relbot_adapter
[0.027s] -- Found ament_cmake: 2.5.5 (/opt/ros/jazzy/share/ament_cmake/cmake)
[0.251s] -- Found rclcpp: 28.1.16 (/opt/ros/jazzy/share/rclcpp/cmake)
[0.508s] -- Found rosidl_generator_c: 4.6.7 (/opt/ros/jazzy/share/rosidl_generator_c/cmake)
[0.518s] -- Found rosidl_generator_cpp: 4.6.7 (/opt/ros/jazzy/share/rosidl_generator_cpp/cmake)
[0.530s] -- Using all available rosidl_typesupport_c: rosidl_typesupport_fastrtps_c;rosidl_typesupport_introspection_c
[0.544s] -- Using all available rosidl_typesupport_cpp: rosidl_typesupport_fastrtps_cpp;rosidl_typesupport_introspection_cpp
[0.607s] -- Found rmw_implementation_cmake: 7.3.3 (/opt/ros/jazzy/share/rmw_implementation_cmake/cmake)
[0.608s] -- Found rmw_fastrtps_cpp: 8.4.3 (/opt/ros/jazzy/share/rmw_fastrtps_cpp/cmake)
[0.960s] -- Using RMW implementation 'rmw_fastrtps_cpp' as default
[1.248s] -- Found example_interfaces: 0.12.0 (/opt/ros/jazzy/share/example_interfaces/cmake)
[1.302s] -- Found geometry_msgs: 5.3.6 (/opt/ros/jazzy/share/geometry_msgs/cmake)
[3.211s] [31mCMake Error at CMakeLists.txt:13 (find_package):
[3.211s]   By not providing "Findrelbot_msgs.cmake" in CMAKE_MODULE_PATH this project
[3.211s]   has asked CMake to find a package configuration file provided by
[3.211s]   "relbot_msgs", but CMake did not find one.
[3.211s] 
[3.211s]   Could not find a package configuration file provided by "relbot_msgs" with
[3.211s]   any of the following names:
[3.211s] 
[3.211s]     relbot_msgsConfig.cmake
[3.211s]     relbot_msgs-config.cmake
[3.211s] 
[3.212s]   Add the installation prefix of "relbot_msgs" to CMAKE_PREFIX_PATH or set
[3.212s]   "relbot_msgs_DIR" to a directory containing one of the above files.  If
[3.212s]   "relbot_msgs" provides a separate development package or SDK, be sure it
[3.212s]   has been installed.
[3.212s] 
[3.212s] [0m
[3.212s] -- Configuring incomplete, errors occurred!
[3.219s] Invoked command in '/home/ubuntu/Robotics/ros2_ws/build/relbot_adapter' returned '1': CMAKE_PREFIX_PATH=${CMAKE_PREFIX_PATH}:/opt/ros/jazzy /usr/bin/cmake /home/ubuntu/Robotics/ros2_ws/src/relbot_adapter -DCMAKE_INSTALL_PREFIX=/home/ubuntu/Robotics/ros2_ws/install/relbot_adapter
